<class 'int'>
10
[('asfzdc', 'asfcZ', 'sad', 0), ('Mohan', '@1234', '455666', 0), ('Mohan', '565', '455666', 0), ('FIN123', 'Aubank@1234', '123456789', 0)]
captcha image downloaded
08715

Kn_no sad not found
captcha image downloaded
81512

Kn_no 455666 not found
captcha image downloaded
37527

Kn_no 455666 not found
captcha image downloaded
27621

login successfull 120211036793
login successfull 120173013154
login successfull 110234044078
login successfull 130183030405
login successfull 130313022382
login successfull 130214030934
login successfull 120124038915
login successfull 110322044716
login successfull 130132017721
login successfull 130624044717
login successfull 130514053694
login successfull 130421007101
login successfull 130622025671
login successfull 110333039033
login successfull 110352041951
login successfull 130331031433
login successfull 110372022598
login successfull 130151042085
login successfull 130134053371
login successfull 130323043528
login successfull 130211038595
login successfull 120161028678
login successfull 120173004933
login successfull 110351063739
login successfull 110341010246
Kn_no 123456789 not found
<class 'int'>
10
[('asfzdc', 'asfcZ', 'sad', 0), ('Mohan', '@1234', '455666', 0), ('Mohan', '565', '455666', 0), ('FIN123', 'Aubank@1234', '123456789', 0)]
captcha image downloaded
86778

Kn_no sad not found
captcha image downloaded
50730

Kn_no 455666 not found
captcha image downloaded
20817

Kn_no 455666 not found
captcha image downloaded
40740

Kn_no 123456789 not found
<class 'int'>
10
[('asfzdc', 'asfcZ', 'sad', 0), ('Mohan', '@1234', '455666', 0), ('Mohan', '565', '455666', 0), ('FIN123', 'Aubank@1234', '123456789', 0)]
captcha image downloaded
70013

Kn_no sad not found
captcha image downloaded
20647

Kn_no 455666 not found
captcha image downloaded
38161

Kn_no 455666 not found
captcha image downloaded
25835

login successfull 120211036793
login successfull 120173013154
login successfull 110234044078
login successfull 130183030405
login successfull 130313022382
login successfull 130214030934
login successfull 120124038915
login successfull 110322044716
login successfull 130132017721
login successfull 130624044717
login successfull 130514053694
login successfull 130421007101
login successfull 130622025671
login successfull 110333039033
login successfull 110352041951
login successfull 130331031433
login successfull 110372022598
login successfull 130151042085
login successfull 130134053371
login successfull 130323043528
login successfull 130211038595
login successfull 120161028678
login successfull 120173004933
login successfull 110351063739
login successfull 110341010246
Kn_no 123456789 not found
<class 'int'>
10
[('asfzdc', 'asfcZ', 'sad', 0), ('Mohan', '565', '455666', 0), ('FIN123', 'Aubank@1234', '123456789', 0)]
captcha image downloaded
21636

Kn_no sad not found
captcha image downloaded
76161

Kn_no 455666 not found
captcha image downloaded
58104

login successfull 120211036793
login successfull 120173013154
login successfull 110234044078
login successfull 130183030405
login successfull 130313022382
login successfull 130214030934
login successfull 120124038915
login successfull 110322044716
login successfull 130132017721
login successfull 130624044717
login successfull 130514053694
login successfull 130421007101
login successfull 130622025671
login successfull 110333039033
login successfull 110352041951
login successfull 130331031433
login successfull 110372022598
login successfull 130151042085
login successfull 130134053371
login successfull 130323043528
login successfull 130211038595
login successfull 120161028678
login successfull 120173004933
login successfull 110351063739
login successfull 110341010246
Kn_no 123456789 not found
