Current Time: 2023-10-16 06:45:54
[('AUBANK', 'Aubank@1234', '310431031615'), ('AUSFBJDV', 'Bank@1234', '310223057447')]
captcha image downloaded
41032

step 3
File replaced and renamed to: 310431031615
captcha image downloaded
62083

step 3
File renamed to: 310223057447
Current Time: 2023-10-17 08:00:02
[('AUBANK', 'Aubank@1234', '310431031615'), ('AUSFBJDV', 'Bank@1234', '310223057447')]
captcha image downloaded
31288

step 3
File replaced and renamed to: 310431031615
captcha image downloaded
02712

step 3
File replaced and renamed to: 310223057447
Current Time: 2023-10-24 08:00:02
[('AUBANK', 'Aubank@1234', '310431031615'), ('AUSFBJDV', 'Bank@1234', '310223057447')]
captcha image downloaded
61248

step 3
File replaced and renamed to: 310431031615
captcha image downloaded
74602

step 3
File replaced and renamed to: 310223057447
