Current Time: 2023-10-17 07:00:02
[('AUBANK', 'Aubank@1234', '310431031615'), ('AUSFBJDV', 'Bank@1234', '12345678987'), ('Dikshant', 'aithani', '110372022598')]
captcha process completed for username and kn no :  AUBANK 310431031615
310541040160
310223045130
320323042740
310413024857
320441053983
310431031615
Login successful :  310431031615 AUBANK
captcha process completed for username and kn no :  AUSFBJDV 12345678987
310223057447
310322043013
330124066970
310313002971
310354015472
310311039507
310351031587
330321036476
310522046585
310321037578
310221051964
310441019081
310533002620
330126042732
330132053255
330313025412
Kn_no 12345678987 not found
captcha process completed for username and kn no :  Dikshant 110372022598
Kn_no 110372022598 not found
Current Time: 2023-10-24 07:00:02
[('AUSFBJDV', 'Bank@1234', '12345678987'), ('Dikshant', 'aithani', '110372022598')]
captcha process completed for username and kn no :  AUSFBJDV 12345678987
310223057447
310322043013
330124066970
310313002971
310354015472
310311039507
310351031587
330321036476
310522046585
310321037578
310221051964
310441019081
310533002620
330126042732
330132053255
330313025412
Kn_no 12345678987 not found
captcha process completed for username and kn no :  Dikshant 110372022598
Kn_no 110372022598 not found
