ERROR - 2023-09-11 11:59:02 --> Unknown column 'assets' in 'where clause'
CRITICAL - 2023-09-11 11:59:02 --> Call to a member function getResultArray() on bool
#0 /var/www/html/system/CodeIgniter.php(928): App\Controllers\Qualitative_assessment->report_view('assets', 'js', 'bootstrap.min.j...')
#1 /var/www/html/system/CodeIgniter.php(436): CodeIgniter\CodeIgniter->runController(Object(App\Controllers\Qualitative_assessment))
#2 /var/www/html/system/CodeIgniter.php(336): CodeIgniter\CodeIgniter->handleRequest(NULL, Object(Config\Cache), false)
#3 /var/www/html/index.php(37): CodeIgniter\CodeIgniter->run()
#4 {main}
ERROR - 2023-09-11 11:59:02 --> Unknown column 'assets' in 'where clause'
CRITICAL - 2023-09-11 11:59:02 --> Call to a member function getResultArray() on bool
#0 /var/www/html/system/CodeIgniter.php(928): App\Controllers\Qualitative_assessment->report_view('assets', 'css', 'bootstrap.min.c...')
#1 /var/www/html/system/CodeIgniter.php(436): CodeIgniter\CodeIgniter->runController(Object(App\Controllers\Qualitative_assessment))
#2 /var/www/html/system/CodeIgniter.php(336): CodeIgniter\CodeIgniter->handleRequest(NULL, Object(Config\Cache), false)
#3 /var/www/html/index.php(37): CodeIgniter\CodeIgniter->run()
#4 {main}
ERROR - 2023-09-11 11:59:02 --> Unknown column 'assets' in 'where clause'
CRITICAL - 2023-09-11 11:59:02 --> Call to a member function getResultArray() on bool
#0 /var/www/html/system/CodeIgniter.php(928): App\Controllers\Qualitative_assessment->report_view('assets', 'header.css')
#1 /var/www/html/system/CodeIgniter.php(436): CodeIgniter\CodeIgniter->runController(Object(App\Controllers\Qualitative_assessment))
#2 /var/www/html/system/CodeIgniter.php(336): CodeIgniter\CodeIgniter->handleRequest(NULL, Object(Config\Cache), false)
#3 /var/www/html/index.php(37): CodeIgniter\CodeIgniter->run()
#4 {main}
ERROR - 2023-09-11 11:59:02 --> Unknown column 'app' in 'where clause'
CRITICAL - 2023-09-11 11:59:02 --> Call to a member function getResultArray() on bool
#0 /var/www/html/system/CodeIgniter.php(928): App\Controllers\Qualitative_assessment->report_view('app-assets', 'images', 'portrait', 'small', 'avatar-s-14.jpg')
#1 /var/www/html/system/CodeIgniter.php(436): CodeIgniter\CodeIgniter->runController(Object(App\Controllers\Qualitative_assessment))
#2 /var/www/html/system/CodeIgniter.php(336): CodeIgniter\CodeIgniter->handleRequest(NULL, Object(Config\Cache), false)
#3 /var/www/html/index.php(37): CodeIgniter\CodeIgniter->run()
#4 {main}
ERROR - 2023-09-11 11:59:02 --> Unknown column 'app' in 'where clause'
CRITICAL - 2023-09-11 11:59:02 --> Call to a member function getResultArray() on bool
#0 /var/www/html/system/CodeIgniter.php(928): App\Controllers\Qualitative_assessment->report_view('app-assets', 'images', 'icons', 'jpg.png')
#1 /var/www/html/system/CodeIgniter.php(436): CodeIgniter\CodeIgniter->runController(Object(App\Controllers\Qualitative_assessment))
#2 /var/www/html/system/CodeIgniter.php(336): CodeIgniter\CodeIgniter->handleRequest(NULL, Object(Config\Cache), false)
#3 /var/www/html/index.php(37): CodeIgniter\CodeIgniter->run()
#4 {main}
ERROR - 2023-09-11 11:59:02 --> Unknown column 'app' in 'where clause'
CRITICAL - 2023-09-11 11:59:02 --> Call to a member function getResultArray() on bool
#0 /var/www/html/system/CodeIgniter.php(928): App\Controllers\Qualitative_assessment->report_view('app-assets', 'images', 'portrait', 'small', 'avatar-s-1.jpg')
#1 /var/www/html/system/CodeIgniter.php(436): CodeIgniter\CodeIgniter->runController(Object(App\Controllers\Qualitative_assessment))
#2 /var/www/html/system/CodeIgniter.php(336): CodeIgniter\CodeIgniter->handleRequest(NULL, Object(Config\Cache), false)
#3 /var/www/html/index.php(37): CodeIgniter\CodeIgniter->run()
#4 {main}
ERROR - 2023-09-11 11:59:02 --> Unknown column 'app' in 'where clause'
CRITICAL - 2023-09-11 11:59:02 --> Call to a member function getResultArray() on bool
#0 /var/www/html/system/CodeIgniter.php(928): App\Controllers\Qualitative_assessment->report_view('app-assets', 'images', 'icons', 'pdf.png')
#1 /var/www/html/system/CodeIgniter.php(436): CodeIgniter\CodeIgniter->runController(Object(App\Controllers\Qualitative_assessment))
#2 /var/www/html/system/CodeIgniter.php(336): CodeIgniter\CodeIgniter->handleRequest(NULL, Object(Config\Cache), false)
#3 /var/www/html/index.php(37): CodeIgniter\CodeIgniter->run()
#4 {main}
ERROR - 2023-09-11 11:59:02 --> Unknown column 'app' in 'where clause'
CRITICAL - 2023-09-11 11:59:02 --> Call to a member function getResultArray() on bool
#0 /var/www/html/system/CodeIgniter.php(928): App\Controllers\Qualitative_assessment->report_view('app-assets', 'images', 'portrait', 'small', 'avatar-s-6.jpg')
#1 /var/www/html/system/CodeIgniter.php(436): CodeIgniter\CodeIgniter->runController(Object(App\Controllers\Qualitative_assessment))
#2 /var/www/html/system/CodeIgniter.php(336): CodeIgniter\CodeIgniter->handleRequest(NULL, Object(Config\Cache), false)
#3 /var/www/html/index.php(37): CodeIgniter\CodeIgniter->run()
#4 {main}
ERROR - 2023-09-11 11:59:02 --> Unknown column 'app' in 'where clause'
CRITICAL - 2023-09-11 11:59:02 --> Call to a member function getResultArray() on bool
#0 /var/www/html/system/CodeIgniter.php(928): App\Controllers\Qualitative_assessment->report_view('app-assets', 'images', 'portrait', 'small', 'avatar-s-8.jpg')
#1 /var/www/html/system/CodeIgniter.php(436): CodeIgniter\CodeIgniter->runController(Object(App\Controllers\Qualitative_assessment))
#2 /var/www/html/system/CodeIgniter.php(336): CodeIgniter\CodeIgniter->handleRequest(NULL, Object(Config\Cache), false)
#3 /var/www/html/index.php(37): CodeIgniter\CodeIgniter->run()
#4 {main}
ERROR - 2023-09-11 11:59:02 --> Unknown column 'app' in 'where clause'
CRITICAL - 2023-09-11 11:59:02 --> Call to a member function getResultArray() on bool
#0 /var/www/html/system/CodeIgniter.php(928): App\Controllers\Qualitative_assessment->report_view('app-assets', 'images', 'icons', 'xls.png')
#1 /var/www/html/system/CodeIgniter.php(436): CodeIgniter\CodeIgniter->runController(Object(App\Controllers\Qualitative_assessment))
#2 /var/www/html/system/CodeIgniter.php(336): CodeIgniter\CodeIgniter->handleRequest(NULL, Object(Config\Cache), false)
#3 /var/www/html/index.php(37): CodeIgniter\CodeIgniter->run()
#4 {main}
ERROR - 2023-09-11 11:59:03 --> Unknown column 'app' in 'where clause'
CRITICAL - 2023-09-11 11:59:03 --> Call to a member function getResultArray() on bool
#0 /var/www/html/system/CodeIgniter.php(928): App\Controllers\Qualitative_assessment->report_view('app-assets', 'images', 'icons', 'doc.png')
#1 /var/www/html/system/CodeIgniter.php(436): CodeIgniter\CodeIgniter->runController(Object(App\Controllers\Qualitative_assessment))
#2 /var/www/html/system/CodeIgniter.php(336): CodeIgniter\CodeIgniter->handleRequest(NULL, Object(Config\Cache), false)
#3 /var/www/html/index.php(37): CodeIgniter\CodeIgniter->run()
#4 {main}
ERROR - 2023-09-11 12:43:22 --> Column 'image' cannot be null
ERROR - 2023-09-11 12:50:15 --> Column 'image' cannot be null
ERROR - 2023-09-11 12:50:19 --> Column 'image' cannot be null
ERROR - 2023-09-11 12:50:21 --> Column 'image' cannot be null
ERROR - 2023-09-11 12:50:27 --> Column 'image' cannot be null
ERROR - 2023-09-11 12:51:01 --> Unknown column 'assets' in 'where clause'
CRITICAL - 2023-09-11 12:51:01 --> Call to a member function getResultArray() on bool
#0 /var/www/html/system/CodeIgniter.php(928): App\Controllers\Qualitative_assessment->report_view('assets', 'css', 'bootstrap.min.c...')
#1 /var/www/html/system/CodeIgniter.php(436): CodeIgniter\CodeIgniter->runController(Object(App\Controllers\Qualitative_assessment))
#2 /var/www/html/system/CodeIgniter.php(336): CodeIgniter\CodeIgniter->handleRequest(NULL, Object(Config\Cache), false)
#3 /var/www/html/index.php(37): CodeIgniter\CodeIgniter->run()
#4 {main}
ERROR - 2023-09-11 12:51:01 --> Unknown column 'assets' in 'where clause'
CRITICAL - 2023-09-11 12:51:01 --> Call to a member function getResultArray() on bool
#0 /var/www/html/system/CodeIgniter.php(928): App\Controllers\Qualitative_assessment->report_view('assets', 'js', 'bootstrap.min.j...')
#1 /var/www/html/system/CodeIgniter.php(436): CodeIgniter\CodeIgniter->runController(Object(App\Controllers\Qualitative_assessment))
#2 /var/www/html/system/CodeIgniter.php(336): CodeIgniter\CodeIgniter->handleRequest(NULL, Object(Config\Cache), false)
#3 /var/www/html/index.php(37): CodeIgniter\CodeIgniter->run()
#4 {main}
ERROR - 2023-09-11 12:51:01 --> Unknown column 'assets' in 'where clause'
CRITICAL - 2023-09-11 12:51:01 --> Call to a member function getResultArray() on bool
#0 /var/www/html/system/CodeIgniter.php(928): App\Controllers\Qualitative_assessment->report_view('assets', 'header.css')
#1 /var/www/html/system/CodeIgniter.php(436): CodeIgniter\CodeIgniter->runController(Object(App\Controllers\Qualitative_assessment))
#2 /var/www/html/system/CodeIgniter.php(336): CodeIgniter\CodeIgniter->handleRequest(NULL, Object(Config\Cache), false)
#3 /var/www/html/index.php(37): CodeIgniter\CodeIgniter->run()
#4 {main}
ERROR - 2023-09-11 12:51:02 --> Unknown column 'app' in 'where clause'
CRITICAL - 2023-09-11 12:51:02 --> Call to a member function getResultArray() on bool
#0 /var/www/html/system/CodeIgniter.php(928): App\Controllers\Qualitative_assessment->report_view('app-assets', 'images', 'portrait', 'small', 'avatar-s-6.jpg')
#1 /var/www/html/system/CodeIgniter.php(436): CodeIgniter\CodeIgniter->runController(Object(App\Controllers\Qualitative_assessment))
#2 /var/www/html/system/CodeIgniter.php(336): CodeIgniter\CodeIgniter->handleRequest(NULL, Object(Config\Cache), false)
#3 /var/www/html/index.php(37): CodeIgniter\CodeIgniter->run()
#4 {main}
ERROR - 2023-09-11 12:51:02 --> Unknown column 'app' in 'where clause'
CRITICAL - 2023-09-11 12:51:02 --> Call to a member function getResultArray() on bool
#0 /var/www/html/system/CodeIgniter.php(928): App\Controllers\Qualitative_assessment->report_view('app-assets', 'images', 'icons', 'doc.png')
#1 /var/www/html/system/CodeIgniter.php(436): CodeIgniter\CodeIgniter->runController(Object(App\Controllers\Qualitative_assessment))
#2 /var/www/html/system/CodeIgniter.php(336): CodeIgniter\CodeIgniter->handleRequest(NULL, Object(Config\Cache), false)
#3 /var/www/html/index.php(37): CodeIgniter\CodeIgniter->run()
#4 {main}
ERROR - 2023-09-11 12:51:02 --> Unknown column 'app' in 'where clause'
CRITICAL - 2023-09-11 12:51:02 --> Call to a member function getResultArray() on bool
#0 /var/www/html/system/CodeIgniter.php(928): App\Controllers\Qualitative_assessment->report_view('app-assets', 'images', 'portrait', 'small', 'avatar-s-1.jpg')
#1 /var/www/html/system/CodeIgniter.php(436): CodeIgniter\CodeIgniter->runController(Object(App\Controllers\Qualitative_assessment))
#2 /var/www/html/system/CodeIgniter.php(336): CodeIgniter\CodeIgniter->handleRequest(NULL, Object(Config\Cache), false)
#3 /var/www/html/index.php(37): CodeIgniter\CodeIgniter->run()
#4 {main}
ERROR - 2023-09-11 12:51:02 --> Unknown column 'app' in 'where clause'
CRITICAL - 2023-09-11 12:51:02 --> Call to a member function getResultArray() on bool
#0 /var/www/html/system/CodeIgniter.php(928): App\Controllers\Qualitative_assessment->report_view('app-assets', 'images', 'icons', 'jpg.png')
#1 /var/www/html/system/CodeIgniter.php(436): CodeIgniter\CodeIgniter->runController(Object(App\Controllers\Qualitative_assessment))
#2 /var/www/html/system/CodeIgniter.php(336): CodeIgniter\CodeIgniter->handleRequest(NULL, Object(Config\Cache), false)
#3 /var/www/html/index.php(37): CodeIgniter\CodeIgniter->run()
#4 {main}
ERROR - 2023-09-11 12:51:02 --> Unknown column 'app' in 'where clause'
CRITICAL - 2023-09-11 12:51:02 --> Call to a member function getResultArray() on bool
#0 /var/www/html/system/CodeIgniter.php(928): App\Controllers\Qualitative_assessment->report_view('app-assets', 'images', 'portrait', 'small', 'avatar-s-14.jpg')
#1 /var/www/html/system/CodeIgniter.php(436): CodeIgniter\CodeIgniter->runController(Object(App\Controllers\Qualitative_assessment))
#2 /var/www/html/system/CodeIgniter.php(336): CodeIgniter\CodeIgniter->handleRequest(NULL, Object(Config\Cache), false)
#3 /var/www/html/index.php(37): CodeIgniter\CodeIgniter->run()
#4 {main}
ERROR - 2023-09-11 12:51:02 --> Unknown column 'app' in 'where clause'
CRITICAL - 2023-09-11 12:51:02 --> Call to a member function getResultArray() on bool
#0 /var/www/html/system/CodeIgniter.php(928): App\Controllers\Qualitative_assessment->report_view('app-assets', 'images', 'icons', 'xls.png')
#1 /var/www/html/system/CodeIgniter.php(436): CodeIgniter\CodeIgniter->runController(Object(App\Controllers\Qualitative_assessment))
#2 /var/www/html/system/CodeIgniter.php(336): CodeIgniter\CodeIgniter->handleRequest(NULL, Object(Config\Cache), false)
#3 /var/www/html/index.php(37): CodeIgniter\CodeIgniter->run()
#4 {main}
ERROR - 2023-09-11 12:51:02 --> Unknown column 'app' in 'where clause'
CRITICAL - 2023-09-11 12:51:02 --> Call to a member function getResultArray() on bool
#0 /var/www/html/system/CodeIgniter.php(928): App\Controllers\Qualitative_assessment->report_view('app-assets', 'images', 'icons', 'pdf.png')
#1 /var/www/html/system/CodeIgniter.php(436): CodeIgniter\CodeIgniter->runController(Object(App\Controllers\Qualitative_assessment))
#2 /var/www/html/system/CodeIgniter.php(336): CodeIgniter\CodeIgniter->handleRequest(NULL, Object(Config\Cache), false)
#3 /var/www/html/index.php(37): CodeIgniter\CodeIgniter->run()
#4 {main}
ERROR - 2023-09-11 12:51:02 --> Unknown column 'app' in 'where clause'
CRITICAL - 2023-09-11 12:51:02 --> Call to a member function getResultArray() on bool
#0 /var/www/html/system/CodeIgniter.php(928): App\Controllers\Qualitative_assessment->report_view('app-assets', 'images', 'portrait', 'small', 'avatar-s-8.jpg')
#1 /var/www/html/system/CodeIgniter.php(436): CodeIgniter\CodeIgniter->runController(Object(App\Controllers\Qualitative_assessment))
#2 /var/www/html/system/CodeIgniter.php(336): CodeIgniter\CodeIgniter->handleRequest(NULL, Object(Config\Cache), false)
#3 /var/www/html/index.php(37): CodeIgniter\CodeIgniter->run()
#4 {main}
ERROR - 2023-09-11 12:51:22 --> Unknown column 'assets' in 'where clause'
CRITICAL - 2023-09-11 12:51:22 --> Call to a member function getResultArray() on bool
#0 /var/www/html/system/CodeIgniter.php(928): App\Controllers\Qualitative_assessment->report_view('assets', 'js', 'bootstrap.min.j...')
#1 /var/www/html/system/CodeIgniter.php(436): CodeIgniter\CodeIgniter->runController(Object(App\Controllers\Qualitative_assessment))
#2 /var/www/html/system/CodeIgniter.php(336): CodeIgniter\CodeIgniter->handleRequest(NULL, Object(Config\Cache), false)
#3 /var/www/html/index.php(37): CodeIgniter\CodeIgniter->run()
#4 {main}
ERROR - 2023-09-11 12:51:22 --> Unknown column 'assets' in 'where clause'
CRITICAL - 2023-09-11 12:51:22 --> Call to a member function getResultArray() on bool
#0 /var/www/html/system/CodeIgniter.php(928): App\Controllers\Qualitative_assessment->report_view('assets', 'css', 'bootstrap.min.c...')
#1 /var/www/html/system/CodeIgniter.php(436): CodeIgniter\CodeIgniter->runController(Object(App\Controllers\Qualitative_assessment))
#2 /var/www/html/system/CodeIgniter.php(336): CodeIgniter\CodeIgniter->handleRequest(NULL, Object(Config\Cache), false)
#3 /var/www/html/index.php(37): CodeIgniter\CodeIgniter->run()
#4 {main}
ERROR - 2023-09-11 12:51:22 --> Unknown column 'assets' in 'where clause'
CRITICAL - 2023-09-11 12:51:22 --> Call to a member function getResultArray() on bool
#0 /var/www/html/system/CodeIgniter.php(928): App\Controllers\Qualitative_assessment->report_view('assets', 'header.css')
#1 /var/www/html/system/CodeIgniter.php(436): CodeIgniter\CodeIgniter->runController(Object(App\Controllers\Qualitative_assessment))
#2 /var/www/html/system/CodeIgniter.php(336): CodeIgniter\CodeIgniter->handleRequest(NULL, Object(Config\Cache), false)
#3 /var/www/html/index.php(37): CodeIgniter\CodeIgniter->run()
#4 {main}
ERROR - 2023-09-11 12:51:22 --> Unknown column 'app' in 'where clause'
CRITICAL - 2023-09-11 12:51:22 --> Call to a member function getResultArray() on bool
#0 /var/www/html/system/CodeIgniter.php(928): App\Controllers\Qualitative_assessment->report_view('app-assets', 'images', 'portrait', 'small', 'avatar-s-8.jpg')
#1 /var/www/html/system/CodeIgniter.php(436): CodeIgniter\CodeIgniter->runController(Object(App\Controllers\Qualitative_assessment))
#2 /var/www/html/system/CodeIgniter.php(336): CodeIgniter\CodeIgniter->handleRequest(NULL, Object(Config\Cache), false)
#3 /var/www/html/index.php(37): CodeIgniter\CodeIgniter->run()
#4 {main}
ERROR - 2023-09-11 12:51:22 --> Unknown column 'app' in 'where clause'
CRITICAL - 2023-09-11 12:51:22 --> Call to a member function getResultArray() on bool
#0 /var/www/html/system/CodeIgniter.php(928): App\Controllers\Qualitative_assessment->report_view('app-assets', 'images', 'portrait', 'small', 'avatar-s-1.jpg')
#1 /var/www/html/system/CodeIgniter.php(436): CodeIgniter\CodeIgniter->runController(Object(App\Controllers\Qualitative_assessment))
#2 /var/www/html/system/CodeIgniter.php(336): CodeIgniter\CodeIgniter->handleRequest(NULL, Object(Config\Cache), false)
#3 /var/www/html/index.php(37): CodeIgniter\CodeIgniter->run()
#4 {main}
ERROR - 2023-09-11 12:51:22 --> Unknown column 'app' in 'where clause'
CRITICAL - 2023-09-11 12:51:22 --> Call to a member function getResultArray() on bool
#0 /var/www/html/system/CodeIgniter.php(928): App\Controllers\Qualitative_assessment->report_view('app-assets', 'images', 'icons', 'doc.png')
#1 /var/www/html/system/CodeIgniter.php(436): CodeIgniter\CodeIgniter->runController(Object(App\Controllers\Qualitative_assessment))
#2 /var/www/html/system/CodeIgniter.php(336): CodeIgniter\CodeIgniter->handleRequest(NULL, Object(Config\Cache), false)
#3 /var/www/html/index.php(37): CodeIgniter\CodeIgniter->run()
#4 {main}
ERROR - 2023-09-11 12:51:22 --> Unknown column 'app' in 'where clause'
CRITICAL - 2023-09-11 12:51:22 --> Call to a member function getResultArray() on bool
#0 /var/www/html/system/CodeIgniter.php(928): App\Controllers\Qualitative_assessment->report_view('app-assets', 'images', 'icons', 'jpg.png')
#1 /var/www/html/system/CodeIgniter.php(436): CodeIgniter\CodeIgniter->runController(Object(App\Controllers\Qualitative_assessment))
#2 /var/www/html/system/CodeIgniter.php(336): CodeIgniter\CodeIgniter->handleRequest(NULL, Object(Config\Cache), false)
#3 /var/www/html/index.php(37): CodeIgniter\CodeIgniter->run()
#4 {main}
ERROR - 2023-09-11 12:51:22 --> Unknown column 'app' in 'where clause'
CRITICAL - 2023-09-11 12:51:22 --> Call to a member function getResultArray() on bool
#0 /var/www/html/system/CodeIgniter.php(928): App\Controllers\Qualitative_assessment->report_view('app-assets', 'images', 'icons', 'xls.png')
#1 /var/www/html/system/CodeIgniter.php(436): CodeIgniter\CodeIgniter->runController(Object(App\Controllers\Qualitative_assessment))
#2 /var/www/html/system/CodeIgniter.php(336): CodeIgniter\CodeIgniter->handleRequest(NULL, Object(Config\Cache), false)
#3 /var/www/html/index.php(37): CodeIgniter\CodeIgniter->run()
#4 {main}
ERROR - 2023-09-11 12:51:22 --> Unknown column 'app' in 'where clause'
CRITICAL - 2023-09-11 12:51:22 --> Call to a member function getResultArray() on bool
#0 /var/www/html/system/CodeIgniter.php(928): App\Controllers\Qualitative_assessment->report_view('app-assets', 'images', 'icons', 'pdf.png')
#1 /var/www/html/system/CodeIgniter.php(436): CodeIgniter\CodeIgniter->runController(Object(App\Controllers\Qualitative_assessment))
#2 /var/www/html/system/CodeIgniter.php(336): CodeIgniter\CodeIgniter->handleRequest(NULL, Object(Config\Cache), false)
#3 /var/www/html/index.php(37): CodeIgniter\CodeIgniter->run()
#4 {main}
ERROR - 2023-09-11 12:51:22 --> Unknown column 'app' in 'where clause'
CRITICAL - 2023-09-11 12:51:22 --> Call to a member function getResultArray() on bool
#0 /var/www/html/system/CodeIgniter.php(928): App\Controllers\Qualitative_assessment->report_view('app-assets', 'images', 'portrait', 'small', 'avatar-s-14.jpg')
#1 /var/www/html/system/CodeIgniter.php(436): CodeIgniter\CodeIgniter->runController(Object(App\Controllers\Qualitative_assessment))
#2 /var/www/html/system/CodeIgniter.php(336): CodeIgniter\CodeIgniter->handleRequest(NULL, Object(Config\Cache), false)
#3 /var/www/html/index.php(37): CodeIgniter\CodeIgniter->run()
#4 {main}
ERROR - 2023-09-11 12:51:22 --> Unknown column 'app' in 'where clause'
CRITICAL - 2023-09-11 12:51:22 --> Call to a member function getResultArray() on bool
#0 /var/www/html/system/CodeIgniter.php(928): App\Controllers\Qualitative_assessment->report_view('app-assets', 'images', 'portrait', 'small', 'avatar-s-6.jpg')
#1 /var/www/html/system/CodeIgniter.php(436): CodeIgniter\CodeIgniter->runController(Object(App\Controllers\Qualitative_assessment))
#2 /var/www/html/system/CodeIgniter.php(336): CodeIgniter\CodeIgniter->handleRequest(NULL, Object(Config\Cache), false)
#3 /var/www/html/index.php(37): CodeIgniter\CodeIgniter->run()
#4 {main}
ERROR - 2023-09-11 12:51:45 --> Unknown column 'assets' in 'where clause'
CRITICAL - 2023-09-11 12:51:45 --> Call to a member function getResultArray() on bool
#0 /var/www/html/system/CodeIgniter.php(928): App\Controllers\Qualitative_assessment->report_view('assets', 'css', 'bootstrap.min.c...')
#1 /var/www/html/system/CodeIgniter.php(436): CodeIgniter\CodeIgniter->runController(Object(App\Controllers\Qualitative_assessment))
#2 /var/www/html/system/CodeIgniter.php(336): CodeIgniter\CodeIgniter->handleRequest(NULL, Object(Config\Cache), false)
#3 /var/www/html/index.php(37): CodeIgniter\CodeIgniter->run()
#4 {main}
ERROR - 2023-09-11 12:51:45 --> Unknown column 'assets' in 'where clause'
CRITICAL - 2023-09-11 12:51:45 --> Call to a member function getResultArray() on bool
#0 /var/www/html/system/CodeIgniter.php(928): App\Controllers\Qualitative_assessment->report_view('assets', 'header.css')
#1 /var/www/html/system/CodeIgniter.php(436): CodeIgniter\CodeIgniter->runController(Object(App\Controllers\Qualitative_assessment))
#2 /var/www/html/system/CodeIgniter.php(336): CodeIgniter\CodeIgniter->handleRequest(NULL, Object(Config\Cache), false)
#3 /var/www/html/index.php(37): CodeIgniter\CodeIgniter->run()
#4 {main}
ERROR - 2023-09-11 12:51:45 --> Unknown column 'assets' in 'where clause'
CRITICAL - 2023-09-11 12:51:45 --> Call to a member function getResultArray() on bool
#0 /var/www/html/system/CodeIgniter.php(928): App\Controllers\Qualitative_assessment->report_view('assets', 'js', 'bootstrap.min.j...')
#1 /var/www/html/system/CodeIgniter.php(436): CodeIgniter\CodeIgniter->runController(Object(App\Controllers\Qualitative_assessment))
#2 /var/www/html/system/CodeIgniter.php(336): CodeIgniter\CodeIgniter->handleRequest(NULL, Object(Config\Cache), false)
#3 /var/www/html/index.php(37): CodeIgniter\CodeIgniter->run()
#4 {main}
ERROR - 2023-09-11 12:51:46 --> Unknown column 'app' in 'where clause'
CRITICAL - 2023-09-11 12:51:46 --> Call to a member function getResultArray() on bool
#0 /var/www/html/system/CodeIgniter.php(928): App\Controllers\Qualitative_assessment->report_view('app-assets', 'images', 'icons', 'pdf.png')
#1 /var/www/html/system/CodeIgniter.php(436): CodeIgniter\CodeIgniter->runController(Object(App\Controllers\Qualitative_assessment))
#2 /var/www/html/system/CodeIgniter.php(336): CodeIgniter\CodeIgniter->handleRequest(NULL, Object(Config\Cache), false)
#3 /var/www/html/index.php(37): CodeIgniter\CodeIgniter->run()
#4 {main}
ERROR - 2023-09-11 12:51:46 --> Unknown column 'app' in 'where clause'
CRITICAL - 2023-09-11 12:51:46 --> Call to a member function getResultArray() on bool
#0 /var/www/html/system/CodeIgniter.php(928): App\Controllers\Qualitative_assessment->report_view('app-assets', 'images', 'icons', 'xls.png')
#1 /var/www/html/system/CodeIgniter.php(436): CodeIgniter\CodeIgniter->runController(Object(App\Controllers\Qualitative_assessment))
#2 /var/www/html/system/CodeIgniter.php(336): CodeIgniter\CodeIgniter->handleRequest(NULL, Object(Config\Cache), false)
#3 /var/www/html/index.php(37): CodeIgniter\CodeIgniter->run()
#4 {main}
ERROR - 2023-09-11 12:51:46 --> Unknown column 'app' in 'where clause'
CRITICAL - 2023-09-11 12:51:46 --> Call to a member function getResultArray() on bool
#0 /var/www/html/system/CodeIgniter.php(928): App\Controllers\Qualitative_assessment->report_view('app-assets', 'images', 'icons', 'doc.png')
#1 /var/www/html/system/CodeIgniter.php(436): CodeIgniter\CodeIgniter->runController(Object(App\Controllers\Qualitative_assessment))
#2 /var/www/html/system/CodeIgniter.php(336): CodeIgniter\CodeIgniter->handleRequest(NULL, Object(Config\Cache), false)
#3 /var/www/html/index.php(37): CodeIgniter\CodeIgniter->run()
#4 {main}
ERROR - 2023-09-11 12:51:46 --> Unknown column 'app' in 'where clause'
CRITICAL - 2023-09-11 12:51:46 --> Call to a member function getResultArray() on bool
#0 /var/www/html/system/CodeIgniter.php(928): App\Controllers\Qualitative_assessment->report_view('app-assets', 'images', 'portrait', 'small', 'avatar-s-6.jpg')
#1 /var/www/html/system/CodeIgniter.php(436): CodeIgniter\CodeIgniter->runController(Object(App\Controllers\Qualitative_assessment))
#2 /var/www/html/system/CodeIgniter.php(336): CodeIgniter\CodeIgniter->handleRequest(NULL, Object(Config\Cache), false)
#3 /var/www/html/index.php(37): CodeIgniter\CodeIgniter->run()
#4 {main}
ERROR - 2023-09-11 12:51:46 --> Unknown column 'app' in 'where clause'
CRITICAL - 2023-09-11 12:51:46 --> Call to a member function getResultArray() on bool
#0 /var/www/html/system/CodeIgniter.php(928): App\Controllers\Qualitative_assessment->report_view('app-assets', 'images', 'portrait', 'small', 'avatar-s-1.jpg')
#1 /var/www/html/system/CodeIgniter.php(436): CodeIgniter\CodeIgniter->runController(Object(App\Controllers\Qualitative_assessment))
#2 /var/www/html/system/CodeIgniter.php(336): CodeIgniter\CodeIgniter->handleRequest(NULL, Object(Config\Cache), false)
#3 /var/www/html/index.php(37): CodeIgniter\CodeIgniter->run()
#4 {main}
ERROR - 2023-09-11 12:51:46 --> Unknown column 'app' in 'where clause'
CRITICAL - 2023-09-11 12:51:46 --> Call to a member function getResultArray() on bool
#0 /var/www/html/system/CodeIgniter.php(928): App\Controllers\Qualitative_assessment->report_view('app-assets', 'images', 'icons', 'jpg.png')
#1 /var/www/html/system/CodeIgniter.php(436): CodeIgniter\CodeIgniter->runController(Object(App\Controllers\Qualitative_assessment))
#2 /var/www/html/system/CodeIgniter.php(336): CodeIgniter\CodeIgniter->handleRequest(NULL, Object(Config\Cache), false)
#3 /var/www/html/index.php(37): CodeIgniter\CodeIgniter->run()
#4 {main}
ERROR - 2023-09-11 12:51:46 --> Unknown column 'app' in 'where clause'
CRITICAL - 2023-09-11 12:51:46 --> Call to a member function getResultArray() on bool
#0 /var/www/html/system/CodeIgniter.php(928): App\Controllers\Qualitative_assessment->report_view('app-assets', 'images', 'portrait', 'small', 'avatar-s-14.jpg')
#1 /var/www/html/system/CodeIgniter.php(436): CodeIgniter\CodeIgniter->runController(Object(App\Controllers\Qualitative_assessment))
#2 /var/www/html/system/CodeIgniter.php(336): CodeIgniter\CodeIgniter->handleRequest(NULL, Object(Config\Cache), false)
#3 /var/www/html/index.php(37): CodeIgniter\CodeIgniter->run()
#4 {main}
ERROR - 2023-09-11 12:51:46 --> Unknown column 'app' in 'where clause'
CRITICAL - 2023-09-11 12:51:46 --> Call to a member function getResultArray() on bool
#0 /var/www/html/system/CodeIgniter.php(928): App\Controllers\Qualitative_assessment->report_view('app-assets', 'images', 'portrait', 'small', 'avatar-s-8.jpg')
#1 /var/www/html/system/CodeIgniter.php(436): CodeIgniter\CodeIgniter->runController(Object(App\Controllers\Qualitative_assessment))
#2 /var/www/html/system/CodeIgniter.php(336): CodeIgniter\CodeIgniter->handleRequest(NULL, Object(Config\Cache), false)
#3 /var/www/html/index.php(37): CodeIgniter\CodeIgniter->run()
#4 {main}
ERROR - 2023-09-11 12:52:15 --> Unknown column 'assets' in 'where clause'
CRITICAL - 2023-09-11 12:52:15 --> Call to a member function getResultArray() on bool
#0 /var/www/html/system/CodeIgniter.php(928): App\Controllers\Qualitative_assessment->report_view('assets', 'css', 'bootstrap.min.c...')
#1 /var/www/html/system/CodeIgniter.php(436): CodeIgniter\CodeIgniter->runController(Object(App\Controllers\Qualitative_assessment))
#2 /var/www/html/system/CodeIgniter.php(336): CodeIgniter\CodeIgniter->handleRequest(NULL, Object(Config\Cache), false)
#3 /var/www/html/index.php(37): CodeIgniter\CodeIgniter->run()
#4 {main}
ERROR - 2023-09-11 12:52:15 --> Unknown column 'assets' in 'where clause'
CRITICAL - 2023-09-11 12:52:15 --> Call to a member function getResultArray() on bool
#0 /var/www/html/system/CodeIgniter.php(928): App\Controllers\Qualitative_assessment->report_view('assets', 'header.css')
#1 /var/www/html/system/CodeIgniter.php(436): CodeIgniter\CodeIgniter->runController(Object(App\Controllers\Qualitative_assessment))
#2 /var/www/html/system/CodeIgniter.php(336): CodeIgniter\CodeIgniter->handleRequest(NULL, Object(Config\Cache), false)
#3 /var/www/html/index.php(37): CodeIgniter\CodeIgniter->run()
#4 {main}
ERROR - 2023-09-11 12:52:15 --> Unknown column 'assets' in 'where clause'
CRITICAL - 2023-09-11 12:52:15 --> Call to a member function getResultArray() on bool
#0 /var/www/html/system/CodeIgniter.php(928): App\Controllers\Qualitative_assessment->report_view('assets', 'js', 'bootstrap.min.j...')
#1 /var/www/html/system/CodeIgniter.php(436): CodeIgniter\CodeIgniter->runController(Object(App\Controllers\Qualitative_assessment))
#2 /var/www/html/system/CodeIgniter.php(336): CodeIgniter\CodeIgniter->handleRequest(NULL, Object(Config\Cache), false)
#3 /var/www/html/index.php(37): CodeIgniter\CodeIgniter->run()
#4 {main}
ERROR - 2023-09-11 12:52:15 --> Unknown column 'app' in 'where clause'
CRITICAL - 2023-09-11 12:52:15 --> Call to a member function getResultArray() on bool
#0 /var/www/html/system/CodeIgniter.php(928): App\Controllers\Qualitative_assessment->report_view('app-assets', 'images', 'portrait', 'small', 'avatar-s-8.jpg')
#1 /var/www/html/system/CodeIgniter.php(436): CodeIgniter\CodeIgniter->runController(Object(App\Controllers\Qualitative_assessment))
#2 /var/www/html/system/CodeIgniter.php(336): CodeIgniter\CodeIgniter->handleRequest(NULL, Object(Config\Cache), false)
#3 /var/www/html/index.php(37): CodeIgniter\CodeIgniter->run()
#4 {main}
ERROR - 2023-09-11 12:52:15 --> Unknown column 'app' in 'where clause'
CRITICAL - 2023-09-11 12:52:15 --> Call to a member function getResultArray() on bool
#0 /var/www/html/system/CodeIgniter.php(928): App\Controllers\Qualitative_assessment->report_view('app-assets', 'images', 'icons', 'pdf.png')
#1 /var/www/html/system/CodeIgniter.php(436): CodeIgniter\CodeIgniter->runController(Object(App\Controllers\Qualitative_assessment))
#2 /var/www/html/system/CodeIgniter.php(336): CodeIgniter\CodeIgniter->handleRequest(NULL, Object(Config\Cache), false)
#3 /var/www/html/index.php(37): CodeIgniter\CodeIgniter->run()
#4 {main}
ERROR - 2023-09-11 12:52:15 --> Unknown column 'app' in 'where clause'
CRITICAL - 2023-09-11 12:52:15 --> Call to a member function getResultArray() on bool
#0 /var/www/html/system/CodeIgniter.php(928): App\Controllers\Qualitative_assessment->report_view('app-assets', 'images', 'icons', 'xls.png')
#1 /var/www/html/system/CodeIgniter.php(436): CodeIgniter\CodeIgniter->runController(Object(App\Controllers\Qualitative_assessment))
#2 /var/www/html/system/CodeIgniter.php(336): CodeIgniter\CodeIgniter->handleRequest(NULL, Object(Config\Cache), false)
#3 /var/www/html/index.php(37): CodeIgniter\CodeIgniter->run()
#4 {main}
ERROR - 2023-09-11 12:52:16 --> Unknown column 'app' in 'where clause'
CRITICAL - 2023-09-11 12:52:16 --> Call to a member function getResultArray() on bool
#0 /var/www/html/system/CodeIgniter.php(928): App\Controllers\Qualitative_assessment->report_view('app-assets', 'images', 'portrait', 'small', 'avatar-s-6.jpg')
#1 /var/www/html/system/CodeIgniter.php(436): CodeIgniter\CodeIgniter->runController(Object(App\Controllers\Qualitative_assessment))
#2 /var/www/html/system/CodeIgniter.php(336): CodeIgniter\CodeIgniter->handleRequest(NULL, Object(Config\Cache), false)
#3 /var/www/html/index.php(37): CodeIgniter\CodeIgniter->run()
#4 {main}
ERROR - 2023-09-11 12:52:16 --> Unknown column 'app' in 'where clause'
CRITICAL - 2023-09-11 12:52:16 --> Call to a member function getResultArray() on bool
#0 /var/www/html/system/CodeIgniter.php(928): App\Controllers\Qualitative_assessment->report_view('app-assets', 'images', 'icons', 'jpg.png')
#1 /var/www/html/system/CodeIgniter.php(436): CodeIgniter\CodeIgniter->runController(Object(App\Controllers\Qualitative_assessment))
#2 /var/www/html/system/CodeIgniter.php(336): CodeIgniter\CodeIgniter->handleRequest(NULL, Object(Config\Cache), false)
#3 /var/www/html/index.php(37): CodeIgniter\CodeIgniter->run()
#4 {main}
ERROR - 2023-09-11 12:52:16 --> Unknown column 'app' in 'where clause'
CRITICAL - 2023-09-11 12:52:16 --> Call to a member function getResultArray() on bool
#0 /var/www/html/system/CodeIgniter.php(928): App\Controllers\Qualitative_assessment->report_view('app-assets', 'images', 'icons', 'doc.png')
#1 /var/www/html/system/CodeIgniter.php(436): CodeIgniter\CodeIgniter->runController(Object(App\Controllers\Qualitative_assessment))
#2 /var/www/html/system/CodeIgniter.php(336): CodeIgniter\CodeIgniter->handleRequest(NULL, Object(Config\Cache), false)
#3 /var/www/html/index.php(37): CodeIgniter\CodeIgniter->run()
#4 {main}
ERROR - 2023-09-11 12:52:16 --> Unknown column 'app' in 'where clause'
CRITICAL - 2023-09-11 12:52:16 --> Call to a member function getResultArray() on bool
#0 /var/www/html/system/CodeIgniter.php(928): App\Controllers\Qualitative_assessment->report_view('app-assets', 'images', 'portrait', 'small', 'avatar-s-1.jpg')
#1 /var/www/html/system/CodeIgniter.php(436): CodeIgniter\CodeIgniter->runController(Object(App\Controllers\Qualitative_assessment))
#2 /var/www/html/system/CodeIgniter.php(336): CodeIgniter\CodeIgniter->handleRequest(NULL, Object(Config\Cache), false)
#3 /var/www/html/index.php(37): CodeIgniter\CodeIgniter->run()
#4 {main}
ERROR - 2023-09-11 12:52:16 --> Unknown column 'app' in 'where clause'
CRITICAL - 2023-09-11 12:52:16 --> Call to a member function getResultArray() on bool
#0 /var/www/html/system/CodeIgniter.php(928): App\Controllers\Qualitative_assessment->report_view('app-assets', 'images', 'portrait', 'small', 'avatar-s-14.jpg')
#1 /var/www/html/system/CodeIgniter.php(436): CodeIgniter\CodeIgniter->runController(Object(App\Controllers\Qualitative_assessment))
#2 /var/www/html/system/CodeIgniter.php(336): CodeIgniter\CodeIgniter->handleRequest(NULL, Object(Config\Cache), false)
#3 /var/www/html/index.php(37): CodeIgniter\CodeIgniter->run()
#4 {main}
ERROR - 2023-09-11 12:52:26 --> Unknown column 'assets' in 'where clause'
CRITICAL - 2023-09-11 12:52:26 --> Call to a member function getResultArray() on bool
#0 /var/www/html/system/CodeIgniter.php(928): App\Controllers\Qualitative_assessment->report_view('assets', 'css', 'bootstrap.min.c...')
#1 /var/www/html/system/CodeIgniter.php(436): CodeIgniter\CodeIgniter->runController(Object(App\Controllers\Qualitative_assessment))
#2 /var/www/html/system/CodeIgniter.php(336): CodeIgniter\CodeIgniter->handleRequest(NULL, Object(Config\Cache), false)
#3 /var/www/html/index.php(37): CodeIgniter\CodeIgniter->run()
#4 {main}
ERROR - 2023-09-11 12:52:26 --> Unknown column 'assets' in 'where clause'
CRITICAL - 2023-09-11 12:52:26 --> Call to a member function getResultArray() on bool
#0 /var/www/html/system/CodeIgniter.php(928): App\Controllers\Qualitative_assessment->report_view('assets', 'header.css')
#1 /var/www/html/system/CodeIgniter.php(436): CodeIgniter\CodeIgniter->runController(Object(App\Controllers\Qualitative_assessment))
#2 /var/www/html/system/CodeIgniter.php(336): CodeIgniter\CodeIgniter->handleRequest(NULL, Object(Config\Cache), false)
#3 /var/www/html/index.php(37): CodeIgniter\CodeIgniter->run()
#4 {main}
ERROR - 2023-09-11 12:52:26 --> Unknown column 'assets' in 'where clause'
CRITICAL - 2023-09-11 12:52:26 --> Call to a member function getResultArray() on bool
#0 /var/www/html/system/CodeIgniter.php(928): App\Controllers\Qualitative_assessment->report_view('assets', 'js', 'bootstrap.min.j...')
#1 /var/www/html/system/CodeIgniter.php(436): CodeIgniter\CodeIgniter->runController(Object(App\Controllers\Qualitative_assessment))
#2 /var/www/html/system/CodeIgniter.php(336): CodeIgniter\CodeIgniter->handleRequest(NULL, Object(Config\Cache), false)
#3 /var/www/html/index.php(37): CodeIgniter\CodeIgniter->run()
#4 {main}
ERROR - 2023-09-11 12:52:26 --> Unknown column 'app' in 'where clause'
CRITICAL - 2023-09-11 12:52:26 --> Call to a member function getResultArray() on bool
#0 /var/www/html/system/CodeIgniter.php(928): App\Controllers\Qualitative_assessment->report_view('app-assets', 'images', 'portrait', 'small', 'avatar-s-1.jpg')
#1 /var/www/html/system/CodeIgniter.php(436): CodeIgniter\CodeIgniter->runController(Object(App\Controllers\Qualitative_assessment))
#2 /var/www/html/system/CodeIgniter.php(336): CodeIgniter\CodeIgniter->handleRequest(NULL, Object(Config\Cache), false)
#3 /var/www/html/index.php(37): CodeIgniter\CodeIgniter->run()
#4 {main}
ERROR - 2023-09-11 12:52:26 --> Unknown column 'app' in 'where clause'
CRITICAL - 2023-09-11 12:52:26 --> Call to a member function getResultArray() on bool
#0 /var/www/html/system/CodeIgniter.php(928): App\Controllers\Qualitative_assessment->report_view('app-assets', 'images', 'icons', 'doc.png')
#1 /var/www/html/system/CodeIgniter.php(436): CodeIgniter\CodeIgniter->runController(Object(App\Controllers\Qualitative_assessment))
#2 /var/www/html/system/CodeIgniter.php(336): CodeIgniter\CodeIgniter->handleRequest(NULL, Object(Config\Cache), false)
#3 /var/www/html/index.php(37): CodeIgniter\CodeIgniter->run()
#4 {main}
ERROR - 2023-09-11 12:52:26 --> Unknown column 'app' in 'where clause'
CRITICAL - 2023-09-11 12:52:26 --> Call to a member function getResultArray() on bool
#0 /var/www/html/system/CodeIgniter.php(928): App\Controllers\Qualitative_assessment->report_view('app-assets', 'images', 'icons', 'pdf.png')
#1 /var/www/html/system/CodeIgniter.php(436): CodeIgniter\CodeIgniter->runController(Object(App\Controllers\Qualitative_assessment))
#2 /var/www/html/system/CodeIgniter.php(336): CodeIgniter\CodeIgniter->handleRequest(NULL, Object(Config\Cache), false)
#3 /var/www/html/index.php(37): CodeIgniter\CodeIgniter->run()
#4 {main}
ERROR - 2023-09-11 12:52:26 --> Unknown column 'app' in 'where clause'
CRITICAL - 2023-09-11 12:52:26 --> Call to a member function getResultArray() on bool
#0 /var/www/html/system/CodeIgniter.php(928): App\Controllers\Qualitative_assessment->report_view('app-assets', 'images', 'portrait', 'small', 'avatar-s-8.jpg')
#1 /var/www/html/system/CodeIgniter.php(436): CodeIgniter\CodeIgniter->runController(Object(App\Controllers\Qualitative_assessment))
#2 /var/www/html/system/CodeIgniter.php(336): CodeIgniter\CodeIgniter->handleRequest(NULL, Object(Config\Cache), false)
#3 /var/www/html/index.php(37): CodeIgniter\CodeIgniter->run()
#4 {main}
ERROR - 2023-09-11 12:52:26 --> Unknown column 'app' in 'where clause'
CRITICAL - 2023-09-11 12:52:26 --> Call to a member function getResultArray() on bool
#0 /var/www/html/system/CodeIgniter.php(928): App\Controllers\Qualitative_assessment->report_view('app-assets', 'images', 'icons', 'jpg.png')
#1 /var/www/html/system/CodeIgniter.php(436): CodeIgniter\CodeIgniter->runController(Object(App\Controllers\Qualitative_assessment))
#2 /var/www/html/system/CodeIgniter.php(336): CodeIgniter\CodeIgniter->handleRequest(NULL, Object(Config\Cache), false)
#3 /var/www/html/index.php(37): CodeIgniter\CodeIgniter->run()
#4 {main}
ERROR - 2023-09-11 12:52:26 --> Unknown column 'app' in 'where clause'
CRITICAL - 2023-09-11 12:52:26 --> Call to a member function getResultArray() on bool
#0 /var/www/html/system/CodeIgniter.php(928): App\Controllers\Qualitative_assessment->report_view('app-assets', 'images', 'icons', 'xls.png')
#1 /var/www/html/system/CodeIgniter.php(436): CodeIgniter\CodeIgniter->runController(Object(App\Controllers\Qualitative_assessment))
#2 /var/www/html/system/CodeIgniter.php(336): CodeIgniter\CodeIgniter->handleRequest(NULL, Object(Config\Cache), false)
#3 /var/www/html/index.php(37): CodeIgniter\CodeIgniter->run()
#4 {main}
ERROR - 2023-09-11 12:52:26 --> Unknown column 'app' in 'where clause'
CRITICAL - 2023-09-11 12:52:26 --> Call to a member function getResultArray() on bool
#0 /var/www/html/system/CodeIgniter.php(928): App\Controllers\Qualitative_assessment->report_view('app-assets', 'images', 'portrait', 'small', 'avatar-s-14.jpg')
#1 /var/www/html/system/CodeIgniter.php(436): CodeIgniter\CodeIgniter->runController(Object(App\Controllers\Qualitative_assessment))
#2 /var/www/html/system/CodeIgniter.php(336): CodeIgniter\CodeIgniter->handleRequest(NULL, Object(Config\Cache), false)
#3 /var/www/html/index.php(37): CodeIgniter\CodeIgniter->run()
#4 {main}
ERROR - 2023-09-11 12:52:26 --> Unknown column 'app' in 'where clause'
CRITICAL - 2023-09-11 12:52:26 --> Call to a member function getResultArray() on bool
#0 /var/www/html/system/CodeIgniter.php(928): App\Controllers\Qualitative_assessment->report_view('app-assets', 'images', 'portrait', 'small', 'avatar-s-6.jpg')
#1 /var/www/html/system/CodeIgniter.php(436): CodeIgniter\CodeIgniter->runController(Object(App\Controllers\Qualitative_assessment))
#2 /var/www/html/system/CodeIgniter.php(336): CodeIgniter\CodeIgniter->handleRequest(NULL, Object(Config\Cache), false)
#3 /var/www/html/index.php(37): CodeIgniter\CodeIgniter->run()
#4 {main}
CRITICAL - 2023-09-11 16:14:09 --> Namespace declaration statement has to be the very first statement or after any declare call in the script
#0 [internal function]: CodeIgniter\Debug\Exceptions->shutdownHandler()
#1 {main}
ERROR - 2023-09-11 16:15:00 --> Column 'image' cannot be null
ERROR - 2023-09-11 18:58:15 --> Unknown column 'assets' in 'where clause'
CRITICAL - 2023-09-11 18:58:15 --> Call to a member function getResultArray() on bool
#0 /var/www/html/system/CodeIgniter.php(928): App\Controllers\Qualitative_assessment->report_view('assets', 'css', 'bootstrap.min.c...')
#1 /var/www/html/system/CodeIgniter.php(436): CodeIgniter\CodeIgniter->runController(Object(App\Controllers\Qualitative_assessment))
#2 /var/www/html/system/CodeIgniter.php(336): CodeIgniter\CodeIgniter->handleRequest(NULL, Object(Config\Cache), false)
#3 /var/www/html/index.php(37): CodeIgniter\CodeIgniter->run()
#4 {main}
ERROR - 2023-09-11 18:58:15 --> Unknown column 'assets' in 'where clause'
CRITICAL - 2023-09-11 18:58:15 --> Call to a member function getResultArray() on bool
#0 /var/www/html/system/CodeIgniter.php(928): App\Controllers\Qualitative_assessment->report_view('assets', 'js', 'bootstrap.min.j...')
#1 /var/www/html/system/CodeIgniter.php(436): CodeIgniter\CodeIgniter->runController(Object(App\Controllers\Qualitative_assessment))
#2 /var/www/html/system/CodeIgniter.php(336): CodeIgniter\CodeIgniter->handleRequest(NULL, Object(Config\Cache), false)
#3 /var/www/html/index.php(37): CodeIgniter\CodeIgniter->run()
#4 {main}
ERROR - 2023-09-11 18:58:15 --> Unknown column 'assets' in 'where clause'
CRITICAL - 2023-09-11 18:58:15 --> Call to a member function getResultArray() on bool
#0 /var/www/html/system/CodeIgniter.php(928): App\Controllers\Qualitative_assessment->report_view('assets', 'header.css')
#1 /var/www/html/system/CodeIgniter.php(436): CodeIgniter\CodeIgniter->runController(Object(App\Controllers\Qualitative_assessment))
#2 /var/www/html/system/CodeIgniter.php(336): CodeIgniter\CodeIgniter->handleRequest(NULL, Object(Config\Cache), false)
#3 /var/www/html/index.php(37): CodeIgniter\CodeIgniter->run()
#4 {main}
ERROR - 2023-09-11 18:58:15 --> Unknown column 'app' in 'where clause'
CRITICAL - 2023-09-11 18:58:15 --> Call to a member function getResultArray() on bool
#0 /var/www/html/system/CodeIgniter.php(928): App\Controllers\Qualitative_assessment->report_view('app-assets', 'images', 'icons', 'doc.png')
#1 /var/www/html/system/CodeIgniter.php(436): CodeIgniter\CodeIgniter->runController(Object(App\Controllers\Qualitative_assessment))
#2 /var/www/html/system/CodeIgniter.php(336): CodeIgniter\CodeIgniter->handleRequest(NULL, Object(Config\Cache), false)
#3 /var/www/html/index.php(37): CodeIgniter\CodeIgniter->run()
#4 {main}
ERROR - 2023-09-11 18:58:15 --> Unknown column 'app' in 'where clause'
CRITICAL - 2023-09-11 18:58:15 --> Call to a member function getResultArray() on bool
#0 /var/www/html/system/CodeIgniter.php(928): App\Controllers\Qualitative_assessment->report_view('app-assets', 'images', 'portrait', 'small', 'avatar-s-14.jpg')
#1 /var/www/html/system/CodeIgniter.php(436): CodeIgniter\CodeIgniter->runController(Object(App\Controllers\Qualitative_assessment))
#2 /var/www/html/system/CodeIgniter.php(336): CodeIgniter\CodeIgniter->handleRequest(NULL, Object(Config\Cache), false)
#3 /var/www/html/index.php(37): CodeIgniter\CodeIgniter->run()
#4 {main}
ERROR - 2023-09-11 18:58:15 --> Unknown column 'app' in 'where clause'
CRITICAL - 2023-09-11 18:58:15 --> Call to a member function getResultArray() on bool
#0 /var/www/html/system/CodeIgniter.php(928): App\Controllers\Qualitative_assessment->report_view('app-assets', 'images', 'icons', 'jpg.png')
#1 /var/www/html/system/CodeIgniter.php(436): CodeIgniter\CodeIgniter->runController(Object(App\Controllers\Qualitative_assessment))
#2 /var/www/html/system/CodeIgniter.php(336): CodeIgniter\CodeIgniter->handleRequest(NULL, Object(Config\Cache), false)
#3 /var/www/html/index.php(37): CodeIgniter\CodeIgniter->run()
#4 {main}
ERROR - 2023-09-11 18:58:16 --> Unknown column 'app' in 'where clause'
CRITICAL - 2023-09-11 18:58:16 --> Call to a member function getResultArray() on bool
#0 /var/www/html/system/CodeIgniter.php(928): App\Controllers\Qualitative_assessment->report_view('app-assets', 'images', 'portrait', 'small', 'avatar-s-8.jpg')
#1 /var/www/html/system/CodeIgniter.php(436): CodeIgniter\CodeIgniter->runController(Object(App\Controllers\Qualitative_assessment))
#2 /var/www/html/system/CodeIgniter.php(336): CodeIgniter\CodeIgniter->handleRequest(NULL, Object(Config\Cache), false)
#3 /var/www/html/index.php(37): CodeIgniter\CodeIgniter->run()
#4 {main}
ERROR - 2023-09-11 18:58:16 --> Unknown column 'app' in 'where clause'
CRITICAL - 2023-09-11 18:58:16 --> Call to a member function getResultArray() on bool
#0 /var/www/html/system/CodeIgniter.php(928): App\Controllers\Qualitative_assessment->report_view('app-assets', 'images', 'icons', 'xls.png')
#1 /var/www/html/system/CodeIgniter.php(436): CodeIgniter\CodeIgniter->runController(Object(App\Controllers\Qualitative_assessment))
#2 /var/www/html/system/CodeIgniter.php(336): CodeIgniter\CodeIgniter->handleRequest(NULL, Object(Config\Cache), false)
#3 /var/www/html/index.php(37): CodeIgniter\CodeIgniter->run()
#4 {main}
ERROR - 2023-09-11 18:58:16 --> Unknown column 'app' in 'where clause'
CRITICAL - 2023-09-11 18:58:16 --> Call to a member function getResultArray() on bool
#0 /var/www/html/system/CodeIgniter.php(928): App\Controllers\Qualitative_assessment->report_view('app-assets', 'images', 'icons', 'pdf.png')
#1 /var/www/html/system/CodeIgniter.php(436): CodeIgniter\CodeIgniter->runController(Object(App\Controllers\Qualitative_assessment))
#2 /var/www/html/system/CodeIgniter.php(336): CodeIgniter\CodeIgniter->handleRequest(NULL, Object(Config\Cache), false)
#3 /var/www/html/index.php(37): CodeIgniter\CodeIgniter->run()
#4 {main}
ERROR - 2023-09-11 18:58:16 --> Unknown column 'app' in 'where clause'
CRITICAL - 2023-09-11 18:58:16 --> Call to a member function getResultArray() on bool
#0 /var/www/html/system/CodeIgniter.php(928): App\Controllers\Qualitative_assessment->report_view('app-assets', 'images', 'portrait', 'small', 'avatar-s-6.jpg')
#1 /var/www/html/system/CodeIgniter.php(436): CodeIgniter\CodeIgniter->runController(Object(App\Controllers\Qualitative_assessment))
#2 /var/www/html/system/CodeIgniter.php(336): CodeIgniter\CodeIgniter->handleRequest(NULL, Object(Config\Cache), false)
#3 /var/www/html/index.php(37): CodeIgniter\CodeIgniter->run()
#4 {main}
ERROR - 2023-09-11 18:58:16 --> Unknown column 'app' in 'where clause'
CRITICAL - 2023-09-11 18:58:16 --> Call to a member function getResultArray() on bool
#0 /var/www/html/system/CodeIgniter.php(928): App\Controllers\Qualitative_assessment->report_view('app-assets', 'images', 'portrait', 'small', 'avatar-s-1.jpg')
#1 /var/www/html/system/CodeIgniter.php(436): CodeIgniter\CodeIgniter->runController(Object(App\Controllers\Qualitative_assessment))
#2 /var/www/html/system/CodeIgniter.php(336): CodeIgniter\CodeIgniter->handleRequest(NULL, Object(Config\Cache), false)
#3 /var/www/html/index.php(37): CodeIgniter\CodeIgniter->run()
#4 {main}
