CRITICAL - 2023-09-30 12:37:47 --> Invalid argument supplied for foreach()
#0 /var/www/html/app/Controllers/MarketPlace.php(127): CodeIgniter\Debug\Exceptions->errorHandler(2, 'Invalid argumen...', '/var/www/html/a...', 127, Array)
#1 /var/www/html/app/Controllers/MarketPlace.php(137): App\Controllers\findComponent(NULL, 'locality')
#2 /var/www/html/system/CodeIgniter.php(928): App\Controllers\MarketPlace->get_data_api()
#3 /var/www/html/system/CodeIgniter.php(436): CodeIgniter\CodeIgniter->runController(Object(App\Controllers\MarketPlace))
#4 /var/www/html/system/CodeIgniter.php(336): CodeIgniter\CodeIgniter->handleRequest(NULL, Object(Config\Cache), false)
#5 /var/www/html/index.php(37): CodeIgniter\CodeIgniter->run()
#6 {main}
CRITICAL - 2023-09-30 12:38:13 --> Invalid argument supplied for foreach()
#0 /var/www/html/app/Controllers/MarketPlace.php(127): CodeIgniter\Debug\Exceptions->errorHandler(2, 'Invalid argumen...', '/var/www/html/a...', 127, Array)
#1 /var/www/html/app/Controllers/MarketPlace.php(137): App\Controllers\findComponent(NULL, 'locality')
#2 /var/www/html/system/CodeIgniter.php(928): App\Controllers\MarketPlace->get_data_api()
#3 /var/www/html/system/CodeIgniter.php(436): CodeIgniter\CodeIgniter->runController(Object(App\Controllers\MarketPlace))
#4 /var/www/html/system/CodeIgniter.php(336): CodeIgniter\CodeIgniter->handleRequest(NULL, Object(Config\Cache), false)
#5 /var/www/html/index.php(37): CodeIgniter\CodeIgniter->run()
#6 {main}
CRITICAL - 2023-09-30 12:38:15 --> Invalid argument supplied for foreach()
#0 /var/www/html/app/Controllers/MarketPlace.php(127): CodeIgniter\Debug\Exceptions->errorHandler(2, 'Invalid argumen...', '/var/www/html/a...', 127, Array)
#1 /var/www/html/app/Controllers/MarketPlace.php(137): App\Controllers\findComponent(NULL, 'locality')
#2 /var/www/html/system/CodeIgniter.php(928): App\Controllers\MarketPlace->get_data_api()
#3 /var/www/html/system/CodeIgniter.php(436): CodeIgniter\CodeIgniter->runController(Object(App\Controllers\MarketPlace))
#4 /var/www/html/system/CodeIgniter.php(336): CodeIgniter\CodeIgniter->handleRequest(NULL, Object(Config\Cache), false)
#5 /var/www/html/index.php(37): CodeIgniter\CodeIgniter->run()
#6 {main}
CRITICAL - 2023-09-30 12:38:15 --> Invalid argument supplied for foreach()
#0 /var/www/html/app/Controllers/MarketPlace.php(127): CodeIgniter\Debug\Exceptions->errorHandler(2, 'Invalid argumen...', '/var/www/html/a...', 127, Array)
#1 /var/www/html/app/Controllers/MarketPlace.php(137): App\Controllers\findComponent(NULL, 'locality')
#2 /var/www/html/system/CodeIgniter.php(928): App\Controllers\MarketPlace->get_data_api()
#3 /var/www/html/system/CodeIgniter.php(436): CodeIgniter\CodeIgniter->runController(Object(App\Controllers\MarketPlace))
#4 /var/www/html/system/CodeIgniter.php(336): CodeIgniter\CodeIgniter->handleRequest(NULL, Object(Config\Cache), false)
#5 /var/www/html/index.php(37): CodeIgniter\CodeIgniter->run()
#6 {main}
CRITICAL - 2023-09-30 12:38:16 --> Invalid argument supplied for foreach()
#0 /var/www/html/app/Controllers/MarketPlace.php(127): CodeIgniter\Debug\Exceptions->errorHandler(2, 'Invalid argumen...', '/var/www/html/a...', 127, Array)
#1 /var/www/html/app/Controllers/MarketPlace.php(137): App\Controllers\findComponent(NULL, 'locality')
#2 /var/www/html/system/CodeIgniter.php(928): App\Controllers\MarketPlace->get_data_api()
#3 /var/www/html/system/CodeIgniter.php(436): CodeIgniter\CodeIgniter->runController(Object(App\Controllers\MarketPlace))
#4 /var/www/html/system/CodeIgniter.php(336): CodeIgniter\CodeIgniter->handleRequest(NULL, Object(Config\Cache), false)
#5 /var/www/html/index.php(37): CodeIgniter\CodeIgniter->run()
#6 {main}
CRITICAL - 2023-09-30 12:38:17 --> Invalid argument supplied for foreach()
#0 /var/www/html/app/Controllers/MarketPlace.php(127): CodeIgniter\Debug\Exceptions->errorHandler(2, 'Invalid argumen...', '/var/www/html/a...', 127, Array)
#1 /var/www/html/app/Controllers/MarketPlace.php(137): App\Controllers\findComponent(NULL, 'locality')
#2 /var/www/html/system/CodeIgniter.php(928): App\Controllers\MarketPlace->get_data_api()
#3 /var/www/html/system/CodeIgniter.php(436): CodeIgniter\CodeIgniter->runController(Object(App\Controllers\MarketPlace))
#4 /var/www/html/system/CodeIgniter.php(336): CodeIgniter\CodeIgniter->handleRequest(NULL, Object(Config\Cache), false)
#5 /var/www/html/index.php(37): CodeIgniter\CodeIgniter->run()
#6 {main}
CRITICAL - 2023-09-30 12:38:19 --> Invalid argument supplied for foreach()
#0 /var/www/html/app/Controllers/MarketPlace.php(127): CodeIgniter\Debug\Exceptions->errorHandler(2, 'Invalid argumen...', '/var/www/html/a...', 127, Array)
#1 /var/www/html/app/Controllers/MarketPlace.php(137): App\Controllers\findComponent(NULL, 'locality')
#2 /var/www/html/system/CodeIgniter.php(928): App\Controllers\MarketPlace->get_data_api()
#3 /var/www/html/system/CodeIgniter.php(436): CodeIgniter\CodeIgniter->runController(Object(App\Controllers\MarketPlace))
#4 /var/www/html/system/CodeIgniter.php(336): CodeIgniter\CodeIgniter->handleRequest(NULL, Object(Config\Cache), false)
#5 /var/www/html/index.php(37): CodeIgniter\CodeIgniter->run()
#6 {main}
CRITICAL - 2023-09-30 12:38:19 --> Invalid argument supplied for foreach()
#0 /var/www/html/app/Controllers/MarketPlace.php(127): CodeIgniter\Debug\Exceptions->errorHandler(2, 'Invalid argumen...', '/var/www/html/a...', 127, Array)
#1 /var/www/html/app/Controllers/MarketPlace.php(137): App\Controllers\findComponent(NULL, 'locality')
#2 /var/www/html/system/CodeIgniter.php(928): App\Controllers\MarketPlace->get_data_api()
#3 /var/www/html/system/CodeIgniter.php(436): CodeIgniter\CodeIgniter->runController(Object(App\Controllers\MarketPlace))
#4 /var/www/html/system/CodeIgniter.php(336): CodeIgniter\CodeIgniter->handleRequest(NULL, Object(Config\Cache), false)
#5 /var/www/html/index.php(37): CodeIgniter\CodeIgniter->run()
#6 {main}
CRITICAL - 2023-09-30 12:38:21 --> Invalid argument supplied for foreach()
#0 /var/www/html/app/Controllers/MarketPlace.php(127): CodeIgniter\Debug\Exceptions->errorHandler(2, 'Invalid argumen...', '/var/www/html/a...', 127, Array)
#1 /var/www/html/app/Controllers/MarketPlace.php(137): App\Controllers\findComponent(NULL, 'locality')
#2 /var/www/html/system/CodeIgniter.php(928): App\Controllers\MarketPlace->get_data_api()
#3 /var/www/html/system/CodeIgniter.php(436): CodeIgniter\CodeIgniter->runController(Object(App\Controllers\MarketPlace))
#4 /var/www/html/system/CodeIgniter.php(336): CodeIgniter\CodeIgniter->handleRequest(NULL, Object(Config\Cache), false)
#5 /var/www/html/index.php(37): CodeIgniter\CodeIgniter->run()
#6 {main}
CRITICAL - 2023-09-30 12:38:26 --> Invalid argument supplied for foreach()
#0 /var/www/html/app/Controllers/MarketPlace.php(127): CodeIgniter\Debug\Exceptions->errorHandler(2, 'Invalid argumen...', '/var/www/html/a...', 127, Array)
#1 /var/www/html/app/Controllers/MarketPlace.php(137): App\Controllers\findComponent(NULL, 'locality')
#2 /var/www/html/system/CodeIgniter.php(928): App\Controllers\MarketPlace->get_data_api()
#3 /var/www/html/system/CodeIgniter.php(436): CodeIgniter\CodeIgniter->runController(Object(App\Controllers\MarketPlace))
#4 /var/www/html/system/CodeIgniter.php(336): CodeIgniter\CodeIgniter->handleRequest(NULL, Object(Config\Cache), false)
#5 /var/www/html/index.php(37): CodeIgniter\CodeIgniter->run()
#6 {main}
CRITICAL - 2023-09-30 12:38:29 --> Invalid argument supplied for foreach()
#0 /var/www/html/app/Controllers/MarketPlace.php(127): CodeIgniter\Debug\Exceptions->errorHandler(2, 'Invalid argumen...', '/var/www/html/a...', 127, Array)
#1 /var/www/html/app/Controllers/MarketPlace.php(137): App\Controllers\findComponent(NULL, 'locality')
#2 /var/www/html/system/CodeIgniter.php(928): App\Controllers\MarketPlace->get_data_api()
#3 /var/www/html/system/CodeIgniter.php(436): CodeIgniter\CodeIgniter->runController(Object(App\Controllers\MarketPlace))
#4 /var/www/html/system/CodeIgniter.php(336): CodeIgniter\CodeIgniter->handleRequest(NULL, Object(Config\Cache), false)
#5 /var/www/html/index.php(37): CodeIgniter\CodeIgniter->run()
#6 {main}
CRITICAL - 2023-09-30 12:38:32 --> Invalid argument supplied for foreach()
#0 /var/www/html/app/Controllers/MarketPlace.php(127): CodeIgniter\Debug\Exceptions->errorHandler(2, 'Invalid argumen...', '/var/www/html/a...', 127, Array)
#1 /var/www/html/app/Controllers/MarketPlace.php(137): App\Controllers\findComponent(NULL, 'locality')
#2 /var/www/html/system/CodeIgniter.php(928): App\Controllers\MarketPlace->get_data_api()
#3 /var/www/html/system/CodeIgniter.php(436): CodeIgniter\CodeIgniter->runController(Object(App\Controllers\MarketPlace))
#4 /var/www/html/system/CodeIgniter.php(336): CodeIgniter\CodeIgniter->handleRequest(NULL, Object(Config\Cache), false)
#5 /var/www/html/index.php(37): CodeIgniter\CodeIgniter->run()
#6 {main}
CRITICAL - 2023-09-30 12:41:04 --> Invalid argument supplied for foreach()
#0 /var/www/html/app/Controllers/MarketPlace.php(127): CodeIgniter\Debug\Exceptions->errorHandler(2, 'Invalid argumen...', '/var/www/html/a...', 127, Array)
#1 /var/www/html/app/Controllers/MarketPlace.php(137): App\Controllers\findComponent(NULL, 'locality')
#2 /var/www/html/system/CodeIgniter.php(928): App\Controllers\MarketPlace->get_data_api()
#3 /var/www/html/system/CodeIgniter.php(436): CodeIgniter\CodeIgniter->runController(Object(App\Controllers\MarketPlace))
#4 /var/www/html/system/CodeIgniter.php(336): CodeIgniter\CodeIgniter->handleRequest(NULL, Object(Config\Cache), false)
#5 /var/www/html/index.php(37): CodeIgniter\CodeIgniter->run()
#6 {main}
CRITICAL - 2023-09-30 12:41:04 --> Invalid argument supplied for foreach()
#0 /var/www/html/app/Controllers/MarketPlace.php(127): CodeIgniter\Debug\Exceptions->errorHandler(2, 'Invalid argumen...', '/var/www/html/a...', 127, Array)
#1 /var/www/html/app/Controllers/MarketPlace.php(137): App\Controllers\findComponent(NULL, 'locality')
#2 /var/www/html/system/CodeIgniter.php(928): App\Controllers\MarketPlace->get_data_api()
#3 /var/www/html/system/CodeIgniter.php(436): CodeIgniter\CodeIgniter->runController(Object(App\Controllers\MarketPlace))
#4 /var/www/html/system/CodeIgniter.php(336): CodeIgniter\CodeIgniter->handleRequest(NULL, Object(Config\Cache), false)
#5 /var/www/html/index.php(37): CodeIgniter\CodeIgniter->run()
#6 {main}
CRITICAL - 2023-09-30 12:41:13 --> Invalid argument supplied for foreach()
#0 /var/www/html/app/Controllers/MarketPlace.php(127): CodeIgniter\Debug\Exceptions->errorHandler(2, 'Invalid argumen...', '/var/www/html/a...', 127, Array)
#1 /var/www/html/app/Controllers/MarketPlace.php(137): App\Controllers\findComponent(NULL, 'locality')
#2 /var/www/html/system/CodeIgniter.php(928): App\Controllers\MarketPlace->get_data_api()
#3 /var/www/html/system/CodeIgniter.php(436): CodeIgniter\CodeIgniter->runController(Object(App\Controllers\MarketPlace))
#4 /var/www/html/system/CodeIgniter.php(336): CodeIgniter\CodeIgniter->handleRequest(NULL, Object(Config\Cache), false)
#5 /var/www/html/index.php(37): CodeIgniter\CodeIgniter->run()
#6 {main}
CRITICAL - 2023-09-30 12:45:07 --> Invalid argument supplied for foreach()
#0 /var/www/html/app/Controllers/MarketPlace.php(127): CodeIgniter\Debug\Exceptions->errorHandler(2, 'Invalid argumen...', '/var/www/html/a...', 127, Array)
#1 /var/www/html/app/Controllers/MarketPlace.php(137): App\Controllers\findComponent(NULL, 'locality')
#2 /var/www/html/system/CodeIgniter.php(928): App\Controllers\MarketPlace->get_data_api()
#3 /var/www/html/system/CodeIgniter.php(436): CodeIgniter\CodeIgniter->runController(Object(App\Controllers\MarketPlace))
#4 /var/www/html/system/CodeIgniter.php(336): CodeIgniter\CodeIgniter->handleRequest(NULL, Object(Config\Cache), false)
#5 /var/www/html/index.php(37): CodeIgniter\CodeIgniter->run()
#6 {main}
CRITICAL - 2023-09-30 12:45:08 --> Invalid argument supplied for foreach()
#0 /var/www/html/app/Controllers/MarketPlace.php(127): CodeIgniter\Debug\Exceptions->errorHandler(2, 'Invalid argumen...', '/var/www/html/a...', 127, Array)
#1 /var/www/html/app/Controllers/MarketPlace.php(137): App\Controllers\findComponent(NULL, 'locality')
#2 /var/www/html/system/CodeIgniter.php(928): App\Controllers\MarketPlace->get_data_api()
#3 /var/www/html/system/CodeIgniter.php(436): CodeIgniter\CodeIgniter->runController(Object(App\Controllers\MarketPlace))
#4 /var/www/html/system/CodeIgniter.php(336): CodeIgniter\CodeIgniter->handleRequest(NULL, Object(Config\Cache), false)
#5 /var/www/html/index.php(37): CodeIgniter\CodeIgniter->run()
#6 {main}
CRITICAL - 2023-09-30 12:45:09 --> Invalid argument supplied for foreach()
#0 /var/www/html/app/Controllers/MarketPlace.php(127): CodeIgniter\Debug\Exceptions->errorHandler(2, 'Invalid argumen...', '/var/www/html/a...', 127, Array)
#1 /var/www/html/app/Controllers/MarketPlace.php(137): App\Controllers\findComponent(NULL, 'locality')
#2 /var/www/html/system/CodeIgniter.php(928): App\Controllers\MarketPlace->get_data_api()
#3 /var/www/html/system/CodeIgniter.php(436): CodeIgniter\CodeIgniter->runController(Object(App\Controllers\MarketPlace))
#4 /var/www/html/system/CodeIgniter.php(336): CodeIgniter\CodeIgniter->handleRequest(NULL, Object(Config\Cache), false)
#5 /var/www/html/index.php(37): CodeIgniter\CodeIgniter->run()
#6 {main}
CRITICAL - 2023-09-30 12:45:10 --> Invalid argument supplied for foreach()
#0 /var/www/html/app/Controllers/MarketPlace.php(127): CodeIgniter\Debug\Exceptions->errorHandler(2, 'Invalid argumen...', '/var/www/html/a...', 127, Array)
#1 /var/www/html/app/Controllers/MarketPlace.php(137): App\Controllers\findComponent(NULL, 'locality')
#2 /var/www/html/system/CodeIgniter.php(928): App\Controllers\MarketPlace->get_data_api()
#3 /var/www/html/system/CodeIgniter.php(436): CodeIgniter\CodeIgniter->runController(Object(App\Controllers\MarketPlace))
#4 /var/www/html/system/CodeIgniter.php(336): CodeIgniter\CodeIgniter->handleRequest(NULL, Object(Config\Cache), false)
#5 /var/www/html/index.php(37): CodeIgniter\CodeIgniter->run()
#6 {main}
CRITICAL - 2023-09-30 13:35:52 --> Invalid argument supplied for foreach()
#0 /var/www/html/app/Controllers/MarketPlace.php(127): CodeIgniter\Debug\Exceptions->errorHandler(2, 'Invalid argumen...', '/var/www/html/a...', 127, Array)
#1 /var/www/html/app/Controllers/MarketPlace.php(137): App\Controllers\findComponent(NULL, 'locality')
#2 /var/www/html/system/CodeIgniter.php(928): App\Controllers\MarketPlace->get_data_api()
#3 /var/www/html/system/CodeIgniter.php(436): CodeIgniter\CodeIgniter->runController(Object(App\Controllers\MarketPlace))
#4 /var/www/html/system/CodeIgniter.php(336): CodeIgniter\CodeIgniter->handleRequest(NULL, Object(Config\Cache), false)
#5 /var/www/html/index.php(37): CodeIgniter\CodeIgniter->run()
#6 {main}
CRITICAL - 2023-09-30 13:35:53 --> Invalid argument supplied for foreach()
#0 /var/www/html/app/Controllers/MarketPlace.php(127): CodeIgniter\Debug\Exceptions->errorHandler(2, 'Invalid argumen...', '/var/www/html/a...', 127, Array)
#1 /var/www/html/app/Controllers/MarketPlace.php(137): App\Controllers\findComponent(NULL, 'locality')
#2 /var/www/html/system/CodeIgniter.php(928): App\Controllers\MarketPlace->get_data_api()
#3 /var/www/html/system/CodeIgniter.php(436): CodeIgniter\CodeIgniter->runController(Object(App\Controllers\MarketPlace))
#4 /var/www/html/system/CodeIgniter.php(336): CodeIgniter\CodeIgniter->handleRequest(NULL, Object(Config\Cache), false)
#5 /var/www/html/index.php(37): CodeIgniter\CodeIgniter->run()
#6 {main}
CRITICAL - 2023-09-30 13:35:55 --> Invalid argument supplied for foreach()
#0 /var/www/html/app/Controllers/MarketPlace.php(127): CodeIgniter\Debug\Exceptions->errorHandler(2, 'Invalid argumen...', '/var/www/html/a...', 127, Array)
#1 /var/www/html/app/Controllers/MarketPlace.php(137): App\Controllers\findComponent(NULL, 'locality')
#2 /var/www/html/system/CodeIgniter.php(928): App\Controllers\MarketPlace->get_data_api()
#3 /var/www/html/system/CodeIgniter.php(436): CodeIgniter\CodeIgniter->runController(Object(App\Controllers\MarketPlace))
#4 /var/www/html/system/CodeIgniter.php(336): CodeIgniter\CodeIgniter->handleRequest(NULL, Object(Config\Cache), false)
#5 /var/www/html/index.php(37): CodeIgniter\CodeIgniter->run()
#6 {main}
CRITICAL - 2023-09-30 13:36:06 --> Invalid argument supplied for foreach()
#0 /var/www/html/app/Controllers/MarketPlace.php(127): CodeIgniter\Debug\Exceptions->errorHandler(2, 'Invalid argumen...', '/var/www/html/a...', 127, Array)
#1 /var/www/html/app/Controllers/MarketPlace.php(137): App\Controllers\findComponent(NULL, 'locality')
#2 /var/www/html/system/CodeIgniter.php(928): App\Controllers\MarketPlace->get_data_api()
#3 /var/www/html/system/CodeIgniter.php(436): CodeIgniter\CodeIgniter->runController(Object(App\Controllers\MarketPlace))
#4 /var/www/html/system/CodeIgniter.php(336): CodeIgniter\CodeIgniter->handleRequest(NULL, Object(Config\Cache), false)
#5 /var/www/html/index.php(37): CodeIgniter\CodeIgniter->run()
#6 {main}
CRITICAL - 2023-09-30 13:36:06 --> Invalid argument supplied for foreach()
#0 /var/www/html/app/Controllers/MarketPlace.php(127): CodeIgniter\Debug\Exceptions->errorHandler(2, 'Invalid argumen...', '/var/www/html/a...', 127, Array)
#1 /var/www/html/app/Controllers/MarketPlace.php(137): App\Controllers\findComponent(NULL, 'locality')
#2 /var/www/html/system/CodeIgniter.php(928): App\Controllers\MarketPlace->get_data_api()
#3 /var/www/html/system/CodeIgniter.php(436): CodeIgniter\CodeIgniter->runController(Object(App\Controllers\MarketPlace))
#4 /var/www/html/system/CodeIgniter.php(336): CodeIgniter\CodeIgniter->handleRequest(NULL, Object(Config\Cache), false)
#5 /var/www/html/index.php(37): CodeIgniter\CodeIgniter->run()
#6 {main}
CRITICAL - 2023-09-30 13:36:07 --> Invalid argument supplied for foreach()
#0 /var/www/html/app/Controllers/MarketPlace.php(127): CodeIgniter\Debug\Exceptions->errorHandler(2, 'Invalid argumen...', '/var/www/html/a...', 127, Array)
#1 /var/www/html/app/Controllers/MarketPlace.php(137): App\Controllers\findComponent(NULL, 'locality')
#2 /var/www/html/system/CodeIgniter.php(928): App\Controllers\MarketPlace->get_data_api()
#3 /var/www/html/system/CodeIgniter.php(436): CodeIgniter\CodeIgniter->runController(Object(App\Controllers\MarketPlace))
#4 /var/www/html/system/CodeIgniter.php(336): CodeIgniter\CodeIgniter->handleRequest(NULL, Object(Config\Cache), false)
#5 /var/www/html/index.php(37): CodeIgniter\CodeIgniter->run()
#6 {main}
CRITICAL - 2023-09-30 13:36:07 --> Invalid argument supplied for foreach()
#0 /var/www/html/app/Controllers/MarketPlace.php(127): CodeIgniter\Debug\Exceptions->errorHandler(2, 'Invalid argumen...', '/var/www/html/a...', 127, Array)
#1 /var/www/html/app/Controllers/MarketPlace.php(137): App\Controllers\findComponent(NULL, 'locality')
#2 /var/www/html/system/CodeIgniter.php(928): App\Controllers\MarketPlace->get_data_api()
#3 /var/www/html/system/CodeIgniter.php(436): CodeIgniter\CodeIgniter->runController(Object(App\Controllers\MarketPlace))
#4 /var/www/html/system/CodeIgniter.php(336): CodeIgniter\CodeIgniter->handleRequest(NULL, Object(Config\Cache), false)
#5 /var/www/html/index.php(37): CodeIgniter\CodeIgniter->run()
#6 {main}
CRITICAL - 2023-09-30 13:36:08 --> Invalid argument supplied for foreach()
#0 /var/www/html/app/Controllers/MarketPlace.php(127): CodeIgniter\Debug\Exceptions->errorHandler(2, 'Invalid argumen...', '/var/www/html/a...', 127, Array)
#1 /var/www/html/app/Controllers/MarketPlace.php(137): App\Controllers\findComponent(NULL, 'locality')
#2 /var/www/html/system/CodeIgniter.php(928): App\Controllers\MarketPlace->get_data_api()
#3 /var/www/html/system/CodeIgniter.php(436): CodeIgniter\CodeIgniter->runController(Object(App\Controllers\MarketPlace))
#4 /var/www/html/system/CodeIgniter.php(336): CodeIgniter\CodeIgniter->handleRequest(NULL, Object(Config\Cache), false)
#5 /var/www/html/index.php(37): CodeIgniter\CodeIgniter->run()
#6 {main}
CRITICAL - 2023-09-30 13:36:09 --> Invalid argument supplied for foreach()
#0 /var/www/html/app/Controllers/MarketPlace.php(127): CodeIgniter\Debug\Exceptions->errorHandler(2, 'Invalid argumen...', '/var/www/html/a...', 127, Array)
#1 /var/www/html/app/Controllers/MarketPlace.php(137): App\Controllers\findComponent(NULL, 'locality')
#2 /var/www/html/system/CodeIgniter.php(928): App\Controllers\MarketPlace->get_data_api()
#3 /var/www/html/system/CodeIgniter.php(436): CodeIgniter\CodeIgniter->runController(Object(App\Controllers\MarketPlace))
#4 /var/www/html/system/CodeIgniter.php(336): CodeIgniter\CodeIgniter->handleRequest(NULL, Object(Config\Cache), false)
#5 /var/www/html/index.php(37): CodeIgniter\CodeIgniter->run()
#6 {main}
CRITICAL - 2023-09-30 13:36:09 --> Invalid argument supplied for foreach()
#0 /var/www/html/app/Controllers/MarketPlace.php(127): CodeIgniter\Debug\Exceptions->errorHandler(2, 'Invalid argumen...', '/var/www/html/a...', 127, Array)
#1 /var/www/html/app/Controllers/MarketPlace.php(137): App\Controllers\findComponent(NULL, 'locality')
#2 /var/www/html/system/CodeIgniter.php(928): App\Controllers\MarketPlace->get_data_api()
#3 /var/www/html/system/CodeIgniter.php(436): CodeIgniter\CodeIgniter->runController(Object(App\Controllers\MarketPlace))
#4 /var/www/html/system/CodeIgniter.php(336): CodeIgniter\CodeIgniter->handleRequest(NULL, Object(Config\Cache), false)
#5 /var/www/html/index.php(37): CodeIgniter\CodeIgniter->run()
#6 {main}
CRITICAL - 2023-09-30 13:36:09 --> Invalid argument supplied for foreach()
#0 /var/www/html/app/Controllers/MarketPlace.php(127): CodeIgniter\Debug\Exceptions->errorHandler(2, 'Invalid argumen...', '/var/www/html/a...', 127, Array)
#1 /var/www/html/app/Controllers/MarketPlace.php(137): App\Controllers\findComponent(NULL, 'locality')
#2 /var/www/html/system/CodeIgniter.php(928): App\Controllers\MarketPlace->get_data_api()
#3 /var/www/html/system/CodeIgniter.php(436): CodeIgniter\CodeIgniter->runController(Object(App\Controllers\MarketPlace))
#4 /var/www/html/system/CodeIgniter.php(336): CodeIgniter\CodeIgniter->handleRequest(NULL, Object(Config\Cache), false)
#5 /var/www/html/index.php(37): CodeIgniter\CodeIgniter->run()
#6 {main}
CRITICAL - 2023-09-30 13:36:19 --> Invalid argument supplied for foreach()
#0 /var/www/html/app/Controllers/MarketPlace.php(127): CodeIgniter\Debug\Exceptions->errorHandler(2, 'Invalid argumen...', '/var/www/html/a...', 127, Array)
#1 /var/www/html/app/Controllers/MarketPlace.php(137): App\Controllers\findComponent(NULL, 'locality')
#2 /var/www/html/system/CodeIgniter.php(928): App\Controllers\MarketPlace->get_data_api()
#3 /var/www/html/system/CodeIgniter.php(436): CodeIgniter\CodeIgniter->runController(Object(App\Controllers\MarketPlace))
#4 /var/www/html/system/CodeIgniter.php(336): CodeIgniter\CodeIgniter->handleRequest(NULL, Object(Config\Cache), false)
#5 /var/www/html/index.php(37): CodeIgniter\CodeIgniter->run()
#6 {main}
CRITICAL - 2023-09-30 13:36:19 --> Invalid argument supplied for foreach()
#0 /var/www/html/app/Controllers/MarketPlace.php(127): CodeIgniter\Debug\Exceptions->errorHandler(2, 'Invalid argumen...', '/var/www/html/a...', 127, Array)
#1 /var/www/html/app/Controllers/MarketPlace.php(137): App\Controllers\findComponent(NULL, 'locality')
#2 /var/www/html/system/CodeIgniter.php(928): App\Controllers\MarketPlace->get_data_api()
#3 /var/www/html/system/CodeIgniter.php(436): CodeIgniter\CodeIgniter->runController(Object(App\Controllers\MarketPlace))
#4 /var/www/html/system/CodeIgniter.php(336): CodeIgniter\CodeIgniter->handleRequest(NULL, Object(Config\Cache), false)
#5 /var/www/html/index.php(37): CodeIgniter\CodeIgniter->run()
#6 {main}
CRITICAL - 2023-09-30 15:35:20 --> Invalid argument supplied for foreach()
#0 /var/www/html/app/Controllers/MarketPlace.php(128): CodeIgniter\Debug\Exceptions->errorHandler(2, 'Invalid argumen...', '/var/www/html/a...', 128, Array)
#1 /var/www/html/app/Controllers/MarketPlace.php(138): App\Controllers\findComponent(NULL, 'locality')
#2 /var/www/html/system/CodeIgniter.php(928): App\Controllers\MarketPlace->get_data_api()
#3 /var/www/html/system/CodeIgniter.php(436): CodeIgniter\CodeIgniter->runController(Object(App\Controllers\MarketPlace))
#4 /var/www/html/system/CodeIgniter.php(336): CodeIgniter\CodeIgniter->handleRequest(NULL, Object(Config\Cache), false)
#5 /var/www/html/index.php(37): CodeIgniter\CodeIgniter->run()
#6 {main}
CRITICAL - 2023-09-30 15:35:47 --> Invalid argument supplied for foreach()
#0 /var/www/html/app/Controllers/MarketPlace.php(128): CodeIgniter\Debug\Exceptions->errorHandler(2, 'Invalid argumen...', '/var/www/html/a...', 128, Array)
#1 /var/www/html/app/Controllers/MarketPlace.php(138): App\Controllers\findComponent(NULL, 'locality')
#2 /var/www/html/system/CodeIgniter.php(928): App\Controllers\MarketPlace->get_data_api()
#3 /var/www/html/system/CodeIgniter.php(436): CodeIgniter\CodeIgniter->runController(Object(App\Controllers\MarketPlace))
#4 /var/www/html/system/CodeIgniter.php(336): CodeIgniter\CodeIgniter->handleRequest(NULL, Object(Config\Cache), false)
#5 /var/www/html/index.php(37): CodeIgniter\CodeIgniter->run()
#6 {main}
CRITICAL - 2023-09-30 15:35:59 --> Invalid argument supplied for foreach()
#0 /var/www/html/app/Controllers/MarketPlace.php(128): CodeIgniter\Debug\Exceptions->errorHandler(2, 'Invalid argumen...', '/var/www/html/a...', 128, Array)
#1 /var/www/html/app/Controllers/MarketPlace.php(138): App\Controllers\findComponent(NULL, 'locality')
#2 /var/www/html/system/CodeIgniter.php(928): App\Controllers\MarketPlace->get_data_api()
#3 /var/www/html/system/CodeIgniter.php(436): CodeIgniter\CodeIgniter->runController(Object(App\Controllers\MarketPlace))
#4 /var/www/html/system/CodeIgniter.php(336): CodeIgniter\CodeIgniter->handleRequest(NULL, Object(Config\Cache), false)
#5 /var/www/html/index.php(37): CodeIgniter\CodeIgniter->run()
#6 {main}
CRITICAL - 2023-09-30 15:37:20 --> Invalid argument supplied for foreach()
#0 /var/www/html/app/Controllers/MarketPlace.php(128): CodeIgniter\Debug\Exceptions->errorHandler(2, 'Invalid argumen...', '/var/www/html/a...', 128, Array)
#1 /var/www/html/app/Controllers/MarketPlace.php(138): App\Controllers\findComponent(NULL, 'locality')
#2 /var/www/html/system/CodeIgniter.php(928): App\Controllers\MarketPlace->get_data_api()
#3 /var/www/html/system/CodeIgniter.php(436): CodeIgniter\CodeIgniter->runController(Object(App\Controllers\MarketPlace))
#4 /var/www/html/system/CodeIgniter.php(336): CodeIgniter\CodeIgniter->handleRequest(NULL, Object(Config\Cache), false)
#5 /var/www/html/index.php(37): CodeIgniter\CodeIgniter->run()
#6 {main}
CRITICAL - 2023-09-30 15:37:23 --> Invalid argument supplied for foreach()
#0 /var/www/html/app/Controllers/MarketPlace.php(128): CodeIgniter\Debug\Exceptions->errorHandler(2, 'Invalid argumen...', '/var/www/html/a...', 128, Array)
#1 /var/www/html/app/Controllers/MarketPlace.php(138): App\Controllers\findComponent(NULL, 'locality')
#2 /var/www/html/system/CodeIgniter.php(928): App\Controllers\MarketPlace->get_data_api()
#3 /var/www/html/system/CodeIgniter.php(436): CodeIgniter\CodeIgniter->runController(Object(App\Controllers\MarketPlace))
#4 /var/www/html/system/CodeIgniter.php(336): CodeIgniter\CodeIgniter->handleRequest(NULL, Object(Config\Cache), false)
#5 /var/www/html/index.php(37): CodeIgniter\CodeIgniter->run()
#6 {main}
CRITICAL - 2023-09-30 15:58:58 --> Too few arguments to function App\Controllers\MarketPlace::company_data(), 0 passed in /var/www/html/system/CodeIgniter.php on line 928 and exactly 1 expected
#0 /var/www/html/system/CodeIgniter.php(928): App\Controllers\MarketPlace->company_data()
#1 /var/www/html/system/CodeIgniter.php(436): CodeIgniter\CodeIgniter->runController(Object(App\Controllers\MarketPlace))
#2 /var/www/html/system/CodeIgniter.php(336): CodeIgniter\CodeIgniter->handleRequest(NULL, Object(Config\Cache), false)
#3 /var/www/html/index.php(37): CodeIgniter\CodeIgniter->run()
#4 {main}
ERROR - 2023-09-30 15:59:35 --> You have an error in your SQL syntax; check the manual that corresponds to your MariaDB server version for the right syntax to use near ')
AND `status` = 1' at line 3
CRITICAL - 2023-09-30 15:59:35 --> Call to a member function getResult() on bool
#0 /var/www/html/system/BaseModel.php(603): CodeIgniter\Model->doFindAll(0, 0)
#1 /var/www/html/app/Helpers/menu_helper.php(94): CodeIgniter\BaseModel->findAll()
#2 /var/www/html/app/Controllers/MarketPlace.php(231): SidebarData()
#3 /var/www/html/system/CodeIgniter.php(928): App\Controllers\MarketPlace->company_data('1')
#4 /var/www/html/system/CodeIgniter.php(436): CodeIgniter\CodeIgniter->runController(Object(App\Controllers\MarketPlace))
#5 /var/www/html/system/CodeIgniter.php(336): CodeIgniter\CodeIgniter->handleRequest(NULL, Object(Config\Cache), false)
#6 /var/www/html/index.php(37): CodeIgniter\CodeIgniter->run()
#7 {main}
ERROR - 2023-09-30 15:59:38 --> You have an error in your SQL syntax; check the manual that corresponds to your MariaDB server version for the right syntax to use near ')
AND `status` = 1' at line 3
CRITICAL - 2023-09-30 15:59:38 --> Call to a member function getResult() on bool
#0 /var/www/html/system/BaseModel.php(603): CodeIgniter\Model->doFindAll(0, 0)
#1 /var/www/html/app/Helpers/menu_helper.php(94): CodeIgniter\BaseModel->findAll()
#2 /var/www/html/app/Controllers/MarketPlace.php(231): SidebarData()
#3 /var/www/html/system/CodeIgniter.php(928): App\Controllers\MarketPlace->company_data('1')
#4 /var/www/html/system/CodeIgniter.php(436): CodeIgniter\CodeIgniter->runController(Object(App\Controllers\MarketPlace))
#5 /var/www/html/system/CodeIgniter.php(336): CodeIgniter\CodeIgniter->handleRequest(NULL, Object(Config\Cache), false)
#6 /var/www/html/index.php(37): CodeIgniter\CodeIgniter->run()
#7 {main}
CRITICAL - 2023-09-30 16:01:50 --> Call to a member function where() on null
#0 /var/www/html/system/CodeIgniter.php(928): App\Controllers\MarketPlace->company_data('U74999HP2011PTC...')
#1 /var/www/html/system/CodeIgniter.php(436): CodeIgniter\CodeIgniter->runController(Object(App\Controllers\MarketPlace))
#2 /var/www/html/system/CodeIgniter.php(336): CodeIgniter\CodeIgniter->handleRequest(NULL, Object(Config\Cache), false)
#3 /var/www/html/index.php(37): CodeIgniter\CodeIgniter->run()
#4 {main}
CRITICAL - 2023-09-30 16:02:26 --> Invalid argument supplied for foreach()
#0 /var/www/html/app/Views/brand/companyProfile.php(2145): CodeIgniter\Debug\Exceptions->errorHandler(2, 'Invalid argumen...', '/var/www/html/a...', 2145, Array)
#1 /var/www/html/system/View/View.php(230): include('/var/www/html/a...')
#2 /var/www/html/system/View/View.php(232): CodeIgniter\View\View->CodeIgniter\View\{closure}()
#3 /var/www/html/system/Common.php(1271): CodeIgniter\View\View->render('brand/companyPr...', Array, true)
#4 /var/www/html/app/Controllers/MarketPlace.php(331): view('brand/companyPr...', Array)
#5 /var/www/html/system/CodeIgniter.php(928): App\Controllers\MarketPlace->company_data('U74999HP2011PTC...')
#6 /var/www/html/system/CodeIgniter.php(436): CodeIgniter\CodeIgniter->runController(Object(App\Controllers\MarketPlace))
#7 /var/www/html/system/CodeIgniter.php(336): CodeIgniter\CodeIgniter->handleRequest(NULL, Object(Config\Cache), false)
#8 /var/www/html/index.php(37): CodeIgniter\CodeIgniter->run()
#9 {main}
CRITICAL - 2023-09-30 16:04:59 --> Too few arguments to function App\Controllers\MarketPlace::company_data(), 0 passed in /var/www/html/system/CodeIgniter.php on line 928 and exactly 1 expected
#0 /var/www/html/system/CodeIgniter.php(928): App\Controllers\MarketPlace->company_data()
#1 /var/www/html/system/CodeIgniter.php(436): CodeIgniter\CodeIgniter->runController(Object(App\Controllers\MarketPlace))
#2 /var/www/html/system/CodeIgniter.php(336): CodeIgniter\CodeIgniter->handleRequest(NULL, Object(Config\Cache), false)
#3 /var/www/html/index.php(37): CodeIgniter\CodeIgniter->run()
#4 {main}
CRITICAL - 2023-09-30 17:20:14 --> Too few arguments to function App\Controllers\MarketPlace::company_data_api(), 0 passed in /var/www/html/system/CodeIgniter.php on line 928 and exactly 1 expected
#0 /var/www/html/system/CodeIgniter.php(928): App\Controllers\MarketPlace->company_data_api()
#1 /var/www/html/system/CodeIgniter.php(436): CodeIgniter\CodeIgniter->runController(Object(App\Controllers\MarketPlace))
#2 /var/www/html/system/CodeIgniter.php(336): CodeIgniter\CodeIgniter->handleRequest(NULL, Object(Config\Cache), false)
#3 /var/www/html/index.php(37): CodeIgniter\CodeIgniter->run()
#4 {main}
