CRITICAL - 2023-11-05 15:47:57 --> Invalid argument supplied for foreach()
#0 /var/www/html/app/Controllers/OnSite.php(157): CodeIgniter\Debug\Exceptions->errorHandler(2, 'Invalid argumen...', '/var/www/html/a...', 157, Array)
#1 /var/www/html/system/CodeIgniter.php(928): App\Controllers\OnSite->assessmentreport_check('assets', 'header.css')
#2 /var/www/html/system/CodeIgniter.php(436): CodeIgniter\CodeIgniter->runController(Object(App\Controllers\OnSite))
#3 /var/www/html/system/CodeIgniter.php(336): CodeIgniter\CodeIgniter->handleRequest(NULL, Object(Config\Cache), false)
#4 /var/www/html/public/index.php(37): CodeIgniter\CodeIgniter->run()
#5 {main}
CRITICAL - 2023-11-05 15:47:57 --> Invalid argument supplied for foreach()
#0 /var/www/html/app/Controllers/OnSite.php(157): CodeIgniter\Debug\Exceptions->errorHandler(2, 'Invalid argumen...', '/var/www/html/a...', 157, Array)
#1 /var/www/html/system/CodeIgniter.php(928): App\Controllers\OnSite->assessmentreport_check('assets', 'css', 'bootstrap.min.c...')
#2 /var/www/html/system/CodeIgniter.php(436): CodeIgniter\CodeIgniter->runController(Object(App\Controllers\OnSite))
#3 /var/www/html/system/CodeIgniter.php(336): CodeIgniter\CodeIgniter->handleRequest(NULL, Object(Config\Cache), false)
#4 /var/www/html/public/index.php(37): CodeIgniter\CodeIgniter->run()
#5 {main}
CRITICAL - 2023-11-05 15:47:57 --> Invalid argument supplied for foreach()
#0 /var/www/html/app/Controllers/OnSite.php(157): CodeIgniter\Debug\Exceptions->errorHandler(2, 'Invalid argumen...', '/var/www/html/a...', 157, Array)
#1 /var/www/html/system/CodeIgniter.php(928): App\Controllers\OnSite->assessmentreport_check('assets', 'js', 'bootstrap.min.j...')
#2 /var/www/html/system/CodeIgniter.php(436): CodeIgniter\CodeIgniter->runController(Object(App\Controllers\OnSite))
#3 /var/www/html/system/CodeIgniter.php(336): CodeIgniter\CodeIgniter->handleRequest(NULL, Object(Config\Cache), false)
#4 /var/www/html/public/index.php(37): CodeIgniter\CodeIgniter->run()
#5 {main}
CRITICAL - 2023-11-05 15:47:59 --> Invalid argument supplied for foreach()
#0 /var/www/html/app/Controllers/OnSite.php(157): CodeIgniter\Debug\Exceptions->errorHandler(2, 'Invalid argumen...', '/var/www/html/a...', 157, Array)
#1 /var/www/html/system/CodeIgniter.php(928): App\Controllers\OnSite->assessmentreport_check('app-assets', 'images', 'icons', 'xls.png')
#2 /var/www/html/system/CodeIgniter.php(436): CodeIgniter\CodeIgniter->runController(Object(App\Controllers\OnSite))
#3 /var/www/html/system/CodeIgniter.php(336): CodeIgniter\CodeIgniter->handleRequest(NULL, Object(Config\Cache), false)
#4 /var/www/html/public/index.php(37): CodeIgniter\CodeIgniter->run()
#5 {main}
CRITICAL - 2023-11-05 15:47:59 --> Invalid argument supplied for foreach()
#0 /var/www/html/app/Controllers/OnSite.php(157): CodeIgniter\Debug\Exceptions->errorHandler(2, 'Invalid argumen...', '/var/www/html/a...', 157, Array)
#1 /var/www/html/system/CodeIgniter.php(928): App\Controllers\OnSite->assessmentreport_check('app-assets', 'images', 'portrait', 'small', 'avatar-s-8.jpg')
#2 /var/www/html/system/CodeIgniter.php(436): CodeIgniter\CodeIgniter->runController(Object(App\Controllers\OnSite))
#3 /var/www/html/system/CodeIgniter.php(336): CodeIgniter\CodeIgniter->handleRequest(NULL, Object(Config\Cache), false)
#4 /var/www/html/public/index.php(37): CodeIgniter\CodeIgniter->run()
#5 {main}
CRITICAL - 2023-11-05 15:47:59 --> Invalid argument supplied for foreach()
#0 /var/www/html/app/Controllers/OnSite.php(157): CodeIgniter\Debug\Exceptions->errorHandler(2, 'Invalid argumen...', '/var/www/html/a...', 157, Array)
#1 /var/www/html/system/CodeIgniter.php(928): App\Controllers\OnSite->assessmentreport_check('app-assets', 'images', 'icons', 'pdf.png')
#2 /var/www/html/system/CodeIgniter.php(436): CodeIgniter\CodeIgniter->runController(Object(App\Controllers\OnSite))
#3 /var/www/html/system/CodeIgniter.php(336): CodeIgniter\CodeIgniter->handleRequest(NULL, Object(Config\Cache), false)
#4 /var/www/html/public/index.php(37): CodeIgniter\CodeIgniter->run()
#5 {main}
CRITICAL - 2023-11-05 15:47:59 --> Invalid argument supplied for foreach()
#0 /var/www/html/app/Controllers/OnSite.php(157): CodeIgniter\Debug\Exceptions->errorHandler(2, 'Invalid argumen...', '/var/www/html/a...', 157, Array)
#1 /var/www/html/system/CodeIgniter.php(928): App\Controllers\OnSite->assessmentreport_check('app-assets', 'images', 'portrait', 'small', 'avatar-s-1.jpg')
#2 /var/www/html/system/CodeIgniter.php(436): CodeIgniter\CodeIgniter->runController(Object(App\Controllers\OnSite))
#3 /var/www/html/system/CodeIgniter.php(336): CodeIgniter\CodeIgniter->handleRequest(NULL, Object(Config\Cache), false)
#4 /var/www/html/public/index.php(37): CodeIgniter\CodeIgniter->run()
#5 {main}
CRITICAL - 2023-11-05 15:47:59 --> Invalid argument supplied for foreach()
#0 /var/www/html/app/Controllers/OnSite.php(157): CodeIgniter\Debug\Exceptions->errorHandler(2, 'Invalid argumen...', '/var/www/html/a...', 157, Array)
#1 /var/www/html/system/CodeIgniter.php(928): App\Controllers\OnSite->assessmentreport_check('app-assets', 'images', 'portrait', 'small', 'avatar-s-14.jpg')
#2 /var/www/html/system/CodeIgniter.php(436): CodeIgniter\CodeIgniter->runController(Object(App\Controllers\OnSite))
#3 /var/www/html/system/CodeIgniter.php(336): CodeIgniter\CodeIgniter->handleRequest(NULL, Object(Config\Cache), false)
#4 /var/www/html/public/index.php(37): CodeIgniter\CodeIgniter->run()
#5 {main}
CRITICAL - 2023-11-05 15:47:59 --> Invalid argument supplied for foreach()
#0 /var/www/html/app/Controllers/OnSite.php(157): CodeIgniter\Debug\Exceptions->errorHandler(2, 'Invalid argumen...', '/var/www/html/a...', 157, Array)
#1 /var/www/html/system/CodeIgniter.php(928): App\Controllers\OnSite->assessmentreport_check('app-assets', 'images', 'portrait', 'small', 'avatar-s-6.jpg')
#2 /var/www/html/system/CodeIgniter.php(436): CodeIgniter\CodeIgniter->runController(Object(App\Controllers\OnSite))
#3 /var/www/html/system/CodeIgniter.php(336): CodeIgniter\CodeIgniter->handleRequest(NULL, Object(Config\Cache), false)
#4 /var/www/html/public/index.php(37): CodeIgniter\CodeIgniter->run()
#5 {main}
CRITICAL - 2023-11-05 15:47:59 --> Invalid argument supplied for foreach()
#0 /var/www/html/app/Controllers/OnSite.php(157): CodeIgniter\Debug\Exceptions->errorHandler(2, 'Invalid argumen...', '/var/www/html/a...', 157, Array)
#1 /var/www/html/system/CodeIgniter.php(928): App\Controllers\OnSite->assessmentreport_check('app-assets', 'images', 'icons', 'doc.png')
#2 /var/www/html/system/CodeIgniter.php(436): CodeIgniter\CodeIgniter->runController(Object(App\Controllers\OnSite))
#3 /var/www/html/system/CodeIgniter.php(336): CodeIgniter\CodeIgniter->handleRequest(NULL, Object(Config\Cache), false)
#4 /var/www/html/public/index.php(37): CodeIgniter\CodeIgniter->run()
#5 {main}
CRITICAL - 2023-11-05 15:47:59 --> Invalid argument supplied for foreach()
#0 /var/www/html/app/Controllers/OnSite.php(157): CodeIgniter\Debug\Exceptions->errorHandler(2, 'Invalid argumen...', '/var/www/html/a...', 157, Array)
#1 /var/www/html/system/CodeIgniter.php(928): App\Controllers\OnSite->assessmentreport_check('app-assets', 'images', 'icons', 'jpg.png')
#2 /var/www/html/system/CodeIgniter.php(436): CodeIgniter\CodeIgniter->runController(Object(App\Controllers\OnSite))
#3 /var/www/html/system/CodeIgniter.php(336): CodeIgniter\CodeIgniter->handleRequest(NULL, Object(Config\Cache), false)
#4 /var/www/html/public/index.php(37): CodeIgniter\CodeIgniter->run()
#5 {main}
ERROR - 2023-11-05 15:51:02 --> Unknown column 'app' in 'where clause'
CRITICAL - 2023-11-05 15:51:02 --> Call to a member function getResultArray() on bool
#0 /var/www/html/system/CodeIgniter.php(928): App\Controllers\Controlwork->start_assessment('198', 'app-assets', 'images', 'icons', 'xls.png')
#1 /var/www/html/system/CodeIgniter.php(436): CodeIgniter\CodeIgniter->runController(Object(App\Controllers\Controlwork))
#2 /var/www/html/system/CodeIgniter.php(336): CodeIgniter\CodeIgniter->handleRequest(NULL, Object(Config\Cache), false)
#3 /var/www/html/public/index.php(37): CodeIgniter\CodeIgniter->run()
#4 {main}
ERROR - 2023-11-05 15:51:03 --> Unknown column 'app' in 'where clause'
CRITICAL - 2023-11-05 15:51:03 --> Call to a member function getResultArray() on bool
#0 /var/www/html/system/CodeIgniter.php(928): App\Controllers\Controlwork->start_assessment('198', 'app-assets', 'images', 'portrait', 'small', 'avatar-s-1.jpg')
#1 /var/www/html/system/CodeIgniter.php(436): CodeIgniter\CodeIgniter->runController(Object(App\Controllers\Controlwork))
#2 /var/www/html/system/CodeIgniter.php(336): CodeIgniter\CodeIgniter->handleRequest(NULL, Object(Config\Cache), false)
#3 /var/www/html/public/index.php(37): CodeIgniter\CodeIgniter->run()
#4 {main}
ERROR - 2023-11-05 15:51:03 --> Unknown column 'app' in 'where clause'
CRITICAL - 2023-11-05 15:51:03 --> Call to a member function getResultArray() on bool
#0 /var/www/html/system/CodeIgniter.php(928): App\Controllers\Controlwork->start_assessment('198', 'app-assets', 'images', 'icons', 'pdf.png')
#1 /var/www/html/system/CodeIgniter.php(436): CodeIgniter\CodeIgniter->runController(Object(App\Controllers\Controlwork))
#2 /var/www/html/system/CodeIgniter.php(336): CodeIgniter\CodeIgniter->handleRequest(NULL, Object(Config\Cache), false)
#3 /var/www/html/public/index.php(37): CodeIgniter\CodeIgniter->run()
#4 {main}
ERROR - 2023-11-05 15:51:03 --> Unknown column 'app' in 'where clause'
CRITICAL - 2023-11-05 15:51:03 --> Call to a member function getResultArray() on bool
#0 /var/www/html/system/CodeIgniter.php(928): App\Controllers\Controlwork->start_assessment('198', 'app-assets', 'images', 'icons', 'jpg.png')
#1 /var/www/html/system/CodeIgniter.php(436): CodeIgniter\CodeIgniter->runController(Object(App\Controllers\Controlwork))
#2 /var/www/html/system/CodeIgniter.php(336): CodeIgniter\CodeIgniter->handleRequest(NULL, Object(Config\Cache), false)
#3 /var/www/html/public/index.php(37): CodeIgniter\CodeIgniter->run()
#4 {main}
ERROR - 2023-11-05 15:51:03 --> Unknown column 'app' in 'where clause'
CRITICAL - 2023-11-05 15:51:03 --> Call to a member function getResultArray() on bool
#0 /var/www/html/system/CodeIgniter.php(928): App\Controllers\Controlwork->start_assessment('198', 'app-assets', 'images', 'portrait', 'small', 'avatar-s-14.jpg')
#1 /var/www/html/system/CodeIgniter.php(436): CodeIgniter\CodeIgniter->runController(Object(App\Controllers\Controlwork))
#2 /var/www/html/system/CodeIgniter.php(336): CodeIgniter\CodeIgniter->handleRequest(NULL, Object(Config\Cache), false)
#3 /var/www/html/public/index.php(37): CodeIgniter\CodeIgniter->run()
#4 {main}
ERROR - 2023-11-05 15:51:03 --> Unknown column 'app' in 'where clause'
CRITICAL - 2023-11-05 15:51:03 --> Call to a member function getResultArray() on bool
#0 /var/www/html/system/CodeIgniter.php(928): App\Controllers\Controlwork->start_assessment('198', 'app-assets', 'images', 'portrait', 'small', 'avatar-s-8.jpg')
#1 /var/www/html/system/CodeIgniter.php(436): CodeIgniter\CodeIgniter->runController(Object(App\Controllers\Controlwork))
#2 /var/www/html/system/CodeIgniter.php(336): CodeIgniter\CodeIgniter->handleRequest(NULL, Object(Config\Cache), false)
#3 /var/www/html/public/index.php(37): CodeIgniter\CodeIgniter->run()
#4 {main}
ERROR - 2023-11-05 15:51:03 --> Unknown column 'app' in 'where clause'
CRITICAL - 2023-11-05 15:51:03 --> Call to a member function getResultArray() on bool
#0 /var/www/html/system/CodeIgniter.php(928): App\Controllers\Controlwork->start_assessment('198', 'app-assets', 'images', 'portrait', 'small', 'avatar-s-6.jpg')
#1 /var/www/html/system/CodeIgniter.php(436): CodeIgniter\CodeIgniter->runController(Object(App\Controllers\Controlwork))
#2 /var/www/html/system/CodeIgniter.php(336): CodeIgniter\CodeIgniter->handleRequest(NULL, Object(Config\Cache), false)
#3 /var/www/html/public/index.php(37): CodeIgniter\CodeIgniter->run()
#4 {main}
ERROR - 2023-11-05 15:51:03 --> Unknown column 'app' in 'where clause'
CRITICAL - 2023-11-05 15:51:03 --> Call to a member function getResultArray() on bool
#0 /var/www/html/system/CodeIgniter.php(928): App\Controllers\Controlwork->start_assessment('198', 'app-assets', 'images', 'icons', 'doc.png')
#1 /var/www/html/system/CodeIgniter.php(436): CodeIgniter\CodeIgniter->runController(Object(App\Controllers\Controlwork))
#2 /var/www/html/system/CodeIgniter.php(336): CodeIgniter\CodeIgniter->handleRequest(NULL, Object(Config\Cache), false)
#3 /var/www/html/public/index.php(37): CodeIgniter\CodeIgniter->run()
#4 {main}
ERROR - 2023-11-05 15:51:05 --> Unknown column 'app' in 'where clause'
CRITICAL - 2023-11-05 15:51:05 --> Call to a member function getResultArray() on bool
#0 /var/www/html/system/CodeIgniter.php(928): App\Controllers\Controlwork->answerQuestion('91', '9', 'app-assets', 'images', 'icons', 'xls.png')
#1 /var/www/html/system/CodeIgniter.php(436): CodeIgniter\CodeIgniter->runController(Object(App\Controllers\Controlwork))
#2 /var/www/html/system/CodeIgniter.php(336): CodeIgniter\CodeIgniter->handleRequest(NULL, Object(Config\Cache), false)
#3 /var/www/html/public/index.php(37): CodeIgniter\CodeIgniter->run()
#4 {main}
ERROR - 2023-11-05 15:51:06 --> Unknown column 'app' in 'where clause'
CRITICAL - 2023-11-05 15:51:06 --> Call to a member function getResultArray() on bool
#0 /var/www/html/system/CodeIgniter.php(928): App\Controllers\Controlwork->answerQuestion('91', '9', 'app-assets', 'images', 'icons', 'doc.png')
#1 /var/www/html/system/CodeIgniter.php(436): CodeIgniter\CodeIgniter->runController(Object(App\Controllers\Controlwork))
#2 /var/www/html/system/CodeIgniter.php(336): CodeIgniter\CodeIgniter->handleRequest(NULL, Object(Config\Cache), false)
#3 /var/www/html/public/index.php(37): CodeIgniter\CodeIgniter->run()
#4 {main}
ERROR - 2023-11-05 15:51:06 --> Unknown column 'app' in 'where clause'
CRITICAL - 2023-11-05 15:51:06 --> Call to a member function getResultArray() on bool
#0 /var/www/html/system/CodeIgniter.php(928): App\Controllers\Controlwork->answerQuestion('91', '9', 'app-assets', 'images', 'icons', 'jpg.png')
#1 /var/www/html/system/CodeIgniter.php(436): CodeIgniter\CodeIgniter->runController(Object(App\Controllers\Controlwork))
#2 /var/www/html/system/CodeIgniter.php(336): CodeIgniter\CodeIgniter->handleRequest(NULL, Object(Config\Cache), false)
#3 /var/www/html/public/index.php(37): CodeIgniter\CodeIgniter->run()
#4 {main}
ERROR - 2023-11-05 15:51:06 --> Unknown column 'app' in 'where clause'
CRITICAL - 2023-11-05 15:51:06 --> Call to a member function getResultArray() on bool
#0 /var/www/html/system/CodeIgniter.php(928): App\Controllers\Controlwork->answerQuestion('91', '9', 'app-assets', 'images', 'portrait', 'small', 'avatar-s-6.jpg')
#1 /var/www/html/system/CodeIgniter.php(436): CodeIgniter\CodeIgniter->runController(Object(App\Controllers\Controlwork))
#2 /var/www/html/system/CodeIgniter.php(336): CodeIgniter\CodeIgniter->handleRequest(NULL, Object(Config\Cache), false)
#3 /var/www/html/public/index.php(37): CodeIgniter\CodeIgniter->run()
#4 {main}
ERROR - 2023-11-05 15:51:06 --> Unknown column 'app' in 'where clause'
CRITICAL - 2023-11-05 15:51:06 --> Call to a member function getResultArray() on bool
#0 /var/www/html/system/CodeIgniter.php(928): App\Controllers\Controlwork->answerQuestion('91', '9', 'app-assets', 'images', 'portrait', 'small', 'avatar-s-14.jpg')
#1 /var/www/html/system/CodeIgniter.php(436): CodeIgniter\CodeIgniter->runController(Object(App\Controllers\Controlwork))
#2 /var/www/html/system/CodeIgniter.php(336): CodeIgniter\CodeIgniter->handleRequest(NULL, Object(Config\Cache), false)
#3 /var/www/html/public/index.php(37): CodeIgniter\CodeIgniter->run()
#4 {main}
ERROR - 2023-11-05 15:51:06 --> Unknown column 'app' in 'where clause'
CRITICAL - 2023-11-05 15:51:06 --> Call to a member function getResultArray() on bool
#0 /var/www/html/system/CodeIgniter.php(928): App\Controllers\Controlwork->answerQuestion('91', '9', 'app-assets', 'images', 'portrait', 'small', 'avatar-s-1.jpg')
#1 /var/www/html/system/CodeIgniter.php(436): CodeIgniter\CodeIgniter->runController(Object(App\Controllers\Controlwork))
#2 /var/www/html/system/CodeIgniter.php(336): CodeIgniter\CodeIgniter->handleRequest(NULL, Object(Config\Cache), false)
#3 /var/www/html/public/index.php(37): CodeIgniter\CodeIgniter->run()
#4 {main}
ERROR - 2023-11-05 15:51:06 --> Unknown column 'app' in 'where clause'
CRITICAL - 2023-11-05 15:51:06 --> Call to a member function getResultArray() on bool
#0 /var/www/html/system/CodeIgniter.php(928): App\Controllers\Controlwork->answerQuestion('91', '9', 'app-assets', 'images', 'portrait', 'small', 'avatar-s-8.jpg')
#1 /var/www/html/system/CodeIgniter.php(436): CodeIgniter\CodeIgniter->runController(Object(App\Controllers\Controlwork))
#2 /var/www/html/system/CodeIgniter.php(336): CodeIgniter\CodeIgniter->handleRequest(NULL, Object(Config\Cache), false)
#3 /var/www/html/public/index.php(37): CodeIgniter\CodeIgniter->run()
#4 {main}
ERROR - 2023-11-05 15:51:06 --> Unknown column 'app' in 'where clause'
CRITICAL - 2023-11-05 15:51:06 --> Call to a member function getResultArray() on bool
#0 /var/www/html/system/CodeIgniter.php(928): App\Controllers\Controlwork->answerQuestion('91', '9', 'app-assets', 'images', 'icons', 'pdf.png')
#1 /var/www/html/system/CodeIgniter.php(436): CodeIgniter\CodeIgniter->runController(Object(App\Controllers\Controlwork))
#2 /var/www/html/system/CodeIgniter.php(336): CodeIgniter\CodeIgniter->handleRequest(NULL, Object(Config\Cache), false)
#3 /var/www/html/public/index.php(37): CodeIgniter\CodeIgniter->run()
#4 {main}
ERROR - 2023-11-05 15:51:08 --> Unknown column 'app' in 'where clause'
CRITICAL - 2023-11-05 15:51:08 --> Call to a member function getResultArray() on bool
#0 /var/www/html/system/CodeIgniter.php(928): App\Controllers\Controlwork->start_assessment('198', 'app-assets', 'images', 'icons', 'xls.png')
#1 /var/www/html/system/CodeIgniter.php(436): CodeIgniter\CodeIgniter->runController(Object(App\Controllers\Controlwork))
#2 /var/www/html/system/CodeIgniter.php(336): CodeIgniter\CodeIgniter->handleRequest(NULL, Object(Config\Cache), false)
#3 /var/www/html/public/index.php(37): CodeIgniter\CodeIgniter->run()
#4 {main}
ERROR - 2023-11-05 15:51:09 --> Unknown column 'app' in 'where clause'
CRITICAL - 2023-11-05 15:51:09 --> Call to a member function getResultArray() on bool
#0 /var/www/html/system/CodeIgniter.php(928): App\Controllers\Controlwork->start_assessment('198', 'app-assets', 'images', 'icons', 'jpg.png')
#1 /var/www/html/system/CodeIgniter.php(436): CodeIgniter\CodeIgniter->runController(Object(App\Controllers\Controlwork))
#2 /var/www/html/system/CodeIgniter.php(336): CodeIgniter\CodeIgniter->handleRequest(NULL, Object(Config\Cache), false)
#3 /var/www/html/public/index.php(37): CodeIgniter\CodeIgniter->run()
#4 {main}
ERROR - 2023-11-05 15:51:09 --> Unknown column 'app' in 'where clause'
CRITICAL - 2023-11-05 15:51:09 --> Call to a member function getResultArray() on bool
#0 /var/www/html/system/CodeIgniter.php(928): App\Controllers\Controlwork->start_assessment('198', 'app-assets', 'images', 'portrait', 'small', 'avatar-s-14.jpg')
#1 /var/www/html/system/CodeIgniter.php(436): CodeIgniter\CodeIgniter->runController(Object(App\Controllers\Controlwork))
#2 /var/www/html/system/CodeIgniter.php(336): CodeIgniter\CodeIgniter->handleRequest(NULL, Object(Config\Cache), false)
#3 /var/www/html/public/index.php(37): CodeIgniter\CodeIgniter->run()
#4 {main}
ERROR - 2023-11-05 15:51:09 --> Unknown column 'app' in 'where clause'
CRITICAL - 2023-11-05 15:51:09 --> Call to a member function getResultArray() on bool
#0 /var/www/html/system/CodeIgniter.php(928): App\Controllers\Controlwork->start_assessment('198', 'app-assets', 'images', 'portrait', 'small', 'avatar-s-1.jpg')
#1 /var/www/html/system/CodeIgniter.php(436): CodeIgniter\CodeIgniter->runController(Object(App\Controllers\Controlwork))
#2 /var/www/html/system/CodeIgniter.php(336): CodeIgniter\CodeIgniter->handleRequest(NULL, Object(Config\Cache), false)
#3 /var/www/html/public/index.php(37): CodeIgniter\CodeIgniter->run()
#4 {main}
ERROR - 2023-11-05 15:51:09 --> Unknown column 'app' in 'where clause'
CRITICAL - 2023-11-05 15:51:09 --> Call to a member function getResultArray() on bool
#0 /var/www/html/system/CodeIgniter.php(928): App\Controllers\Controlwork->start_assessment('198', 'app-assets', 'images', 'portrait', 'small', 'avatar-s-8.jpg')
#1 /var/www/html/system/CodeIgniter.php(436): CodeIgniter\CodeIgniter->runController(Object(App\Controllers\Controlwork))
#2 /var/www/html/system/CodeIgniter.php(336): CodeIgniter\CodeIgniter->handleRequest(NULL, Object(Config\Cache), false)
#3 /var/www/html/public/index.php(37): CodeIgniter\CodeIgniter->run()
#4 {main}
ERROR - 2023-11-05 15:51:09 --> Unknown column 'app' in 'where clause'
CRITICAL - 2023-11-05 15:51:09 --> Call to a member function getResultArray() on bool
#0 /var/www/html/system/CodeIgniter.php(928): App\Controllers\Controlwork->start_assessment('198', 'app-assets', 'images', 'icons', 'pdf.png')
#1 /var/www/html/system/CodeIgniter.php(436): CodeIgniter\CodeIgniter->runController(Object(App\Controllers\Controlwork))
#2 /var/www/html/system/CodeIgniter.php(336): CodeIgniter\CodeIgniter->handleRequest(NULL, Object(Config\Cache), false)
#3 /var/www/html/public/index.php(37): CodeIgniter\CodeIgniter->run()
#4 {main}
ERROR - 2023-11-05 15:51:09 --> Unknown column 'app' in 'where clause'
CRITICAL - 2023-11-05 15:51:09 --> Call to a member function getResultArray() on bool
#0 /var/www/html/system/CodeIgniter.php(928): App\Controllers\Controlwork->start_assessment('198', 'app-assets', 'images', 'icons', 'doc.png')
#1 /var/www/html/system/CodeIgniter.php(436): CodeIgniter\CodeIgniter->runController(Object(App\Controllers\Controlwork))
#2 /var/www/html/system/CodeIgniter.php(336): CodeIgniter\CodeIgniter->handleRequest(NULL, Object(Config\Cache), false)
#3 /var/www/html/public/index.php(37): CodeIgniter\CodeIgniter->run()
#4 {main}
ERROR - 2023-11-05 15:51:09 --> Unknown column 'app' in 'where clause'
CRITICAL - 2023-11-05 15:51:09 --> Call to a member function getResultArray() on bool
#0 /var/www/html/system/CodeIgniter.php(928): App\Controllers\Controlwork->start_assessment('198', 'app-assets', 'images', 'portrait', 'small', 'avatar-s-6.jpg')
#1 /var/www/html/system/CodeIgniter.php(436): CodeIgniter\CodeIgniter->runController(Object(App\Controllers\Controlwork))
#2 /var/www/html/system/CodeIgniter.php(336): CodeIgniter\CodeIgniter->handleRequest(NULL, Object(Config\Cache), false)
#3 /var/www/html/public/index.php(37): CodeIgniter\CodeIgniter->run()
#4 {main}
ERROR - 2023-11-05 15:51:09 --> Unknown column 'app' in 'where clause'
CRITICAL - 2023-11-05 15:51:09 --> Call to a member function getResultArray() on bool
#0 /var/www/html/system/CodeIgniter.php(928): App\Controllers\Controlwork->start_assessment('198', 'app-assets', 'images', 'icons', 'xls.png')
#1 /var/www/html/system/CodeIgniter.php(436): CodeIgniter\CodeIgniter->runController(Object(App\Controllers\Controlwork))
#2 /var/www/html/system/CodeIgniter.php(336): CodeIgniter\CodeIgniter->handleRequest(NULL, Object(Config\Cache), false)
#3 /var/www/html/public/index.php(37): CodeIgniter\CodeIgniter->run()
#4 {main}
ERROR - 2023-11-05 15:51:10 --> Unknown column 'app' in 'where clause'
CRITICAL - 2023-11-05 15:51:10 --> Call to a member function getResultArray() on bool
#0 /var/www/html/system/CodeIgniter.php(928): App\Controllers\Controlwork->start_assessment('198', 'app-assets', 'images', 'icons', 'jpg.png')
#1 /var/www/html/system/CodeIgniter.php(436): CodeIgniter\CodeIgniter->runController(Object(App\Controllers\Controlwork))
#2 /var/www/html/system/CodeIgniter.php(336): CodeIgniter\CodeIgniter->handleRequest(NULL, Object(Config\Cache), false)
#3 /var/www/html/public/index.php(37): CodeIgniter\CodeIgniter->run()
#4 {main}
ERROR - 2023-11-05 15:51:10 --> Unknown column 'app' in 'where clause'
CRITICAL - 2023-11-05 15:51:10 --> Call to a member function getResultArray() on bool
#0 /var/www/html/system/CodeIgniter.php(928): App\Controllers\Controlwork->start_assessment('198', 'app-assets', 'images', 'portrait', 'small', 'avatar-s-14.jpg')
#1 /var/www/html/system/CodeIgniter.php(436): CodeIgniter\CodeIgniter->runController(Object(App\Controllers\Controlwork))
#2 /var/www/html/system/CodeIgniter.php(336): CodeIgniter\CodeIgniter->handleRequest(NULL, Object(Config\Cache), false)
#3 /var/www/html/public/index.php(37): CodeIgniter\CodeIgniter->run()
#4 {main}
ERROR - 2023-11-05 15:51:10 --> Unknown column 'app' in 'where clause'
CRITICAL - 2023-11-05 15:51:10 --> Call to a member function getResultArray() on bool
#0 /var/www/html/system/CodeIgniter.php(928): App\Controllers\Controlwork->start_assessment('198', 'app-assets', 'images', 'portrait', 'small', 'avatar-s-1.jpg')
#1 /var/www/html/system/CodeIgniter.php(436): CodeIgniter\CodeIgniter->runController(Object(App\Controllers\Controlwork))
#2 /var/www/html/system/CodeIgniter.php(336): CodeIgniter\CodeIgniter->handleRequest(NULL, Object(Config\Cache), false)
#3 /var/www/html/public/index.php(37): CodeIgniter\CodeIgniter->run()
#4 {main}
ERROR - 2023-11-05 15:51:10 --> Unknown column 'app' in 'where clause'
CRITICAL - 2023-11-05 15:51:10 --> Call to a member function getResultArray() on bool
#0 /var/www/html/system/CodeIgniter.php(928): App\Controllers\Controlwork->start_assessment('198', 'app-assets', 'images', 'portrait', 'small', 'avatar-s-8.jpg')
#1 /var/www/html/system/CodeIgniter.php(436): CodeIgniter\CodeIgniter->runController(Object(App\Controllers\Controlwork))
#2 /var/www/html/system/CodeIgniter.php(336): CodeIgniter\CodeIgniter->handleRequest(NULL, Object(Config\Cache), false)
#3 /var/www/html/public/index.php(37): CodeIgniter\CodeIgniter->run()
#4 {main}
ERROR - 2023-11-05 15:51:10 --> Unknown column 'app' in 'where clause'
CRITICAL - 2023-11-05 15:51:10 --> Call to a member function getResultArray() on bool
#0 /var/www/html/system/CodeIgniter.php(928): App\Controllers\Controlwork->start_assessment('198', 'app-assets', 'images', 'icons', 'pdf.png')
#1 /var/www/html/system/CodeIgniter.php(436): CodeIgniter\CodeIgniter->runController(Object(App\Controllers\Controlwork))
#2 /var/www/html/system/CodeIgniter.php(336): CodeIgniter\CodeIgniter->handleRequest(NULL, Object(Config\Cache), false)
#3 /var/www/html/public/index.php(37): CodeIgniter\CodeIgniter->run()
#4 {main}
ERROR - 2023-11-05 15:51:10 --> Unknown column 'app' in 'where clause'
CRITICAL - 2023-11-05 15:51:10 --> Call to a member function getResultArray() on bool
#0 /var/www/html/system/CodeIgniter.php(928): App\Controllers\Controlwork->start_assessment('198', 'app-assets', 'images', 'icons', 'doc.png')
#1 /var/www/html/system/CodeIgniter.php(436): CodeIgniter\CodeIgniter->runController(Object(App\Controllers\Controlwork))
#2 /var/www/html/system/CodeIgniter.php(336): CodeIgniter\CodeIgniter->handleRequest(NULL, Object(Config\Cache), false)
#3 /var/www/html/public/index.php(37): CodeIgniter\CodeIgniter->run()
#4 {main}
ERROR - 2023-11-05 15:51:10 --> Unknown column 'app' in 'where clause'
CRITICAL - 2023-11-05 15:51:10 --> Call to a member function getResultArray() on bool
#0 /var/www/html/system/CodeIgniter.php(928): App\Controllers\Controlwork->start_assessment('198', 'app-assets', 'images', 'portrait', 'small', 'avatar-s-6.jpg')
#1 /var/www/html/system/CodeIgniter.php(436): CodeIgniter\CodeIgniter->runController(Object(App\Controllers\Controlwork))
#2 /var/www/html/system/CodeIgniter.php(336): CodeIgniter\CodeIgniter->handleRequest(NULL, Object(Config\Cache), false)
#3 /var/www/html/public/index.php(37): CodeIgniter\CodeIgniter->run()
#4 {main}
ERROR - 2023-11-05 15:51:13 --> Unknown column 'app' in 'where clause'
CRITICAL - 2023-11-05 15:51:14 --> Call to a member function getResultArray() on bool
#0 /var/www/html/system/CodeIgniter.php(928): App\Controllers\Controlwork->answerQuestion('32', '8', 'app-assets', 'images', 'icons', 'xls.png')
#1 /var/www/html/system/CodeIgniter.php(436): CodeIgniter\CodeIgniter->runController(Object(App\Controllers\Controlwork))
#2 /var/www/html/system/CodeIgniter.php(336): CodeIgniter\CodeIgniter->handleRequest(NULL, Object(Config\Cache), false)
#3 /var/www/html/public/index.php(37): CodeIgniter\CodeIgniter->run()
#4 {main}
ERROR - 2023-11-05 15:51:14 --> Unknown column 'app' in 'where clause'
CRITICAL - 2023-11-05 15:51:14 --> Call to a member function getResultArray() on bool
#0 /var/www/html/system/CodeIgniter.php(928): App\Controllers\Controlwork->answerQuestion('32', '8', 'app-assets', 'images', 'icons', 'jpg.png')
#1 /var/www/html/system/CodeIgniter.php(436): CodeIgniter\CodeIgniter->runController(Object(App\Controllers\Controlwork))
#2 /var/www/html/system/CodeIgniter.php(336): CodeIgniter\CodeIgniter->handleRequest(NULL, Object(Config\Cache), false)
#3 /var/www/html/public/index.php(37): CodeIgniter\CodeIgniter->run()
#4 {main}
ERROR - 2023-11-05 15:51:15 --> Unknown column 'app' in 'where clause'
CRITICAL - 2023-11-05 15:51:15 --> Call to a member function getResultArray() on bool
#0 /var/www/html/system/CodeIgniter.php(928): App\Controllers\Controlwork->answerQuestion('32', '8', 'app-assets', 'images', 'portrait', 'small', 'avatar-s-1.jpg')
#1 /var/www/html/system/CodeIgniter.php(436): CodeIgniter\CodeIgniter->runController(Object(App\Controllers\Controlwork))
#2 /var/www/html/system/CodeIgniter.php(336): CodeIgniter\CodeIgniter->handleRequest(NULL, Object(Config\Cache), false)
#3 /var/www/html/public/index.php(37): CodeIgniter\CodeIgniter->run()
#4 {main}
ERROR - 2023-11-05 15:51:15 --> Unknown column 'app' in 'where clause'
CRITICAL - 2023-11-05 15:51:15 --> Call to a member function getResultArray() on bool
#0 /var/www/html/system/CodeIgniter.php(928): App\Controllers\Controlwork->answerQuestion('32', '8', 'app-assets', 'images', 'portrait', 'small', 'avatar-s-8.jpg')
#1 /var/www/html/system/CodeIgniter.php(436): CodeIgniter\CodeIgniter->runController(Object(App\Controllers\Controlwork))
#2 /var/www/html/system/CodeIgniter.php(336): CodeIgniter\CodeIgniter->handleRequest(NULL, Object(Config\Cache), false)
#3 /var/www/html/public/index.php(37): CodeIgniter\CodeIgniter->run()
#4 {main}
ERROR - 2023-11-05 15:51:15 --> Unknown column 'app' in 'where clause'
CRITICAL - 2023-11-05 15:51:16 --> Call to a member function getResultArray() on bool
#0 /var/www/html/system/CodeIgniter.php(928): App\Controllers\Controlwork->answerQuestion('32', '8', 'app-assets', 'images', 'portrait', 'small', 'avatar-s-6.jpg')
#1 /var/www/html/system/CodeIgniter.php(436): CodeIgniter\CodeIgniter->runController(Object(App\Controllers\Controlwork))
#2 /var/www/html/system/CodeIgniter.php(336): CodeIgniter\CodeIgniter->handleRequest(NULL, Object(Config\Cache), false)
#3 /var/www/html/public/index.php(37): CodeIgniter\CodeIgniter->run()
#4 {main}
ERROR - 2023-11-05 15:51:16 --> Unknown column 'app' in 'where clause'
CRITICAL - 2023-11-05 15:51:16 --> Call to a member function getResultArray() on bool
#0 /var/www/html/system/CodeIgniter.php(928): App\Controllers\Controlwork->answerQuestion('32', '8', 'app-assets', 'images', 'icons', 'doc.png')
#1 /var/www/html/system/CodeIgniter.php(436): CodeIgniter\CodeIgniter->runController(Object(App\Controllers\Controlwork))
#2 /var/www/html/system/CodeIgniter.php(336): CodeIgniter\CodeIgniter->handleRequest(NULL, Object(Config\Cache), false)
#3 /var/www/html/public/index.php(37): CodeIgniter\CodeIgniter->run()
#4 {main}
ERROR - 2023-11-05 15:51:16 --> Unknown column 'app' in 'where clause'
CRITICAL - 2023-11-05 15:51:16 --> Call to a member function getResultArray() on bool
#0 /var/www/html/system/CodeIgniter.php(928): App\Controllers\Controlwork->answerQuestion('32', '8', 'app-assets', 'images', 'portrait', 'small', 'avatar-s-14.jpg')
#1 /var/www/html/system/CodeIgniter.php(436): CodeIgniter\CodeIgniter->runController(Object(App\Controllers\Controlwork))
#2 /var/www/html/system/CodeIgniter.php(336): CodeIgniter\CodeIgniter->handleRequest(NULL, Object(Config\Cache), false)
#3 /var/www/html/public/index.php(37): CodeIgniter\CodeIgniter->run()
#4 {main}
ERROR - 2023-11-05 15:51:16 --> Unknown column 'app' in 'where clause'
CRITICAL - 2023-11-05 15:51:16 --> Call to a member function getResultArray() on bool
#0 /var/www/html/system/CodeIgniter.php(928): App\Controllers\Controlwork->answerQuestion('32', '8', 'app-assets', 'images', 'icons', 'pdf.png')
#1 /var/www/html/system/CodeIgniter.php(436): CodeIgniter\CodeIgniter->runController(Object(App\Controllers\Controlwork))
#2 /var/www/html/system/CodeIgniter.php(336): CodeIgniter\CodeIgniter->handleRequest(NULL, Object(Config\Cache), false)
#3 /var/www/html/public/index.php(37): CodeIgniter\CodeIgniter->run()
#4 {main}
ERROR - 2023-11-05 15:58:13 --> Unknown column 'app' in 'where clause'
CRITICAL - 2023-11-05 15:58:13 --> Call to a member function getResultArray() on bool
#0 /var/www/html/system/CodeIgniter.php(928): App\Controllers\Controlwork->start_assessment('198', 'app-assets', 'images', 'icons', 'xls.png')
#1 /var/www/html/system/CodeIgniter.php(436): CodeIgniter\CodeIgniter->runController(Object(App\Controllers\Controlwork))
#2 /var/www/html/system/CodeIgniter.php(336): CodeIgniter\CodeIgniter->handleRequest(NULL, Object(Config\Cache), false)
#3 /var/www/html/public/index.php(37): CodeIgniter\CodeIgniter->run()
#4 {main}
ERROR - 2023-11-05 15:58:14 --> Unknown column 'app' in 'where clause'
CRITICAL - 2023-11-05 15:58:14 --> Call to a member function getResultArray() on bool
#0 /var/www/html/system/CodeIgniter.php(928): App\Controllers\Controlwork->start_assessment('198', 'app-assets', 'images', 'icons', 'jpg.png')
#1 /var/www/html/system/CodeIgniter.php(436): CodeIgniter\CodeIgniter->runController(Object(App\Controllers\Controlwork))
#2 /var/www/html/system/CodeIgniter.php(336): CodeIgniter\CodeIgniter->handleRequest(NULL, Object(Config\Cache), false)
#3 /var/www/html/public/index.php(37): CodeIgniter\CodeIgniter->run()
#4 {main}
ERROR - 2023-11-05 15:58:14 --> Unknown column 'app' in 'where clause'
CRITICAL - 2023-11-05 15:58:14 --> Call to a member function getResultArray() on bool
#0 /var/www/html/system/CodeIgniter.php(928): App\Controllers\Controlwork->start_assessment('198', 'app-assets', 'images', 'icons', 'doc.png')
#1 /var/www/html/system/CodeIgniter.php(436): CodeIgniter\CodeIgniter->runController(Object(App\Controllers\Controlwork))
#2 /var/www/html/system/CodeIgniter.php(336): CodeIgniter\CodeIgniter->handleRequest(NULL, Object(Config\Cache), false)
#3 /var/www/html/public/index.php(37): CodeIgniter\CodeIgniter->run()
#4 {main}
ERROR - 2023-11-05 15:58:14 --> Unknown column 'app' in 'where clause'
CRITICAL - 2023-11-05 15:58:15 --> Call to a member function getResultArray() on bool
#0 /var/www/html/system/CodeIgniter.php(928): App\Controllers\Controlwork->start_assessment('198', 'app-assets', 'images', 'icons', 'pdf.png')
#1 /var/www/html/system/CodeIgniter.php(436): CodeIgniter\CodeIgniter->runController(Object(App\Controllers\Controlwork))
#2 /var/www/html/system/CodeIgniter.php(336): CodeIgniter\CodeIgniter->handleRequest(NULL, Object(Config\Cache), false)
#3 /var/www/html/public/index.php(37): CodeIgniter\CodeIgniter->run()
#4 {main}
ERROR - 2023-11-05 15:58:15 --> Unknown column 'app' in 'where clause'
CRITICAL - 2023-11-05 15:58:15 --> Call to a member function getResultArray() on bool
#0 /var/www/html/system/CodeIgniter.php(928): App\Controllers\Controlwork->start_assessment('198', 'app-assets', 'images', 'portrait', 'small', 'avatar-s-14.jpg')
#1 /var/www/html/system/CodeIgniter.php(436): CodeIgniter\CodeIgniter->runController(Object(App\Controllers\Controlwork))
#2 /var/www/html/system/CodeIgniter.php(336): CodeIgniter\CodeIgniter->handleRequest(NULL, Object(Config\Cache), false)
#3 /var/www/html/public/index.php(37): CodeIgniter\CodeIgniter->run()
#4 {main}
ERROR - 2023-11-05 15:58:15 --> Unknown column 'app' in 'where clause'
CRITICAL - 2023-11-05 15:58:15 --> Call to a member function getResultArray() on bool
#0 /var/www/html/system/CodeIgniter.php(928): App\Controllers\Controlwork->start_assessment('198', 'app-assets', 'images', 'icons', 'xls.png')
#1 /var/www/html/system/CodeIgniter.php(436): CodeIgniter\CodeIgniter->runController(Object(App\Controllers\Controlwork))
#2 /var/www/html/system/CodeIgniter.php(336): CodeIgniter\CodeIgniter->handleRequest(NULL, Object(Config\Cache), false)
#3 /var/www/html/public/index.php(37): CodeIgniter\CodeIgniter->run()
#4 {main}
ERROR - 2023-11-05 15:58:15 --> Unknown column 'app' in 'where clause'
CRITICAL - 2023-11-05 15:58:15 --> Call to a member function getResultArray() on bool
#0 /var/www/html/system/CodeIgniter.php(928): App\Controllers\Controlwork->start_assessment('198', 'app-assets', 'images', 'portrait', 'small', 'avatar-s-1.jpg')
#1 /var/www/html/system/CodeIgniter.php(436): CodeIgniter\CodeIgniter->runController(Object(App\Controllers\Controlwork))
#2 /var/www/html/system/CodeIgniter.php(336): CodeIgniter\CodeIgniter->handleRequest(NULL, Object(Config\Cache), false)
#3 /var/www/html/public/index.php(37): CodeIgniter\CodeIgniter->run()
#4 {main}
ERROR - 2023-11-05 15:58:15 --> Unknown column 'app' in 'where clause'
CRITICAL - 2023-11-05 15:58:15 --> Call to a member function getResultArray() on bool
#0 /var/www/html/system/CodeIgniter.php(928): App\Controllers\Controlwork->start_assessment('198', 'app-assets', 'images', 'portrait', 'small', 'avatar-s-6.jpg')
#1 /var/www/html/system/CodeIgniter.php(436): CodeIgniter\CodeIgniter->runController(Object(App\Controllers\Controlwork))
#2 /var/www/html/system/CodeIgniter.php(336): CodeIgniter\CodeIgniter->handleRequest(NULL, Object(Config\Cache), false)
#3 /var/www/html/public/index.php(37): CodeIgniter\CodeIgniter->run()
#4 {main}
ERROR - 2023-11-05 15:58:15 --> Unknown column 'app' in 'where clause'
CRITICAL - 2023-11-05 15:58:15 --> Call to a member function getResultArray() on bool
#0 /var/www/html/system/CodeIgniter.php(928): App\Controllers\Controlwork->start_assessment('198', 'app-assets', 'images', 'portrait', 'small', 'avatar-s-8.jpg')
#1 /var/www/html/system/CodeIgniter.php(436): CodeIgniter\CodeIgniter->runController(Object(App\Controllers\Controlwork))
#2 /var/www/html/system/CodeIgniter.php(336): CodeIgniter\CodeIgniter->handleRequest(NULL, Object(Config\Cache), false)
#3 /var/www/html/public/index.php(37): CodeIgniter\CodeIgniter->run()
#4 {main}
ERROR - 2023-11-05 15:58:15 --> Unknown column 'app' in 'where clause'
CRITICAL - 2023-11-05 15:58:15 --> Call to a member function getResultArray() on bool
#0 /var/www/html/system/CodeIgniter.php(928): App\Controllers\Controlwork->start_assessment('198', 'app-assets', 'images', 'icons', 'jpg.png')
#1 /var/www/html/system/CodeIgniter.php(436): CodeIgniter\CodeIgniter->runController(Object(App\Controllers\Controlwork))
#2 /var/www/html/system/CodeIgniter.php(336): CodeIgniter\CodeIgniter->handleRequest(NULL, Object(Config\Cache), false)
#3 /var/www/html/public/index.php(37): CodeIgniter\CodeIgniter->run()
#4 {main}
ERROR - 2023-11-05 15:58:15 --> Unknown column 'app' in 'where clause'
CRITICAL - 2023-11-05 15:58:15 --> Call to a member function getResultArray() on bool
#0 /var/www/html/system/CodeIgniter.php(928): App\Controllers\Controlwork->start_assessment('198', 'app-assets', 'images', 'icons', 'doc.png')
#1 /var/www/html/system/CodeIgniter.php(436): CodeIgniter\CodeIgniter->runController(Object(App\Controllers\Controlwork))
#2 /var/www/html/system/CodeIgniter.php(336): CodeIgniter\CodeIgniter->handleRequest(NULL, Object(Config\Cache), false)
#3 /var/www/html/public/index.php(37): CodeIgniter\CodeIgniter->run()
#4 {main}
CRITICAL - 2023-11-05 21:25:10 --> Invalid argument supplied for foreach()
#0 /var/www/html/app/Controllers/Reportbuilder.php(193): CodeIgniter\Debug\Exceptions->errorHandler(2, 'Invalid argumen...', '/var/www/html/a...', 193, Array)
#1 /var/www/html/system/CodeIgniter.php(928): App\Controllers\ReportBuilder->step_submit_3()
#2 /var/www/html/system/CodeIgniter.php(436): CodeIgniter\CodeIgniter->runController(Object(App\Controllers\ReportBuilder))
#3 /var/www/html/system/CodeIgniter.php(336): CodeIgniter\CodeIgniter->handleRequest(NULL, Object(Config\Cache), false)
#4 /var/www/html/public/index.php(37): CodeIgniter\CodeIgniter->run()
#5 {main}
CRITICAL - 2023-11-05 21:25:13 --> Invalid argument supplied for foreach()
#0 /var/www/html/app/Controllers/Reportbuilder.php(316): CodeIgniter\Debug\Exceptions->errorHandler(2, 'Invalid argumen...', '/var/www/html/a...', 316, Array)
#1 /var/www/html/system/CodeIgniter.php(928): App\Controllers\ReportBuilder->step_4()
#2 /var/www/html/system/CodeIgniter.php(436): CodeIgniter\CodeIgniter->runController(Object(App\Controllers\ReportBuilder))
#3 /var/www/html/system/CodeIgniter.php(336): CodeIgniter\CodeIgniter->handleRequest(NULL, Object(Config\Cache), false)
#4 /var/www/html/public/index.php(37): CodeIgniter\CodeIgniter->run()
#5 {main}
CRITICAL - 2023-11-05 23:03:50 --> Invalid file: admin/login.php
#0 /var/www/html/system/View/View.php(213): CodeIgniter\Exceptions\FrameworkException::forInvalidFile('admin/login.php')
#1 /var/www/html/system/Common.php(1271): CodeIgniter\View\View->render('admin/login', Array, true)
#2 /var/www/html/app/Controllers/Admin.php(26): view('admin/login')
#3 /var/www/html/system/CodeIgniter.php(928): App\Controllers\Admin->index()
#4 /var/www/html/system/CodeIgniter.php(436): CodeIgniter\CodeIgniter->runController(Object(App\Controllers\Admin))
#5 /var/www/html/system/CodeIgniter.php(336): CodeIgniter\CodeIgniter->handleRequest(NULL, Object(Config\Cache), false)
#6 /var/www/html/public/index.php(37): CodeIgniter\CodeIgniter->run()
#7 {main}
