CRITICAL - 2023-08-14 02:59:45 --> Too few arguments to function App\Controllers\Assessment::getSubClassification_edit(), 1 passed in /var/www/html/system/CodeIgniter.php on line 928 and exactly 2 expected
#0 /var/www/html/system/CodeIgniter.php(928): App\Controllers\Assessment->getSubClassification_edit('58')
#1 /var/www/html/system/CodeIgniter.php(436): CodeIgniter\CodeIgniter->runController(Object(App\Controllers\Assessment))
#2 /var/www/html/system/CodeIgniter.php(336): CodeIgniter\CodeIgniter->handleRequest(NULL, Object(Config\Cache), false)
#3 /var/www/html/index.php(37): CodeIgniter\CodeIgniter->run()
#4 {main}
CRITICAL - 2023-08-14 02:59:45 --> Too few arguments to function App\Controllers\Assessment::getClassification_edit(), 0 passed in /var/www/html/system/CodeIgniter.php on line 928 and exactly 2 expected
#0 /var/www/html/system/CodeIgniter.php(928): App\Controllers\Assessment->getClassification_edit()
#1 /var/www/html/system/CodeIgniter.php(436): CodeIgniter\CodeIgniter->runController(Object(App\Controllers\Assessment))
#2 /var/www/html/system/CodeIgniter.php(336): CodeIgniter\CodeIgniter->handleRequest(NULL, Object(Config\Cache), false)
#3 /var/www/html/index.php(37): CodeIgniter\CodeIgniter->run()
#4 {main}
ERROR - 2023-08-14 16:30:57 --> Unknown column 'assets' in 'where clause'
CRITICAL - 2023-08-14 16:30:57 --> Call to a member function getResultArray() on bool
#0 /var/www/html/system/CodeIgniter.php(928): App\Controllers\Controlwork->assessment_report('1', 'assets', 'header.css')
#1 /var/www/html/system/CodeIgniter.php(436): CodeIgniter\CodeIgniter->runController(Object(App\Controllers\Controlwork))
#2 /var/www/html/system/CodeIgniter.php(336): CodeIgniter\CodeIgniter->handleRequest(NULL, Object(Config\Cache), false)
#3 /var/www/html/index.php(37): CodeIgniter\CodeIgniter->run()
#4 {main}
ERROR - 2023-08-14 16:30:57 --> Unknown column 'assets' in 'where clause'
CRITICAL - 2023-08-14 16:30:57 --> Call to a member function getResultArray() on bool
#0 /var/www/html/system/CodeIgniter.php(928): App\Controllers\Controlwork->assessment_report('1', 'assets', 'js', 'bootstrap.min.j...')
#1 /var/www/html/system/CodeIgniter.php(436): CodeIgniter\CodeIgniter->runController(Object(App\Controllers\Controlwork))
#2 /var/www/html/system/CodeIgniter.php(336): CodeIgniter\CodeIgniter->handleRequest(NULL, Object(Config\Cache), false)
#3 /var/www/html/index.php(37): CodeIgniter\CodeIgniter->run()
#4 {main}
ERROR - 2023-08-14 16:30:57 --> Unknown column 'assets' in 'where clause'
CRITICAL - 2023-08-14 16:30:57 --> Call to a member function getResultArray() on bool
#0 /var/www/html/system/CodeIgniter.php(928): App\Controllers\Controlwork->assessment_report('1', 'assets', 'css', 'bootstrap.min.c...')
#1 /var/www/html/system/CodeIgniter.php(436): CodeIgniter\CodeIgniter->runController(Object(App\Controllers\Controlwork))
#2 /var/www/html/system/CodeIgniter.php(336): CodeIgniter\CodeIgniter->handleRequest(NULL, Object(Config\Cache), false)
#3 /var/www/html/index.php(37): CodeIgniter\CodeIgniter->run()
#4 {main}
ERROR - 2023-08-14 16:30:58 --> Unknown column 'app' in 'where clause'
CRITICAL - 2023-08-14 16:30:58 --> Call to a member function getResultArray() on bool
#0 /var/www/html/system/CodeIgniter.php(928): App\Controllers\Controlwork->assessment_report('1', 'app-assets', 'images', 'icons', 'doc.png')
#1 /var/www/html/system/CodeIgniter.php(436): CodeIgniter\CodeIgniter->runController(Object(App\Controllers\Controlwork))
#2 /var/www/html/system/CodeIgniter.php(336): CodeIgniter\CodeIgniter->handleRequest(NULL, Object(Config\Cache), false)
#3 /var/www/html/index.php(37): CodeIgniter\CodeIgniter->run()
#4 {main}
ERROR - 2023-08-14 16:30:58 --> Unknown column 'app' in 'where clause'
CRITICAL - 2023-08-14 16:30:58 --> Call to a member function getResultArray() on bool
#0 /var/www/html/system/CodeIgniter.php(928): App\Controllers\Controlwork->assessment_report('1', 'app-assets', 'images', 'icons', 'pdf.png')
#1 /var/www/html/system/CodeIgniter.php(436): CodeIgniter\CodeIgniter->runController(Object(App\Controllers\Controlwork))
#2 /var/www/html/system/CodeIgniter.php(336): CodeIgniter\CodeIgniter->handleRequest(NULL, Object(Config\Cache), false)
#3 /var/www/html/index.php(37): CodeIgniter\CodeIgniter->run()
#4 {main}
ERROR - 2023-08-14 16:30:58 --> Unknown column 'app' in 'where clause'
CRITICAL - 2023-08-14 16:30:58 --> Call to a member function getResultArray() on bool
#0 /var/www/html/system/CodeIgniter.php(928): App\Controllers\Controlwork->assessment_report('1', 'app-assets', 'images', 'icons', 'xls.png')
#1 /var/www/html/system/CodeIgniter.php(436): CodeIgniter\CodeIgniter->runController(Object(App\Controllers\Controlwork))
#2 /var/www/html/system/CodeIgniter.php(336): CodeIgniter\CodeIgniter->handleRequest(NULL, Object(Config\Cache), false)
#3 /var/www/html/index.php(37): CodeIgniter\CodeIgniter->run()
#4 {main}
ERROR - 2023-08-14 16:30:58 --> Unknown column 'app' in 'where clause'
CRITICAL - 2023-08-14 16:30:58 --> Call to a member function getResultArray() on bool
#0 /var/www/html/system/CodeIgniter.php(928): App\Controllers\Controlwork->assessment_report('1', 'app-assets', 'images', 'portrait', 'small', 'avatar-s-6.jpg')
#1 /var/www/html/system/CodeIgniter.php(436): CodeIgniter\CodeIgniter->runController(Object(App\Controllers\Controlwork))
#2 /var/www/html/system/CodeIgniter.php(336): CodeIgniter\CodeIgniter->handleRequest(NULL, Object(Config\Cache), false)
#3 /var/www/html/index.php(37): CodeIgniter\CodeIgniter->run()
#4 {main}
ERROR - 2023-08-14 16:30:58 --> Unknown column 'app' in 'where clause'
CRITICAL - 2023-08-14 16:30:58 --> Call to a member function getResultArray() on bool
#0 /var/www/html/system/CodeIgniter.php(928): App\Controllers\Controlwork->assessment_report('1', 'app-assets', 'images', 'portrait', 'small', 'avatar-s-1.jpg')
#1 /var/www/html/system/CodeIgniter.php(436): CodeIgniter\CodeIgniter->runController(Object(App\Controllers\Controlwork))
#2 /var/www/html/system/CodeIgniter.php(336): CodeIgniter\CodeIgniter->handleRequest(NULL, Object(Config\Cache), false)
#3 /var/www/html/index.php(37): CodeIgniter\CodeIgniter->run()
#4 {main}
ERROR - 2023-08-14 16:30:58 --> Unknown column 'app' in 'where clause'
CRITICAL - 2023-08-14 16:30:58 --> Call to a member function getResultArray() on bool
#0 /var/www/html/system/CodeIgniter.php(928): App\Controllers\Controlwork->assessment_report('1', 'app-assets', 'images', 'icons', 'jpg.png')
#1 /var/www/html/system/CodeIgniter.php(436): CodeIgniter\CodeIgniter->runController(Object(App\Controllers\Controlwork))
#2 /var/www/html/system/CodeIgniter.php(336): CodeIgniter\CodeIgniter->handleRequest(NULL, Object(Config\Cache), false)
#3 /var/www/html/index.php(37): CodeIgniter\CodeIgniter->run()
#4 {main}
ERROR - 2023-08-14 16:30:58 --> Unknown column 'app' in 'where clause'
CRITICAL - 2023-08-14 16:30:58 --> Call to a member function getResultArray() on bool
#0 /var/www/html/system/CodeIgniter.php(928): App\Controllers\Controlwork->assessment_report('1', 'app-assets', 'images', 'portrait', 'small', 'avatar-s-14.jpg')
#1 /var/www/html/system/CodeIgniter.php(436): CodeIgniter\CodeIgniter->runController(Object(App\Controllers\Controlwork))
#2 /var/www/html/system/CodeIgniter.php(336): CodeIgniter\CodeIgniter->handleRequest(NULL, Object(Config\Cache), false)
#3 /var/www/html/index.php(37): CodeIgniter\CodeIgniter->run()
#4 {main}
ERROR - 2023-08-14 16:30:58 --> Unknown column 'app' in 'where clause'
CRITICAL - 2023-08-14 16:30:58 --> Call to a member function getResultArray() on bool
#0 /var/www/html/system/CodeIgniter.php(928): App\Controllers\Controlwork->assessment_report('1', 'app-assets', 'images', 'portrait', 'small', 'avatar-s-8.jpg')
#1 /var/www/html/system/CodeIgniter.php(436): CodeIgniter\CodeIgniter->runController(Object(App\Controllers\Controlwork))
#2 /var/www/html/system/CodeIgniter.php(336): CodeIgniter\CodeIgniter->handleRequest(NULL, Object(Config\Cache), false)
#3 /var/www/html/index.php(37): CodeIgniter\CodeIgniter->run()
#4 {main}
ERROR - 2023-08-14 16:31:08 --> Unknown column 'assets' in 'where clause'
CRITICAL - 2023-08-14 16:31:08 --> Call to a member function getResultArray() on bool
#0 /var/www/html/system/CodeIgniter.php(928): App\Controllers\Controlwork->assessment_report('1', 'assets', 'header.css')
#1 /var/www/html/system/CodeIgniter.php(436): CodeIgniter\CodeIgniter->runController(Object(App\Controllers\Controlwork))
#2 /var/www/html/system/CodeIgniter.php(336): CodeIgniter\CodeIgniter->handleRequest(NULL, Object(Config\Cache), false)
#3 /var/www/html/index.php(37): CodeIgniter\CodeIgniter->run()
#4 {main}
ERROR - 2023-08-14 16:31:08 --> Unknown column 'assets' in 'where clause'
CRITICAL - 2023-08-14 16:31:08 --> Call to a member function getResultArray() on bool
#0 /var/www/html/system/CodeIgniter.php(928): App\Controllers\Controlwork->assessment_report('1', 'assets', 'css', 'bootstrap.min.c...')
#1 /var/www/html/system/CodeIgniter.php(436): CodeIgniter\CodeIgniter->runController(Object(App\Controllers\Controlwork))
#2 /var/www/html/system/CodeIgniter.php(336): CodeIgniter\CodeIgniter->handleRequest(NULL, Object(Config\Cache), false)
#3 /var/www/html/index.php(37): CodeIgniter\CodeIgniter->run()
#4 {main}
ERROR - 2023-08-14 16:31:08 --> Unknown column 'assets' in 'where clause'
CRITICAL - 2023-08-14 16:31:08 --> Call to a member function getResultArray() on bool
#0 /var/www/html/system/CodeIgniter.php(928): App\Controllers\Controlwork->assessment_report('1', 'assets', 'js', 'bootstrap.min.j...')
#1 /var/www/html/system/CodeIgniter.php(436): CodeIgniter\CodeIgniter->runController(Object(App\Controllers\Controlwork))
#2 /var/www/html/system/CodeIgniter.php(336): CodeIgniter\CodeIgniter->handleRequest(NULL, Object(Config\Cache), false)
#3 /var/www/html/index.php(37): CodeIgniter\CodeIgniter->run()
#4 {main}
ERROR - 2023-08-14 16:31:08 --> Unknown column 'app' in 'where clause'
CRITICAL - 2023-08-14 16:31:08 --> Call to a member function getResultArray() on bool
#0 /var/www/html/system/CodeIgniter.php(928): App\Controllers\Controlwork->assessment_report('1', 'app-assets', 'images', 'portrait', 'small', 'avatar-s-14.jpg')
#1 /var/www/html/system/CodeIgniter.php(436): CodeIgniter\CodeIgniter->runController(Object(App\Controllers\Controlwork))
#2 /var/www/html/system/CodeIgniter.php(336): CodeIgniter\CodeIgniter->handleRequest(NULL, Object(Config\Cache), false)
#3 /var/www/html/index.php(37): CodeIgniter\CodeIgniter->run()
#4 {main}
ERROR - 2023-08-14 16:31:08 --> Unknown column 'app' in 'where clause'
CRITICAL - 2023-08-14 16:31:08 --> Call to a member function getResultArray() on bool
#0 /var/www/html/system/CodeIgniter.php(928): App\Controllers\Controlwork->assessment_report('1', 'app-assets', 'images', 'icons', 'pdf.png')
#1 /var/www/html/system/CodeIgniter.php(436): CodeIgniter\CodeIgniter->runController(Object(App\Controllers\Controlwork))
#2 /var/www/html/system/CodeIgniter.php(336): CodeIgniter\CodeIgniter->handleRequest(NULL, Object(Config\Cache), false)
#3 /var/www/html/index.php(37): CodeIgniter\CodeIgniter->run()
#4 {main}
ERROR - 2023-08-14 16:31:08 --> Unknown column 'app' in 'where clause'
CRITICAL - 2023-08-14 16:31:08 --> Call to a member function getResultArray() on bool
#0 /var/www/html/system/CodeIgniter.php(928): App\Controllers\Controlwork->assessment_report('1', 'app-assets', 'images', 'portrait', 'small', 'avatar-s-6.jpg')
#1 /var/www/html/system/CodeIgniter.php(436): CodeIgniter\CodeIgniter->runController(Object(App\Controllers\Controlwork))
#2 /var/www/html/system/CodeIgniter.php(336): CodeIgniter\CodeIgniter->handleRequest(NULL, Object(Config\Cache), false)
#3 /var/www/html/index.php(37): CodeIgniter\CodeIgniter->run()
#4 {main}
ERROR - 2023-08-14 16:31:08 --> Unknown column 'app' in 'where clause'
CRITICAL - 2023-08-14 16:31:08 --> Call to a member function getResultArray() on bool
#0 /var/www/html/system/CodeIgniter.php(928): App\Controllers\Controlwork->assessment_report('1', 'app-assets', 'images', 'portrait', 'small', 'avatar-s-8.jpg')
#1 /var/www/html/system/CodeIgniter.php(436): CodeIgniter\CodeIgniter->runController(Object(App\Controllers\Controlwork))
#2 /var/www/html/system/CodeIgniter.php(336): CodeIgniter\CodeIgniter->handleRequest(NULL, Object(Config\Cache), false)
#3 /var/www/html/index.php(37): CodeIgniter\CodeIgniter->run()
#4 {main}
ERROR - 2023-08-14 16:31:09 --> Unknown column 'app' in 'where clause'
CRITICAL - 2023-08-14 16:31:09 --> Call to a member function getResultArray() on bool
#0 /var/www/html/system/CodeIgniter.php(928): App\Controllers\Controlwork->assessment_report('1', 'app-assets', 'images', 'icons', 'doc.png')
#1 /var/www/html/system/CodeIgniter.php(436): CodeIgniter\CodeIgniter->runController(Object(App\Controllers\Controlwork))
#2 /var/www/html/system/CodeIgniter.php(336): CodeIgniter\CodeIgniter->handleRequest(NULL, Object(Config\Cache), false)
#3 /var/www/html/index.php(37): CodeIgniter\CodeIgniter->run()
#4 {main}
ERROR - 2023-08-14 16:31:09 --> Unknown column 'app' in 'where clause'
CRITICAL - 2023-08-14 16:31:09 --> Call to a member function getResultArray() on bool
#0 /var/www/html/system/CodeIgniter.php(928): App\Controllers\Controlwork->assessment_report('1', 'app-assets', 'images', 'portrait', 'small', 'avatar-s-1.jpg')
#1 /var/www/html/system/CodeIgniter.php(436): CodeIgniter\CodeIgniter->runController(Object(App\Controllers\Controlwork))
#2 /var/www/html/system/CodeIgniter.php(336): CodeIgniter\CodeIgniter->handleRequest(NULL, Object(Config\Cache), false)
#3 /var/www/html/index.php(37): CodeIgniter\CodeIgniter->run()
#4 {main}
ERROR - 2023-08-14 16:31:09 --> Unknown column 'app' in 'where clause'
CRITICAL - 2023-08-14 16:31:09 --> Call to a member function getResultArray() on bool
#0 /var/www/html/system/CodeIgniter.php(928): App\Controllers\Controlwork->assessment_report('1', 'app-assets', 'images', 'icons', 'jpg.png')
#1 /var/www/html/system/CodeIgniter.php(436): CodeIgniter\CodeIgniter->runController(Object(App\Controllers\Controlwork))
#2 /var/www/html/system/CodeIgniter.php(336): CodeIgniter\CodeIgniter->handleRequest(NULL, Object(Config\Cache), false)
#3 /var/www/html/index.php(37): CodeIgniter\CodeIgniter->run()
#4 {main}
ERROR - 2023-08-14 16:31:09 --> Unknown column 'app' in 'where clause'
CRITICAL - 2023-08-14 16:31:09 --> Call to a member function getResultArray() on bool
#0 /var/www/html/system/CodeIgniter.php(928): App\Controllers\Controlwork->assessment_report('1', 'app-assets', 'images', 'icons', 'xls.png')
#1 /var/www/html/system/CodeIgniter.php(436): CodeIgniter\CodeIgniter->runController(Object(App\Controllers\Controlwork))
#2 /var/www/html/system/CodeIgniter.php(336): CodeIgniter\CodeIgniter->handleRequest(NULL, Object(Config\Cache), false)
#3 /var/www/html/index.php(37): CodeIgniter\CodeIgniter->run()
#4 {main}
ERROR - 2023-08-14 16:31:25 --> Unknown column 'assets' in 'where clause'
CRITICAL - 2023-08-14 16:31:25 --> Call to a member function getResultArray() on bool
#0 /var/www/html/system/CodeIgniter.php(928): App\Controllers\Controlwork->assessment_report('1', 'assets', 'js', 'bootstrap.min.j...')
#1 /var/www/html/system/CodeIgniter.php(436): CodeIgniter\CodeIgniter->runController(Object(App\Controllers\Controlwork))
#2 /var/www/html/system/CodeIgniter.php(336): CodeIgniter\CodeIgniter->handleRequest(NULL, Object(Config\Cache), false)
#3 /var/www/html/index.php(37): CodeIgniter\CodeIgniter->run()
#4 {main}
ERROR - 2023-08-14 16:31:25 --> Unknown column 'assets' in 'where clause'
CRITICAL - 2023-08-14 16:31:25 --> Call to a member function getResultArray() on bool
#0 /var/www/html/system/CodeIgniter.php(928): App\Controllers\Controlwork->assessment_report('1', 'assets', 'header.css')
#1 /var/www/html/system/CodeIgniter.php(436): CodeIgniter\CodeIgniter->runController(Object(App\Controllers\Controlwork))
#2 /var/www/html/system/CodeIgniter.php(336): CodeIgniter\CodeIgniter->handleRequest(NULL, Object(Config\Cache), false)
#3 /var/www/html/index.php(37): CodeIgniter\CodeIgniter->run()
#4 {main}
ERROR - 2023-08-14 16:31:25 --> Unknown column 'assets' in 'where clause'
CRITICAL - 2023-08-14 16:31:25 --> Call to a member function getResultArray() on bool
#0 /var/www/html/system/CodeIgniter.php(928): App\Controllers\Controlwork->assessment_report('1', 'assets', 'css', 'bootstrap.min.c...')
#1 /var/www/html/system/CodeIgniter.php(436): CodeIgniter\CodeIgniter->runController(Object(App\Controllers\Controlwork))
#2 /var/www/html/system/CodeIgniter.php(336): CodeIgniter\CodeIgniter->handleRequest(NULL, Object(Config\Cache), false)
#3 /var/www/html/index.php(37): CodeIgniter\CodeIgniter->run()
#4 {main}
ERROR - 2023-08-14 16:33:08 --> Unknown column 'assets' in 'where clause'
CRITICAL - 2023-08-14 16:33:08 --> Call to a member function getResultArray() on bool
#0 /var/www/html/system/CodeIgniter.php(928): App\Controllers\Controlwork->assessment_report('1', 'assets', 'css', 'bootstrap.min.c...')
#1 /var/www/html/system/CodeIgniter.php(436): CodeIgniter\CodeIgniter->runController(Object(App\Controllers\Controlwork))
#2 /var/www/html/system/CodeIgniter.php(336): CodeIgniter\CodeIgniter->handleRequest(NULL, Object(Config\Cache), false)
#3 /var/www/html/index.php(37): CodeIgniter\CodeIgniter->run()
#4 {main}
ERROR - 2023-08-14 16:33:08 --> Unknown column 'assets' in 'where clause'
CRITICAL - 2023-08-14 16:33:08 --> Call to a member function getResultArray() on bool
#0 /var/www/html/system/CodeIgniter.php(928): App\Controllers\Controlwork->assessment_report('1', 'assets', 'header.css')
#1 /var/www/html/system/CodeIgniter.php(436): CodeIgniter\CodeIgniter->runController(Object(App\Controllers\Controlwork))
#2 /var/www/html/system/CodeIgniter.php(336): CodeIgniter\CodeIgniter->handleRequest(NULL, Object(Config\Cache), false)
#3 /var/www/html/index.php(37): CodeIgniter\CodeIgniter->run()
#4 {main}
ERROR - 2023-08-14 16:33:08 --> Unknown column 'assets' in 'where clause'
CRITICAL - 2023-08-14 16:33:08 --> Call to a member function getResultArray() on bool
#0 /var/www/html/system/CodeIgniter.php(928): App\Controllers\Controlwork->assessment_report('1', 'assets', 'js', 'bootstrap.min.j...')
#1 /var/www/html/system/CodeIgniter.php(436): CodeIgniter\CodeIgniter->runController(Object(App\Controllers\Controlwork))
#2 /var/www/html/system/CodeIgniter.php(336): CodeIgniter\CodeIgniter->handleRequest(NULL, Object(Config\Cache), false)
#3 /var/www/html/index.php(37): CodeIgniter\CodeIgniter->run()
#4 {main}
ERROR - 2023-08-14 16:33:09 --> Unknown column 'app' in 'where clause'
CRITICAL - 2023-08-14 16:33:09 --> Call to a member function getResultArray() on bool
#0 /var/www/html/system/CodeIgniter.php(928): App\Controllers\Controlwork->assessment_report('1', 'app-assets', 'images', 'portrait', 'small', 'avatar-s-1.jpg')
#1 /var/www/html/system/CodeIgniter.php(436): CodeIgniter\CodeIgniter->runController(Object(App\Controllers\Controlwork))
#2 /var/www/html/system/CodeIgniter.php(336): CodeIgniter\CodeIgniter->handleRequest(NULL, Object(Config\Cache), false)
#3 /var/www/html/index.php(37): CodeIgniter\CodeIgniter->run()
#4 {main}
ERROR - 2023-08-14 16:33:09 --> Unknown column 'app' in 'where clause'
CRITICAL - 2023-08-14 16:33:09 --> Call to a member function getResultArray() on bool
#0 /var/www/html/system/CodeIgniter.php(928): App\Controllers\Controlwork->assessment_report('1', 'app-assets', 'images', 'icons', 'jpg.png')
#1 /var/www/html/system/CodeIgniter.php(436): CodeIgniter\CodeIgniter->runController(Object(App\Controllers\Controlwork))
#2 /var/www/html/system/CodeIgniter.php(336): CodeIgniter\CodeIgniter->handleRequest(NULL, Object(Config\Cache), false)
#3 /var/www/html/index.php(37): CodeIgniter\CodeIgniter->run()
#4 {main}
ERROR - 2023-08-14 16:33:09 --> Unknown column 'app' in 'where clause'
CRITICAL - 2023-08-14 16:33:09 --> Call to a member function getResultArray() on bool
#0 /var/www/html/system/CodeIgniter.php(928): App\Controllers\Controlwork->assessment_report('1', 'app-assets', 'images', 'icons', 'pdf.png')
#1 /var/www/html/system/CodeIgniter.php(436): CodeIgniter\CodeIgniter->runController(Object(App\Controllers\Controlwork))
#2 /var/www/html/system/CodeIgniter.php(336): CodeIgniter\CodeIgniter->handleRequest(NULL, Object(Config\Cache), false)
#3 /var/www/html/index.php(37): CodeIgniter\CodeIgniter->run()
#4 {main}
ERROR - 2023-08-14 16:33:09 --> Unknown column 'app' in 'where clause'
CRITICAL - 2023-08-14 16:33:09 --> Call to a member function getResultArray() on bool
#0 /var/www/html/system/CodeIgniter.php(928): App\Controllers\Controlwork->assessment_report('1', 'app-assets', 'images', 'icons', 'doc.png')
#1 /var/www/html/system/CodeIgniter.php(436): CodeIgniter\CodeIgniter->runController(Object(App\Controllers\Controlwork))
#2 /var/www/html/system/CodeIgniter.php(336): CodeIgniter\CodeIgniter->handleRequest(NULL, Object(Config\Cache), false)
#3 /var/www/html/index.php(37): CodeIgniter\CodeIgniter->run()
#4 {main}
ERROR - 2023-08-14 16:33:09 --> Unknown column 'app' in 'where clause'
CRITICAL - 2023-08-14 16:33:09 --> Call to a member function getResultArray() on bool
#0 /var/www/html/system/CodeIgniter.php(928): App\Controllers\Controlwork->assessment_report('1', 'app-assets', 'images', 'portrait', 'small', 'avatar-s-8.jpg')
#1 /var/www/html/system/CodeIgniter.php(436): CodeIgniter\CodeIgniter->runController(Object(App\Controllers\Controlwork))
#2 /var/www/html/system/CodeIgniter.php(336): CodeIgniter\CodeIgniter->handleRequest(NULL, Object(Config\Cache), false)
#3 /var/www/html/index.php(37): CodeIgniter\CodeIgniter->run()
#4 {main}
ERROR - 2023-08-14 16:33:09 --> Unknown column 'app' in 'where clause'
CRITICAL - 2023-08-14 16:33:09 --> Call to a member function getResultArray() on bool
#0 /var/www/html/system/CodeIgniter.php(928): App\Controllers\Controlwork->assessment_report('1', 'app-assets', 'images', 'icons', 'xls.png')
#1 /var/www/html/system/CodeIgniter.php(436): CodeIgniter\CodeIgniter->runController(Object(App\Controllers\Controlwork))
#2 /var/www/html/system/CodeIgniter.php(336): CodeIgniter\CodeIgniter->handleRequest(NULL, Object(Config\Cache), false)
#3 /var/www/html/index.php(37): CodeIgniter\CodeIgniter->run()
#4 {main}
ERROR - 2023-08-14 16:33:09 --> Unknown column 'app' in 'where clause'
CRITICAL - 2023-08-14 16:33:09 --> Call to a member function getResultArray() on bool
#0 /var/www/html/system/CodeIgniter.php(928): App\Controllers\Controlwork->assessment_report('1', 'app-assets', 'images', 'portrait', 'small', 'avatar-s-14.jpg')
#1 /var/www/html/system/CodeIgniter.php(436): CodeIgniter\CodeIgniter->runController(Object(App\Controllers\Controlwork))
#2 /var/www/html/system/CodeIgniter.php(336): CodeIgniter\CodeIgniter->handleRequest(NULL, Object(Config\Cache), false)
#3 /var/www/html/index.php(37): CodeIgniter\CodeIgniter->run()
#4 {main}
ERROR - 2023-08-14 16:33:09 --> Unknown column 'app' in 'where clause'
CRITICAL - 2023-08-14 16:33:09 --> Call to a member function getResultArray() on bool
#0 /var/www/html/system/CodeIgniter.php(928): App\Controllers\Controlwork->assessment_report('1', 'app-assets', 'images', 'portrait', 'small', 'avatar-s-6.jpg')
#1 /var/www/html/system/CodeIgniter.php(436): CodeIgniter\CodeIgniter->runController(Object(App\Controllers\Controlwork))
#2 /var/www/html/system/CodeIgniter.php(336): CodeIgniter\CodeIgniter->handleRequest(NULL, Object(Config\Cache), false)
#3 /var/www/html/index.php(37): CodeIgniter\CodeIgniter->run()
#4 {main}
