CRITICAL - 2023-11-07 16:57:35 --> Invalid file: front/login.php
#0 /var/www/html/system/View/View.php(213): CodeIgniter\Exceptions\FrameworkException::forInvalidFile('front/login.php')
#1 /var/www/html/system/Common.php(1271): CodeIgniter\View\View->render('front/login', Array, true)
#2 /var/www/html/app/Controllers/Home.php(114): view('front/login')
#3 /var/www/html/system/CodeIgniter.php(928): App\Controllers\Home->login()
#4 /var/www/html/system/CodeIgniter.php(436): CodeIgniter\CodeIgniter->runController(Object(App\Controllers\Home))
#5 /var/www/html/system/CodeIgniter.php(336): CodeIgniter\CodeIgniter->handleRequest(NULL, Object(Config\Cache), false)
#6 /var/www/html/public/index.php(39): CodeIgniter\CodeIgniter->run()
#7 {main}
ERROR - 2023-11-07 17:39:05 --> Unknown column 'app' in 'where clause'
CRITICAL - 2023-11-07 17:39:05 --> Call to a member function getResultArray() on bool
#0 /var/www/html/system/CodeIgniter.php(928): App\Controllers\Environment->newenvironment('app-assets', 'images', 'portrait', 'small', 'avatar-s-1.jpg')
#1 /var/www/html/system/CodeIgniter.php(436): CodeIgniter\CodeIgniter->runController(Object(App\Controllers\Environment))
#2 /var/www/html/system/CodeIgniter.php(336): CodeIgniter\CodeIgniter->handleRequest(NULL, Object(Config\Cache), false)
#3 /var/www/html/public/index.php(39): CodeIgniter\CodeIgniter->run()
#4 {main}
ERROR - 2023-11-07 17:39:05 --> Unknown column 'app' in 'where clause'
CRITICAL - 2023-11-07 17:39:05 --> Call to a member function getResultArray() on bool
#0 /var/www/html/system/CodeIgniter.php(928): App\Controllers\Environment->newenvironment('app-assets', 'images', 'portrait', 'small', 'avatar-s-6.jpg')
#1 /var/www/html/system/CodeIgniter.php(436): CodeIgniter\CodeIgniter->runController(Object(App\Controllers\Environment))
#2 /var/www/html/system/CodeIgniter.php(336): CodeIgniter\CodeIgniter->handleRequest(NULL, Object(Config\Cache), false)
#3 /var/www/html/public/index.php(39): CodeIgniter\CodeIgniter->run()
#4 {main}
ERROR - 2023-11-07 17:39:05 --> Unknown column 'app' in 'where clause'
CRITICAL - 2023-11-07 17:39:05 --> Call to a member function getResultArray() on bool
#0 /var/www/html/system/CodeIgniter.php(928): App\Controllers\Environment->newenvironment('app-assets', 'images', 'icons', 'doc.png')
#1 /var/www/html/system/CodeIgniter.php(436): CodeIgniter\CodeIgniter->runController(Object(App\Controllers\Environment))
#2 /var/www/html/system/CodeIgniter.php(336): CodeIgniter\CodeIgniter->handleRequest(NULL, Object(Config\Cache), false)
#3 /var/www/html/public/index.php(39): CodeIgniter\CodeIgniter->run()
#4 {main}
ERROR - 2023-11-07 17:39:05 --> Unknown column 'app' in 'where clause'
CRITICAL - 2023-11-07 17:39:05 --> Call to a member function getResultArray() on bool
#0 /var/www/html/system/CodeIgniter.php(928): App\Controllers\Environment->newenvironment('app-assets', 'images', 'icons', 'jpg.png')
#1 /var/www/html/system/CodeIgniter.php(436): CodeIgniter\CodeIgniter->runController(Object(App\Controllers\Environment))
#2 /var/www/html/system/CodeIgniter.php(336): CodeIgniter\CodeIgniter->handleRequest(NULL, Object(Config\Cache), false)
#3 /var/www/html/public/index.php(39): CodeIgniter\CodeIgniter->run()
#4 {main}
ERROR - 2023-11-07 17:39:05 --> Unknown column 'app' in 'where clause'
CRITICAL - 2023-11-07 17:39:05 --> Call to a member function getResultArray() on bool
#0 /var/www/html/system/CodeIgniter.php(928): App\Controllers\Environment->newenvironment('app-assets', 'images', 'icons', 'pdf.png')
#1 /var/www/html/system/CodeIgniter.php(436): CodeIgniter\CodeIgniter->runController(Object(App\Controllers\Environment))
#2 /var/www/html/system/CodeIgniter.php(336): CodeIgniter\CodeIgniter->handleRequest(NULL, Object(Config\Cache), false)
#3 /var/www/html/public/index.php(39): CodeIgniter\CodeIgniter->run()
#4 {main}
ERROR - 2023-11-07 17:39:05 --> Unknown column 'app' in 'where clause'
CRITICAL - 2023-11-07 17:39:05 --> Call to a member function getResultArray() on bool
#0 /var/www/html/system/CodeIgniter.php(928): App\Controllers\Environment->newenvironment('app-assets', 'images', 'portrait', 'small', 'avatar-s-14.jpg')
#1 /var/www/html/system/CodeIgniter.php(436): CodeIgniter\CodeIgniter->runController(Object(App\Controllers\Environment))
#2 /var/www/html/system/CodeIgniter.php(336): CodeIgniter\CodeIgniter->handleRequest(NULL, Object(Config\Cache), false)
#3 /var/www/html/public/index.php(39): CodeIgniter\CodeIgniter->run()
#4 {main}
ERROR - 2023-11-07 17:39:05 --> Unknown column 'app' in 'where clause'
CRITICAL - 2023-11-07 17:39:05 --> Call to a member function getResultArray() on bool
#0 /var/www/html/system/CodeIgniter.php(928): App\Controllers\Environment->newenvironment('app-assets', 'images', 'portrait', 'small', 'avatar-s-8.jpg')
#1 /var/www/html/system/CodeIgniter.php(436): CodeIgniter\CodeIgniter->runController(Object(App\Controllers\Environment))
#2 /var/www/html/system/CodeIgniter.php(336): CodeIgniter\CodeIgniter->handleRequest(NULL, Object(Config\Cache), false)
#3 /var/www/html/public/index.php(39): CodeIgniter\CodeIgniter->run()
#4 {main}
ERROR - 2023-11-07 17:39:05 --> Unknown column 'app' in 'where clause'
CRITICAL - 2023-11-07 17:39:05 --> Call to a member function getResultArray() on bool
#0 /var/www/html/system/CodeIgniter.php(928): App\Controllers\Environment->newenvironment('app-assets', 'images', 'icons', 'xls.png')
#1 /var/www/html/system/CodeIgniter.php(436): CodeIgniter\CodeIgniter->runController(Object(App\Controllers\Environment))
#2 /var/www/html/system/CodeIgniter.php(336): CodeIgniter\CodeIgniter->handleRequest(NULL, Object(Config\Cache), false)
#3 /var/www/html/public/index.php(39): CodeIgniter\CodeIgniter->run()
#4 {main}
