ERROR - 2023-09-14 12:22:23 --> Unknown column 'L00153MP1990PLC006090' in 'where clause'
CRITICAL - 2023-09-14 12:22:24 --> Call to a member function getResultArray() on bool
#0 /var/www/html/system/CodeIgniter.php(928): App\Controllers\Qualitative_assessment->csvfile_data()
#1 /var/www/html/system/CodeIgniter.php(436): CodeIgniter\CodeIgniter->runController(Object(App\Controllers\Qualitative_assessment))
#2 /var/www/html/system/CodeIgniter.php(336): CodeIgniter\CodeIgniter->handleRequest(NULL, Object(Config\Cache), false)
#3 /var/www/html/index.php(37): CodeIgniter\CodeIgniter->run()
#4 {main}
ERROR - 2023-09-14 12:36:43 --> MySQL server has gone away
CRITICAL - 2023-09-14 12:36:43 --> Call to a member function getResult() on bool
#0 /var/www/html/system/BaseModel.php(603): CodeIgniter\Model->doFindAll(0, 0)
#1 /var/www/html/app/Controllers/MarketPlace.php(324): CodeIgniter\BaseModel->findAll()
#2 /var/www/html/system/CodeIgniter.php(928): App\Controllers\MarketPlace->csvfile_data()
#3 /var/www/html/system/CodeIgniter.php(436): CodeIgniter\CodeIgniter->runController(Object(App\Controllers\MarketPlace))
#4 /var/www/html/system/CodeIgniter.php(336): CodeIgniter\CodeIgniter->handleRequest(NULL, Object(Config\Cache), false)
#5 /var/www/html/index.php(37): CodeIgniter\CodeIgniter->run()
#6 {main}
ERROR - 2023-09-14 12:36:43 --> Error connecting to the database: Connection refused
CRITICAL - 2023-09-14 12:36:43 --> Unable to connect to the database.
Main connection [MySQLi]: Connection refused
#0 /var/www/html/system/Database/BaseConnection.php(625): CodeIgniter\Database\BaseConnection->initialize()
#1 /var/www/html/system/Database/BaseBuilder.php(1881): CodeIgniter\Database\BaseConnection->query('SELECT `supplie...', Array, false)
#2 /var/www/html/system/Model.php(228): CodeIgniter\Database\BaseBuilder->get()
#3 /var/www/html/system/BaseModel.php(644): CodeIgniter\Model->doFirst()
#4 /var/www/html/app/Controllers/MarketPlace.php(38): CodeIgniter\BaseModel->first()
#5 /var/www/html/system/CodeIgniter.php(928): App\Controllers\MarketPlace->index()
#6 /var/www/html/system/CodeIgniter.php(436): CodeIgniter\CodeIgniter->runController(Object(App\Controllers\MarketPlace))
#7 /var/www/html/system/CodeIgniter.php(336): CodeIgniter\CodeIgniter->handleRequest(NULL, Object(Config\Cache), false)
#8 /var/www/html/index.php(37): CodeIgniter\CodeIgniter->run()
#9 {main}
ERROR - 2023-09-14 12:36:43 --> Error connecting to the database: Connection refused
CRITICAL - 2023-09-14 12:36:43 --> Unable to connect to the database.
Main connection [MySQLi]: Connection refused
#0 /var/www/html/system/Database/BaseConnection.php(625): CodeIgniter\Database\BaseConnection->initialize()
#1 /var/www/html/system/Database/BaseBuilder.php(1881): CodeIgniter\Database\BaseConnection->query('SELECT `supplie...', Array, false)
#2 /var/www/html/system/Model.php(228): CodeIgniter\Database\BaseBuilder->get()
#3 /var/www/html/system/BaseModel.php(644): CodeIgniter\Model->doFirst()
#4 /var/www/html/app/Controllers/Brand.php(21251): CodeIgniter\BaseModel->first()
#5 /var/www/html/system/CodeIgniter.php(928): App\Controllers\Brand->manage_organization()
#6 /var/www/html/system/CodeIgniter.php(436): CodeIgniter\CodeIgniter->runController(Object(App\Controllers\Brand))
#7 /var/www/html/system/CodeIgniter.php(336): CodeIgniter\CodeIgniter->handleRequest(NULL, Object(Config\Cache), false)
#8 /var/www/html/index.php(37): CodeIgniter\CodeIgniter->run()
#9 {main}
CRITICAL - 2023-09-14 13:30:19 --> fgetcsv(): SSL: Connection reset by peer
#0 [internal function]: CodeIgniter\Debug\Exceptions->errorHandler(2, 'fgetcsv(): SSL:...', '/var/www/html/a...', 318, Array)
#1 /var/www/html/app/Controllers/MarketPlace.php(318): fgetcsv(Resource id #126)
#2 /var/www/html/system/CodeIgniter.php(928): App\Controllers\MarketPlace->csvfile_data()
#3 /var/www/html/system/CodeIgniter.php(436): CodeIgniter\CodeIgniter->runController(Object(App\Controllers\MarketPlace))
#4 /var/www/html/system/CodeIgniter.php(336): CodeIgniter\CodeIgniter->handleRequest(NULL, Object(Config\Cache), false)
#5 /var/www/html/index.php(37): CodeIgniter\CodeIgniter->run()
#6 {main}
CRITICAL - 2023-09-14 14:13:05 --> fgetcsv() expects parameter 1 to be resource, string given
#0 [internal function]: CodeIgniter\Debug\Exceptions->errorHandler(2, 'fgetcsv() expec...', '/var/www/html/a...', 319, Array)
#1 /var/www/html/app/Controllers/MarketPlace.php(319): fgetcsv('CORPORATE_IDENT...')
#2 /var/www/html/system/CodeIgniter.php(928): App\Controllers\MarketPlace->csvfile_data()
#3 /var/www/html/system/CodeIgniter.php(436): CodeIgniter\CodeIgniter->runController(Object(App\Controllers\MarketPlace))
#4 /var/www/html/system/CodeIgniter.php(336): CodeIgniter\CodeIgniter->handleRequest(NULL, Object(Config\Cache), false)
#5 /var/www/html/index.php(37): CodeIgniter\CodeIgniter->run()
#6 {main}
CRITICAL - 2023-09-14 15:21:06 --> fgetcsv(): SSL: Connection reset by peer
#0 [internal function]: CodeIgniter\Debug\Exceptions->errorHandler(2, 'fgetcsv(): SSL:...', '/var/www/html/a...', 319, Array)
#1 /var/www/html/app/Controllers/MarketPlace.php(319): fgetcsv(Resource id #127)
#2 /var/www/html/system/CodeIgniter.php(928): App\Controllers\MarketPlace->csvfile_data()
#3 /var/www/html/system/CodeIgniter.php(436): CodeIgniter\CodeIgniter->runController(Object(App\Controllers\MarketPlace))
#4 /var/www/html/system/CodeIgniter.php(336): CodeIgniter\CodeIgniter->handleRequest(NULL, Object(Config\Cache), false)
#5 /var/www/html/index.php(37): CodeIgniter\CodeIgniter->run()
#6 {main}
CRITICAL - 2023-09-14 15:21:19 --> fgetcsv(): SSL: Connection reset by peer
#0 [internal function]: CodeIgniter\Debug\Exceptions->errorHandler(2, 'fgetcsv(): SSL:...', '/var/www/html/a...', 319, Array)
#1 /var/www/html/app/Controllers/MarketPlace.php(319): fgetcsv(Resource id #126)
#2 /var/www/html/system/CodeIgniter.php(928): App\Controllers\MarketPlace->csvfile_data()
#3 /var/www/html/system/CodeIgniter.php(436): CodeIgniter\CodeIgniter->runController(Object(App\Controllers\MarketPlace))
#4 /var/www/html/system/CodeIgniter.php(336): CodeIgniter\CodeIgniter->handleRequest(NULL, Object(Config\Cache), false)
#5 /var/www/html/index.php(37): CodeIgniter\CodeIgniter->run()
#6 {main}
ERROR - 2023-09-14 15:21:19 --> Column 'complete' cannot be null
CRITICAL - 2023-09-14 15:21:19 --> Division by zero
#0 /var/www/html/app/Controllers/Qualitative_assessment.php(955): CodeIgniter\Debug\Exceptions->errorHandler(2, 'Division by zer...', '/var/www/html/a...', 955, Array)
#1 /var/www/html/system/CodeIgniter.php(928): App\Controllers\Qualitative_assessment->completeAssessment('12')
#2 /var/www/html/system/CodeIgniter.php(436): CodeIgniter\CodeIgniter->runController(Object(App\Controllers\Qualitative_assessment))
#3 /var/www/html/system/CodeIgniter.php(336): CodeIgniter\CodeIgniter->handleRequest(NULL, Object(Config\Cache), false)
#4 /var/www/html/index.php(37): CodeIgniter\CodeIgniter->run()
#5 {main}
CRITICAL - 2023-09-14 16:14:53 --> fopen(https://positiivplus.com/public/MadhyaPradesh(1).csv): failed to open stream: HTTP request failed! HTTP/1.1 404 Not Found

#0 [internal function]: CodeIgniter\Debug\Exceptions->errorHandler(2, 'fopen(https://p...', '/var/www/html/a...', 374, Array)
#1 /var/www/html/app/Controllers/MarketPlace.php(374): fopen('https://positii...', 'r')
#2 /var/www/html/system/CodeIgniter.php(928): App\Controllers\MarketPlace->csvfile_data()
#3 /var/www/html/system/CodeIgniter.php(436): CodeIgniter\CodeIgniter->runController(Object(App\Controllers\MarketPlace))
#4 /var/www/html/system/CodeIgniter.php(336): CodeIgniter\CodeIgniter->handleRequest(NULL, Object(Config\Cache), false)
#5 /var/www/html/index.php(37): CodeIgniter\CodeIgniter->run()
#6 {main}
CRITICAL - 2023-09-14 16:16:06 --> fopen(/public/MadhyaPradesh.csv): failed to open stream: No such file or directory
#0 [internal function]: CodeIgniter\Debug\Exceptions->errorHandler(2, 'fopen(/public/M...', '/var/www/html/a...', 374, Array)
#1 /var/www/html/app/Controllers/MarketPlace.php(374): fopen('/public/MadhyaP...', 'r')
#2 /var/www/html/system/CodeIgniter.php(928): App\Controllers\MarketPlace->csvfile_data()
#3 /var/www/html/system/CodeIgniter.php(436): CodeIgniter\CodeIgniter->runController(Object(App\Controllers\MarketPlace))
#4 /var/www/html/system/CodeIgniter.php(336): CodeIgniter\CodeIgniter->handleRequest(NULL, Object(Config\Cache), false)
#5 /var/www/html/index.php(37): CodeIgniter\CodeIgniter->run()
#6 {main}
CRITICAL - 2023-09-14 16:33:02 --> fopen() expects parameter 1 to be a valid path, resource given
#0 [internal function]: CodeIgniter\Debug\Exceptions->errorHandler(2, 'fopen() expects...', '/var/www/html/a...', 382, Array)
#1 /var/www/html/app/Controllers/MarketPlace.php(382): fopen(Resource id #126, 'r')
#2 /var/www/html/system/CodeIgniter.php(928): App\Controllers\MarketPlace->csvfile_data()
#3 /var/www/html/system/CodeIgniter.php(436): CodeIgniter\CodeIgniter->runController(Object(App\Controllers\MarketPlace))
#4 /var/www/html/system/CodeIgniter.php(336): CodeIgniter\CodeIgniter->handleRequest(NULL, Object(Config\Cache), false)
#5 /var/www/html/index.php(37): CodeIgniter\CodeIgniter->run()
#6 {main}
CRITICAL - 2023-09-14 16:33:34 --> fopen() expects parameter 1 to be a valid path, resource given
#0 [internal function]: CodeIgniter\Debug\Exceptions->errorHandler(2, 'fopen() expects...', '/var/www/html/a...', 382, Array)
#1 /var/www/html/app/Controllers/MarketPlace.php(382): fopen(Resource id #126, 'r')
#2 /var/www/html/system/CodeIgniter.php(928): App\Controllers\MarketPlace->csvfile_data()
#3 /var/www/html/system/CodeIgniter.php(436): CodeIgniter\CodeIgniter->runController(Object(App\Controllers\MarketPlace))
#4 /var/www/html/system/CodeIgniter.php(336): CodeIgniter\CodeIgniter->handleRequest(NULL, Object(Config\Cache), false)
#5 /var/www/html/index.php(37): CodeIgniter\CodeIgniter->run()
#6 {main}
CRITICAL - 2023-09-14 17:02:30 --> syntax error, unexpected '}'
#0 /var/www/html/system/Router/Router.php(169): CodeIgniter\Router\Router->autoRoute('MarketPlace/csv...')
#1 /var/www/html/system/CodeIgniter.php(809): CodeIgniter\Router\Router->handle('MarketPlace/csv...')
#2 /var/www/html/system/CodeIgniter.php(389): CodeIgniter\CodeIgniter->tryToRouteIt(Object(CodeIgniter\Router\RouteCollection))
#3 /var/www/html/system/CodeIgniter.php(336): CodeIgniter\CodeIgniter->handleRequest(NULL, Object(Config\Cache), false)
#4 /var/www/html/index.php(37): CodeIgniter\CodeIgniter->run()
#5 {main}
CRITICAL - 2023-09-14 17:12:05 --> Maximum execution time of 30 seconds exceeded
#0 [internal function]: CodeIgniter\Debug\Exceptions->shutdownHandler()
#1 {main}
CRITICAL - 2023-09-14 17:19:02 --> syntax error, unexpected ';'
#0 /var/www/html/system/Router/Router.php(169): CodeIgniter\Router\Router->autoRoute('MarketPlace/csv...')
#1 /var/www/html/system/CodeIgniter.php(809): CodeIgniter\Router\Router->handle('MarketPlace/csv...')
#2 /var/www/html/system/CodeIgniter.php(389): CodeIgniter\CodeIgniter->tryToRouteIt(Object(CodeIgniter\Router\RouteCollection))
#3 /var/www/html/system/CodeIgniter.php(336): CodeIgniter\CodeIgniter->handleRequest(NULL, Object(Config\Cache), false)
#4 /var/www/html/index.php(37): CodeIgniter\CodeIgniter->run()
#5 {main}
CRITICAL - 2023-09-14 18:30:14 --> fgetcsv(): SSL: Connection reset by peer
#0 [internal function]: CodeIgniter\Debug\Exceptions->errorHandler(2, 'fgetcsv(): SSL:...', '/var/www/html/a...', 389, Array)
#1 /var/www/html/app/Controllers/MarketPlace.php(389): fgetcsv(Resource id #135)
#2 /var/www/html/app/Controllers/MarketPlace.php(427): App\Controllers\MarketPlace->csvfile_data(6001)
#3 /var/www/html/app/Controllers/MarketPlace.php(427): App\Controllers\MarketPlace->csvfile_data(4001)
#4 /var/www/html/app/Controllers/MarketPlace.php(427): App\Controllers\MarketPlace->csvfile_data(2001)
#5 /var/www/html/system/CodeIgniter.php(928): App\Controllers\MarketPlace->csvfile_data('1')
#6 /var/www/html/system/CodeIgniter.php(436): CodeIgniter\CodeIgniter->runController(Object(App\Controllers\MarketPlace))
#7 /var/www/html/system/CodeIgniter.php(336): CodeIgniter\CodeIgniter->handleRequest(NULL, Object(Config\Cache), false)
#8 /var/www/html/index.php(37): CodeIgniter\CodeIgniter->run()
#9 {main}
CRITICAL - 2023-09-14 19:26:45 --> fgetcsv(): SSL: Connection reset by peer
#0 [internal function]: CodeIgniter\Debug\Exceptions->errorHandler(2, 'fgetcsv(): SSL:...', '/var/www/html/a...', 389, Array)
#1 /var/www/html/app/Controllers/MarketPlace.php(389): fgetcsv(Resource id #127)
#2 /var/www/html/system/CodeIgniter.php(928): App\Controllers\MarketPlace->csvfile_data('1')
#3 /var/www/html/system/CodeIgniter.php(436): CodeIgniter\CodeIgniter->runController(Object(App\Controllers\MarketPlace))
#4 /var/www/html/system/CodeIgniter.php(336): CodeIgniter\CodeIgniter->handleRequest(NULL, Object(Config\Cache), false)
#5 /var/www/html/index.php(37): CodeIgniter\CodeIgniter->run()
#6 {main}
CRITICAL - 2023-09-14 19:26:50 --> fgets(): SSL: Connection reset by peer
#0 [internal function]: CodeIgniter\Debug\Exceptions->errorHandler(2, 'fgets(): SSL: C...', '/var/www/html/a...', 389, Array)
#1 /var/www/html/app/Controllers/MarketPlace.php(389): fgets(Resource id #126)
#2 /var/www/html/system/CodeIgniter.php(928): App\Controllers\MarketPlace->csvfile_data('1')
#3 /var/www/html/system/CodeIgniter.php(436): CodeIgniter\CodeIgniter->runController(Object(App\Controllers\MarketPlace))
#4 /var/www/html/system/CodeIgniter.php(336): CodeIgniter\CodeIgniter->handleRequest(NULL, Object(Config\Cache), false)
#5 /var/www/html/index.php(37): CodeIgniter\CodeIgniter->run()
#6 {main}
CRITICAL - 2023-09-14 23:03:10 --> Invalid file: front/login.php
#0 /var/www/html/system/View/View.php(213): CodeIgniter\Exceptions\FrameworkException::forInvalidFile('front/login.php')
#1 /var/www/html/system/Common.php(1271): CodeIgniter\View\View->render('front/login', Array, true)
#2 /var/www/html/app/Controllers/Home.php(114): view('front/login')
#3 /var/www/html/system/CodeIgniter.php(928): App\Controllers\Home->login()
#4 /var/www/html/system/CodeIgniter.php(436): CodeIgniter\CodeIgniter->runController(Object(App\Controllers\Home))
#5 /var/www/html/system/CodeIgniter.php(336): CodeIgniter\CodeIgniter->handleRequest(NULL, Object(Config\Cache), false)
#6 /var/www/html/index.php(37): CodeIgniter\CodeIgniter->run()
#7 {main}
