CRITICAL - 2023-10-28 13:37:26 --> Invalid argument supplied for foreach()
#0 /var/www/html/app/Controllers/OnSite.php(157): CodeIgniter\Debug\Exceptions->errorHandler(2, 'Invalid argumen...', '/var/www/html/a...', 157, Array)
#1 /var/www/html/system/CodeIgniter.php(928): App\Controllers\OnSite->assessmentreport_check('assets', 'header.css')
#2 /var/www/html/system/CodeIgniter.php(436): CodeIgniter\CodeIgniter->runController(Object(App\Controllers\OnSite))
#3 /var/www/html/system/CodeIgniter.php(336): CodeIgniter\CodeIgniter->handleRequest(NULL, Object(Config\Cache), false)
#4 /var/www/html/index.php(37): CodeIgniter\CodeIgniter->run()
#5 {main}
CRITICAL - 2023-10-28 13:37:26 --> Invalid argument supplied for foreach()
#0 /var/www/html/app/Controllers/OnSite.php(157): CodeIgniter\Debug\Exceptions->errorHandler(2, 'Invalid argumen...', '/var/www/html/a...', 157, Array)
#1 /var/www/html/system/CodeIgniter.php(928): App\Controllers\OnSite->assessmentreport_check('assets', 'js', 'bootstrap.min.j...')
#2 /var/www/html/system/CodeIgniter.php(436): CodeIgniter\CodeIgniter->runController(Object(App\Controllers\OnSite))
#3 /var/www/html/system/CodeIgniter.php(336): CodeIgniter\CodeIgniter->handleRequest(NULL, Object(Config\Cache), false)
#4 /var/www/html/index.php(37): CodeIgniter\CodeIgniter->run()
#5 {main}
CRITICAL - 2023-10-28 13:37:26 --> Invalid argument supplied for foreach()
#0 /var/www/html/app/Controllers/OnSite.php(157): CodeIgniter\Debug\Exceptions->errorHandler(2, 'Invalid argumen...', '/var/www/html/a...', 157, Array)
#1 /var/www/html/system/CodeIgniter.php(928): App\Controllers\OnSite->assessmentreport_check('assets', 'css', 'bootstrap.min.c...')
#2 /var/www/html/system/CodeIgniter.php(436): CodeIgniter\CodeIgniter->runController(Object(App\Controllers\OnSite))
#3 /var/www/html/system/CodeIgniter.php(336): CodeIgniter\CodeIgniter->handleRequest(NULL, Object(Config\Cache), false)
#4 /var/www/html/index.php(37): CodeIgniter\CodeIgniter->run()
#5 {main}
ERROR - 2023-10-28 16:24:03 --> Unknown column 'company_credit' in 'field list'
CRITICAL - 2023-10-28 16:24:03 --> Call to a member function getResultArray() on bool
#0 /var/www/html/system/CodeIgniter.php(928): App\Controllers\MarketPlace->index()
#1 /var/www/html/system/CodeIgniter.php(436): CodeIgniter\CodeIgniter->runController(Object(App\Controllers\MarketPlace))
#2 /var/www/html/system/CodeIgniter.php(336): CodeIgniter\CodeIgniter->handleRequest(NULL, Object(Config\Cache), false)
#3 /var/www/html/index.php(37): CodeIgniter\CodeIgniter->run()
#4 {main}
