CRITICAL - 2023-11-15 12:18:44 --> syntax error, unexpected end of file
#0 /var/www/html/system/Router/Router.php(169): CodeIgniter\Router\Router->autoRoute('Controlwork/ass...')
#1 /var/www/html/system/CodeIgniter.php(809): CodeIgniter\Router\Router->handle('Controlwork/ass...')
#2 /var/www/html/system/CodeIgniter.php(389): CodeIgniter\CodeIgniter->tryToRouteIt(Object(CodeIgniter\Router\RouteCollection))
#3 /var/www/html/system/CodeIgniter.php(336): CodeIgniter\CodeIgniter->handleRequest(NULL, Object(Config\Cache), false)
#4 /var/www/html/public/index.php(39): CodeIgniter\CodeIgniter->run()
#5 {main}
ERROR - 2023-11-15 15:20:52 --> Column 'for_y' cannot be null
ERROR - 2023-11-15 15:21:30 --> Column 'for_y' cannot be null
ERROR - 2023-11-15 15:22:08 --> Column 'for_y' cannot be null
ERROR - 2023-11-15 15:23:28 --> Column 'for_y' cannot be null
CRITICAL - 2023-11-15 17:30:47 --> syntax error, unexpected end of file
#0 /var/www/html/system/Router/Router.php(169): CodeIgniter\Router\Router->autoRoute('Controlwork/add...')
#1 /var/www/html/system/CodeIgniter.php(809): CodeIgniter\Router\Router->handle('Controlwork/add...')
#2 /var/www/html/system/CodeIgniter.php(389): CodeIgniter\CodeIgniter->tryToRouteIt(Object(CodeIgniter\Router\RouteCollection))
#3 /var/www/html/system/CodeIgniter.php(336): CodeIgniter\CodeIgniter->handleRequest(NULL, Object(Config\Cache), false)
#4 /var/www/html/public/index.php(39): CodeIgniter\CodeIgniter->run()
#5 {main}
CRITICAL - 2023-11-15 17:34:22 --> Division by zero
#0 /var/www/html/app/Controllers/Controlwork.php(549): CodeIgniter\Debug\Exceptions->errorHandler(2, 'Division by zer...', '/var/www/html/a...', 549, Array)
#1 /var/www/html/system/CodeIgniter.php(928): App\Controllers\Controlwork->assessment()
#2 /var/www/html/system/CodeIgniter.php(436): CodeIgniter\CodeIgniter->runController(Object(App\Controllers\Controlwork))
#3 /var/www/html/system/CodeIgniter.php(336): CodeIgniter\CodeIgniter->handleRequest(NULL, Object(Config\Cache), false)
#4 /var/www/html/public/index.php(39): CodeIgniter\CodeIgniter->run()
#5 {main}
CRITICAL - 2023-11-15 17:34:30 --> Division by zero
#0 /var/www/html/app/Controllers/Controlwork.php(549): CodeIgniter\Debug\Exceptions->errorHandler(2, 'Division by zer...', '/var/www/html/a...', 549, Array)
#1 /var/www/html/system/CodeIgniter.php(928): App\Controllers\Controlwork->assessment()
#2 /var/www/html/system/CodeIgniter.php(436): CodeIgniter\CodeIgniter->runController(Object(App\Controllers\Controlwork))
#3 /var/www/html/system/CodeIgniter.php(336): CodeIgniter\CodeIgniter->handleRequest(NULL, Object(Config\Cache), false)
#4 /var/www/html/public/index.php(39): CodeIgniter\CodeIgniter->run()
#5 {main}
CRITICAL - 2023-11-15 17:35:06 --> Division by zero
#0 /var/www/html/app/Controllers/Controlwork.php(549): CodeIgniter\Debug\Exceptions->errorHandler(2, 'Division by zer...', '/var/www/html/a...', 549, Array)
#1 /var/www/html/system/CodeIgniter.php(928): App\Controllers\Controlwork->assessment()
#2 /var/www/html/system/CodeIgniter.php(436): CodeIgniter\CodeIgniter->runController(Object(App\Controllers\Controlwork))
#3 /var/www/html/system/CodeIgniter.php(336): CodeIgniter\CodeIgniter->handleRequest(NULL, Object(Config\Cache), false)
#4 /var/www/html/public/index.php(39): CodeIgniter\CodeIgniter->run()
#5 {main}
CRITICAL - 2023-11-15 18:11:18 --> array_unique() expects parameter 1 to be array, null given
#0 [internal function]: CodeIgniter\Debug\Exceptions->errorHandler(2, 'array_unique() ...', '/var/www/html/a...', 3315, Array)
#1 /var/www/html/app/Controllers/Controlwork.php(3315): array_unique(NULL)
#2 /var/www/html/system/CodeIgniter.php(928): App\Controllers\Controlwork->addassessment_tmp()
#3 /var/www/html/system/CodeIgniter.php(436): CodeIgniter\CodeIgniter->runController(Object(App\Controllers\Controlwork))
#4 /var/www/html/system/CodeIgniter.php(336): CodeIgniter\CodeIgniter->handleRequest(NULL, Object(Config\Cache), false)
#5 /var/www/html/public/index.php(39): CodeIgniter\CodeIgniter->run()
#6 {main}
CRITICAL - 2023-11-15 18:59:28 --> Division by zero
#0 /var/www/html/app/Controllers/Controlwork.php(549): CodeIgniter\Debug\Exceptions->errorHandler(2, 'Division by zer...', '/var/www/html/a...', 549, Array)
#1 /var/www/html/system/CodeIgniter.php(928): App\Controllers\Controlwork->assessment()
#2 /var/www/html/system/CodeIgniter.php(436): CodeIgniter\CodeIgniter->runController(Object(App\Controllers\Controlwork))
#3 /var/www/html/system/CodeIgniter.php(336): CodeIgniter\CodeIgniter->handleRequest(NULL, Object(Config\Cache), false)
#4 /var/www/html/public/index.php(39): CodeIgniter\CodeIgniter->run()
#5 {main}
CRITICAL - 2023-11-15 20:27:50 --> Division by zero
#0 /var/www/html/app/Controllers/Controlwork.php(549): CodeIgniter\Debug\Exceptions->errorHandler(2, 'Division by zer...', '/var/www/html/a...', 549, Array)
#1 /var/www/html/system/CodeIgniter.php(928): App\Controllers\Controlwork->assessment()
#2 /var/www/html/system/CodeIgniter.php(436): CodeIgniter\CodeIgniter->runController(Object(App\Controllers\Controlwork))
#3 /var/www/html/system/CodeIgniter.php(336): CodeIgniter\CodeIgniter->handleRequest(NULL, Object(Config\Cache), false)
#4 /var/www/html/public/index.php(39): CodeIgniter\CodeIgniter->run()
#5 {main}
CRITICAL - 2023-11-15 20:28:11 --> Division by zero
#0 /var/www/html/app/Controllers/Controlwork.php(549): CodeIgniter\Debug\Exceptions->errorHandler(2, 'Division by zer...', '/var/www/html/a...', 549, Array)
#1 /var/www/html/system/CodeIgniter.php(928): App\Controllers\Controlwork->assessment()
#2 /var/www/html/system/CodeIgniter.php(436): CodeIgniter\CodeIgniter->runController(Object(App\Controllers\Controlwork))
#3 /var/www/html/system/CodeIgniter.php(336): CodeIgniter\CodeIgniter->handleRequest(NULL, Object(Config\Cache), false)
#4 /var/www/html/public/index.php(39): CodeIgniter\CodeIgniter->run()
#5 {main}
CRITICAL - 2023-11-15 20:29:17 --> Invalid argument supplied for foreach()
#0 /var/www/html/app/Controllers/OnSite.php(157): CodeIgniter\Debug\Exceptions->errorHandler(2, 'Invalid argumen...', '/var/www/html/a...', 157, Array)
#1 /var/www/html/system/CodeIgniter.php(928): App\Controllers\OnSite->assessmentreport_check('assets', 'css', 'bootstrap.min.c...')
#2 /var/www/html/system/CodeIgniter.php(436): CodeIgniter\CodeIgniter->runController(Object(App\Controllers\OnSite))
#3 /var/www/html/system/CodeIgniter.php(336): CodeIgniter\CodeIgniter->handleRequest(NULL, Object(Config\Cache), false)
#4 /var/www/html/public/index.php(39): CodeIgniter\CodeIgniter->run()
#5 {main}
CRITICAL - 2023-11-15 20:29:17 --> Invalid argument supplied for foreach()
#0 /var/www/html/app/Controllers/OnSite.php(157): CodeIgniter\Debug\Exceptions->errorHandler(2, 'Invalid argumen...', '/var/www/html/a...', 157, Array)
#1 /var/www/html/system/CodeIgniter.php(928): App\Controllers\OnSite->assessmentreport_check('assets', 'js', 'bootstrap.min.j...')
#2 /var/www/html/system/CodeIgniter.php(436): CodeIgniter\CodeIgniter->runController(Object(App\Controllers\OnSite))
#3 /var/www/html/system/CodeIgniter.php(336): CodeIgniter\CodeIgniter->handleRequest(NULL, Object(Config\Cache), false)
#4 /var/www/html/public/index.php(39): CodeIgniter\CodeIgniter->run()
#5 {main}
CRITICAL - 2023-11-15 20:29:17 --> Invalid argument supplied for foreach()
#0 /var/www/html/app/Controllers/OnSite.php(157): CodeIgniter\Debug\Exceptions->errorHandler(2, 'Invalid argumen...', '/var/www/html/a...', 157, Array)
#1 /var/www/html/system/CodeIgniter.php(928): App\Controllers\OnSite->assessmentreport_check('assets', 'header.css')
#2 /var/www/html/system/CodeIgniter.php(436): CodeIgniter\CodeIgniter->runController(Object(App\Controllers\OnSite))
#3 /var/www/html/system/CodeIgniter.php(336): CodeIgniter\CodeIgniter->handleRequest(NULL, Object(Config\Cache), false)
#4 /var/www/html/public/index.php(39): CodeIgniter\CodeIgniter->run()
#5 {main}
CRITICAL - 2023-11-15 20:29:17 --> Invalid argument supplied for foreach()
#0 /var/www/html/app/Controllers/OnSite.php(157): CodeIgniter\Debug\Exceptions->errorHandler(2, 'Invalid argumen...', '/var/www/html/a...', 157, Array)
#1 /var/www/html/system/CodeIgniter.php(928): App\Controllers\OnSite->assessmentreport_check('app-assets', 'images', 'icons', 'xls.png')
#2 /var/www/html/system/CodeIgniter.php(436): CodeIgniter\CodeIgniter->runController(Object(App\Controllers\OnSite))
#3 /var/www/html/system/CodeIgniter.php(336): CodeIgniter\CodeIgniter->handleRequest(NULL, Object(Config\Cache), false)
#4 /var/www/html/public/index.php(39): CodeIgniter\CodeIgniter->run()
#5 {main}
CRITICAL - 2023-11-15 20:29:19 --> Invalid argument supplied for foreach()
#0 /var/www/html/app/Controllers/OnSite.php(157): CodeIgniter\Debug\Exceptions->errorHandler(2, 'Invalid argumen...', '/var/www/html/a...', 157, Array)
#1 /var/www/html/system/CodeIgniter.php(928): App\Controllers\OnSite->assessmentreport_check('app-assets', 'images', 'icons', 'jpg.png')
#2 /var/www/html/system/CodeIgniter.php(436): CodeIgniter\CodeIgniter->runController(Object(App\Controllers\OnSite))
#3 /var/www/html/system/CodeIgniter.php(336): CodeIgniter\CodeIgniter->handleRequest(NULL, Object(Config\Cache), false)
#4 /var/www/html/public/index.php(39): CodeIgniter\CodeIgniter->run()
#5 {main}
CRITICAL - 2023-11-15 20:29:20 --> Invalid argument supplied for foreach()
#0 /var/www/html/app/Controllers/OnSite.php(157): CodeIgniter\Debug\Exceptions->errorHandler(2, 'Invalid argumen...', '/var/www/html/a...', 157, Array)
#1 /var/www/html/system/CodeIgniter.php(928): App\Controllers\OnSite->assessmentreport_check('app-assets', 'images', 'icons', 'pdf.png')
#2 /var/www/html/system/CodeIgniter.php(436): CodeIgniter\CodeIgniter->runController(Object(App\Controllers\OnSite))
#3 /var/www/html/system/CodeIgniter.php(336): CodeIgniter\CodeIgniter->handleRequest(NULL, Object(Config\Cache), false)
#4 /var/www/html/public/index.php(39): CodeIgniter\CodeIgniter->run()
#5 {main}
CRITICAL - 2023-11-15 20:29:21 --> Invalid argument supplied for foreach()
#0 /var/www/html/app/Controllers/OnSite.php(157): CodeIgniter\Debug\Exceptions->errorHandler(2, 'Invalid argumen...', '/var/www/html/a...', 157, Array)
#1 /var/www/html/system/CodeIgniter.php(928): App\Controllers\OnSite->assessmentreport_check('app-assets', 'images', 'portrait', 'small', 'avatar-s-8.jpg')
#2 /var/www/html/system/CodeIgniter.php(436): CodeIgniter\CodeIgniter->runController(Object(App\Controllers\OnSite))
#3 /var/www/html/system/CodeIgniter.php(336): CodeIgniter\CodeIgniter->handleRequest(NULL, Object(Config\Cache), false)
#4 /var/www/html/public/index.php(39): CodeIgniter\CodeIgniter->run()
#5 {main}
CRITICAL - 2023-11-15 20:29:21 --> Invalid argument supplied for foreach()
#0 /var/www/html/app/Controllers/OnSite.php(157): CodeIgniter\Debug\Exceptions->errorHandler(2, 'Invalid argumen...', '/var/www/html/a...', 157, Array)
#1 /var/www/html/system/CodeIgniter.php(928): App\Controllers\OnSite->assessmentreport_check('app-assets', 'images', 'portrait', 'small', 'avatar-s-1.jpg')
#2 /var/www/html/system/CodeIgniter.php(436): CodeIgniter\CodeIgniter->runController(Object(App\Controllers\OnSite))
#3 /var/www/html/system/CodeIgniter.php(336): CodeIgniter\CodeIgniter->handleRequest(NULL, Object(Config\Cache), false)
#4 /var/www/html/public/index.php(39): CodeIgniter\CodeIgniter->run()
#5 {main}
CRITICAL - 2023-11-15 20:29:21 --> Invalid argument supplied for foreach()
#0 /var/www/html/app/Controllers/OnSite.php(157): CodeIgniter\Debug\Exceptions->errorHandler(2, 'Invalid argumen...', '/var/www/html/a...', 157, Array)
#1 /var/www/html/system/CodeIgniter.php(928): App\Controllers\OnSite->assessmentreport_check('app-assets', 'images', 'portrait', 'small', 'avatar-s-6.jpg')
#2 /var/www/html/system/CodeIgniter.php(436): CodeIgniter\CodeIgniter->runController(Object(App\Controllers\OnSite))
#3 /var/www/html/system/CodeIgniter.php(336): CodeIgniter\CodeIgniter->handleRequest(NULL, Object(Config\Cache), false)
#4 /var/www/html/public/index.php(39): CodeIgniter\CodeIgniter->run()
#5 {main}
CRITICAL - 2023-11-15 20:29:21 --> Invalid argument supplied for foreach()
#0 /var/www/html/app/Controllers/OnSite.php(157): CodeIgniter\Debug\Exceptions->errorHandler(2, 'Invalid argumen...', '/var/www/html/a...', 157, Array)
#1 /var/www/html/system/CodeIgniter.php(928): App\Controllers\OnSite->assessmentreport_check('app-assets', 'images', 'icons', 'doc.png')
#2 /var/www/html/system/CodeIgniter.php(436): CodeIgniter\CodeIgniter->runController(Object(App\Controllers\OnSite))
#3 /var/www/html/system/CodeIgniter.php(336): CodeIgniter\CodeIgniter->handleRequest(NULL, Object(Config\Cache), false)
#4 /var/www/html/public/index.php(39): CodeIgniter\CodeIgniter->run()
#5 {main}
CRITICAL - 2023-11-15 20:29:21 --> Invalid argument supplied for foreach()
#0 /var/www/html/app/Controllers/OnSite.php(157): CodeIgniter\Debug\Exceptions->errorHandler(2, 'Invalid argumen...', '/var/www/html/a...', 157, Array)
#1 /var/www/html/system/CodeIgniter.php(928): App\Controllers\OnSite->assessmentreport_check('app-assets', 'images', 'portrait', 'small', 'avatar-s-14.jpg')
#2 /var/www/html/system/CodeIgniter.php(436): CodeIgniter\CodeIgniter->runController(Object(App\Controllers\OnSite))
#3 /var/www/html/system/CodeIgniter.php(336): CodeIgniter\CodeIgniter->handleRequest(NULL, Object(Config\Cache), false)
#4 /var/www/html/public/index.php(39): CodeIgniter\CodeIgniter->run()
#5 {main}
CRITICAL - 2023-11-15 20:33:28 --> Division by zero
#0 /var/www/html/app/Controllers/Controlwork.php(549): CodeIgniter\Debug\Exceptions->errorHandler(2, 'Division by zer...', '/var/www/html/a...', 549, Array)
#1 /var/www/html/system/CodeIgniter.php(928): App\Controllers\Controlwork->assessment()
#2 /var/www/html/system/CodeIgniter.php(436): CodeIgniter\CodeIgniter->runController(Object(App\Controllers\Controlwork))
#3 /var/www/html/system/CodeIgniter.php(336): CodeIgniter\CodeIgniter->handleRequest(NULL, Object(Config\Cache), false)
#4 /var/www/html/public/index.php(39): CodeIgniter\CodeIgniter->run()
#5 {main}
ERROR - 2023-11-15 20:34:24 --> Unknown column 'app' in 'where clause'
CRITICAL - 2023-11-15 20:34:24 --> Call to a member function getResultArray() on bool
#0 /var/www/html/system/CodeIgniter.php(928): App\Controllers\Environment->newenvironment('app-assets', 'images', 'icons', 'xls.png')
#1 /var/www/html/system/CodeIgniter.php(436): CodeIgniter\CodeIgniter->runController(Object(App\Controllers\Environment))
#2 /var/www/html/system/CodeIgniter.php(336): CodeIgniter\CodeIgniter->handleRequest(NULL, Object(Config\Cache), false)
#3 /var/www/html/public/index.php(39): CodeIgniter\CodeIgniter->run()
#4 {main}
ERROR - 2023-11-15 20:34:27 --> Unknown column 'app' in 'where clause'
CRITICAL - 2023-11-15 20:34:27 --> Call to a member function getResultArray() on bool
#0 /var/www/html/system/CodeIgniter.php(928): App\Controllers\Environment->newenvironment('app-assets', 'images', 'icons', 'jpg.png')
#1 /var/www/html/system/CodeIgniter.php(436): CodeIgniter\CodeIgniter->runController(Object(App\Controllers\Environment))
#2 /var/www/html/system/CodeIgniter.php(336): CodeIgniter\CodeIgniter->handleRequest(NULL, Object(Config\Cache), false)
#3 /var/www/html/public/index.php(39): CodeIgniter\CodeIgniter->run()
#4 {main}
ERROR - 2023-11-15 20:34:27 --> Unknown column 'app' in 'where clause'
CRITICAL - 2023-11-15 20:34:27 --> Call to a member function getResultArray() on bool
#0 /var/www/html/system/CodeIgniter.php(928): App\Controllers\Environment->newenvironment('app-assets', 'images', 'portrait', 'small', 'avatar-s-6.jpg')
#1 /var/www/html/system/CodeIgniter.php(436): CodeIgniter\CodeIgniter->runController(Object(App\Controllers\Environment))
#2 /var/www/html/system/CodeIgniter.php(336): CodeIgniter\CodeIgniter->handleRequest(NULL, Object(Config\Cache), false)
#3 /var/www/html/public/index.php(39): CodeIgniter\CodeIgniter->run()
#4 {main}
ERROR - 2023-11-15 20:34:27 --> Unknown column 'app' in 'where clause'
CRITICAL - 2023-11-15 20:34:27 --> Call to a member function getResultArray() on bool
#0 /var/www/html/system/CodeIgniter.php(928): App\Controllers\Environment->newenvironment('app-assets', 'images', 'portrait', 'small', 'avatar-s-8.jpg')
#1 /var/www/html/system/CodeIgniter.php(436): CodeIgniter\CodeIgniter->runController(Object(App\Controllers\Environment))
#2 /var/www/html/system/CodeIgniter.php(336): CodeIgniter\CodeIgniter->handleRequest(NULL, Object(Config\Cache), false)
#3 /var/www/html/public/index.php(39): CodeIgniter\CodeIgniter->run()
#4 {main}
ERROR - 2023-11-15 20:34:28 --> Unknown column 'app' in 'where clause'
CRITICAL - 2023-11-15 20:34:28 --> Call to a member function getResultArray() on bool
#0 /var/www/html/system/CodeIgniter.php(928): App\Controllers\Environment->newenvironment('app-assets', 'images', 'icons', 'pdf.png')
#1 /var/www/html/system/CodeIgniter.php(436): CodeIgniter\CodeIgniter->runController(Object(App\Controllers\Environment))
#2 /var/www/html/system/CodeIgniter.php(336): CodeIgniter\CodeIgniter->handleRequest(NULL, Object(Config\Cache), false)
#3 /var/www/html/public/index.php(39): CodeIgniter\CodeIgniter->run()
#4 {main}
ERROR - 2023-11-15 20:34:28 --> Unknown column 'app' in 'where clause'
CRITICAL - 2023-11-15 20:34:28 --> Call to a member function getResultArray() on bool
#0 /var/www/html/system/CodeIgniter.php(928): App\Controllers\Environment->newenvironment('app-assets', 'images', 'portrait', 'small', 'avatar-s-1.jpg')
#1 /var/www/html/system/CodeIgniter.php(436): CodeIgniter\CodeIgniter->runController(Object(App\Controllers\Environment))
#2 /var/www/html/system/CodeIgniter.php(336): CodeIgniter\CodeIgniter->handleRequest(NULL, Object(Config\Cache), false)
#3 /var/www/html/public/index.php(39): CodeIgniter\CodeIgniter->run()
#4 {main}
ERROR - 2023-11-15 20:34:28 --> Unknown column 'app' in 'where clause'
CRITICAL - 2023-11-15 20:34:28 --> Call to a member function getResultArray() on bool
#0 /var/www/html/system/CodeIgniter.php(928): App\Controllers\Environment->newenvironment('app-assets', 'images', 'portrait', 'small', 'avatar-s-14.jpg')
#1 /var/www/html/system/CodeIgniter.php(436): CodeIgniter\CodeIgniter->runController(Object(App\Controllers\Environment))
#2 /var/www/html/system/CodeIgniter.php(336): CodeIgniter\CodeIgniter->handleRequest(NULL, Object(Config\Cache), false)
#3 /var/www/html/public/index.php(39): CodeIgniter\CodeIgniter->run()
#4 {main}
ERROR - 2023-11-15 20:34:28 --> Unknown column 'app' in 'where clause'
CRITICAL - 2023-11-15 20:34:28 --> Call to a member function getResultArray() on bool
#0 /var/www/html/system/CodeIgniter.php(928): App\Controllers\Environment->newenvironment('app-assets', 'images', 'icons', 'doc.png')
#1 /var/www/html/system/CodeIgniter.php(436): CodeIgniter\CodeIgniter->runController(Object(App\Controllers\Environment))
#2 /var/www/html/system/CodeIgniter.php(336): CodeIgniter\CodeIgniter->handleRequest(NULL, Object(Config\Cache), false)
#3 /var/www/html/public/index.php(39): CodeIgniter\CodeIgniter->run()
#4 {main}
ERROR - 2023-11-15 20:34:28 --> You have an error in your SQL syntax; check the manual that corresponds to your MariaDB server version for the right syntax to use near '' at line 1
CRITICAL - 2023-11-15 20:34:28 --> Call to a member function getResultArray() on bool
#0 /var/www/html/system/CodeIgniter.php(928): App\Controllers\Environment->newenvironment('17')
#1 /var/www/html/system/CodeIgniter.php(436): CodeIgniter\CodeIgniter->runController(Object(App\Controllers\Environment))
#2 /var/www/html/system/CodeIgniter.php(336): CodeIgniter\CodeIgniter->handleRequest(NULL, Object(Config\Cache), false)
#3 /var/www/html/public/index.php(39): CodeIgniter\CodeIgniter->run()
#4 {main}
CRITICAL - 2023-11-15 20:35:10 --> Division by zero
#0 /var/www/html/app/Controllers/Controlwork.php(549): CodeIgniter\Debug\Exceptions->errorHandler(2, 'Division by zer...', '/var/www/html/a...', 549, Array)
#1 /var/www/html/system/CodeIgniter.php(928): App\Controllers\Controlwork->assessment()
#2 /var/www/html/system/CodeIgniter.php(436): CodeIgniter\CodeIgniter->runController(Object(App\Controllers\Controlwork))
#3 /var/www/html/system/CodeIgniter.php(336): CodeIgniter\CodeIgniter->handleRequest(NULL, Object(Config\Cache), false)
#4 /var/www/html/public/index.php(39): CodeIgniter\CodeIgniter->run()
#5 {main}
ERROR - 2023-11-15 20:35:19 --> Unknown column 'app' in 'where clause'
CRITICAL - 2023-11-15 20:35:19 --> Call to a member function getResultArray() on bool
#0 /var/www/html/system/CodeIgniter.php(928): App\Controllers\Environment->newenvironment('app-assets', 'images', 'icons', 'xls.png')
#1 /var/www/html/system/CodeIgniter.php(436): CodeIgniter\CodeIgniter->runController(Object(App\Controllers\Environment))
#2 /var/www/html/system/CodeIgniter.php(336): CodeIgniter\CodeIgniter->handleRequest(NULL, Object(Config\Cache), false)
#3 /var/www/html/public/index.php(39): CodeIgniter\CodeIgniter->run()
#4 {main}
ERROR - 2023-11-15 20:35:27 --> Unknown column 'app' in 'where clause'
CRITICAL - 2023-11-15 20:35:27 --> Call to a member function getResultArray() on bool
#0 /var/www/html/system/CodeIgniter.php(928): App\Controllers\Environment->newenvironment('app-assets', 'images', 'icons', 'jpg.png')
#1 /var/www/html/system/CodeIgniter.php(436): CodeIgniter\CodeIgniter->runController(Object(App\Controllers\Environment))
#2 /var/www/html/system/CodeIgniter.php(336): CodeIgniter\CodeIgniter->handleRequest(NULL, Object(Config\Cache), false)
#3 /var/www/html/public/index.php(39): CodeIgniter\CodeIgniter->run()
#4 {main}
ERROR - 2023-11-15 20:35:29 --> Unknown column 'app' in 'where clause'
CRITICAL - 2023-11-15 20:35:29 --> Call to a member function getResultArray() on bool
#0 /var/www/html/system/CodeIgniter.php(928): App\Controllers\Environment->newenvironment('app-assets', 'images', 'icons', 'pdf.png')
#1 /var/www/html/system/CodeIgniter.php(436): CodeIgniter\CodeIgniter->runController(Object(App\Controllers\Environment))
#2 /var/www/html/system/CodeIgniter.php(336): CodeIgniter\CodeIgniter->handleRequest(NULL, Object(Config\Cache), false)
#3 /var/www/html/public/index.php(39): CodeIgniter\CodeIgniter->run()
#4 {main}
CRITICAL - 2023-11-15 20:35:30 --> Division by zero
#0 /var/www/html/app/Controllers/Controlwork.php(549): CodeIgniter\Debug\Exceptions->errorHandler(2, 'Division by zer...', '/var/www/html/a...', 549, Array)
#1 /var/www/html/system/CodeIgniter.php(928): App\Controllers\Controlwork->assessment()
#2 /var/www/html/system/CodeIgniter.php(436): CodeIgniter\CodeIgniter->runController(Object(App\Controllers\Controlwork))
#3 /var/www/html/system/CodeIgniter.php(336): CodeIgniter\CodeIgniter->handleRequest(NULL, Object(Config\Cache), false)
#4 /var/www/html/public/index.php(39): CodeIgniter\CodeIgniter->run()
#5 {main}
ERROR - 2023-11-15 20:35:37 --> Unknown column 'app' in 'where clause'
CRITICAL - 2023-11-15 20:35:37 --> Call to a member function getResultArray() on bool
#0 /var/www/html/system/CodeIgniter.php(928): App\Controllers\Environment->newenvironment('app-assets', 'images', 'icons', 'xls.png')
#1 /var/www/html/system/CodeIgniter.php(436): CodeIgniter\CodeIgniter->runController(Object(App\Controllers\Environment))
#2 /var/www/html/system/CodeIgniter.php(336): CodeIgniter\CodeIgniter->handleRequest(NULL, Object(Config\Cache), false)
#3 /var/www/html/public/index.php(39): CodeIgniter\CodeIgniter->run()
#4 {main}
ERROR - 2023-11-15 20:35:38 --> Unknown column 'app' in 'where clause'
CRITICAL - 2023-11-15 20:35:38 --> Call to a member function getResultArray() on bool
#0 /var/www/html/system/CodeIgniter.php(928): App\Controllers\Environment->newenvironment('app-assets', 'images', 'icons', 'jpg.png')
#1 /var/www/html/system/CodeIgniter.php(436): CodeIgniter\CodeIgniter->runController(Object(App\Controllers\Environment))
#2 /var/www/html/system/CodeIgniter.php(336): CodeIgniter\CodeIgniter->handleRequest(NULL, Object(Config\Cache), false)
#3 /var/www/html/public/index.php(39): CodeIgniter\CodeIgniter->run()
#4 {main}
CRITICAL - 2023-11-15 20:35:51 --> Division by zero
#0 /var/www/html/app/Controllers/Controlwork.php(549): CodeIgniter\Debug\Exceptions->errorHandler(2, 'Division by zer...', '/var/www/html/a...', 549, Array)
#1 /var/www/html/system/CodeIgniter.php(928): App\Controllers\Controlwork->assessment()
#2 /var/www/html/system/CodeIgniter.php(436): CodeIgniter\CodeIgniter->runController(Object(App\Controllers\Controlwork))
#3 /var/www/html/system/CodeIgniter.php(336): CodeIgniter\CodeIgniter->handleRequest(NULL, Object(Config\Cache), false)
#4 /var/www/html/public/index.php(39): CodeIgniter\CodeIgniter->run()
#5 {main}
CRITICAL - 2023-11-15 20:35:51 --> Division by zero
#0 /var/www/html/app/Controllers/Controlwork.php(549): CodeIgniter\Debug\Exceptions->errorHandler(2, 'Division by zer...', '/var/www/html/a...', 549, Array)
#1 /var/www/html/system/CodeIgniter.php(928): App\Controllers\Controlwork->assessment()
#2 /var/www/html/system/CodeIgniter.php(436): CodeIgniter\CodeIgniter->runController(Object(App\Controllers\Controlwork))
#3 /var/www/html/system/CodeIgniter.php(336): CodeIgniter\CodeIgniter->handleRequest(NULL, Object(Config\Cache), false)
#4 /var/www/html/public/index.php(39): CodeIgniter\CodeIgniter->run()
#5 {main}
CRITICAL - 2023-11-15 20:37:41 --> Division by zero
#0 /var/www/html/app/Controllers/Controlwork.php(549): CodeIgniter\Debug\Exceptions->errorHandler(2, 'Division by zer...', '/var/www/html/a...', 549, Array)
#1 /var/www/html/system/CodeIgniter.php(928): App\Controllers\Controlwork->assessment()
#2 /var/www/html/system/CodeIgniter.php(436): CodeIgniter\CodeIgniter->runController(Object(App\Controllers\Controlwork))
#3 /var/www/html/system/CodeIgniter.php(336): CodeIgniter\CodeIgniter->handleRequest(NULL, Object(Config\Cache), false)
#4 /var/www/html/public/index.php(39): CodeIgniter\CodeIgniter->run()
#5 {main}
