ERROR - 2023-09-02 11:43:19 --> You have an error in your SQL syntax; check the manual that corresponds to your MariaDB server version for the right syntax to use near ')
AND `status` = 1' at line 3
CRITICAL - 2023-09-02 11:43:19 --> Call to a member function getResult() on bool
#0 /var/www/html/system/BaseModel.php(603): CodeIgniter\Model->doFindAll(0, 0)
#1 /var/www/html/app/Controllers/SupplierModule.php(1286): CodeIgniter\BaseModel->findAll()
#2 /var/www/html/system/CodeIgniter.php(928): App\Controllers\SupplierModule->getSupplierModuleBrandItemByRole('10', '1')
#3 /var/www/html/system/CodeIgniter.php(436): CodeIgniter\CodeIgniter->runController(Object(App\Controllers\SupplierModule))
#4 /var/www/html/system/CodeIgniter.php(336): CodeIgniter\CodeIgniter->handleRequest(NULL, Object(Config\Cache), false)
#5 /var/www/html/index.php(37): CodeIgniter\CodeIgniter->run()
#6 {main}
CRITICAL - 2023-09-02 14:01:52 --> Illegal string offset 'id'
#0 /var/www/html/app/Views/brand/include/menu.php(188): CodeIgniter\Debug\Exceptions->errorHandler(2, 'Illegal string ...', '/var/www/html/a...', 188, Array)
#1 /var/www/html/system/View/View.php(230): include('/var/www/html/a...')
#2 /var/www/html/system/View/View.php(232): CodeIgniter\View\View->CodeIgniter\View\{closure}()
#3 /var/www/html/system/View/View.php(487): CodeIgniter\View\View->render('brand/include/m...', NULL, true)
#4 /var/www/html/app/Views/brand/layout/master-page.php(538): CodeIgniter\View\View->include('brand/include/m...')
#5 /var/www/html/system/View/View.php(230): include('/var/www/html/a...')
#6 /var/www/html/system/View/View.php(232): CodeIgniter\View\View->CodeIgniter\View\{closure}()
#7 /var/www/html/system/View/View.php(246): CodeIgniter\View\View->render('brand/layout/ma...', Array, true)
#8 /var/www/html/system/Common.php(1271): CodeIgniter\View\View->render('brand/latestcon...', Array, true)
#9 /var/www/html/app/Controllers/Brand.php(21866): view('brand/latestcon...', Array)
#10 /var/www/html/system/CodeIgniter.php(928): App\Controllers\Brand->manage_organization()
#11 /var/www/html/system/CodeIgniter.php(436): CodeIgniter\CodeIgniter->runController(Object(App\Controllers\Brand))
#12 /var/www/html/system/CodeIgniter.php(336): CodeIgniter\CodeIgniter->handleRequest(NULL, Object(Config\Cache), false)
#13 /var/www/html/index.php(37): CodeIgniter\CodeIgniter->run()
#14 {main}
CRITICAL - 2023-09-02 14:02:11 --> Illegal string offset 'id'
#0 /var/www/html/app/Views/brand/include/menu.php(188): CodeIgniter\Debug\Exceptions->errorHandler(2, 'Illegal string ...', '/var/www/html/a...', 188, Array)
#1 /var/www/html/system/View/View.php(230): include('/var/www/html/a...')
#2 /var/www/html/system/View/View.php(232): CodeIgniter\View\View->CodeIgniter\View\{closure}()
#3 /var/www/html/system/View/View.php(487): CodeIgniter\View\View->render('brand/include/m...', NULL, true)
#4 /var/www/html/app/Views/brand/layout/master-page.php(538): CodeIgniter\View\View->include('brand/include/m...')
#5 /var/www/html/system/View/View.php(230): include('/var/www/html/a...')
#6 /var/www/html/system/View/View.php(232): CodeIgniter\View\View->CodeIgniter\View\{closure}()
#7 /var/www/html/system/View/View.php(246): CodeIgniter\View\View->render('brand/layout/ma...', Array, true)
#8 /var/www/html/system/Common.php(1271): CodeIgniter\View\View->render('brand/latestcon...', Array, true)
#9 /var/www/html/app/Controllers/Brand.php(21866): view('brand/latestcon...', Array)
#10 /var/www/html/system/CodeIgniter.php(928): App\Controllers\Brand->manage_organization()
#11 /var/www/html/system/CodeIgniter.php(436): CodeIgniter\CodeIgniter->runController(Object(App\Controllers\Brand))
#12 /var/www/html/system/CodeIgniter.php(336): CodeIgniter\CodeIgniter->handleRequest(NULL, Object(Config\Cache), false)
#13 /var/www/html/index.php(37): CodeIgniter\CodeIgniter->run()
#14 {main}
CRITICAL - 2023-09-02 14:12:55 --> array_search() expects parameter 2 to be array, string given
#0 [internal function]: CodeIgniter\Debug\Exceptions->errorHandler(2, 'array_search() ...', '/var/www/html/a...', 163, Array)
#1 /var/www/html/app/Views/brand/include/menu.php(163): array_search('53', '45')
#2 /var/www/html/system/View/View.php(230): include('/var/www/html/a...')
#3 /var/www/html/system/View/View.php(232): CodeIgniter\View\View->CodeIgniter\View\{closure}()
#4 /var/www/html/system/View/View.php(487): CodeIgniter\View\View->render('brand/include/m...', NULL, true)
#5 /var/www/html/app/Views/brand/layout/master-page.php(538): CodeIgniter\View\View->include('brand/include/m...')
#6 /var/www/html/system/View/View.php(230): include('/var/www/html/a...')
#7 /var/www/html/system/View/View.php(232): CodeIgniter\View\View->CodeIgniter\View\{closure}()
#8 /var/www/html/system/View/View.php(246): CodeIgniter\View\View->render('brand/layout/ma...', Array, true)
#9 /var/www/html/system/Common.php(1271): CodeIgniter\View\View->render('brand/latestcon...', Array, true)
#10 /var/www/html/app/Controllers/Brand.php(21866): view('brand/latestcon...', Array)
#11 /var/www/html/system/CodeIgniter.php(928): App\Controllers\Brand->manage_organization()
#12 /var/www/html/system/CodeIgniter.php(436): CodeIgniter\CodeIgniter->runController(Object(App\Controllers\Brand))
#13 /var/www/html/system/CodeIgniter.php(336): CodeIgniter\CodeIgniter->handleRequest(NULL, Object(Config\Cache), false)
#14 /var/www/html/index.php(37): CodeIgniter\CodeIgniter->run()
#15 {main}
