CRITICAL - 2023-09-27 11:46:18 --> syntax error, unexpected '$url' (T_VARIABLE)
#0 /var/www/html/system/Autoloader/Autoloader.php(273): CodeIgniter\Autoloader\Autoloader->includeFile('/var/www/html/a...')
#1 /var/www/html/system/Autoloader/Autoloader.php(247): CodeIgniter\Autoloader\Autoloader->loadInNamespace('App\\Controllers...')
#2 [internal function]: CodeIgniter\Autoloader\Autoloader->loadClass('App\\Controllers...')
#3 [internal function]: spl_autoload_call('App\\Controllers...')
#4 /var/www/html/system/CodeIgniter.php(885): class_exists('\\App\\Controller...', true)
#5 /var/www/html/system/CodeIgniter.php(421): CodeIgniter\CodeIgniter->startController()
#6 /var/www/html/system/CodeIgniter.php(336): CodeIgniter\CodeIgniter->handleRequest(NULL, Object(Config\Cache), false)
#7 /var/www/html/index.php(37): CodeIgniter\CodeIgniter->run()
#8 {main}
CRITICAL - 2023-09-27 12:09:33 --> Call to a member function findAll() on array
#0 /var/www/html/system/CodeIgniter.php(928): App\Controllers\MarketPlace->get_data_api()
#1 /var/www/html/system/CodeIgniter.php(436): CodeIgniter\CodeIgniter->runController(Object(App\Controllers\MarketPlace))
#2 /var/www/html/system/CodeIgniter.php(336): CodeIgniter\CodeIgniter->handleRequest(NULL, Object(Config\Cache), false)
#3 /var/www/html/index.php(37): CodeIgniter\CodeIgniter->run()
#4 {main}
CRITICAL - 2023-09-27 12:09:43 --> Call to a member function findAll() on array
#0 /var/www/html/system/CodeIgniter.php(928): App\Controllers\MarketPlace->get_data_api()
#1 /var/www/html/system/CodeIgniter.php(436): CodeIgniter\CodeIgniter->runController(Object(App\Controllers\MarketPlace))
#2 /var/www/html/system/CodeIgniter.php(336): CodeIgniter\CodeIgniter->handleRequest(NULL, Object(Config\Cache), false)
#3 /var/www/html/index.php(37): CodeIgniter\CodeIgniter->run()
#4 {main}
CRITICAL - 2023-09-27 12:28:50 --> Call to a member function findAll() on array
#0 /var/www/html/system/CodeIgniter.php(928): App\Controllers\MarketPlace->get_data_api()
#1 /var/www/html/system/CodeIgniter.php(436): CodeIgniter\CodeIgniter->runController(Object(App\Controllers\MarketPlace))
#2 /var/www/html/system/CodeIgniter.php(336): CodeIgniter\CodeIgniter->handleRequest(NULL, Object(Config\Cache), false)
#3 /var/www/html/index.php(37): CodeIgniter\CodeIgniter->run()
#4 {main}
ERROR - 2023-09-27 15:02:24 --> Error connecting to the database: Connection refused
CRITICAL - 2023-09-27 15:02:24 --> Unable to connect to the database.
Main connection [MySQLi]: Connection refused
#0 /var/www/html/system/Database/BaseConnection.php(625): CodeIgniter\Database\BaseConnection->initialize()
#1 /var/www/html/system/Database/BaseBuilder.php(1881): CodeIgniter\Database\BaseConnection->query('SELECT `supplie...', Array, false)
#2 /var/www/html/system/Model.php(228): CodeIgniter\Database\BaseBuilder->get()
#3 /var/www/html/system/BaseModel.php(644): CodeIgniter\Model->doFirst()
#4 /var/www/html/app/Helpers/menu_helper.php(76): CodeIgniter\BaseModel->first()
#5 /var/www/html/app/Controllers/MarketPlace.php(226): SidebarData()
#6 /var/www/html/system/CodeIgniter.php(928): App\Controllers\MarketPlace->company_data('app-assets', 'images', 'portrait', 'small', 'avatar-s-6.jpg')
#7 /var/www/html/system/CodeIgniter.php(436): CodeIgniter\CodeIgniter->runController(Object(App\Controllers\MarketPlace))
#8 /var/www/html/system/CodeIgniter.php(336): CodeIgniter\CodeIgniter->handleRequest(NULL, Object(Config\Cache), false)
#9 /var/www/html/index.php(37): CodeIgniter\CodeIgniter->run()
#10 {main}
ERROR - 2023-09-27 15:02:25 --> Error connecting to the database: Connection refused
CRITICAL - 2023-09-27 15:02:25 --> Unable to connect to the database.
Main connection [MySQLi]: Connection refused
#0 /var/www/html/system/Database/BaseConnection.php(625): CodeIgniter\Database\BaseConnection->initialize()
#1 /var/www/html/system/Database/BaseBuilder.php(1881): CodeIgniter\Database\BaseConnection->query('SELECT `supplie...', Array, false)
#2 /var/www/html/system/Model.php(228): CodeIgniter\Database\BaseBuilder->get()
#3 /var/www/html/system/BaseModel.php(644): CodeIgniter\Model->doFirst()
#4 /var/www/html/app/Helpers/menu_helper.php(76): CodeIgniter\BaseModel->first()
#5 /var/www/html/app/Controllers/MarketPlace.php(226): SidebarData()
#6 /var/www/html/system/CodeIgniter.php(928): App\Controllers\MarketPlace->company_data('app-assets', 'images', 'icons', 'pdf.png')
#7 /var/www/html/system/CodeIgniter.php(436): CodeIgniter\CodeIgniter->runController(Object(App\Controllers\MarketPlace))
#8 /var/www/html/system/CodeIgniter.php(336): CodeIgniter\CodeIgniter->handleRequest(NULL, Object(Config\Cache), false)
#9 /var/www/html/index.php(37): CodeIgniter\CodeIgniter->run()
#10 {main}
ERROR - 2023-09-27 15:02:25 --> Error connecting to the database: Connection refused
CRITICAL - 2023-09-27 15:02:25 --> Unable to connect to the database.
Main connection [MySQLi]: Connection refused
#0 /var/www/html/system/Database/BaseConnection.php(625): CodeIgniter\Database\BaseConnection->initialize()
#1 /var/www/html/system/Database/BaseBuilder.php(1881): CodeIgniter\Database\BaseConnection->query('SELECT `supplie...', Array, false)
#2 /var/www/html/system/Model.php(228): CodeIgniter\Database\BaseBuilder->get()
#3 /var/www/html/system/BaseModel.php(644): CodeIgniter\Model->doFirst()
#4 /var/www/html/app/Helpers/menu_helper.php(76): CodeIgniter\BaseModel->first()
#5 /var/www/html/app/Controllers/MarketPlace.php(226): SidebarData()
#6 /var/www/html/system/CodeIgniter.php(928): App\Controllers\MarketPlace->company_data('app-assets', 'images', 'portrait', 'small', 'avatar-s-1.jpg')
#7 /var/www/html/system/CodeIgniter.php(436): CodeIgniter\CodeIgniter->runController(Object(App\Controllers\MarketPlace))
#8 /var/www/html/system/CodeIgniter.php(336): CodeIgniter\CodeIgniter->handleRequest(NULL, Object(Config\Cache), false)
#9 /var/www/html/index.php(37): CodeIgniter\CodeIgniter->run()
#10 {main}
ERROR - 2023-09-27 15:02:25 --> Error connecting to the database: Connection refused
CRITICAL - 2023-09-27 15:02:25 --> Unable to connect to the database.
Main connection [MySQLi]: Connection refused
#0 /var/www/html/system/Database/BaseConnection.php(625): CodeIgniter\Database\BaseConnection->initialize()
#1 /var/www/html/system/Database/BaseBuilder.php(1881): CodeIgniter\Database\BaseConnection->query('SELECT `supplie...', Array, false)
#2 /var/www/html/system/Model.php(228): CodeIgniter\Database\BaseBuilder->get()
#3 /var/www/html/system/BaseModel.php(644): CodeIgniter\Model->doFirst()
#4 /var/www/html/app/Helpers/menu_helper.php(76): CodeIgniter\BaseModel->first()
#5 /var/www/html/app/Controllers/MarketPlace.php(226): SidebarData()
#6 /var/www/html/system/CodeIgniter.php(928): App\Controllers\MarketPlace->company_data('app-assets', 'images', 'icons', 'jpg.png')
#7 /var/www/html/system/CodeIgniter.php(436): CodeIgniter\CodeIgniter->runController(Object(App\Controllers\MarketPlace))
#8 /var/www/html/system/CodeIgniter.php(336): CodeIgniter\CodeIgniter->handleRequest(NULL, Object(Config\Cache), false)
#9 /var/www/html/index.php(37): CodeIgniter\CodeIgniter->run()
#10 {main}
ERROR - 2023-09-27 15:02:25 --> Error connecting to the database: Connection refused
CRITICAL - 2023-09-27 15:02:25 --> Unable to connect to the database.
Main connection [MySQLi]: Connection refused
#0 /var/www/html/system/Database/BaseConnection.php(625): CodeIgniter\Database\BaseConnection->initialize()
#1 /var/www/html/system/Database/BaseBuilder.php(1881): CodeIgniter\Database\BaseConnection->query('SELECT `supplie...', Array, false)
#2 /var/www/html/system/Model.php(228): CodeIgniter\Database\BaseBuilder->get()
#3 /var/www/html/system/BaseModel.php(644): CodeIgniter\Model->doFirst()
#4 /var/www/html/app/Helpers/menu_helper.php(76): CodeIgniter\BaseModel->first()
#5 /var/www/html/app/Controllers/MarketPlace.php(226): SidebarData()
#6 /var/www/html/system/CodeIgniter.php(928): App\Controllers\MarketPlace->company_data('app-assets', 'images', 'icons', 'doc.png')
#7 /var/www/html/system/CodeIgniter.php(436): CodeIgniter\CodeIgniter->runController(Object(App\Controllers\MarketPlace))
#8 /var/www/html/system/CodeIgniter.php(336): CodeIgniter\CodeIgniter->handleRequest(NULL, Object(Config\Cache), false)
#9 /var/www/html/index.php(37): CodeIgniter\CodeIgniter->run()
#10 {main}
ERROR - 2023-09-27 15:02:25 --> Error connecting to the database: Connection refused
CRITICAL - 2023-09-27 15:02:25 --> Unable to connect to the database.
Main connection [MySQLi]: Connection refused
#0 /var/www/html/system/Database/BaseConnection.php(625): CodeIgniter\Database\BaseConnection->initialize()
#1 /var/www/html/system/Database/BaseBuilder.php(1881): CodeIgniter\Database\BaseConnection->query('SELECT `supplie...', Array, false)
#2 /var/www/html/system/Model.php(228): CodeIgniter\Database\BaseBuilder->get()
#3 /var/www/html/system/BaseModel.php(644): CodeIgniter\Model->doFirst()
#4 /var/www/html/app/Helpers/menu_helper.php(76): CodeIgniter\BaseModel->first()
#5 /var/www/html/app/Controllers/MarketPlace.php(226): SidebarData()
#6 /var/www/html/system/CodeIgniter.php(928): App\Controllers\MarketPlace->company_data('app-assets', 'images', 'portrait', 'small', 'avatar-s-14.jpg')
#7 /var/www/html/system/CodeIgniter.php(436): CodeIgniter\CodeIgniter->runController(Object(App\Controllers\MarketPlace))
#8 /var/www/html/system/CodeIgniter.php(336): CodeIgniter\CodeIgniter->handleRequest(NULL, Object(Config\Cache), false)
#9 /var/www/html/index.php(37): CodeIgniter\CodeIgniter->run()
#10 {main}
ERROR - 2023-09-27 15:02:25 --> Error connecting to the database: Connection refused
CRITICAL - 2023-09-27 15:02:25 --> Unable to connect to the database.
Main connection [MySQLi]: Connection refused
#0 /var/www/html/system/Database/BaseConnection.php(625): CodeIgniter\Database\BaseConnection->initialize()
#1 /var/www/html/system/Database/BaseBuilder.php(1881): CodeIgniter\Database\BaseConnection->query('SELECT `supplie...', Array, false)
#2 /var/www/html/system/Model.php(228): CodeIgniter\Database\BaseBuilder->get()
#3 /var/www/html/system/BaseModel.php(644): CodeIgniter\Model->doFirst()
#4 /var/www/html/app/Helpers/menu_helper.php(76): CodeIgniter\BaseModel->first()
#5 /var/www/html/app/Controllers/MarketPlace.php(226): SidebarData()
#6 /var/www/html/system/CodeIgniter.php(928): App\Controllers\MarketPlace->company_data('app-assets', 'images', 'portrait', 'small', 'avatar-s-8.jpg')
#7 /var/www/html/system/CodeIgniter.php(436): CodeIgniter\CodeIgniter->runController(Object(App\Controllers\MarketPlace))
#8 /var/www/html/system/CodeIgniter.php(336): CodeIgniter\CodeIgniter->handleRequest(NULL, Object(Config\Cache), false)
#9 /var/www/html/index.php(37): CodeIgniter\CodeIgniter->run()
#10 {main}
CRITICAL - 2023-09-27 21:13:13 --> Invalid file: front/login.php
#0 /var/www/html/system/View/View.php(213): CodeIgniter\Exceptions\FrameworkException::forInvalidFile('front/login.php')
#1 /var/www/html/system/Common.php(1271): CodeIgniter\View\View->render('front/login', Array, true)
#2 /var/www/html/app/Controllers/Home.php(114): view('front/login')
#3 /var/www/html/system/CodeIgniter.php(928): App\Controllers\Home->login()
#4 /var/www/html/system/CodeIgniter.php(436): CodeIgniter\CodeIgniter->runController(Object(App\Controllers\Home))
#5 /var/www/html/system/CodeIgniter.php(336): CodeIgniter\CodeIgniter->handleRequest(NULL, Object(Config\Cache), false)
#6 /var/www/html/index.php(37): CodeIgniter\CodeIgniter->run()
#7 {main}
CRITICAL - 2023-09-27 23:38:11 --> Invalid argument supplied for foreach()
#0 /var/www/html/app/Controllers/MarketPlace.php(127): CodeIgniter\Debug\Exceptions->errorHandler(2, 'Invalid argumen...', '/var/www/html/a...', 127, Array)
#1 /var/www/html/app/Controllers/MarketPlace.php(137): App\Controllers\findComponent(NULL, 'locality')
#2 /var/www/html/system/CodeIgniter.php(928): App\Controllers\MarketPlace->get_data_api()
#3 /var/www/html/system/CodeIgniter.php(436): CodeIgniter\CodeIgniter->runController(Object(App\Controllers\MarketPlace))
#4 /var/www/html/system/CodeIgniter.php(336): CodeIgniter\CodeIgniter->handleRequest(NULL, Object(Config\Cache), false)
#5 /var/www/html/index.php(37): CodeIgniter\CodeIgniter->run()
#6 {main}
CRITICAL - 2023-09-27 23:38:14 --> Invalid argument supplied for foreach()
#0 /var/www/html/app/Controllers/MarketPlace.php(127): CodeIgniter\Debug\Exceptions->errorHandler(2, 'Invalid argumen...', '/var/www/html/a...', 127, Array)
#1 /var/www/html/app/Controllers/MarketPlace.php(137): App\Controllers\findComponent(NULL, 'locality')
#2 /var/www/html/system/CodeIgniter.php(928): App\Controllers\MarketPlace->get_data_api()
#3 /var/www/html/system/CodeIgniter.php(436): CodeIgniter\CodeIgniter->runController(Object(App\Controllers\MarketPlace))
#4 /var/www/html/system/CodeIgniter.php(336): CodeIgniter\CodeIgniter->handleRequest(NULL, Object(Config\Cache), false)
#5 /var/www/html/index.php(37): CodeIgniter\CodeIgniter->run()
#6 {main}
CRITICAL - 2023-09-27 23:38:14 --> Invalid argument supplied for foreach()
#0 /var/www/html/app/Controllers/MarketPlace.php(127): CodeIgniter\Debug\Exceptions->errorHandler(2, 'Invalid argumen...', '/var/www/html/a...', 127, Array)
#1 /var/www/html/app/Controllers/MarketPlace.php(137): App\Controllers\findComponent(NULL, 'locality')
#2 /var/www/html/system/CodeIgniter.php(928): App\Controllers\MarketPlace->get_data_api()
#3 /var/www/html/system/CodeIgniter.php(436): CodeIgniter\CodeIgniter->runController(Object(App\Controllers\MarketPlace))
#4 /var/www/html/system/CodeIgniter.php(336): CodeIgniter\CodeIgniter->handleRequest(NULL, Object(Config\Cache), false)
#5 /var/www/html/index.php(37): CodeIgniter\CodeIgniter->run()
#6 {main}
CRITICAL - 2023-09-27 23:38:18 --> Invalid argument supplied for foreach()
#0 /var/www/html/app/Controllers/MarketPlace.php(127): CodeIgniter\Debug\Exceptions->errorHandler(2, 'Invalid argumen...', '/var/www/html/a...', 127, Array)
#1 /var/www/html/app/Controllers/MarketPlace.php(137): App\Controllers\findComponent(NULL, 'locality')
#2 /var/www/html/system/CodeIgniter.php(928): App\Controllers\MarketPlace->get_data_api()
#3 /var/www/html/system/CodeIgniter.php(436): CodeIgniter\CodeIgniter->runController(Object(App\Controllers\MarketPlace))
#4 /var/www/html/system/CodeIgniter.php(336): CodeIgniter\CodeIgniter->handleRequest(NULL, Object(Config\Cache), false)
#5 /var/www/html/index.php(37): CodeIgniter\CodeIgniter->run()
#6 {main}
CRITICAL - 2023-09-27 23:38:18 --> Invalid argument supplied for foreach()
#0 /var/www/html/app/Controllers/MarketPlace.php(127): CodeIgniter\Debug\Exceptions->errorHandler(2, 'Invalid argumen...', '/var/www/html/a...', 127, Array)
#1 /var/www/html/app/Controllers/MarketPlace.php(137): App\Controllers\findComponent(NULL, 'locality')
#2 /var/www/html/system/CodeIgniter.php(928): App\Controllers\MarketPlace->get_data_api()
#3 /var/www/html/system/CodeIgniter.php(436): CodeIgniter\CodeIgniter->runController(Object(App\Controllers\MarketPlace))
#4 /var/www/html/system/CodeIgniter.php(336): CodeIgniter\CodeIgniter->handleRequest(NULL, Object(Config\Cache), false)
#5 /var/www/html/index.php(37): CodeIgniter\CodeIgniter->run()
#6 {main}
CRITICAL - 2023-09-27 23:38:30 --> Invalid argument supplied for foreach()
#0 /var/www/html/app/Controllers/MarketPlace.php(127): CodeIgniter\Debug\Exceptions->errorHandler(2, 'Invalid argumen...', '/var/www/html/a...', 127, Array)
#1 /var/www/html/app/Controllers/MarketPlace.php(137): App\Controllers\findComponent(NULL, 'locality')
#2 /var/www/html/system/CodeIgniter.php(928): App\Controllers\MarketPlace->get_data_api()
#3 /var/www/html/system/CodeIgniter.php(436): CodeIgniter\CodeIgniter->runController(Object(App\Controllers\MarketPlace))
#4 /var/www/html/system/CodeIgniter.php(336): CodeIgniter\CodeIgniter->handleRequest(NULL, Object(Config\Cache), false)
#5 /var/www/html/index.php(37): CodeIgniter\CodeIgniter->run()
#6 {main}
CRITICAL - 2023-09-27 23:38:31 --> Invalid argument supplied for foreach()
#0 /var/www/html/app/Controllers/MarketPlace.php(127): CodeIgniter\Debug\Exceptions->errorHandler(2, 'Invalid argumen...', '/var/www/html/a...', 127, Array)
#1 /var/www/html/app/Controllers/MarketPlace.php(137): App\Controllers\findComponent(NULL, 'locality')
#2 /var/www/html/system/CodeIgniter.php(928): App\Controllers\MarketPlace->get_data_api()
#3 /var/www/html/system/CodeIgniter.php(436): CodeIgniter\CodeIgniter->runController(Object(App\Controllers\MarketPlace))
#4 /var/www/html/system/CodeIgniter.php(336): CodeIgniter\CodeIgniter->handleRequest(NULL, Object(Config\Cache), false)
#5 /var/www/html/index.php(37): CodeIgniter\CodeIgniter->run()
#6 {main}
CRITICAL - 2023-09-27 23:39:00 --> Invalid argument supplied for foreach()
#0 /var/www/html/app/Controllers/MarketPlace.php(127): CodeIgniter\Debug\Exceptions->errorHandler(2, 'Invalid argumen...', '/var/www/html/a...', 127, Array)
#1 /var/www/html/app/Controllers/MarketPlace.php(137): App\Controllers\findComponent(NULL, 'locality')
#2 /var/www/html/system/CodeIgniter.php(928): App\Controllers\MarketPlace->get_data_api()
#3 /var/www/html/system/CodeIgniter.php(436): CodeIgniter\CodeIgniter->runController(Object(App\Controllers\MarketPlace))
#4 /var/www/html/system/CodeIgniter.php(336): CodeIgniter\CodeIgniter->handleRequest(NULL, Object(Config\Cache), false)
#5 /var/www/html/index.php(37): CodeIgniter\CodeIgniter->run()
#6 {main}
CRITICAL - 2023-09-27 23:39:00 --> Invalid argument supplied for foreach()
#0 /var/www/html/app/Controllers/MarketPlace.php(127): CodeIgniter\Debug\Exceptions->errorHandler(2, 'Invalid argumen...', '/var/www/html/a...', 127, Array)
#1 /var/www/html/app/Controllers/MarketPlace.php(137): App\Controllers\findComponent(NULL, 'locality')
#2 /var/www/html/system/CodeIgniter.php(928): App\Controllers\MarketPlace->get_data_api()
#3 /var/www/html/system/CodeIgniter.php(436): CodeIgniter\CodeIgniter->runController(Object(App\Controllers\MarketPlace))
#4 /var/www/html/system/CodeIgniter.php(336): CodeIgniter\CodeIgniter->handleRequest(NULL, Object(Config\Cache), false)
#5 /var/www/html/index.php(37): CodeIgniter\CodeIgniter->run()
#6 {main}
CRITICAL - 2023-09-27 23:39:07 --> Invalid argument supplied for foreach()
#0 /var/www/html/app/Controllers/MarketPlace.php(127): CodeIgniter\Debug\Exceptions->errorHandler(2, 'Invalid argumen...', '/var/www/html/a...', 127, Array)
#1 /var/www/html/app/Controllers/MarketPlace.php(137): App\Controllers\findComponent(NULL, 'locality')
#2 /var/www/html/system/CodeIgniter.php(928): App\Controllers\MarketPlace->get_data_api()
#3 /var/www/html/system/CodeIgniter.php(436): CodeIgniter\CodeIgniter->runController(Object(App\Controllers\MarketPlace))
#4 /var/www/html/system/CodeIgniter.php(336): CodeIgniter\CodeIgniter->handleRequest(NULL, Object(Config\Cache), false)
#5 /var/www/html/index.php(37): CodeIgniter\CodeIgniter->run()
#6 {main}
CRITICAL - 2023-09-27 23:39:07 --> Invalid argument supplied for foreach()
#0 /var/www/html/app/Controllers/MarketPlace.php(127): CodeIgniter\Debug\Exceptions->errorHandler(2, 'Invalid argumen...', '/var/www/html/a...', 127, Array)
#1 /var/www/html/app/Controllers/MarketPlace.php(137): App\Controllers\findComponent(NULL, 'locality')
#2 /var/www/html/system/CodeIgniter.php(928): App\Controllers\MarketPlace->get_data_api()
#3 /var/www/html/system/CodeIgniter.php(436): CodeIgniter\CodeIgniter->runController(Object(App\Controllers\MarketPlace))
#4 /var/www/html/system/CodeIgniter.php(336): CodeIgniter\CodeIgniter->handleRequest(NULL, Object(Config\Cache), false)
#5 /var/www/html/index.php(37): CodeIgniter\CodeIgniter->run()
#6 {main}
CRITICAL - 2023-09-27 23:39:17 --> Invalid argument supplied for foreach()
#0 /var/www/html/app/Controllers/MarketPlace.php(127): CodeIgniter\Debug\Exceptions->errorHandler(2, 'Invalid argumen...', '/var/www/html/a...', 127, Array)
#1 /var/www/html/app/Controllers/MarketPlace.php(137): App\Controllers\findComponent(NULL, 'locality')
#2 /var/www/html/system/CodeIgniter.php(928): App\Controllers\MarketPlace->get_data_api()
#3 /var/www/html/system/CodeIgniter.php(436): CodeIgniter\CodeIgniter->runController(Object(App\Controllers\MarketPlace))
#4 /var/www/html/system/CodeIgniter.php(336): CodeIgniter\CodeIgniter->handleRequest(NULL, Object(Config\Cache), false)
#5 /var/www/html/index.php(37): CodeIgniter\CodeIgniter->run()
#6 {main}
CRITICAL - 2023-09-27 23:39:18 --> Invalid argument supplied for foreach()
#0 /var/www/html/app/Controllers/MarketPlace.php(127): CodeIgniter\Debug\Exceptions->errorHandler(2, 'Invalid argumen...', '/var/www/html/a...', 127, Array)
#1 /var/www/html/app/Controllers/MarketPlace.php(137): App\Controllers\findComponent(NULL, 'locality')
#2 /var/www/html/system/CodeIgniter.php(928): App\Controllers\MarketPlace->get_data_api()
#3 /var/www/html/system/CodeIgniter.php(436): CodeIgniter\CodeIgniter->runController(Object(App\Controllers\MarketPlace))
#4 /var/www/html/system/CodeIgniter.php(336): CodeIgniter\CodeIgniter->handleRequest(NULL, Object(Config\Cache), false)
#5 /var/www/html/index.php(37): CodeIgniter\CodeIgniter->run()
#6 {main}
CRITICAL - 2023-09-27 23:39:18 --> Invalid argument supplied for foreach()
#0 /var/www/html/app/Controllers/MarketPlace.php(127): CodeIgniter\Debug\Exceptions->errorHandler(2, 'Invalid argumen...', '/var/www/html/a...', 127, Array)
#1 /var/www/html/app/Controllers/MarketPlace.php(137): App\Controllers\findComponent(NULL, 'locality')
#2 /var/www/html/system/CodeIgniter.php(928): App\Controllers\MarketPlace->get_data_api()
#3 /var/www/html/system/CodeIgniter.php(436): CodeIgniter\CodeIgniter->runController(Object(App\Controllers\MarketPlace))
#4 /var/www/html/system/CodeIgniter.php(336): CodeIgniter\CodeIgniter->handleRequest(NULL, Object(Config\Cache), false)
#5 /var/www/html/index.php(37): CodeIgniter\CodeIgniter->run()
#6 {main}
CRITICAL - 2023-09-27 23:39:19 --> Invalid argument supplied for foreach()
#0 /var/www/html/app/Controllers/MarketPlace.php(127): CodeIgniter\Debug\Exceptions->errorHandler(2, 'Invalid argumen...', '/var/www/html/a...', 127, Array)
#1 /var/www/html/app/Controllers/MarketPlace.php(137): App\Controllers\findComponent(NULL, 'locality')
#2 /var/www/html/system/CodeIgniter.php(928): App\Controllers\MarketPlace->get_data_api()
#3 /var/www/html/system/CodeIgniter.php(436): CodeIgniter\CodeIgniter->runController(Object(App\Controllers\MarketPlace))
#4 /var/www/html/system/CodeIgniter.php(336): CodeIgniter\CodeIgniter->handleRequest(NULL, Object(Config\Cache), false)
#5 /var/www/html/index.php(37): CodeIgniter\CodeIgniter->run()
#6 {main}
CRITICAL - 2023-09-27 23:39:19 --> Invalid argument supplied for foreach()
#0 /var/www/html/app/Controllers/MarketPlace.php(127): CodeIgniter\Debug\Exceptions->errorHandler(2, 'Invalid argumen...', '/var/www/html/a...', 127, Array)
#1 /var/www/html/app/Controllers/MarketPlace.php(137): App\Controllers\findComponent(NULL, 'locality')
#2 /var/www/html/system/CodeIgniter.php(928): App\Controllers\MarketPlace->get_data_api()
#3 /var/www/html/system/CodeIgniter.php(436): CodeIgniter\CodeIgniter->runController(Object(App\Controllers\MarketPlace))
#4 /var/www/html/system/CodeIgniter.php(336): CodeIgniter\CodeIgniter->handleRequest(NULL, Object(Config\Cache), false)
#5 /var/www/html/index.php(37): CodeIgniter\CodeIgniter->run()
#6 {main}
CRITICAL - 2023-09-27 23:39:19 --> Invalid argument supplied for foreach()
#0 /var/www/html/app/Controllers/MarketPlace.php(127): CodeIgniter\Debug\Exceptions->errorHandler(2, 'Invalid argumen...', '/var/www/html/a...', 127, Array)
#1 /var/www/html/app/Controllers/MarketPlace.php(137): App\Controllers\findComponent(NULL, 'locality')
#2 /var/www/html/system/CodeIgniter.php(928): App\Controllers\MarketPlace->get_data_api()
#3 /var/www/html/system/CodeIgniter.php(436): CodeIgniter\CodeIgniter->runController(Object(App\Controllers\MarketPlace))
#4 /var/www/html/system/CodeIgniter.php(336): CodeIgniter\CodeIgniter->handleRequest(NULL, Object(Config\Cache), false)
#5 /var/www/html/index.php(37): CodeIgniter\CodeIgniter->run()
#6 {main}
