CRITICAL - 2023-11-01 14:58:29 --> Class 'FreeGeoIp' not found
#0 /var/www/html/system/CodeIgniter.php(928): App\Controllers\MarketPlace->index()
#1 /var/www/html/system/CodeIgniter.php(436): CodeIgniter\CodeIgniter->runController(Object(App\Controllers\MarketPlace))
#2 /var/www/html/system/CodeIgniter.php(336): CodeIgniter\CodeIgniter->handleRequest(NULL, Object(Config\Cache), false)
#3 /var/www/html/index.php(37): CodeIgniter\CodeIgniter->run()
#4 {main}
CRITICAL - 2023-11-01 15:00:32 --> Class 'FreeGeoIp' not found
#0 /var/www/html/system/CodeIgniter.php(928): App\Controllers\MarketPlace->index()
#1 /var/www/html/system/CodeIgniter.php(436): CodeIgniter\CodeIgniter->runController(Object(App\Controllers\MarketPlace))
#2 /var/www/html/system/CodeIgniter.php(336): CodeIgniter\CodeIgniter->handleRequest(NULL, Object(Config\Cache), false)
#3 /var/www/html/index.php(37): CodeIgniter\CodeIgniter->run()
#4 {main}
CRITICAL - 2023-11-01 15:01:03 --> Class 'FreeGeoIp\FreeGeoIp' not found
#0 /var/www/html/system/CodeIgniter.php(928): App\Controllers\MarketPlace->index()
#1 /var/www/html/system/CodeIgniter.php(436): CodeIgniter\CodeIgniter->runController(Object(App\Controllers\MarketPlace))
#2 /var/www/html/system/CodeIgniter.php(336): CodeIgniter\CodeIgniter->handleRequest(NULL, Object(Config\Cache), false)
#3 /var/www/html/index.php(37): CodeIgniter\CodeIgniter->run()
#4 {main}
ERROR - 2023-11-01 15:40:59 --> Unknown column 'app' in 'where clause'
CRITICAL - 2023-11-01 15:40:59 --> Call to a member function getResultArray() on bool
#0 /var/www/html/system/CodeIgniter.php(928): App\Controllers\Controlwork->start_assessment('198', 'app-assets', 'images', 'icons', 'pdf.png')
#1 /var/www/html/system/CodeIgniter.php(436): CodeIgniter\CodeIgniter->runController(Object(App\Controllers\Controlwork))
#2 /var/www/html/system/CodeIgniter.php(336): CodeIgniter\CodeIgniter->handleRequest(NULL, Object(Config\Cache), false)
#3 /var/www/html/index.php(37): CodeIgniter\CodeIgniter->run()
#4 {main}
ERROR - 2023-11-01 15:40:59 --> Unknown column 'app' in 'where clause'
CRITICAL - 2023-11-01 15:40:59 --> Call to a member function getResultArray() on bool
#0 /var/www/html/system/CodeIgniter.php(928): App\Controllers\Controlwork->start_assessment('198', 'app-assets', 'images', 'icons', 'doc.png')
#1 /var/www/html/system/CodeIgniter.php(436): CodeIgniter\CodeIgniter->runController(Object(App\Controllers\Controlwork))
#2 /var/www/html/system/CodeIgniter.php(336): CodeIgniter\CodeIgniter->handleRequest(NULL, Object(Config\Cache), false)
#3 /var/www/html/index.php(37): CodeIgniter\CodeIgniter->run()
#4 {main}
ERROR - 2023-11-01 15:40:59 --> Unknown column 'app' in 'where clause'
CRITICAL - 2023-11-01 15:40:59 --> Call to a member function getResultArray() on bool
#0 /var/www/html/system/CodeIgniter.php(928): App\Controllers\Controlwork->start_assessment('198', 'app-assets', 'images', 'portrait', 'small', 'avatar-s-14.jpg')
#1 /var/www/html/system/CodeIgniter.php(436): CodeIgniter\CodeIgniter->runController(Object(App\Controllers\Controlwork))
#2 /var/www/html/system/CodeIgniter.php(336): CodeIgniter\CodeIgniter->handleRequest(NULL, Object(Config\Cache), false)
#3 /var/www/html/index.php(37): CodeIgniter\CodeIgniter->run()
#4 {main}
ERROR - 2023-11-01 15:40:59 --> Unknown column 'app' in 'where clause'
CRITICAL - 2023-11-01 15:40:59 --> Call to a member function getResultArray() on bool
#0 /var/www/html/system/CodeIgniter.php(928): App\Controllers\Controlwork->start_assessment('198', 'app-assets', 'images', 'portrait', 'small', 'avatar-s-6.jpg')
#1 /var/www/html/system/CodeIgniter.php(436): CodeIgniter\CodeIgniter->runController(Object(App\Controllers\Controlwork))
#2 /var/www/html/system/CodeIgniter.php(336): CodeIgniter\CodeIgniter->handleRequest(NULL, Object(Config\Cache), false)
#3 /var/www/html/index.php(37): CodeIgniter\CodeIgniter->run()
#4 {main}
ERROR - 2023-11-01 15:40:59 --> Unknown column 'app' in 'where clause'
CRITICAL - 2023-11-01 15:40:59 --> Call to a member function getResultArray() on bool
#0 /var/www/html/system/CodeIgniter.php(928): App\Controllers\Controlwork->start_assessment('198', 'app-assets', 'images', 'portrait', 'small', 'avatar-s-8.jpg')
#1 /var/www/html/system/CodeIgniter.php(436): CodeIgniter\CodeIgniter->runController(Object(App\Controllers\Controlwork))
#2 /var/www/html/system/CodeIgniter.php(336): CodeIgniter\CodeIgniter->handleRequest(NULL, Object(Config\Cache), false)
#3 /var/www/html/index.php(37): CodeIgniter\CodeIgniter->run()
#4 {main}
ERROR - 2023-11-01 15:40:59 --> Unknown column 'app' in 'where clause'
CRITICAL - 2023-11-01 15:40:59 --> Call to a member function getResultArray() on bool
#0 /var/www/html/system/CodeIgniter.php(928): App\Controllers\Controlwork->start_assessment('198', 'app-assets', 'images', 'icons', 'xls.png')
#1 /var/www/html/system/CodeIgniter.php(436): CodeIgniter\CodeIgniter->runController(Object(App\Controllers\Controlwork))
#2 /var/www/html/system/CodeIgniter.php(336): CodeIgniter\CodeIgniter->handleRequest(NULL, Object(Config\Cache), false)
#3 /var/www/html/index.php(37): CodeIgniter\CodeIgniter->run()
#4 {main}
ERROR - 2023-11-01 15:40:59 --> Unknown column 'app' in 'where clause'
CRITICAL - 2023-11-01 15:40:59 --> Call to a member function getResultArray() on bool
#0 /var/www/html/system/CodeIgniter.php(928): App\Controllers\Controlwork->start_assessment('198', 'app-assets', 'images', 'portrait', 'small', 'avatar-s-1.jpg')
#1 /var/www/html/system/CodeIgniter.php(436): CodeIgniter\CodeIgniter->runController(Object(App\Controllers\Controlwork))
#2 /var/www/html/system/CodeIgniter.php(336): CodeIgniter\CodeIgniter->handleRequest(NULL, Object(Config\Cache), false)
#3 /var/www/html/index.php(37): CodeIgniter\CodeIgniter->run()
#4 {main}
ERROR - 2023-11-01 15:40:59 --> Unknown column 'app' in 'where clause'
CRITICAL - 2023-11-01 15:40:59 --> Call to a member function getResultArray() on bool
#0 /var/www/html/system/CodeIgniter.php(928): App\Controllers\Controlwork->start_assessment('198', 'app-assets', 'images', 'icons', 'jpg.png')
#1 /var/www/html/system/CodeIgniter.php(436): CodeIgniter\CodeIgniter->runController(Object(App\Controllers\Controlwork))
#2 /var/www/html/system/CodeIgniter.php(336): CodeIgniter\CodeIgniter->handleRequest(NULL, Object(Config\Cache), false)
#3 /var/www/html/index.php(37): CodeIgniter\CodeIgniter->run()
#4 {main}
ERROR - 2023-11-01 15:41:07 --> Unknown column 'app' in 'where clause'
CRITICAL - 2023-11-01 15:41:07 --> Call to a member function getResultArray() on bool
#0 /var/www/html/system/CodeIgniter.php(928): App\Controllers\Controlwork->answerQuestion('32', '8', 'app-assets', 'images', 'icons', 'jpg.png')
#1 /var/www/html/system/CodeIgniter.php(436): CodeIgniter\CodeIgniter->runController(Object(App\Controllers\Controlwork))
#2 /var/www/html/system/CodeIgniter.php(336): CodeIgniter\CodeIgniter->handleRequest(NULL, Object(Config\Cache), false)
#3 /var/www/html/index.php(37): CodeIgniter\CodeIgniter->run()
#4 {main}
ERROR - 2023-11-01 15:41:07 --> Unknown column 'app' in 'where clause'
CRITICAL - 2023-11-01 15:41:07 --> Call to a member function getResultArray() on bool
#0 /var/www/html/system/CodeIgniter.php(928): App\Controllers\Controlwork->answerQuestion('32', '8', 'app-assets', 'images', 'portrait', 'small', 'avatar-s-8.jpg')
#1 /var/www/html/system/CodeIgniter.php(436): CodeIgniter\CodeIgniter->runController(Object(App\Controllers\Controlwork))
#2 /var/www/html/system/CodeIgniter.php(336): CodeIgniter\CodeIgniter->handleRequest(NULL, Object(Config\Cache), false)
#3 /var/www/html/index.php(37): CodeIgniter\CodeIgniter->run()
#4 {main}
ERROR - 2023-11-01 15:41:07 --> Unknown column 'app' in 'where clause'
CRITICAL - 2023-11-01 15:41:07 --> Call to a member function getResultArray() on bool
#0 /var/www/html/system/CodeIgniter.php(928): App\Controllers\Controlwork->answerQuestion('32', '8', 'app-assets', 'images', 'icons', 'xls.png')
#1 /var/www/html/system/CodeIgniter.php(436): CodeIgniter\CodeIgniter->runController(Object(App\Controllers\Controlwork))
#2 /var/www/html/system/CodeIgniter.php(336): CodeIgniter\CodeIgniter->handleRequest(NULL, Object(Config\Cache), false)
#3 /var/www/html/index.php(37): CodeIgniter\CodeIgniter->run()
#4 {main}
ERROR - 2023-11-01 15:41:07 --> Unknown column 'app' in 'where clause'
CRITICAL - 2023-11-01 15:41:07 --> Call to a member function getResultArray() on bool
#0 /var/www/html/system/CodeIgniter.php(928): App\Controllers\Controlwork->answerQuestion('32', '8', 'app-assets', 'images', 'portrait', 'small', 'avatar-s-6.jpg')
#1 /var/www/html/system/CodeIgniter.php(436): CodeIgniter\CodeIgniter->runController(Object(App\Controllers\Controlwork))
#2 /var/www/html/system/CodeIgniter.php(336): CodeIgniter\CodeIgniter->handleRequest(NULL, Object(Config\Cache), false)
#3 /var/www/html/index.php(37): CodeIgniter\CodeIgniter->run()
#4 {main}
ERROR - 2023-11-01 15:41:07 --> Unknown column 'app' in 'where clause'
CRITICAL - 2023-11-01 15:41:07 --> Call to a member function getResultArray() on bool
#0 /var/www/html/system/CodeIgniter.php(928): App\Controllers\Controlwork->answerQuestion('32', '8', 'app-assets', 'images', 'portrait', 'small', 'avatar-s-1.jpg')
#1 /var/www/html/system/CodeIgniter.php(436): CodeIgniter\CodeIgniter->runController(Object(App\Controllers\Controlwork))
#2 /var/www/html/system/CodeIgniter.php(336): CodeIgniter\CodeIgniter->handleRequest(NULL, Object(Config\Cache), false)
#3 /var/www/html/index.php(37): CodeIgniter\CodeIgniter->run()
#4 {main}
ERROR - 2023-11-01 15:41:07 --> Unknown column 'app' in 'where clause'
CRITICAL - 2023-11-01 15:41:07 --> Call to a member function getResultArray() on bool
#0 /var/www/html/system/CodeIgniter.php(928): App\Controllers\Controlwork->answerQuestion('32', '8', 'app-assets', 'images', 'icons', 'doc.png')
#1 /var/www/html/system/CodeIgniter.php(436): CodeIgniter\CodeIgniter->runController(Object(App\Controllers\Controlwork))
#2 /var/www/html/system/CodeIgniter.php(336): CodeIgniter\CodeIgniter->handleRequest(NULL, Object(Config\Cache), false)
#3 /var/www/html/index.php(37): CodeIgniter\CodeIgniter->run()
#4 {main}
ERROR - 2023-11-01 15:41:07 --> Unknown column 'app' in 'where clause'
CRITICAL - 2023-11-01 15:41:07 --> Call to a member function getResultArray() on bool
#0 /var/www/html/system/CodeIgniter.php(928): App\Controllers\Controlwork->answerQuestion('32', '8', 'app-assets', 'images', 'portrait', 'small', 'avatar-s-14.jpg')
#1 /var/www/html/system/CodeIgniter.php(436): CodeIgniter\CodeIgniter->runController(Object(App\Controllers\Controlwork))
#2 /var/www/html/system/CodeIgniter.php(336): CodeIgniter\CodeIgniter->handleRequest(NULL, Object(Config\Cache), false)
#3 /var/www/html/index.php(37): CodeIgniter\CodeIgniter->run()
#4 {main}
ERROR - 2023-11-01 15:41:07 --> Unknown column 'app' in 'where clause'
CRITICAL - 2023-11-01 15:41:07 --> Call to a member function getResultArray() on bool
#0 /var/www/html/system/CodeIgniter.php(928): App\Controllers\Controlwork->answerQuestion('32', '8', 'app-assets', 'images', 'icons', 'pdf.png')
#1 /var/www/html/system/CodeIgniter.php(436): CodeIgniter\CodeIgniter->runController(Object(App\Controllers\Controlwork))
#2 /var/www/html/system/CodeIgniter.php(336): CodeIgniter\CodeIgniter->handleRequest(NULL, Object(Config\Cache), false)
#3 /var/www/html/index.php(37): CodeIgniter\CodeIgniter->run()
#4 {main}
ERROR - 2023-11-01 15:41:08 --> Unknown column 'app' in 'where clause'
CRITICAL - 2023-11-01 15:41:08 --> Call to a member function getResultArray() on bool
#0 /var/www/html/system/CodeIgniter.php(928): App\Controllers\Controlwork->answerQuestion('32', '8', 'app-assets', 'images', 'icons', 'xls.png')
#1 /var/www/html/system/CodeIgniter.php(436): CodeIgniter\CodeIgniter->runController(Object(App\Controllers\Controlwork))
#2 /var/www/html/system/CodeIgniter.php(336): CodeIgniter\CodeIgniter->handleRequest(NULL, Object(Config\Cache), false)
#3 /var/www/html/index.php(37): CodeIgniter\CodeIgniter->run()
#4 {main}
ERROR - 2023-11-01 15:41:08 --> Unknown column 'app' in 'where clause'
CRITICAL - 2023-11-01 15:41:08 --> Call to a member function getResultArray() on bool
#0 /var/www/html/system/CodeIgniter.php(928): App\Controllers\Controlwork->answerQuestion('32', '8', 'app-assets', 'images', 'portrait', 'small', 'avatar-s-1.jpg')
#1 /var/www/html/system/CodeIgniter.php(436): CodeIgniter\CodeIgniter->runController(Object(App\Controllers\Controlwork))
#2 /var/www/html/system/CodeIgniter.php(336): CodeIgniter\CodeIgniter->handleRequest(NULL, Object(Config\Cache), false)
#3 /var/www/html/index.php(37): CodeIgniter\CodeIgniter->run()
#4 {main}
ERROR - 2023-11-01 15:41:08 --> Unknown column 'app' in 'where clause'
CRITICAL - 2023-11-01 15:41:08 --> Call to a member function getResultArray() on bool
#0 /var/www/html/system/CodeIgniter.php(928): App\Controllers\Controlwork->answerQuestion('32', '8', 'app-assets', 'images', 'icons', 'jpg.png')
#1 /var/www/html/system/CodeIgniter.php(436): CodeIgniter\CodeIgniter->runController(Object(App\Controllers\Controlwork))
#2 /var/www/html/system/CodeIgniter.php(336): CodeIgniter\CodeIgniter->handleRequest(NULL, Object(Config\Cache), false)
#3 /var/www/html/index.php(37): CodeIgniter\CodeIgniter->run()
#4 {main}
ERROR - 2023-11-01 15:41:08 --> Unknown column 'app' in 'where clause'
CRITICAL - 2023-11-01 15:41:08 --> Call to a member function getResultArray() on bool
#0 /var/www/html/system/CodeIgniter.php(928): App\Controllers\Controlwork->answerQuestion('32', '8', 'app-assets', 'images', 'portrait', 'small', 'avatar-s-8.jpg')
#1 /var/www/html/system/CodeIgniter.php(436): CodeIgniter\CodeIgniter->runController(Object(App\Controllers\Controlwork))
#2 /var/www/html/system/CodeIgniter.php(336): CodeIgniter\CodeIgniter->handleRequest(NULL, Object(Config\Cache), false)
#3 /var/www/html/index.php(37): CodeIgniter\CodeIgniter->run()
#4 {main}
ERROR - 2023-11-01 15:41:08 --> Unknown column 'app' in 'where clause'
CRITICAL - 2023-11-01 15:41:08 --> Call to a member function getResultArray() on bool
#0 /var/www/html/system/CodeIgniter.php(928): App\Controllers\Controlwork->answerQuestion('32', '8', 'app-assets', 'images', 'portrait', 'small', 'avatar-s-6.jpg')
#1 /var/www/html/system/CodeIgniter.php(436): CodeIgniter\CodeIgniter->runController(Object(App\Controllers\Controlwork))
#2 /var/www/html/system/CodeIgniter.php(336): CodeIgniter\CodeIgniter->handleRequest(NULL, Object(Config\Cache), false)
#3 /var/www/html/index.php(37): CodeIgniter\CodeIgniter->run()
#4 {main}
ERROR - 2023-11-01 15:41:29 --> Unknown column 'app' in 'where clause'
CRITICAL - 2023-11-01 15:41:29 --> Call to a member function getResultArray() on bool
#0 /var/www/html/system/CodeIgniter.php(928): App\Controllers\Controlwork->start_assessment('198', 'app-assets', 'images', 'icons', 'pdf.png')
#1 /var/www/html/system/CodeIgniter.php(436): CodeIgniter\CodeIgniter->runController(Object(App\Controllers\Controlwork))
#2 /var/www/html/system/CodeIgniter.php(336): CodeIgniter\CodeIgniter->handleRequest(NULL, Object(Config\Cache), false)
#3 /var/www/html/index.php(37): CodeIgniter\CodeIgniter->run()
#4 {main}
ERROR - 2023-11-01 15:41:29 --> Unknown column 'app' in 'where clause'
CRITICAL - 2023-11-01 15:41:29 --> Call to a member function getResultArray() on bool
#0 /var/www/html/system/CodeIgniter.php(928): App\Controllers\Controlwork->start_assessment('198', 'app-assets', 'images', 'icons', 'xls.png')
#1 /var/www/html/system/CodeIgniter.php(436): CodeIgniter\CodeIgniter->runController(Object(App\Controllers\Controlwork))
#2 /var/www/html/system/CodeIgniter.php(336): CodeIgniter\CodeIgniter->handleRequest(NULL, Object(Config\Cache), false)
#3 /var/www/html/index.php(37): CodeIgniter\CodeIgniter->run()
#4 {main}
ERROR - 2023-11-01 15:41:29 --> Unknown column 'app' in 'where clause'
CRITICAL - 2023-11-01 15:41:29 --> Call to a member function getResultArray() on bool
#0 /var/www/html/system/CodeIgniter.php(928): App\Controllers\Controlwork->start_assessment('198', 'app-assets', 'images', 'portrait', 'small', 'avatar-s-1.jpg')
#1 /var/www/html/system/CodeIgniter.php(436): CodeIgniter\CodeIgniter->runController(Object(App\Controllers\Controlwork))
#2 /var/www/html/system/CodeIgniter.php(336): CodeIgniter\CodeIgniter->handleRequest(NULL, Object(Config\Cache), false)
#3 /var/www/html/index.php(37): CodeIgniter\CodeIgniter->run()
#4 {main}
ERROR - 2023-11-01 15:41:29 --> Unknown column 'app' in 'where clause'
CRITICAL - 2023-11-01 15:41:30 --> Call to a member function getResultArray() on bool
#0 /var/www/html/system/CodeIgniter.php(928): App\Controllers\Controlwork->start_assessment('198', 'app-assets', 'images', 'icons', 'jpg.png')
#1 /var/www/html/system/CodeIgniter.php(436): CodeIgniter\CodeIgniter->runController(Object(App\Controllers\Controlwork))
#2 /var/www/html/system/CodeIgniter.php(336): CodeIgniter\CodeIgniter->handleRequest(NULL, Object(Config\Cache), false)
#3 /var/www/html/index.php(37): CodeIgniter\CodeIgniter->run()
#4 {main}
ERROR - 2023-11-01 15:41:30 --> Unknown column 'app' in 'where clause'
CRITICAL - 2023-11-01 15:41:30 --> Call to a member function getResultArray() on bool
#0 /var/www/html/system/CodeIgniter.php(928): App\Controllers\Controlwork->start_assessment('198', 'app-assets', 'images', 'portrait', 'small', 'avatar-s-6.jpg')
#1 /var/www/html/system/CodeIgniter.php(436): CodeIgniter\CodeIgniter->runController(Object(App\Controllers\Controlwork))
#2 /var/www/html/system/CodeIgniter.php(336): CodeIgniter\CodeIgniter->handleRequest(NULL, Object(Config\Cache), false)
#3 /var/www/html/index.php(37): CodeIgniter\CodeIgniter->run()
#4 {main}
ERROR - 2023-11-01 15:41:30 --> Unknown column 'app' in 'where clause'
CRITICAL - 2023-11-01 15:41:30 --> Call to a member function getResultArray() on bool
#0 /var/www/html/system/CodeIgniter.php(928): App\Controllers\Controlwork->start_assessment('198', 'app-assets', 'images', 'portrait', 'small', 'avatar-s-8.jpg')
#1 /var/www/html/system/CodeIgniter.php(436): CodeIgniter\CodeIgniter->runController(Object(App\Controllers\Controlwork))
#2 /var/www/html/system/CodeIgniter.php(336): CodeIgniter\CodeIgniter->handleRequest(NULL, Object(Config\Cache), false)
#3 /var/www/html/index.php(37): CodeIgniter\CodeIgniter->run()
#4 {main}
ERROR - 2023-11-01 15:41:30 --> Unknown column 'app' in 'where clause'
CRITICAL - 2023-11-01 15:41:30 --> Call to a member function getResultArray() on bool
#0 /var/www/html/system/CodeIgniter.php(928): App\Controllers\Controlwork->start_assessment('198', 'app-assets', 'images', 'icons', 'doc.png')
#1 /var/www/html/system/CodeIgniter.php(436): CodeIgniter\CodeIgniter->runController(Object(App\Controllers\Controlwork))
#2 /var/www/html/system/CodeIgniter.php(336): CodeIgniter\CodeIgniter->handleRequest(NULL, Object(Config\Cache), false)
#3 /var/www/html/index.php(37): CodeIgniter\CodeIgniter->run()
#4 {main}
ERROR - 2023-11-01 15:41:30 --> Unknown column 'app' in 'where clause'
CRITICAL - 2023-11-01 15:41:30 --> Call to a member function getResultArray() on bool
#0 /var/www/html/system/CodeIgniter.php(928): App\Controllers\Controlwork->start_assessment('198', 'app-assets', 'images', 'portrait', 'small', 'avatar-s-14.jpg')
#1 /var/www/html/system/CodeIgniter.php(436): CodeIgniter\CodeIgniter->runController(Object(App\Controllers\Controlwork))
#2 /var/www/html/system/CodeIgniter.php(336): CodeIgniter\CodeIgniter->handleRequest(NULL, Object(Config\Cache), false)
#3 /var/www/html/index.php(37): CodeIgniter\CodeIgniter->run()
#4 {main}
ERROR - 2023-11-01 15:41:31 --> Unknown column 'app' in 'where clause'
CRITICAL - 2023-11-01 15:41:31 --> Call to a member function getResultArray() on bool
#0 /var/www/html/system/CodeIgniter.php(928): App\Controllers\Controlwork->answerQuestion('91', '9', 'app-assets', 'images', 'icons', 'jpg.png')
#1 /var/www/html/system/CodeIgniter.php(436): CodeIgniter\CodeIgniter->runController(Object(App\Controllers\Controlwork))
#2 /var/www/html/system/CodeIgniter.php(336): CodeIgniter\CodeIgniter->handleRequest(NULL, Object(Config\Cache), false)
#3 /var/www/html/index.php(37): CodeIgniter\CodeIgniter->run()
#4 {main}
ERROR - 2023-11-01 15:41:31 --> Unknown column 'app' in 'where clause'
CRITICAL - 2023-11-01 15:41:31 --> Call to a member function getResultArray() on bool
#0 /var/www/html/system/CodeIgniter.php(928): App\Controllers\Controlwork->answerQuestion('91', '9', 'app-assets', 'images', 'portrait', 'small', 'avatar-s-14.jpg')
#1 /var/www/html/system/CodeIgniter.php(436): CodeIgniter\CodeIgniter->runController(Object(App\Controllers\Controlwork))
#2 /var/www/html/system/CodeIgniter.php(336): CodeIgniter\CodeIgniter->handleRequest(NULL, Object(Config\Cache), false)
#3 /var/www/html/index.php(37): CodeIgniter\CodeIgniter->run()
#4 {main}
ERROR - 2023-11-01 15:41:31 --> Unknown column 'app' in 'where clause'
CRITICAL - 2023-11-01 15:41:31 --> Call to a member function getResultArray() on bool
#0 /var/www/html/system/CodeIgniter.php(928): App\Controllers\Controlwork->answerQuestion('91', '9', 'app-assets', 'images', 'icons', 'xls.png')
#1 /var/www/html/system/CodeIgniter.php(436): CodeIgniter\CodeIgniter->runController(Object(App\Controllers\Controlwork))
#2 /var/www/html/system/CodeIgniter.php(336): CodeIgniter\CodeIgniter->handleRequest(NULL, Object(Config\Cache), false)
#3 /var/www/html/index.php(37): CodeIgniter\CodeIgniter->run()
#4 {main}
ERROR - 2023-11-01 15:41:31 --> Unknown column 'app' in 'where clause'
CRITICAL - 2023-11-01 15:41:31 --> Call to a member function getResultArray() on bool
#0 /var/www/html/system/CodeIgniter.php(928): App\Controllers\Controlwork->answerQuestion('91', '9', 'app-assets', 'images', 'icons', 'pdf.png')
#1 /var/www/html/system/CodeIgniter.php(436): CodeIgniter\CodeIgniter->runController(Object(App\Controllers\Controlwork))
#2 /var/www/html/system/CodeIgniter.php(336): CodeIgniter\CodeIgniter->handleRequest(NULL, Object(Config\Cache), false)
#3 /var/www/html/index.php(37): CodeIgniter\CodeIgniter->run()
#4 {main}
ERROR - 2023-11-01 15:41:31 --> Unknown column 'app' in 'where clause'
CRITICAL - 2023-11-01 15:41:31 --> Call to a member function getResultArray() on bool
#0 /var/www/html/system/CodeIgniter.php(928): App\Controllers\Controlwork->answerQuestion('91', '9', 'app-assets', 'images', 'icons', 'doc.png')
#1 /var/www/html/system/CodeIgniter.php(436): CodeIgniter\CodeIgniter->runController(Object(App\Controllers\Controlwork))
#2 /var/www/html/system/CodeIgniter.php(336): CodeIgniter\CodeIgniter->handleRequest(NULL, Object(Config\Cache), false)
#3 /var/www/html/index.php(37): CodeIgniter\CodeIgniter->run()
#4 {main}
ERROR - 2023-11-01 15:41:31 --> Unknown column 'app' in 'where clause'
CRITICAL - 2023-11-01 15:41:31 --> Call to a member function getResultArray() on bool
#0 /var/www/html/system/CodeIgniter.php(928): App\Controllers\Controlwork->answerQuestion('91', '9', 'app-assets', 'images', 'portrait', 'small', 'avatar-s-1.jpg')
#1 /var/www/html/system/CodeIgniter.php(436): CodeIgniter\CodeIgniter->runController(Object(App\Controllers\Controlwork))
#2 /var/www/html/system/CodeIgniter.php(336): CodeIgniter\CodeIgniter->handleRequest(NULL, Object(Config\Cache), false)
#3 /var/www/html/index.php(37): CodeIgniter\CodeIgniter->run()
#4 {main}
ERROR - 2023-11-01 15:41:31 --> Unknown column 'app' in 'where clause'
CRITICAL - 2023-11-01 15:41:31 --> Call to a member function getResultArray() on bool
#0 /var/www/html/system/CodeIgniter.php(928): App\Controllers\Controlwork->answerQuestion('91', '9', 'app-assets', 'images', 'portrait', 'small', 'avatar-s-6.jpg')
#1 /var/www/html/system/CodeIgniter.php(436): CodeIgniter\CodeIgniter->runController(Object(App\Controllers\Controlwork))
#2 /var/www/html/system/CodeIgniter.php(336): CodeIgniter\CodeIgniter->handleRequest(NULL, Object(Config\Cache), false)
#3 /var/www/html/index.php(37): CodeIgniter\CodeIgniter->run()
#4 {main}
ERROR - 2023-11-01 15:41:31 --> Unknown column 'app' in 'where clause'
CRITICAL - 2023-11-01 15:41:31 --> Call to a member function getResultArray() on bool
#0 /var/www/html/system/CodeIgniter.php(928): App\Controllers\Controlwork->answerQuestion('91', '9', 'app-assets', 'images', 'portrait', 'small', 'avatar-s-8.jpg')
#1 /var/www/html/system/CodeIgniter.php(436): CodeIgniter\CodeIgniter->runController(Object(App\Controllers\Controlwork))
#2 /var/www/html/system/CodeIgniter.php(336): CodeIgniter\CodeIgniter->handleRequest(NULL, Object(Config\Cache), false)
#3 /var/www/html/index.php(37): CodeIgniter\CodeIgniter->run()
#4 {main}
ERROR - 2023-11-01 15:41:32 --> Unknown column 'app' in 'where clause'
CRITICAL - 2023-11-01 15:41:32 --> Call to a member function getResultArray() on bool
#0 /var/www/html/system/CodeIgniter.php(928): App\Controllers\Controlwork->answerQuestion('91', '9', 'app-assets', 'images', 'portrait', 'small', 'avatar-s-1.jpg')
#1 /var/www/html/system/CodeIgniter.php(436): CodeIgniter\CodeIgniter->runController(Object(App\Controllers\Controlwork))
#2 /var/www/html/system/CodeIgniter.php(336): CodeIgniter\CodeIgniter->handleRequest(NULL, Object(Config\Cache), false)
#3 /var/www/html/index.php(37): CodeIgniter\CodeIgniter->run()
#4 {main}
ERROR - 2023-11-01 15:41:32 --> Unknown column 'app' in 'where clause'
CRITICAL - 2023-11-01 15:41:32 --> Call to a member function getResultArray() on bool
#0 /var/www/html/system/CodeIgniter.php(928): App\Controllers\Controlwork->answerQuestion('91', '9', 'app-assets', 'images', 'icons', 'xls.png')
#1 /var/www/html/system/CodeIgniter.php(436): CodeIgniter\CodeIgniter->runController(Object(App\Controllers\Controlwork))
#2 /var/www/html/system/CodeIgniter.php(336): CodeIgniter\CodeIgniter->handleRequest(NULL, Object(Config\Cache), false)
#3 /var/www/html/index.php(37): CodeIgniter\CodeIgniter->run()
#4 {main}
ERROR - 2023-11-01 15:41:32 --> Unknown column 'app' in 'where clause'
CRITICAL - 2023-11-01 15:41:32 --> Call to a member function getResultArray() on bool
#0 /var/www/html/system/CodeIgniter.php(928): App\Controllers\Controlwork->answerQuestion('91', '9', 'app-assets', 'images', 'icons', 'jpg.png')
#1 /var/www/html/system/CodeIgniter.php(436): CodeIgniter\CodeIgniter->runController(Object(App\Controllers\Controlwork))
#2 /var/www/html/system/CodeIgniter.php(336): CodeIgniter\CodeIgniter->handleRequest(NULL, Object(Config\Cache), false)
#3 /var/www/html/index.php(37): CodeIgniter\CodeIgniter->run()
#4 {main}
ERROR - 2023-11-01 15:41:32 --> Unknown column 'app' in 'where clause'
CRITICAL - 2023-11-01 15:41:32 --> Call to a member function getResultArray() on bool
#0 /var/www/html/system/CodeIgniter.php(928): App\Controllers\Controlwork->answerQuestion('91', '9', 'app-assets', 'images', 'icons', 'pdf.png')
#1 /var/www/html/system/CodeIgniter.php(436): CodeIgniter\CodeIgniter->runController(Object(App\Controllers\Controlwork))
#2 /var/www/html/system/CodeIgniter.php(336): CodeIgniter\CodeIgniter->handleRequest(NULL, Object(Config\Cache), false)
#3 /var/www/html/index.php(37): CodeIgniter\CodeIgniter->run()
#4 {main}
ERROR - 2023-11-01 15:41:32 --> Unknown column 'app' in 'where clause'
CRITICAL - 2023-11-01 15:41:32 --> Call to a member function getResultArray() on bool
#0 /var/www/html/system/CodeIgniter.php(928): App\Controllers\Controlwork->answerQuestion('91', '9', 'app-assets', 'images', 'portrait', 'small', 'avatar-s-14.jpg')
#1 /var/www/html/system/CodeIgniter.php(436): CodeIgniter\CodeIgniter->runController(Object(App\Controllers\Controlwork))
#2 /var/www/html/system/CodeIgniter.php(336): CodeIgniter\CodeIgniter->handleRequest(NULL, Object(Config\Cache), false)
#3 /var/www/html/index.php(37): CodeIgniter\CodeIgniter->run()
#4 {main}
ERROR - 2023-11-01 15:41:32 --> Unknown column 'app' in 'where clause'
CRITICAL - 2023-11-01 15:41:32 --> Call to a member function getResultArray() on bool
#0 /var/www/html/system/CodeIgniter.php(928): App\Controllers\Controlwork->answerQuestion('91', '9', 'app-assets', 'images', 'icons', 'doc.png')
#1 /var/www/html/system/CodeIgniter.php(436): CodeIgniter\CodeIgniter->runController(Object(App\Controllers\Controlwork))
#2 /var/www/html/system/CodeIgniter.php(336): CodeIgniter\CodeIgniter->handleRequest(NULL, Object(Config\Cache), false)
#3 /var/www/html/index.php(37): CodeIgniter\CodeIgniter->run()
#4 {main}
ERROR - 2023-11-01 15:41:41 --> Unknown column 'app' in 'where clause'
CRITICAL - 2023-11-01 15:41:41 --> Call to a member function getResultArray() on bool
#0 /var/www/html/system/CodeIgniter.php(928): App\Controllers\Controlwork->start_assessment('198', 'app-assets', 'images', 'icons', 'jpg.png')
#1 /var/www/html/system/CodeIgniter.php(436): CodeIgniter\CodeIgniter->runController(Object(App\Controllers\Controlwork))
#2 /var/www/html/system/CodeIgniter.php(336): CodeIgniter\CodeIgniter->handleRequest(NULL, Object(Config\Cache), false)
#3 /var/www/html/index.php(37): CodeIgniter\CodeIgniter->run()
#4 {main}
ERROR - 2023-11-01 15:41:41 --> Unknown column 'app' in 'where clause'
CRITICAL - 2023-11-01 15:41:41 --> Call to a member function getResultArray() on bool
#0 /var/www/html/system/CodeIgniter.php(928): App\Controllers\Controlwork->start_assessment('198', 'app-assets', 'images', 'icons', 'pdf.png')
#1 /var/www/html/system/CodeIgniter.php(436): CodeIgniter\CodeIgniter->runController(Object(App\Controllers\Controlwork))
#2 /var/www/html/system/CodeIgniter.php(336): CodeIgniter\CodeIgniter->handleRequest(NULL, Object(Config\Cache), false)
#3 /var/www/html/index.php(37): CodeIgniter\CodeIgniter->run()
#4 {main}
ERROR - 2023-11-01 15:41:41 --> Unknown column 'app' in 'where clause'
CRITICAL - 2023-11-01 15:41:41 --> Call to a member function getResultArray() on bool
#0 /var/www/html/system/CodeIgniter.php(928): App\Controllers\Controlwork->start_assessment('198', 'app-assets', 'images', 'portrait', 'small', 'avatar-s-1.jpg')
#1 /var/www/html/system/CodeIgniter.php(436): CodeIgniter\CodeIgniter->runController(Object(App\Controllers\Controlwork))
#2 /var/www/html/system/CodeIgniter.php(336): CodeIgniter\CodeIgniter->handleRequest(NULL, Object(Config\Cache), false)
#3 /var/www/html/index.php(37): CodeIgniter\CodeIgniter->run()
#4 {main}
ERROR - 2023-11-01 15:41:41 --> Unknown column 'app' in 'where clause'
CRITICAL - 2023-11-01 15:41:41 --> Call to a member function getResultArray() on bool
#0 /var/www/html/system/CodeIgniter.php(928): App\Controllers\Controlwork->start_assessment('198', 'app-assets', 'images', 'icons', 'xls.png')
#1 /var/www/html/system/CodeIgniter.php(436): CodeIgniter\CodeIgniter->runController(Object(App\Controllers\Controlwork))
#2 /var/www/html/system/CodeIgniter.php(336): CodeIgniter\CodeIgniter->handleRequest(NULL, Object(Config\Cache), false)
#3 /var/www/html/index.php(37): CodeIgniter\CodeIgniter->run()
#4 {main}
ERROR - 2023-11-01 15:41:41 --> Unknown column 'app' in 'where clause'
CRITICAL - 2023-11-01 15:41:41 --> Call to a member function getResultArray() on bool
#0 /var/www/html/system/CodeIgniter.php(928): App\Controllers\Controlwork->start_assessment('198', 'app-assets', 'images', 'portrait', 'small', 'avatar-s-6.jpg')
#1 /var/www/html/system/CodeIgniter.php(436): CodeIgniter\CodeIgniter->runController(Object(App\Controllers\Controlwork))
#2 /var/www/html/system/CodeIgniter.php(336): CodeIgniter\CodeIgniter->handleRequest(NULL, Object(Config\Cache), false)
#3 /var/www/html/index.php(37): CodeIgniter\CodeIgniter->run()
#4 {main}
ERROR - 2023-11-01 15:41:41 --> Unknown column 'app' in 'where clause'
CRITICAL - 2023-11-01 15:41:41 --> Call to a member function getResultArray() on bool
#0 /var/www/html/system/CodeIgniter.php(928): App\Controllers\Controlwork->start_assessment('198', 'app-assets', 'images', 'portrait', 'small', 'avatar-s-14.jpg')
#1 /var/www/html/system/CodeIgniter.php(436): CodeIgniter\CodeIgniter->runController(Object(App\Controllers\Controlwork))
#2 /var/www/html/system/CodeIgniter.php(336): CodeIgniter\CodeIgniter->handleRequest(NULL, Object(Config\Cache), false)
#3 /var/www/html/index.php(37): CodeIgniter\CodeIgniter->run()
#4 {main}
ERROR - 2023-11-01 15:41:41 --> Unknown column 'app' in 'where clause'
CRITICAL - 2023-11-01 15:41:41 --> Call to a member function getResultArray() on bool
#0 /var/www/html/system/CodeIgniter.php(928): App\Controllers\Controlwork->start_assessment('198', 'app-assets', 'images', 'icons', 'doc.png')
#1 /var/www/html/system/CodeIgniter.php(436): CodeIgniter\CodeIgniter->runController(Object(App\Controllers\Controlwork))
#2 /var/www/html/system/CodeIgniter.php(336): CodeIgniter\CodeIgniter->handleRequest(NULL, Object(Config\Cache), false)
#3 /var/www/html/index.php(37): CodeIgniter\CodeIgniter->run()
#4 {main}
ERROR - 2023-11-01 15:41:42 --> Unknown column 'app' in 'where clause'
CRITICAL - 2023-11-01 15:41:42 --> Call to a member function getResultArray() on bool
#0 /var/www/html/system/CodeIgniter.php(928): App\Controllers\Controlwork->start_assessment('198', 'app-assets', 'images', 'portrait', 'small', 'avatar-s-8.jpg')
#1 /var/www/html/system/CodeIgniter.php(436): CodeIgniter\CodeIgniter->runController(Object(App\Controllers\Controlwork))
#2 /var/www/html/system/CodeIgniter.php(336): CodeIgniter\CodeIgniter->handleRequest(NULL, Object(Config\Cache), false)
#3 /var/www/html/index.php(37): CodeIgniter\CodeIgniter->run()
#4 {main}
ERROR - 2023-11-01 15:41:44 --> Unknown column 'app' in 'where clause'
CRITICAL - 2023-11-01 15:41:44 --> Call to a member function getResultArray() on bool
#0 /var/www/html/system/CodeIgniter.php(928): App\Controllers\Controlwork->answerQuestion('56', '11', 'app-assets', 'images', 'icons', 'jpg.png')
#1 /var/www/html/system/CodeIgniter.php(436): CodeIgniter\CodeIgniter->runController(Object(App\Controllers\Controlwork))
#2 /var/www/html/system/CodeIgniter.php(336): CodeIgniter\CodeIgniter->handleRequest(NULL, Object(Config\Cache), false)
#3 /var/www/html/index.php(37): CodeIgniter\CodeIgniter->run()
#4 {main}
ERROR - 2023-11-01 15:41:44 --> Unknown column 'app' in 'where clause'
CRITICAL - 2023-11-01 15:41:44 --> Call to a member function getResultArray() on bool
#0 /var/www/html/system/CodeIgniter.php(928): App\Controllers\Controlwork->answerQuestion('56', '11', 'app-assets', 'images', 'icons', 'xls.png')
#1 /var/www/html/system/CodeIgniter.php(436): CodeIgniter\CodeIgniter->runController(Object(App\Controllers\Controlwork))
#2 /var/www/html/system/CodeIgniter.php(336): CodeIgniter\CodeIgniter->handleRequest(NULL, Object(Config\Cache), false)
#3 /var/www/html/index.php(37): CodeIgniter\CodeIgniter->run()
#4 {main}
ERROR - 2023-11-01 15:41:44 --> Unknown column 'app' in 'where clause'
CRITICAL - 2023-11-01 15:41:44 --> Call to a member function getResultArray() on bool
#0 /var/www/html/system/CodeIgniter.php(928): App\Controllers\Controlwork->answerQuestion('56', '11', 'app-assets', 'images', 'portrait', 'small', 'avatar-s-14.jpg')
#1 /var/www/html/system/CodeIgniter.php(436): CodeIgniter\CodeIgniter->runController(Object(App\Controllers\Controlwork))
#2 /var/www/html/system/CodeIgniter.php(336): CodeIgniter\CodeIgniter->handleRequest(NULL, Object(Config\Cache), false)
#3 /var/www/html/index.php(37): CodeIgniter\CodeIgniter->run()
#4 {main}
ERROR - 2023-11-01 15:41:44 --> Unknown column 'app' in 'where clause'
CRITICAL - 2023-11-01 15:41:44 --> Call to a member function getResultArray() on bool
#0 /var/www/html/system/CodeIgniter.php(928): App\Controllers\Controlwork->answerQuestion('56', '11', 'app-assets', 'images', 'portrait', 'small', 'avatar-s-1.jpg')
#1 /var/www/html/system/CodeIgniter.php(436): CodeIgniter\CodeIgniter->runController(Object(App\Controllers\Controlwork))
#2 /var/www/html/system/CodeIgniter.php(336): CodeIgniter\CodeIgniter->handleRequest(NULL, Object(Config\Cache), false)
#3 /var/www/html/index.php(37): CodeIgniter\CodeIgniter->run()
#4 {main}
ERROR - 2023-11-01 15:41:44 --> Unknown column 'app' in 'where clause'
CRITICAL - 2023-11-01 15:41:44 --> Call to a member function getResultArray() on bool
#0 /var/www/html/system/CodeIgniter.php(928): App\Controllers\Controlwork->answerQuestion('56', '11', 'app-assets', 'images', 'icons', 'pdf.png')
#1 /var/www/html/system/CodeIgniter.php(436): CodeIgniter\CodeIgniter->runController(Object(App\Controllers\Controlwork))
#2 /var/www/html/system/CodeIgniter.php(336): CodeIgniter\CodeIgniter->handleRequest(NULL, Object(Config\Cache), false)
#3 /var/www/html/index.php(37): CodeIgniter\CodeIgniter->run()
#4 {main}
ERROR - 2023-11-01 15:41:44 --> Unknown column 'app' in 'where clause'
CRITICAL - 2023-11-01 15:41:44 --> Call to a member function getResultArray() on bool
#0 /var/www/html/system/CodeIgniter.php(928): App\Controllers\Controlwork->answerQuestion('56', '11', 'app-assets', 'images', 'portrait', 'small', 'avatar-s-8.jpg')
#1 /var/www/html/system/CodeIgniter.php(436): CodeIgniter\CodeIgniter->runController(Object(App\Controllers\Controlwork))
#2 /var/www/html/system/CodeIgniter.php(336): CodeIgniter\CodeIgniter->handleRequest(NULL, Object(Config\Cache), false)
#3 /var/www/html/index.php(37): CodeIgniter\CodeIgniter->run()
#4 {main}
ERROR - 2023-11-01 15:41:44 --> Unknown column 'app' in 'where clause'
CRITICAL - 2023-11-01 15:41:44 --> Call to a member function getResultArray() on bool
#0 /var/www/html/system/CodeIgniter.php(928): App\Controllers\Controlwork->answerQuestion('56', '11', 'app-assets', 'images', 'portrait', 'small', 'avatar-s-6.jpg')
#1 /var/www/html/system/CodeIgniter.php(436): CodeIgniter\CodeIgniter->runController(Object(App\Controllers\Controlwork))
#2 /var/www/html/system/CodeIgniter.php(336): CodeIgniter\CodeIgniter->handleRequest(NULL, Object(Config\Cache), false)
#3 /var/www/html/index.php(37): CodeIgniter\CodeIgniter->run()
#4 {main}
ERROR - 2023-11-01 15:41:44 --> Unknown column 'app' in 'where clause'
CRITICAL - 2023-11-01 15:41:44 --> Call to a member function getResultArray() on bool
#0 /var/www/html/system/CodeIgniter.php(928): App\Controllers\Controlwork->answerQuestion('56', '11', 'app-assets', 'images', 'icons', 'doc.png')
#1 /var/www/html/system/CodeIgniter.php(436): CodeIgniter\CodeIgniter->runController(Object(App\Controllers\Controlwork))
#2 /var/www/html/system/CodeIgniter.php(336): CodeIgniter\CodeIgniter->handleRequest(NULL, Object(Config\Cache), false)
#3 /var/www/html/index.php(37): CodeIgniter\CodeIgniter->run()
#4 {main}
ERROR - 2023-11-01 15:41:45 --> Unknown column 'app' in 'where clause'
CRITICAL - 2023-11-01 15:41:45 --> Call to a member function getResultArray() on bool
#0 /var/www/html/system/CodeIgniter.php(928): App\Controllers\Controlwork->answerQuestion('56', '11', 'app-assets', 'images', 'icons', 'xls.png')
#1 /var/www/html/system/CodeIgniter.php(436): CodeIgniter\CodeIgniter->runController(Object(App\Controllers\Controlwork))
#2 /var/www/html/system/CodeIgniter.php(336): CodeIgniter\CodeIgniter->handleRequest(NULL, Object(Config\Cache), false)
#3 /var/www/html/index.php(37): CodeIgniter\CodeIgniter->run()
#4 {main}
ERROR - 2023-11-01 15:41:45 --> Unknown column 'app' in 'where clause'
CRITICAL - 2023-11-01 15:41:45 --> Call to a member function getResultArray() on bool
#0 /var/www/html/system/CodeIgniter.php(928): App\Controllers\Controlwork->answerQuestion('56', '11', 'app-assets', 'images', 'portrait', 'small', 'avatar-s-8.jpg')
#1 /var/www/html/system/CodeIgniter.php(436): CodeIgniter\CodeIgniter->runController(Object(App\Controllers\Controlwork))
#2 /var/www/html/system/CodeIgniter.php(336): CodeIgniter\CodeIgniter->handleRequest(NULL, Object(Config\Cache), false)
#3 /var/www/html/index.php(37): CodeIgniter\CodeIgniter->run()
#4 {main}
ERROR - 2023-11-01 15:41:45 --> Unknown column 'app' in 'where clause'
CRITICAL - 2023-11-01 15:41:45 --> Call to a member function getResultArray() on bool
#0 /var/www/html/system/CodeIgniter.php(928): App\Controllers\Controlwork->answerQuestion('56', '11', 'app-assets', 'images', 'icons', 'jpg.png')
#1 /var/www/html/system/CodeIgniter.php(436): CodeIgniter\CodeIgniter->runController(Object(App\Controllers\Controlwork))
#2 /var/www/html/system/CodeIgniter.php(336): CodeIgniter\CodeIgniter->handleRequest(NULL, Object(Config\Cache), false)
#3 /var/www/html/index.php(37): CodeIgniter\CodeIgniter->run()
#4 {main}
ERROR - 2023-11-01 15:41:45 --> Unknown column 'app' in 'where clause'
CRITICAL - 2023-11-01 15:41:45 --> Call to a member function getResultArray() on bool
#0 /var/www/html/system/CodeIgniter.php(928): App\Controllers\Controlwork->answerQuestion('56', '11', 'app-assets', 'images', 'portrait', 'small', 'avatar-s-1.jpg')
#1 /var/www/html/system/CodeIgniter.php(436): CodeIgniter\CodeIgniter->runController(Object(App\Controllers\Controlwork))
#2 /var/www/html/system/CodeIgniter.php(336): CodeIgniter\CodeIgniter->handleRequest(NULL, Object(Config\Cache), false)
#3 /var/www/html/index.php(37): CodeIgniter\CodeIgniter->run()
#4 {main}
ERROR - 2023-11-01 15:41:45 --> Unknown column 'app' in 'where clause'
CRITICAL - 2023-11-01 15:41:45 --> Call to a member function getResultArray() on bool
#0 /var/www/html/system/CodeIgniter.php(928): App\Controllers\Controlwork->answerQuestion('56', '11', 'app-assets', 'images', 'portrait', 'small', 'avatar-s-14.jpg')
#1 /var/www/html/system/CodeIgniter.php(436): CodeIgniter\CodeIgniter->runController(Object(App\Controllers\Controlwork))
#2 /var/www/html/system/CodeIgniter.php(336): CodeIgniter\CodeIgniter->handleRequest(NULL, Object(Config\Cache), false)
#3 /var/www/html/index.php(37): CodeIgniter\CodeIgniter->run()
#4 {main}
ERROR - 2023-11-01 15:41:45 --> Unknown column 'app' in 'where clause'
CRITICAL - 2023-11-01 15:41:46 --> Call to a member function getResultArray() on bool
#0 /var/www/html/system/CodeIgniter.php(928): App\Controllers\Controlwork->answerQuestion('56', '11', 'app-assets', 'images', 'portrait', 'small', 'avatar-s-6.jpg')
#1 /var/www/html/system/CodeIgniter.php(436): CodeIgniter\CodeIgniter->runController(Object(App\Controllers\Controlwork))
#2 /var/www/html/system/CodeIgniter.php(336): CodeIgniter\CodeIgniter->handleRequest(NULL, Object(Config\Cache), false)
#3 /var/www/html/index.php(37): CodeIgniter\CodeIgniter->run()
#4 {main}
ERROR - 2023-11-01 15:41:46 --> Unknown column 'app' in 'where clause'
CRITICAL - 2023-11-01 15:41:46 --> Call to a member function getResultArray() on bool
#0 /var/www/html/system/CodeIgniter.php(928): App\Controllers\Controlwork->answerQuestion('56', '11', 'app-assets', 'images', 'icons', 'pdf.png')
#1 /var/www/html/system/CodeIgniter.php(436): CodeIgniter\CodeIgniter->runController(Object(App\Controllers\Controlwork))
#2 /var/www/html/system/CodeIgniter.php(336): CodeIgniter\CodeIgniter->handleRequest(NULL, Object(Config\Cache), false)
#3 /var/www/html/index.php(37): CodeIgniter\CodeIgniter->run()
#4 {main}
ERROR - 2023-11-01 15:41:46 --> Unknown column 'app' in 'where clause'
CRITICAL - 2023-11-01 15:41:46 --> Call to a member function getResultArray() on bool
#0 /var/www/html/system/CodeIgniter.php(928): App\Controllers\Controlwork->answerQuestion('56', '11', 'app-assets', 'images', 'icons', 'doc.png')
#1 /var/www/html/system/CodeIgniter.php(436): CodeIgniter\CodeIgniter->runController(Object(App\Controllers\Controlwork))
#2 /var/www/html/system/CodeIgniter.php(336): CodeIgniter\CodeIgniter->handleRequest(NULL, Object(Config\Cache), false)
#3 /var/www/html/index.php(37): CodeIgniter\CodeIgniter->run()
#4 {main}
ERROR - 2023-11-01 16:39:27 --> Unknown column 'all_company_data.id' in 'field list'
CRITICAL - 2023-11-01 16:39:27 --> Call to a member function getResult() on bool
#0 /var/www/html/system/BaseModel.php(603): CodeIgniter\Model->doFindAll(500, 0)
#1 /var/www/html/app/Controllers/MarketPlace.php(192): CodeIgniter\BaseModel->findAll(500)
#2 /var/www/html/system/CodeIgniter.php(928): App\Controllers\MarketPlace->get_data_api()
#3 /var/www/html/system/CodeIgniter.php(436): CodeIgniter\CodeIgniter->runController(Object(App\Controllers\MarketPlace))
#4 /var/www/html/system/CodeIgniter.php(336): CodeIgniter\CodeIgniter->handleRequest(NULL, Object(Config\Cache), false)
#5 /var/www/html/index.php(37): CodeIgniter\CodeIgniter->run()
#6 {main}
ERROR - 2023-11-01 16:39:28 --> Unknown column 'all_company_data.id' in 'field list'
CRITICAL - 2023-11-01 16:39:28 --> Call to a member function getResult() on bool
#0 /var/www/html/system/BaseModel.php(603): CodeIgniter\Model->doFindAll(500, 0)
#1 /var/www/html/app/Controllers/MarketPlace.php(192): CodeIgniter\BaseModel->findAll(500)
#2 /var/www/html/system/CodeIgniter.php(928): App\Controllers\MarketPlace->get_data_api()
#3 /var/www/html/system/CodeIgniter.php(436): CodeIgniter\CodeIgniter->runController(Object(App\Controllers\MarketPlace))
#4 /var/www/html/system/CodeIgniter.php(336): CodeIgniter\CodeIgniter->handleRequest(NULL, Object(Config\Cache), false)
#5 /var/www/html/index.php(37): CodeIgniter\CodeIgniter->run()
#6 {main}
ERROR - 2023-11-01 16:39:29 --> Unknown column 'all_company_data.id' in 'field list'
CRITICAL - 2023-11-01 16:39:29 --> Call to a member function getResult() on bool
#0 /var/www/html/system/BaseModel.php(603): CodeIgniter\Model->doFindAll(500, 0)
#1 /var/www/html/app/Controllers/MarketPlace.php(192): CodeIgniter\BaseModel->findAll(500)
#2 /var/www/html/system/CodeIgniter.php(928): App\Controllers\MarketPlace->get_data_api()
#3 /var/www/html/system/CodeIgniter.php(436): CodeIgniter\CodeIgniter->runController(Object(App\Controllers\MarketPlace))
#4 /var/www/html/system/CodeIgniter.php(336): CodeIgniter\CodeIgniter->handleRequest(NULL, Object(Config\Cache), false)
#5 /var/www/html/index.php(37): CodeIgniter\CodeIgniter->run()
#6 {main}
ERROR - 2023-11-01 16:39:40 --> Unknown column 'all_company_data.id' in 'field list'
CRITICAL - 2023-11-01 16:39:41 --> Call to a member function getResult() on bool
#0 /var/www/html/system/BaseModel.php(603): CodeIgniter\Model->doFindAll(500, 0)
#1 /var/www/html/app/Controllers/MarketPlace.php(192): CodeIgniter\BaseModel->findAll(500)
#2 /var/www/html/system/CodeIgniter.php(928): App\Controllers\MarketPlace->get_data_api()
#3 /var/www/html/system/CodeIgniter.php(436): CodeIgniter\CodeIgniter->runController(Object(App\Controllers\MarketPlace))
#4 /var/www/html/system/CodeIgniter.php(336): CodeIgniter\CodeIgniter->handleRequest(NULL, Object(Config\Cache), false)
#5 /var/www/html/index.php(37): CodeIgniter\CodeIgniter->run()
#6 {main}
ERROR - 2023-11-01 16:39:43 --> Unknown column 'all_company_data.id' in 'field list'
CRITICAL - 2023-11-01 16:39:43 --> Call to a member function getResult() on bool
#0 /var/www/html/system/BaseModel.php(603): CodeIgniter\Model->doFindAll(500, 0)
#1 /var/www/html/app/Controllers/MarketPlace.php(192): CodeIgniter\BaseModel->findAll(500)
#2 /var/www/html/system/CodeIgniter.php(928): App\Controllers\MarketPlace->get_data_api()
#3 /var/www/html/system/CodeIgniter.php(436): CodeIgniter\CodeIgniter->runController(Object(App\Controllers\MarketPlace))
#4 /var/www/html/system/CodeIgniter.php(336): CodeIgniter\CodeIgniter->handleRequest(NULL, Object(Config\Cache), false)
#5 /var/www/html/index.php(37): CodeIgniter\CodeIgniter->run()
#6 {main}
ERROR - 2023-11-01 16:41:13 --> Unknown column 'all_company_data.id' in 'field list'
CRITICAL - 2023-11-01 16:41:13 --> Call to a member function getResult() on bool
#0 /var/www/html/system/BaseModel.php(603): CodeIgniter\Model->doFindAll(500, 0)
#1 /var/www/html/app/Controllers/MarketPlace.php(192): CodeIgniter\BaseModel->findAll(500)
#2 /var/www/html/system/CodeIgniter.php(928): App\Controllers\MarketPlace->get_data_api()
#3 /var/www/html/system/CodeIgniter.php(436): CodeIgniter\CodeIgniter->runController(Object(App\Controllers\MarketPlace))
#4 /var/www/html/system/CodeIgniter.php(336): CodeIgniter\CodeIgniter->handleRequest(NULL, Object(Config\Cache), false)
#5 /var/www/html/index.php(37): CodeIgniter\CodeIgniter->run()
#6 {main}
ERROR - 2023-11-01 16:41:16 --> Unknown column 'all_company_data.id' in 'field list'
CRITICAL - 2023-11-01 16:41:16 --> Call to a member function getResult() on bool
#0 /var/www/html/system/BaseModel.php(603): CodeIgniter\Model->doFindAll(500, 0)
#1 /var/www/html/app/Controllers/MarketPlace.php(192): CodeIgniter\BaseModel->findAll(500)
#2 /var/www/html/system/CodeIgniter.php(928): App\Controllers\MarketPlace->get_data_api()
#3 /var/www/html/system/CodeIgniter.php(436): CodeIgniter\CodeIgniter->runController(Object(App\Controllers\MarketPlace))
#4 /var/www/html/system/CodeIgniter.php(336): CodeIgniter\CodeIgniter->handleRequest(NULL, Object(Config\Cache), false)
#5 /var/www/html/index.php(37): CodeIgniter\CodeIgniter->run()
#6 {main}
CRITICAL - 2023-11-01 17:11:45 --> file_get_contents(https://nominatim.openstreetmap.org/search?format=json&amp;q=9TH+FLOOR%2C+NIRMAL+BUILDING+NARIMAN+POINT+MUMBAI%2C+MH+400021): failed to open stream: HTTP request failed! HTTP/1.1 403 Forbidden

#0 [internal function]: CodeIgniter\Debug\Exceptions->errorHandler(2, 'file_get_conten...', '/var/www/html/a...', 26, Array)
#1 /var/www/html/app/Controllers/MarketPlace.php(26): file_get_contents('https://nominat...')
#2 /var/www/html/system/CodeIgniter.php(928): App\Controllers\MarketPlace->index()
#3 /var/www/html/system/CodeIgniter.php(436): CodeIgniter\CodeIgniter->runController(Object(App\Controllers\MarketPlace))
#4 /var/www/html/system/CodeIgniter.php(336): CodeIgniter\CodeIgniter->handleRequest(NULL, Object(Config\Cache), false)
#5 /var/www/html/index.php(37): CodeIgniter\CodeIgniter->run()
#6 {main}
CRITICAL - 2023-11-01 17:15:37 --> file_get_contents(https://nominatim.openstreetmap.org/search?format=json&amp;q=9TH+FLOOR%2C+NIRMAL+BUILDING+NARIMAN+POINT+MUMBAI%2C+MH+400021): failed to open stream: HTTP request failed! HTTP/1.1 403 Forbidden

#0 [internal function]: CodeIgniter\Debug\Exceptions->errorHandler(2, 'file_get_conten...', '/var/www/html/a...', 28, Array)
#1 /var/www/html/app/Controllers/MarketPlace.php(28): file_get_contents('https://nominat...')
#2 /var/www/html/system/CodeIgniter.php(928): App\Controllers\MarketPlace->index()
#3 /var/www/html/system/CodeIgniter.php(436): CodeIgniter\CodeIgniter->runController(Object(App\Controllers\MarketPlace))
#4 /var/www/html/system/CodeIgniter.php(336): CodeIgniter\CodeIgniter->handleRequest(NULL, Object(Config\Cache), false)
#5 /var/www/html/index.php(37): CodeIgniter\CodeIgniter->run()
#6 {main}
CRITICAL - 2023-11-01 17:16:57 --> file_get_contents(https://nominatim.openstreetmap.org/search?format=json&amp;q=9TH+FLOOR%2C+NIRMAL+BUILDING+NARIMAN+POINT+MUMBAI%2C+MH+400021): failed to open stream: HTTP request failed! HTTP/1.1 403 Forbidden

#0 [internal function]: CodeIgniter\Debug\Exceptions->errorHandler(2, 'file_get_conten...', '/var/www/html/a...', 28, Array)
#1 /var/www/html/app/Controllers/MarketPlace.php(28): file_get_contents('https://nominat...')
#2 /var/www/html/system/CodeIgniter.php(928): App\Controllers\MarketPlace->index()
#3 /var/www/html/system/CodeIgniter.php(436): CodeIgniter\CodeIgniter->runController(Object(App\Controllers\MarketPlace))
#4 /var/www/html/system/CodeIgniter.php(336): CodeIgniter\CodeIgniter->handleRequest(NULL, Object(Config\Cache), false)
#5 /var/www/html/index.php(37): CodeIgniter\CodeIgniter->run()
#6 {main}
CRITICAL - 2023-11-01 17:18:57 --> file_get_contents(https://nominatim.openstreetmap.org/search?format=json&amp;q='9TH+FLOOR%2C+NIRMAL+BUILDING+NARIMAN+POINT+MUMBAI%2C+MH+400021): failed to open stream: HTTP request failed! HTTP/1.1 403 Forbidden

#0 [internal function]: CodeIgniter\Debug\Exceptions->errorHandler(2, 'file_get_conten...', '/var/www/html/a...', 28, Array)
#1 /var/www/html/app/Controllers/MarketPlace.php(28): file_get_contents('https://nominat...')
#2 /var/www/html/system/CodeIgniter.php(928): App\Controllers\MarketPlace->index()
#3 /var/www/html/system/CodeIgniter.php(436): CodeIgniter\CodeIgniter->runController(Object(App\Controllers\MarketPlace))
#4 /var/www/html/system/CodeIgniter.php(336): CodeIgniter\CodeIgniter->handleRequest(NULL, Object(Config\Cache), false)
#5 /var/www/html/index.php(37): CodeIgniter\CodeIgniter->run()
#6 {main}
CRITICAL - 2023-11-01 17:19:11 --> file_get_contents(https://nominatim.openstreetmap.org/search?format=json&amp;q=9TH+FLOOR%2C+NIRMAL+BUILDING+NARIMAN+POINT+MUMBAI%2C+MH+400021): failed to open stream: HTTP request failed! HTTP/1.1 403 Forbidden

#0 [internal function]: CodeIgniter\Debug\Exceptions->errorHandler(2, 'file_get_conten...', '/var/www/html/a...', 28, Array)
#1 /var/www/html/app/Controllers/MarketPlace.php(28): file_get_contents('https://nominat...')
#2 /var/www/html/system/CodeIgniter.php(928): App\Controllers\MarketPlace->index()
#3 /var/www/html/system/CodeIgniter.php(436): CodeIgniter\CodeIgniter->runController(Object(App\Controllers\MarketPlace))
#4 /var/www/html/system/CodeIgniter.php(336): CodeIgniter\CodeIgniter->handleRequest(NULL, Object(Config\Cache), false)
#5 /var/www/html/index.php(37): CodeIgniter\CodeIgniter->run()
#6 {main}
ERROR - 2023-11-01 17:54:00 --> Unknown column 'all_company_data.corporate_identification_number' in 'where clause'
CRITICAL - 2023-11-01 17:54:00 --> Call to a member function getFirstRow() on bool
#0 /var/www/html/system/BaseModel.php(644): CodeIgniter\Model->doFirst()
#1 /var/www/html/app/Controllers/MarketPlace.php(307): CodeIgniter\BaseModel->first()
#2 /var/www/html/system/CodeIgniter.php(928): App\Controllers\MarketPlace->company_data_api('U64100HR2014PTC...')
#3 /var/www/html/system/CodeIgniter.php(436): CodeIgniter\CodeIgniter->runController(Object(App\Controllers\MarketPlace))
#4 /var/www/html/system/CodeIgniter.php(336): CodeIgniter\CodeIgniter->handleRequest(NULL, Object(Config\Cache), false)
#5 /var/www/html/index.php(37): CodeIgniter\CodeIgniter->run()
#6 {main}
ERROR - 2023-11-01 17:58:20 --> Unknown column 'all_company_data.corporate_identification_number' in 'where clause'
CRITICAL - 2023-11-01 17:58:20 --> Call to a member function getFirstRow() on bool
#0 /var/www/html/system/BaseModel.php(644): CodeIgniter\Model->doFirst()
#1 /var/www/html/app/Controllers/MarketPlace.php(307): CodeIgniter\BaseModel->first()
#2 /var/www/html/system/CodeIgniter.php(928): App\Controllers\MarketPlace->company_data_api('U64100HR2014PTC...')
#3 /var/www/html/system/CodeIgniter.php(436): CodeIgniter\CodeIgniter->runController(Object(App\Controllers\MarketPlace))
#4 /var/www/html/system/CodeIgniter.php(336): CodeIgniter\CodeIgniter->handleRequest(NULL, Object(Config\Cache), false)
#5 /var/www/html/index.php(37): CodeIgniter\CodeIgniter->run()
#6 {main}
CRITICAL - 2023-11-01 18:42:43 --> Call to undefined function App\Controllers\findComponent()
#0 /var/www/html/system/CodeIgniter.php(928): App\Controllers\MarketPlace->index()
#1 /var/www/html/system/CodeIgniter.php(436): CodeIgniter\CodeIgniter->runController(Object(App\Controllers\MarketPlace))
#2 /var/www/html/system/CodeIgniter.php(336): CodeIgniter\CodeIgniter->handleRequest(NULL, Object(Config\Cache), false)
#3 /var/www/html/index.php(37): CodeIgniter\CodeIgniter->run()
#4 {main}
CRITICAL - 2023-11-01 18:45:17 --> Call to undefined function App\Controllers\findComponent()
#0 /var/www/html/system/CodeIgniter.php(928): App\Controllers\MarketPlace->index()
#1 /var/www/html/system/CodeIgniter.php(436): CodeIgniter\CodeIgniter->runController(Object(App\Controllers\MarketPlace))
#2 /var/www/html/system/CodeIgniter.php(336): CodeIgniter\CodeIgniter->handleRequest(NULL, Object(Config\Cache), false)
#3 /var/www/html/index.php(37): CodeIgniter\CodeIgniter->run()
#4 {main}
CRITICAL - 2023-11-01 18:45:22 --> Call to undefined function App\Controllers\findComponent()
#0 /var/www/html/system/CodeIgniter.php(928): App\Controllers\MarketPlace->index()
#1 /var/www/html/system/CodeIgniter.php(436): CodeIgniter\CodeIgniter->runController(Object(App\Controllers\MarketPlace))
#2 /var/www/html/system/CodeIgniter.php(336): CodeIgniter\CodeIgniter->handleRequest(NULL, Object(Config\Cache), false)
#3 /var/www/html/index.php(37): CodeIgniter\CodeIgniter->run()
#4 {main}
CRITICAL - 2023-11-01 18:45:40 --> Call to undefined function App\Controllers\findComponent()
#0 /var/www/html/system/CodeIgniter.php(928): App\Controllers\MarketPlace->index()
#1 /var/www/html/system/CodeIgniter.php(436): CodeIgniter\CodeIgniter->runController(Object(App\Controllers\MarketPlace))
#2 /var/www/html/system/CodeIgniter.php(336): CodeIgniter\CodeIgniter->handleRequest(NULL, Object(Config\Cache), false)
#3 /var/www/html/index.php(37): CodeIgniter\CodeIgniter->run()
#4 {main}
CRITICAL - 2023-11-01 18:47:05 --> Call to undefined function App\Controllers\findComponent()
#0 /var/www/html/system/CodeIgniter.php(928): App\Controllers\MarketPlace->index()
#1 /var/www/html/system/CodeIgniter.php(436): CodeIgniter\CodeIgniter->runController(Object(App\Controllers\MarketPlace))
#2 /var/www/html/system/CodeIgniter.php(336): CodeIgniter\CodeIgniter->handleRequest(NULL, Object(Config\Cache), false)
#3 /var/www/html/index.php(37): CodeIgniter\CodeIgniter->run()
#4 {main}
CRITICAL - 2023-11-01 18:47:22 --> Call to undefined function App\Controllers\findComponent()
#0 /var/www/html/system/CodeIgniter.php(928): App\Controllers\MarketPlace->index()
#1 /var/www/html/system/CodeIgniter.php(436): CodeIgniter\CodeIgniter->runController(Object(App\Controllers\MarketPlace))
#2 /var/www/html/system/CodeIgniter.php(336): CodeIgniter\CodeIgniter->handleRequest(NULL, Object(Config\Cache), false)
#3 /var/www/html/index.php(37): CodeIgniter\CodeIgniter->run()
#4 {main}
CRITICAL - 2023-11-01 18:47:34 --> Call to undefined function App\Controllers\findComponent()
#0 /var/www/html/system/CodeIgniter.php(928): App\Controllers\MarketPlace->index()
#1 /var/www/html/system/CodeIgniter.php(436): CodeIgniter\CodeIgniter->runController(Object(App\Controllers\MarketPlace))
#2 /var/www/html/system/CodeIgniter.php(336): CodeIgniter\CodeIgniter->handleRequest(NULL, Object(Config\Cache), false)
#3 /var/www/html/index.php(37): CodeIgniter\CodeIgniter->run()
#4 {main}
CRITICAL - 2023-11-01 19:10:24 --> Invalid argument supplied for foreach()
#0 /var/www/html/app/Controllers/MarketPlace.php(133): CodeIgniter\Debug\Exceptions->errorHandler(2, 'Invalid argumen...', '/var/www/html/a...', 133, Array)
#1 /var/www/html/system/CodeIgniter.php(928): App\Controllers\MarketPlace->get_data_api()
#2 /var/www/html/system/CodeIgniter.php(436): CodeIgniter\CodeIgniter->runController(Object(App\Controllers\MarketPlace))
#3 /var/www/html/system/CodeIgniter.php(336): CodeIgniter\CodeIgniter->handleRequest(NULL, Object(Config\Cache), false)
#4 /var/www/html/index.php(37): CodeIgniter\CodeIgniter->run()
#5 {main}
CRITICAL - 2023-11-01 19:11:43 --> Invalid argument supplied for foreach()
#0 /var/www/html/app/Controllers/MarketPlace.php(133): CodeIgniter\Debug\Exceptions->errorHandler(2, 'Invalid argumen...', '/var/www/html/a...', 133, Array)
#1 /var/www/html/system/CodeIgniter.php(928): App\Controllers\MarketPlace->get_data_api()
#2 /var/www/html/system/CodeIgniter.php(436): CodeIgniter\CodeIgniter->runController(Object(App\Controllers\MarketPlace))
#3 /var/www/html/system/CodeIgniter.php(336): CodeIgniter\CodeIgniter->handleRequest(NULL, Object(Config\Cache), false)
#4 /var/www/html/index.php(37): CodeIgniter\CodeIgniter->run()
#5 {main}
ERROR - 2023-11-01 22:25:43 --> Unknown column 'app' in 'where clause'
CRITICAL - 2023-11-01 22:25:43 --> Call to a member function getResultArray() on bool
#0 /var/www/html/system/CodeIgniter.php(928): App\Controllers\Controlwork->start_assessment('198', 'app-assets', 'images', 'icons', 'xls.png')
#1 /var/www/html/system/CodeIgniter.php(436): CodeIgniter\CodeIgniter->runController(Object(App\Controllers\Controlwork))
#2 /var/www/html/system/CodeIgniter.php(336): CodeIgniter\CodeIgniter->handleRequest(NULL, Object(Config\Cache), false)
#3 /var/www/html/index.php(37): CodeIgniter\CodeIgniter->run()
#4 {main}
ERROR - 2023-11-01 22:25:43 --> Unknown column 'app' in 'where clause'
CRITICAL - 2023-11-01 22:25:43 --> Call to a member function getResultArray() on bool
#0 /var/www/html/system/CodeIgniter.php(928): App\Controllers\Controlwork->start_assessment('198', 'app-assets', 'images', 'portrait', 'small', 'avatar-s-1.jpg')
#1 /var/www/html/system/CodeIgniter.php(436): CodeIgniter\CodeIgniter->runController(Object(App\Controllers\Controlwork))
#2 /var/www/html/system/CodeIgniter.php(336): CodeIgniter\CodeIgniter->handleRequest(NULL, Object(Config\Cache), false)
#3 /var/www/html/index.php(37): CodeIgniter\CodeIgniter->run()
#4 {main}
ERROR - 2023-11-01 22:25:43 --> Unknown column 'app' in 'where clause'
CRITICAL - 2023-11-01 22:25:43 --> Call to a member function getResultArray() on bool
#0 /var/www/html/system/CodeIgniter.php(928): App\Controllers\Controlwork->start_assessment('198', 'app-assets', 'images', 'portrait', 'small', 'avatar-s-8.jpg')
#1 /var/www/html/system/CodeIgniter.php(436): CodeIgniter\CodeIgniter->runController(Object(App\Controllers\Controlwork))
#2 /var/www/html/system/CodeIgniter.php(336): CodeIgniter\CodeIgniter->handleRequest(NULL, Object(Config\Cache), false)
#3 /var/www/html/index.php(37): CodeIgniter\CodeIgniter->run()
#4 {main}
ERROR - 2023-11-01 22:25:43 --> Unknown column 'app' in 'where clause'
CRITICAL - 2023-11-01 22:25:43 --> Call to a member function getResultArray() on bool
#0 /var/www/html/system/CodeIgniter.php(928): App\Controllers\Controlwork->start_assessment('198', 'app-assets', 'images', 'icons', 'doc.png')
#1 /var/www/html/system/CodeIgniter.php(436): CodeIgniter\CodeIgniter->runController(Object(App\Controllers\Controlwork))
#2 /var/www/html/system/CodeIgniter.php(336): CodeIgniter\CodeIgniter->handleRequest(NULL, Object(Config\Cache), false)
#3 /var/www/html/index.php(37): CodeIgniter\CodeIgniter->run()
#4 {main}
ERROR - 2023-11-01 22:25:43 --> Unknown column 'app' in 'where clause'
CRITICAL - 2023-11-01 22:25:43 --> Call to a member function getResultArray() on bool
#0 /var/www/html/system/CodeIgniter.php(928): App\Controllers\Controlwork->start_assessment('198', 'app-assets', 'images', 'icons', 'pdf.png')
#1 /var/www/html/system/CodeIgniter.php(436): CodeIgniter\CodeIgniter->runController(Object(App\Controllers\Controlwork))
#2 /var/www/html/system/CodeIgniter.php(336): CodeIgniter\CodeIgniter->handleRequest(NULL, Object(Config\Cache), false)
#3 /var/www/html/index.php(37): CodeIgniter\CodeIgniter->run()
#4 {main}
ERROR - 2023-11-01 22:25:43 --> Unknown column 'app' in 'where clause'
CRITICAL - 2023-11-01 22:25:43 --> Call to a member function getResultArray() on bool
#0 /var/www/html/system/CodeIgniter.php(928): App\Controllers\Controlwork->start_assessment('198', 'app-assets', 'images', 'icons', 'jpg.png')
#1 /var/www/html/system/CodeIgniter.php(436): CodeIgniter\CodeIgniter->runController(Object(App\Controllers\Controlwork))
#2 /var/www/html/system/CodeIgniter.php(336): CodeIgniter\CodeIgniter->handleRequest(NULL, Object(Config\Cache), false)
#3 /var/www/html/index.php(37): CodeIgniter\CodeIgniter->run()
#4 {main}
ERROR - 2023-11-01 22:25:43 --> Unknown column 'app' in 'where clause'
CRITICAL - 2023-11-01 22:25:43 --> Call to a member function getResultArray() on bool
#0 /var/www/html/system/CodeIgniter.php(928): App\Controllers\Controlwork->start_assessment('198', 'app-assets', 'images', 'portrait', 'small', 'avatar-s-14.jpg')
#1 /var/www/html/system/CodeIgniter.php(436): CodeIgniter\CodeIgniter->runController(Object(App\Controllers\Controlwork))
#2 /var/www/html/system/CodeIgniter.php(336): CodeIgniter\CodeIgniter->handleRequest(NULL, Object(Config\Cache), false)
#3 /var/www/html/index.php(37): CodeIgniter\CodeIgniter->run()
#4 {main}
ERROR - 2023-11-01 22:25:43 --> Unknown column 'app' in 'where clause'
CRITICAL - 2023-11-01 22:25:43 --> Call to a member function getResultArray() on bool
#0 /var/www/html/system/CodeIgniter.php(928): App\Controllers\Controlwork->start_assessment('198', 'app-assets', 'images', 'portrait', 'small', 'avatar-s-6.jpg')
#1 /var/www/html/system/CodeIgniter.php(436): CodeIgniter\CodeIgniter->runController(Object(App\Controllers\Controlwork))
#2 /var/www/html/system/CodeIgniter.php(336): CodeIgniter\CodeIgniter->handleRequest(NULL, Object(Config\Cache), false)
#3 /var/www/html/index.php(37): CodeIgniter\CodeIgniter->run()
#4 {main}
ERROR - 2023-11-01 22:25:45 --> Unknown column 'app' in 'where clause'
CRITICAL - 2023-11-01 22:25:45 --> Call to a member function getResultArray() on bool
#0 /var/www/html/system/CodeIgniter.php(928): App\Controllers\Controlwork->answerQuestion('32', '8', 'app-assets', 'images', 'icons', 'xls.png')
#1 /var/www/html/system/CodeIgniter.php(436): CodeIgniter\CodeIgniter->runController(Object(App\Controllers\Controlwork))
#2 /var/www/html/system/CodeIgniter.php(336): CodeIgniter\CodeIgniter->handleRequest(NULL, Object(Config\Cache), false)
#3 /var/www/html/index.php(37): CodeIgniter\CodeIgniter->run()
#4 {main}
ERROR - 2023-11-01 22:25:46 --> Unknown column 'app' in 'where clause'
CRITICAL - 2023-11-01 22:25:46 --> Call to a member function getResultArray() on bool
#0 /var/www/html/system/CodeIgniter.php(928): App\Controllers\Controlwork->answerQuestion('32', '8', 'app-assets', 'images', 'icons', 'pdf.png')
#1 /var/www/html/system/CodeIgniter.php(436): CodeIgniter\CodeIgniter->runController(Object(App\Controllers\Controlwork))
#2 /var/www/html/system/CodeIgniter.php(336): CodeIgniter\CodeIgniter->handleRequest(NULL, Object(Config\Cache), false)
#3 /var/www/html/index.php(37): CodeIgniter\CodeIgniter->run()
#4 {main}
ERROR - 2023-11-01 22:25:46 --> Unknown column 'app' in 'where clause'
CRITICAL - 2023-11-01 22:25:46 --> Call to a member function getResultArray() on bool
#0 /var/www/html/system/CodeIgniter.php(928): App\Controllers\Controlwork->answerQuestion('32', '8', 'app-assets', 'images', 'icons', 'jpg.png')
#1 /var/www/html/system/CodeIgniter.php(436): CodeIgniter\CodeIgniter->runController(Object(App\Controllers\Controlwork))
#2 /var/www/html/system/CodeIgniter.php(336): CodeIgniter\CodeIgniter->handleRequest(NULL, Object(Config\Cache), false)
#3 /var/www/html/index.php(37): CodeIgniter\CodeIgniter->run()
#4 {main}
ERROR - 2023-11-01 22:25:46 --> Unknown column 'app' in 'where clause'
CRITICAL - 2023-11-01 22:25:46 --> Call to a member function getResultArray() on bool
#0 /var/www/html/system/CodeIgniter.php(928): App\Controllers\Controlwork->answerQuestion('32', '8', 'app-assets', 'images', 'icons', 'doc.png')
#1 /var/www/html/system/CodeIgniter.php(436): CodeIgniter\CodeIgniter->runController(Object(App\Controllers\Controlwork))
#2 /var/www/html/system/CodeIgniter.php(336): CodeIgniter\CodeIgniter->handleRequest(NULL, Object(Config\Cache), false)
#3 /var/www/html/index.php(37): CodeIgniter\CodeIgniter->run()
#4 {main}
ERROR - 2023-11-01 22:25:46 --> Unknown column 'app' in 'where clause'
CRITICAL - 2023-11-01 22:25:46 --> Call to a member function getResultArray() on bool
#0 /var/www/html/system/CodeIgniter.php(928): App\Controllers\Controlwork->answerQuestion('32', '8', 'app-assets', 'images', 'portrait', 'small', 'avatar-s-14.jpg')
#1 /var/www/html/system/CodeIgniter.php(436): CodeIgniter\CodeIgniter->runController(Object(App\Controllers\Controlwork))
#2 /var/www/html/system/CodeIgniter.php(336): CodeIgniter\CodeIgniter->handleRequest(NULL, Object(Config\Cache), false)
#3 /var/www/html/index.php(37): CodeIgniter\CodeIgniter->run()
#4 {main}
ERROR - 2023-11-01 22:25:46 --> Unknown column 'app' in 'where clause'
CRITICAL - 2023-11-01 22:25:46 --> Call to a member function getResultArray() on bool
#0 /var/www/html/system/CodeIgniter.php(928): App\Controllers\Controlwork->answerQuestion('32', '8', 'app-assets', 'images', 'portrait', 'small', 'avatar-s-6.jpg')
#1 /var/www/html/system/CodeIgniter.php(436): CodeIgniter\CodeIgniter->runController(Object(App\Controllers\Controlwork))
#2 /var/www/html/system/CodeIgniter.php(336): CodeIgniter\CodeIgniter->handleRequest(NULL, Object(Config\Cache), false)
#3 /var/www/html/index.php(37): CodeIgniter\CodeIgniter->run()
#4 {main}
ERROR - 2023-11-01 22:25:46 --> Unknown column 'app' in 'where clause'
CRITICAL - 2023-11-01 22:25:46 --> Call to a member function getResultArray() on bool
#0 /var/www/html/system/CodeIgniter.php(928): App\Controllers\Controlwork->answerQuestion('32', '8', 'app-assets', 'images', 'portrait', 'small', 'avatar-s-1.jpg')
#1 /var/www/html/system/CodeIgniter.php(436): CodeIgniter\CodeIgniter->runController(Object(App\Controllers\Controlwork))
#2 /var/www/html/system/CodeIgniter.php(336): CodeIgniter\CodeIgniter->handleRequest(NULL, Object(Config\Cache), false)
#3 /var/www/html/index.php(37): CodeIgniter\CodeIgniter->run()
#4 {main}
ERROR - 2023-11-01 22:25:46 --> Unknown column 'app' in 'where clause'
CRITICAL - 2023-11-01 22:25:46 --> Call to a member function getResultArray() on bool
#0 /var/www/html/system/CodeIgniter.php(928): App\Controllers\Controlwork->answerQuestion('32', '8', 'app-assets', 'images', 'portrait', 'small', 'avatar-s-8.jpg')
#1 /var/www/html/system/CodeIgniter.php(436): CodeIgniter\CodeIgniter->runController(Object(App\Controllers\Controlwork))
#2 /var/www/html/system/CodeIgniter.php(336): CodeIgniter\CodeIgniter->handleRequest(NULL, Object(Config\Cache), false)
#3 /var/www/html/index.php(37): CodeIgniter\CodeIgniter->run()
#4 {main}
ERROR - 2023-11-01 22:26:42 --> Column 'image' cannot be null
ERROR - 2023-11-01 22:26:55 --> Column 'image' cannot be null
ERROR - 2023-11-01 22:27:10 --> Unknown column 'app' in 'where clause'
CRITICAL - 2023-11-01 22:27:10 --> Call to a member function getResultArray() on bool
#0 /var/www/html/system/CodeIgniter.php(928): App\Controllers\Controlwork->start_assessment('198', 'app-assets', 'images', 'icons', 'xls.png')
#1 /var/www/html/system/CodeIgniter.php(436): CodeIgniter\CodeIgniter->runController(Object(App\Controllers\Controlwork))
#2 /var/www/html/system/CodeIgniter.php(336): CodeIgniter\CodeIgniter->handleRequest(NULL, Object(Config\Cache), false)
#3 /var/www/html/index.php(37): CodeIgniter\CodeIgniter->run()
#4 {main}
ERROR - 2023-11-01 22:27:11 --> Unknown column 'app' in 'where clause'
CRITICAL - 2023-11-01 22:27:11 --> Call to a member function getResultArray() on bool
#0 /var/www/html/system/CodeIgniter.php(928): App\Controllers\Controlwork->start_assessment('198', 'app-assets', 'images', 'icons', 'jpg.png')
#1 /var/www/html/system/CodeIgniter.php(436): CodeIgniter\CodeIgniter->runController(Object(App\Controllers\Controlwork))
#2 /var/www/html/system/CodeIgniter.php(336): CodeIgniter\CodeIgniter->handleRequest(NULL, Object(Config\Cache), false)
#3 /var/www/html/index.php(37): CodeIgniter\CodeIgniter->run()
#4 {main}
ERROR - 2023-11-01 22:27:11 --> Unknown column 'app' in 'where clause'
CRITICAL - 2023-11-01 22:27:11 --> Call to a member function getResultArray() on bool
#0 /var/www/html/system/CodeIgniter.php(928): App\Controllers\Controlwork->start_assessment('198', 'app-assets', 'images', 'icons', 'pdf.png')
#1 /var/www/html/system/CodeIgniter.php(436): CodeIgniter\CodeIgniter->runController(Object(App\Controllers\Controlwork))
#2 /var/www/html/system/CodeIgniter.php(336): CodeIgniter\CodeIgniter->handleRequest(NULL, Object(Config\Cache), false)
#3 /var/www/html/index.php(37): CodeIgniter\CodeIgniter->run()
#4 {main}
ERROR - 2023-11-01 22:27:11 --> Unknown column 'app' in 'where clause'
CRITICAL - 2023-11-01 22:27:11 --> Call to a member function getResultArray() on bool
#0 /var/www/html/system/CodeIgniter.php(928): App\Controllers\Controlwork->start_assessment('198', 'app-assets', 'images', 'portrait', 'small', 'avatar-s-14.jpg')
#1 /var/www/html/system/CodeIgniter.php(436): CodeIgniter\CodeIgniter->runController(Object(App\Controllers\Controlwork))
#2 /var/www/html/system/CodeIgniter.php(336): CodeIgniter\CodeIgniter->handleRequest(NULL, Object(Config\Cache), false)
#3 /var/www/html/index.php(37): CodeIgniter\CodeIgniter->run()
#4 {main}
ERROR - 2023-11-01 22:27:11 --> Unknown column 'app' in 'where clause'
CRITICAL - 2023-11-01 22:27:11 --> Call to a member function getResultArray() on bool
#0 /var/www/html/system/CodeIgniter.php(928): App\Controllers\Controlwork->start_assessment('198', 'app-assets', 'images', 'icons', 'doc.png')
#1 /var/www/html/system/CodeIgniter.php(436): CodeIgniter\CodeIgniter->runController(Object(App\Controllers\Controlwork))
#2 /var/www/html/system/CodeIgniter.php(336): CodeIgniter\CodeIgniter->handleRequest(NULL, Object(Config\Cache), false)
#3 /var/www/html/index.php(37): CodeIgniter\CodeIgniter->run()
#4 {main}
ERROR - 2023-11-01 22:27:11 --> Unknown column 'app' in 'where clause'
CRITICAL - 2023-11-01 22:27:11 --> Call to a member function getResultArray() on bool
#0 /var/www/html/system/CodeIgniter.php(928): App\Controllers\Controlwork->start_assessment('198', 'app-assets', 'images', 'portrait', 'small', 'avatar-s-1.jpg')
#1 /var/www/html/system/CodeIgniter.php(436): CodeIgniter\CodeIgniter->runController(Object(App\Controllers\Controlwork))
#2 /var/www/html/system/CodeIgniter.php(336): CodeIgniter\CodeIgniter->handleRequest(NULL, Object(Config\Cache), false)
#3 /var/www/html/index.php(37): CodeIgniter\CodeIgniter->run()
#4 {main}
ERROR - 2023-11-01 22:27:12 --> Unknown column 'app' in 'where clause'
CRITICAL - 2023-11-01 22:27:12 --> Call to a member function getResultArray() on bool
#0 /var/www/html/system/CodeIgniter.php(928): App\Controllers\Controlwork->start_assessment('198', 'app-assets', 'images', 'portrait', 'small', 'avatar-s-6.jpg')
#1 /var/www/html/system/CodeIgniter.php(436): CodeIgniter\CodeIgniter->runController(Object(App\Controllers\Controlwork))
#2 /var/www/html/system/CodeIgniter.php(336): CodeIgniter\CodeIgniter->handleRequest(NULL, Object(Config\Cache), false)
#3 /var/www/html/index.php(37): CodeIgniter\CodeIgniter->run()
#4 {main}
ERROR - 2023-11-01 22:27:12 --> Unknown column 'app' in 'where clause'
CRITICAL - 2023-11-01 22:27:12 --> Call to a member function getResultArray() on bool
#0 /var/www/html/system/CodeIgniter.php(928): App\Controllers\Controlwork->start_assessment('198', 'app-assets', 'images', 'portrait', 'small', 'avatar-s-8.jpg')
#1 /var/www/html/system/CodeIgniter.php(436): CodeIgniter\CodeIgniter->runController(Object(App\Controllers\Controlwork))
#2 /var/www/html/system/CodeIgniter.php(336): CodeIgniter\CodeIgniter->handleRequest(NULL, Object(Config\Cache), false)
#3 /var/www/html/index.php(37): CodeIgniter\CodeIgniter->run()
#4 {main}
ERROR - 2023-11-01 22:29:42 --> Unknown column 'app' in 'where clause'
CRITICAL - 2023-11-01 22:29:42 --> Call to a member function getResultArray() on bool
#0 /var/www/html/system/CodeIgniter.php(928): App\Controllers\Environment->newenvironment('app-assets', 'images', 'icons', 'xls.png')
#1 /var/www/html/system/CodeIgniter.php(436): CodeIgniter\CodeIgniter->runController(Object(App\Controllers\Environment))
#2 /var/www/html/system/CodeIgniter.php(336): CodeIgniter\CodeIgniter->handleRequest(NULL, Object(Config\Cache), false)
#3 /var/www/html/index.php(37): CodeIgniter\CodeIgniter->run()
#4 {main}
ERROR - 2023-11-01 22:29:42 --> Unknown column 'app' in 'where clause'
CRITICAL - 2023-11-01 22:29:42 --> Call to a member function getResultArray() on bool
#0 /var/www/html/system/CodeIgniter.php(928): App\Controllers\Environment->newenvironment('app-assets', 'images', 'icons', 'jpg.png')
#1 /var/www/html/system/CodeIgniter.php(436): CodeIgniter\CodeIgniter->runController(Object(App\Controllers\Environment))
#2 /var/www/html/system/CodeIgniter.php(336): CodeIgniter\CodeIgniter->handleRequest(NULL, Object(Config\Cache), false)
#3 /var/www/html/index.php(37): CodeIgniter\CodeIgniter->run()
#4 {main}
ERROR - 2023-11-01 22:29:43 --> Unknown column 'app' in 'where clause'
CRITICAL - 2023-11-01 22:29:43 --> Call to a member function getResultArray() on bool
#0 /var/www/html/system/CodeIgniter.php(928): App\Controllers\Environment->newenvironment('app-assets', 'images', 'icons', 'doc.png')
#1 /var/www/html/system/CodeIgniter.php(436): CodeIgniter\CodeIgniter->runController(Object(App\Controllers\Environment))
#2 /var/www/html/system/CodeIgniter.php(336): CodeIgniter\CodeIgniter->handleRequest(NULL, Object(Config\Cache), false)
#3 /var/www/html/index.php(37): CodeIgniter\CodeIgniter->run()
#4 {main}
ERROR - 2023-11-01 22:29:43 --> Unknown column 'app' in 'where clause'
CRITICAL - 2023-11-01 22:29:43 --> Call to a member function getResultArray() on bool
#0 /var/www/html/system/CodeIgniter.php(928): App\Controllers\Environment->newenvironment('app-assets', 'images', 'portrait', 'small', 'avatar-s-1.jpg')
#1 /var/www/html/system/CodeIgniter.php(436): CodeIgniter\CodeIgniter->runController(Object(App\Controllers\Environment))
#2 /var/www/html/system/CodeIgniter.php(336): CodeIgniter\CodeIgniter->handleRequest(NULL, Object(Config\Cache), false)
#3 /var/www/html/index.php(37): CodeIgniter\CodeIgniter->run()
#4 {main}
ERROR - 2023-11-01 22:29:43 --> Unknown column 'app' in 'where clause'
CRITICAL - 2023-11-01 22:29:43 --> Call to a member function getResultArray() on bool
#0 /var/www/html/system/CodeIgniter.php(928): App\Controllers\Environment->newenvironment('app-assets', 'images', 'icons', 'pdf.png')
#1 /var/www/html/system/CodeIgniter.php(436): CodeIgniter\CodeIgniter->runController(Object(App\Controllers\Environment))
#2 /var/www/html/system/CodeIgniter.php(336): CodeIgniter\CodeIgniter->handleRequest(NULL, Object(Config\Cache), false)
#3 /var/www/html/index.php(37): CodeIgniter\CodeIgniter->run()
#4 {main}
ERROR - 2023-11-01 22:29:43 --> Unknown column 'app' in 'where clause'
CRITICAL - 2023-11-01 22:29:43 --> Call to a member function getResultArray() on bool
#0 /var/www/html/system/CodeIgniter.php(928): App\Controllers\Environment->newenvironment('app-assets', 'images', 'portrait', 'small', 'avatar-s-8.jpg')
#1 /var/www/html/system/CodeIgniter.php(436): CodeIgniter\CodeIgniter->runController(Object(App\Controllers\Environment))
#2 /var/www/html/system/CodeIgniter.php(336): CodeIgniter\CodeIgniter->handleRequest(NULL, Object(Config\Cache), false)
#3 /var/www/html/index.php(37): CodeIgniter\CodeIgniter->run()
#4 {main}
ERROR - 2023-11-01 22:29:43 --> Unknown column 'app' in 'where clause'
CRITICAL - 2023-11-01 22:29:43 --> Call to a member function getResultArray() on bool
#0 /var/www/html/system/CodeIgniter.php(928): App\Controllers\Environment->newenvironment('app-assets', 'images', 'portrait', 'small', 'avatar-s-14.jpg')
#1 /var/www/html/system/CodeIgniter.php(436): CodeIgniter\CodeIgniter->runController(Object(App\Controllers\Environment))
#2 /var/www/html/system/CodeIgniter.php(336): CodeIgniter\CodeIgniter->handleRequest(NULL, Object(Config\Cache), false)
#3 /var/www/html/index.php(37): CodeIgniter\CodeIgniter->run()
#4 {main}
ERROR - 2023-11-01 22:29:43 --> Unknown column 'app' in 'where clause'
CRITICAL - 2023-11-01 22:29:43 --> Call to a member function getResultArray() on bool
#0 /var/www/html/system/CodeIgniter.php(928): App\Controllers\Environment->newenvironment('app-assets', 'images', 'portrait', 'small', 'avatar-s-6.jpg')
#1 /var/www/html/system/CodeIgniter.php(436): CodeIgniter\CodeIgniter->runController(Object(App\Controllers\Environment))
#2 /var/www/html/system/CodeIgniter.php(336): CodeIgniter\CodeIgniter->handleRequest(NULL, Object(Config\Cache), false)
#3 /var/www/html/index.php(37): CodeIgniter\CodeIgniter->run()
#4 {main}
ERROR - 2023-11-01 22:29:43 --> You have an error in your SQL syntax; check the manual that corresponds to your MariaDB server version for the right syntax to use near '' at line 1
CRITICAL - 2023-11-01 22:29:43 --> Call to a member function getResultArray() on bool
#0 /var/www/html/system/CodeIgniter.php(928): App\Controllers\Environment->newenvironment('17')
#1 /var/www/html/system/CodeIgniter.php(436): CodeIgniter\CodeIgniter->runController(Object(App\Controllers\Environment))
#2 /var/www/html/system/CodeIgniter.php(336): CodeIgniter\CodeIgniter->handleRequest(NULL, Object(Config\Cache), false)
#3 /var/www/html/index.php(37): CodeIgniter\CodeIgniter->run()
#4 {main}
ERROR - 2023-11-01 23:24:46 --> Column 'image' cannot be null
ERROR - 2023-11-01 23:25:12 --> Unknown column 'app' in 'where clause'
CRITICAL - 2023-11-01 23:25:12 --> Call to a member function getResultArray() on bool
#0 /var/www/html/system/CodeIgniter.php(928): App\Controllers\Environment->newenvironment('app-assets', 'images', 'icons', 'xls.png')
#1 /var/www/html/system/CodeIgniter.php(436): CodeIgniter\CodeIgniter->runController(Object(App\Controllers\Environment))
#2 /var/www/html/system/CodeIgniter.php(336): CodeIgniter\CodeIgniter->handleRequest(NULL, Object(Config\Cache), false)
#3 /var/www/html/index.php(37): CodeIgniter\CodeIgniter->run()
#4 {main}
ERROR - 2023-11-01 23:25:12 --> Unknown column 'app' in 'where clause'
CRITICAL - 2023-11-01 23:25:12 --> Call to a member function getResultArray() on bool
#0 /var/www/html/system/CodeIgniter.php(928): App\Controllers\Environment->newenvironment('app-assets', 'images', 'icons', 'jpg.png')
#1 /var/www/html/system/CodeIgniter.php(436): CodeIgniter\CodeIgniter->runController(Object(App\Controllers\Environment))
#2 /var/www/html/system/CodeIgniter.php(336): CodeIgniter\CodeIgniter->handleRequest(NULL, Object(Config\Cache), false)
#3 /var/www/html/index.php(37): CodeIgniter\CodeIgniter->run()
#4 {main}
ERROR - 2023-11-01 23:25:12 --> Unknown column 'app' in 'where clause'
CRITICAL - 2023-11-01 23:25:12 --> Call to a member function getResultArray() on bool
#0 /var/www/html/system/CodeIgniter.php(928): App\Controllers\Environment->newenvironment('app-assets', 'images', 'portrait', 'small', 'avatar-s-1.jpg')
#1 /var/www/html/system/CodeIgniter.php(436): CodeIgniter\CodeIgniter->runController(Object(App\Controllers\Environment))
#2 /var/www/html/system/CodeIgniter.php(336): CodeIgniter\CodeIgniter->handleRequest(NULL, Object(Config\Cache), false)
#3 /var/www/html/index.php(37): CodeIgniter\CodeIgniter->run()
#4 {main}
ERROR - 2023-11-01 23:25:13 --> Unknown column 'app' in 'where clause'
CRITICAL - 2023-11-01 23:25:13 --> Call to a member function getResultArray() on bool
#0 /var/www/html/system/CodeIgniter.php(928): App\Controllers\Environment->newenvironment('app-assets', 'images', 'icons', 'pdf.png')
#1 /var/www/html/system/CodeIgniter.php(436): CodeIgniter\CodeIgniter->runController(Object(App\Controllers\Environment))
#2 /var/www/html/system/CodeIgniter.php(336): CodeIgniter\CodeIgniter->handleRequest(NULL, Object(Config\Cache), false)
#3 /var/www/html/index.php(37): CodeIgniter\CodeIgniter->run()
#4 {main}
ERROR - 2023-11-01 23:25:13 --> Unknown column 'app' in 'where clause'
CRITICAL - 2023-11-01 23:25:13 --> Call to a member function getResultArray() on bool
#0 /var/www/html/system/CodeIgniter.php(928): App\Controllers\Environment->newenvironment('app-assets', 'images', 'portrait', 'small', 'avatar-s-14.jpg')
#1 /var/www/html/system/CodeIgniter.php(436): CodeIgniter\CodeIgniter->runController(Object(App\Controllers\Environment))
#2 /var/www/html/system/CodeIgniter.php(336): CodeIgniter\CodeIgniter->handleRequest(NULL, Object(Config\Cache), false)
#3 /var/www/html/index.php(37): CodeIgniter\CodeIgniter->run()
#4 {main}
ERROR - 2023-11-01 23:25:13 --> Unknown column 'app' in 'where clause'
CRITICAL - 2023-11-01 23:25:13 --> Call to a member function getResultArray() on bool
#0 /var/www/html/system/CodeIgniter.php(928): App\Controllers\Environment->newenvironment('app-assets', 'images', 'icons', 'doc.png')
#1 /var/www/html/system/CodeIgniter.php(436): CodeIgniter\CodeIgniter->runController(Object(App\Controllers\Environment))
#2 /var/www/html/system/CodeIgniter.php(336): CodeIgniter\CodeIgniter->handleRequest(NULL, Object(Config\Cache), false)
#3 /var/www/html/index.php(37): CodeIgniter\CodeIgniter->run()
#4 {main}
ERROR - 2023-11-01 23:25:13 --> Unknown column 'app' in 'where clause'
CRITICAL - 2023-11-01 23:25:13 --> Call to a member function getResultArray() on bool
#0 /var/www/html/system/CodeIgniter.php(928): App\Controllers\Environment->newenvironment('app-assets', 'images', 'portrait', 'small', 'avatar-s-6.jpg')
#1 /var/www/html/system/CodeIgniter.php(436): CodeIgniter\CodeIgniter->runController(Object(App\Controllers\Environment))
#2 /var/www/html/system/CodeIgniter.php(336): CodeIgniter\CodeIgniter->handleRequest(NULL, Object(Config\Cache), false)
#3 /var/www/html/index.php(37): CodeIgniter\CodeIgniter->run()
#4 {main}
ERROR - 2023-11-01 23:25:13 --> Unknown column 'app' in 'where clause'
CRITICAL - 2023-11-01 23:25:13 --> Call to a member function getResultArray() on bool
#0 /var/www/html/system/CodeIgniter.php(928): App\Controllers\Environment->newenvironment('app-assets', 'images', 'portrait', 'small', 'avatar-s-8.jpg')
#1 /var/www/html/system/CodeIgniter.php(436): CodeIgniter\CodeIgniter->runController(Object(App\Controllers\Environment))
#2 /var/www/html/system/CodeIgniter.php(336): CodeIgniter\CodeIgniter->handleRequest(NULL, Object(Config\Cache), false)
#3 /var/www/html/index.php(37): CodeIgniter\CodeIgniter->run()
#4 {main}
ERROR - 2023-11-01 23:25:13 --> You have an error in your SQL syntax; check the manual that corresponds to your MariaDB server version for the right syntax to use near '' at line 1
CRITICAL - 2023-11-01 23:25:13 --> Call to a member function getResultArray() on bool
#0 /var/www/html/system/CodeIgniter.php(928): App\Controllers\Environment->newenvironment('16')
#1 /var/www/html/system/CodeIgniter.php(436): CodeIgniter\CodeIgniter->runController(Object(App\Controllers\Environment))
#2 /var/www/html/system/CodeIgniter.php(336): CodeIgniter\CodeIgniter->handleRequest(NULL, Object(Config\Cache), false)
#3 /var/www/html/index.php(37): CodeIgniter\CodeIgniter->run()
#4 {main}
ERROR - 2023-11-01 23:26:53 --> You have an error in your SQL syntax; check the manual that corresponds to your MariaDB server version for the right syntax to use near 'and assessment_id=12 order by id desc' at line 1
CRITICAL - 2023-11-01 23:26:53 --> Call to a member function getRowArray() on bool
#0 /var/www/html/system/CodeIgniter.php(928): App\Controllers\Suppliers_Model->supplier_view_profile('app-assets', 'images', 'icons', 'xls.png')
#1 /var/www/html/system/CodeIgniter.php(436): CodeIgniter\CodeIgniter->runController(Object(App\Controllers\Suppliers_Model))
#2 /var/www/html/system/CodeIgniter.php(336): CodeIgniter\CodeIgniter->handleRequest(NULL, Object(Config\Cache), false)
#3 /var/www/html/index.php(37): CodeIgniter\CodeIgniter->run()
#4 {main}
ERROR - 2023-11-01 23:26:53 --> You have an error in your SQL syntax; check the manual that corresponds to your MariaDB server version for the right syntax to use near 'and assessment_id=12 order by id desc' at line 1
CRITICAL - 2023-11-01 23:26:53 --> Call to a member function getRowArray() on bool
#0 /var/www/html/system/CodeIgniter.php(928): App\Controllers\Suppliers_Model->supplier_view_profile('js', 'jquery-3.2.1.mi...')
#1 /var/www/html/system/CodeIgniter.php(436): CodeIgniter\CodeIgniter->runController(Object(App\Controllers\Suppliers_Model))
#2 /var/www/html/system/CodeIgniter.php(336): CodeIgniter\CodeIgniter->handleRequest(NULL, Object(Config\Cache), false)
#3 /var/www/html/index.php(37): CodeIgniter\CodeIgniter->run()
#4 {main}
ERROR - 2023-11-01 23:26:54 --> You have an error in your SQL syntax; check the manual that corresponds to your MariaDB server version for the right syntax to use near '' at line 1
CRITICAL - 2023-11-01 23:26:54 --> Call to a member function getResultArray() on bool
#0 /var/www/html/system/CodeIgniter.php(928): App\Controllers\Suppliers_Model->test_view()
#1 /var/www/html/system/CodeIgniter.php(436): CodeIgniter\CodeIgniter->runController(Object(App\Controllers\Suppliers_Model))
#2 /var/www/html/system/CodeIgniter.php(336): CodeIgniter\CodeIgniter->handleRequest(NULL, Object(Config\Cache), false)
#3 /var/www/html/index.php(37): CodeIgniter\CodeIgniter->run()
#4 {main}
ERROR - 2023-11-01 23:26:54 --> You have an error in your SQL syntax; check the manual that corresponds to your MariaDB server version for the right syntax to use near 'and assessment_id=12 order by id desc' at line 1
CRITICAL - 2023-11-01 23:26:54 --> Call to a member function getRowArray() on bool
#0 /var/www/html/system/CodeIgniter.php(928): App\Controllers\Suppliers_Model->supplier_view_profile('app-assets', 'images', 'icons', 'pdf.png')
#1 /var/www/html/system/CodeIgniter.php(436): CodeIgniter\CodeIgniter->runController(Object(App\Controllers\Suppliers_Model))
#2 /var/www/html/system/CodeIgniter.php(336): CodeIgniter\CodeIgniter->handleRequest(NULL, Object(Config\Cache), false)
#3 /var/www/html/index.php(37): CodeIgniter\CodeIgniter->run()
#4 {main}
ERROR - 2023-11-01 23:26:54 --> You have an error in your SQL syntax; check the manual that corresponds to your MariaDB server version for the right syntax to use near 'and assessment_id=12 order by id desc' at line 1
CRITICAL - 2023-11-01 23:26:54 --> Call to a member function getRowArray() on bool
#0 /var/www/html/system/CodeIgniter.php(928): App\Controllers\Suppliers_Model->supplier_view_profile('app-assets', 'images', 'icons', 'jpg.png')
#1 /var/www/html/system/CodeIgniter.php(436): CodeIgniter\CodeIgniter->runController(Object(App\Controllers\Suppliers_Model))
#2 /var/www/html/system/CodeIgniter.php(336): CodeIgniter\CodeIgniter->handleRequest(NULL, Object(Config\Cache), false)
#3 /var/www/html/index.php(37): CodeIgniter\CodeIgniter->run()
#4 {main}
ERROR - 2023-11-01 23:26:55 --> You have an error in your SQL syntax; check the manual that corresponds to your MariaDB server version for the right syntax to use near 'and assessment_id=12 order by id desc' at line 1
CRITICAL - 2023-11-01 23:26:55 --> Call to a member function getRowArray() on bool
#0 /var/www/html/system/CodeIgniter.php(928): App\Controllers\Suppliers_Model->supplier_view_profile('app-assets', 'images', 'portrait', 'small', 'avatar-s-8.jpg')
#1 /var/www/html/system/CodeIgniter.php(436): CodeIgniter\CodeIgniter->runController(Object(App\Controllers\Suppliers_Model))
#2 /var/www/html/system/CodeIgniter.php(336): CodeIgniter\CodeIgniter->handleRequest(NULL, Object(Config\Cache), false)
#3 /var/www/html/index.php(37): CodeIgniter\CodeIgniter->run()
#4 {main}
ERROR - 2023-11-01 23:26:55 --> You have an error in your SQL syntax; check the manual that corresponds to your MariaDB server version for the right syntax to use near 'and assessment_id=12 order by id desc' at line 1
CRITICAL - 2023-11-01 23:26:55 --> Call to a member function getRowArray() on bool
#0 /var/www/html/system/CodeIgniter.php(928): App\Controllers\Suppliers_Model->supplier_view_profile('app-assets', 'images', 'icons', 'doc.png')
#1 /var/www/html/system/CodeIgniter.php(436): CodeIgniter\CodeIgniter->runController(Object(App\Controllers\Suppliers_Model))
#2 /var/www/html/system/CodeIgniter.php(336): CodeIgniter\CodeIgniter->handleRequest(NULL, Object(Config\Cache), false)
#3 /var/www/html/index.php(37): CodeIgniter\CodeIgniter->run()
#4 {main}
ERROR - 2023-11-01 23:26:55 --> You have an error in your SQL syntax; check the manual that corresponds to your MariaDB server version for the right syntax to use near 'and assessment_id=12 order by id desc' at line 1
CRITICAL - 2023-11-01 23:26:55 --> Call to a member function getRowArray() on bool
#0 /var/www/html/system/CodeIgniter.php(928): App\Controllers\Suppliers_Model->supplier_view_profile('app-assets', 'images', 'portrait', 'small', 'avatar-s-6.jpg')
#1 /var/www/html/system/CodeIgniter.php(436): CodeIgniter\CodeIgniter->runController(Object(App\Controllers\Suppliers_Model))
#2 /var/www/html/system/CodeIgniter.php(336): CodeIgniter\CodeIgniter->handleRequest(NULL, Object(Config\Cache), false)
#3 /var/www/html/index.php(37): CodeIgniter\CodeIgniter->run()
#4 {main}
ERROR - 2023-11-01 23:26:55 --> You have an error in your SQL syntax; check the manual that corresponds to your MariaDB server version for the right syntax to use near 'and assessment_id=12 order by id desc' at line 1
CRITICAL - 2023-11-01 23:26:55 --> Call to a member function getRowArray() on bool
#0 /var/www/html/system/CodeIgniter.php(928): App\Controllers\Suppliers_Model->supplier_view_profile('app-assets', 'images', 'portrait', 'small', 'avatar-s-1.jpg')
#1 /var/www/html/system/CodeIgniter.php(436): CodeIgniter\CodeIgniter->runController(Object(App\Controllers\Suppliers_Model))
#2 /var/www/html/system/CodeIgniter.php(336): CodeIgniter\CodeIgniter->handleRequest(NULL, Object(Config\Cache), false)
#3 /var/www/html/index.php(37): CodeIgniter\CodeIgniter->run()
#4 {main}
ERROR - 2023-11-01 23:26:55 --> You have an error in your SQL syntax; check the manual that corresponds to your MariaDB server version for the right syntax to use near 'and assessment_id=12 order by id desc' at line 1
CRITICAL - 2023-11-01 23:26:55 --> Call to a member function getRowArray() on bool
#0 /var/www/html/system/CodeIgniter.php(928): App\Controllers\Suppliers_Model->supplier_view_profile('app-assets', 'images', 'portrait', 'small', 'avatar-s-14.jpg')
#1 /var/www/html/system/CodeIgniter.php(436): CodeIgniter\CodeIgniter->runController(Object(App\Controllers\Suppliers_Model))
#2 /var/www/html/system/CodeIgniter.php(336): CodeIgniter\CodeIgniter->handleRequest(NULL, Object(Config\Cache), false)
#3 /var/www/html/index.php(37): CodeIgniter\CodeIgniter->run()
#4 {main}
