CRITICAL - 2023-09-20 04:27:57 --> Invalid file: admin/login.php
#0 /var/www/html/system/View/View.php(213): CodeIgniter\Exceptions\FrameworkException::forInvalidFile('admin/login.php')
#1 /var/www/html/system/Common.php(1271): CodeIgniter\View\View->render('admin/login', Array, true)
#2 /var/www/html/app/Controllers/Admin.php(26): view('admin/login')
#3 /var/www/html/system/CodeIgniter.php(928): App\Controllers\Admin->index()
#4 /var/www/html/system/CodeIgniter.php(436): CodeIgniter\CodeIgniter->runController(Object(App\Controllers\Admin))
#5 /var/www/html/system/CodeIgniter.php(336): CodeIgniter\CodeIgniter->handleRequest(NULL, Object(Config\Cache), false)
#6 /var/www/html/index.php(37): CodeIgniter\CodeIgniter->run()
#7 {main}
ERROR - 2023-09-20 14:53:34 --> MySQL server has gone away
CRITICAL - 2023-09-20 14:53:34 --> Call to a member function getFirstRow() on bool
#0 /var/www/html/system/BaseModel.php(644): CodeIgniter\Model->doFirst()
#1 /var/www/html/app/Controllers/MarketPlace.php(347): CodeIgniter\BaseModel->first()
#2 /var/www/html/system/CodeIgniter.php(928): App\Controllers\MarketPlace->company_data('app-assets', 'images', 'icons', 'jpg.png')
#3 /var/www/html/system/CodeIgniter.php(436): CodeIgniter\CodeIgniter->runController(Object(App\Controllers\MarketPlace))
#4 /var/www/html/system/CodeIgniter.php(336): CodeIgniter\CodeIgniter->handleRequest(NULL, Object(Config\Cache), false)
#5 /var/www/html/index.php(37): CodeIgniter\CodeIgniter->run()
#6 {main}
ERROR - 2023-09-20 14:53:34 --> Error connecting to the database: Connection refused
CRITICAL - 2023-09-20 14:53:34 --> Unable to connect to the database.
Main connection [MySQLi]: Connection refused
#0 /var/www/html/system/Database/BaseConnection.php(625): CodeIgniter\Database\BaseConnection->initialize()
#1 /var/www/html/system/Database/BaseBuilder.php(1881): CodeIgniter\Database\BaseConnection->query('SELECT `supplie...', Array, false)
#2 /var/www/html/system/Model.php(228): CodeIgniter\Database\BaseBuilder->get()
#3 /var/www/html/system/BaseModel.php(644): CodeIgniter\Model->doFirst()
#4 /var/www/html/app/Controllers/MarketPlace.php(168): CodeIgniter\BaseModel->first()
#5 /var/www/html/system/CodeIgniter.php(928): App\Controllers\MarketPlace->company_data('app-assets', 'images', 'icons', 'xls.png')
#6 /var/www/html/system/CodeIgniter.php(436): CodeIgniter\CodeIgniter->runController(Object(App\Controllers\MarketPlace))
#7 /var/www/html/system/CodeIgniter.php(336): CodeIgniter\CodeIgniter->handleRequest(NULL, Object(Config\Cache), false)
#8 /var/www/html/index.php(37): CodeIgniter\CodeIgniter->run()
#9 {main}
ERROR - 2023-09-20 14:53:34 --> Error connecting to the database: Connection refused
CRITICAL - 2023-09-20 14:53:34 --> Unable to connect to the database.
Main connection [MySQLi]: Connection refused
#0 /var/www/html/system/Database/BaseConnection.php(625): CodeIgniter\Database\BaseConnection->initialize()
#1 /var/www/html/system/Database/BaseBuilder.php(1881): CodeIgniter\Database\BaseConnection->query('SELECT `supplie...', Array, false)
#2 /var/www/html/system/Model.php(228): CodeIgniter\Database\BaseBuilder->get()
#3 /var/www/html/system/BaseModel.php(644): CodeIgniter\Model->doFirst()
#4 /var/www/html/app/Controllers/MarketPlace.php(168): CodeIgniter\BaseModel->first()
#5 /var/www/html/system/CodeIgniter.php(928): App\Controllers\MarketPlace->company_data('app-assets', 'images', 'portrait', 'small', 'avatar-s-8.jpg')
#6 /var/www/html/system/CodeIgniter.php(436): CodeIgniter\CodeIgniter->runController(Object(App\Controllers\MarketPlace))
#7 /var/www/html/system/CodeIgniter.php(336): CodeIgniter\CodeIgniter->handleRequest(NULL, Object(Config\Cache), false)
#8 /var/www/html/index.php(37): CodeIgniter\CodeIgniter->run()
#9 {main}
ERROR - 2023-09-20 14:53:34 --> Error connecting to the database: Connection refused
CRITICAL - 2023-09-20 14:53:34 --> Unable to connect to the database.
Main connection [MySQLi]: Connection refused
#0 /var/www/html/system/Database/BaseConnection.php(625): CodeIgniter\Database\BaseConnection->initialize()
#1 /var/www/html/system/Database/BaseBuilder.php(1881): CodeIgniter\Database\BaseConnection->query('SELECT `supplie...', Array, false)
#2 /var/www/html/system/Model.php(228): CodeIgniter\Database\BaseBuilder->get()
#3 /var/www/html/system/BaseModel.php(644): CodeIgniter\Model->doFirst()
#4 /var/www/html/app/Controllers/MarketPlace.php(168): CodeIgniter\BaseModel->first()
#5 /var/www/html/system/CodeIgniter.php(928): App\Controllers\MarketPlace->company_data('js', 'jquery-3.2.1.mi...')
#6 /var/www/html/system/CodeIgniter.php(436): CodeIgniter\CodeIgniter->runController(Object(App\Controllers\MarketPlace))
#7 /var/www/html/system/CodeIgniter.php(336): CodeIgniter\CodeIgniter->handleRequest(NULL, Object(Config\Cache), false)
#8 /var/www/html/index.php(37): CodeIgniter\CodeIgniter->run()
#9 {main}
ERROR - 2023-09-20 14:53:34 --> Error connecting to the database: Connection refused
CRITICAL - 2023-09-20 14:53:34 --> Unable to connect to the database.
Main connection [MySQLi]: Connection refused
#0 /var/www/html/system/Database/BaseConnection.php(625): CodeIgniter\Database\BaseConnection->initialize()
#1 /var/www/html/system/Database/BaseBuilder.php(1881): CodeIgniter\Database\BaseConnection->query('SELECT `supplie...', Array, false)
#2 /var/www/html/system/Model.php(228): CodeIgniter\Database\BaseBuilder->get()
#3 /var/www/html/system/BaseModel.php(644): CodeIgniter\Model->doFirst()
#4 /var/www/html/app/Controllers/MarketPlace.php(168): CodeIgniter\BaseModel->first()
#5 /var/www/html/system/CodeIgniter.php(928): App\Controllers\MarketPlace->company_data('app-assets', 'images', 'portrait', 'small', 'avatar-s-6.jpg')
#6 /var/www/html/system/CodeIgniter.php(436): CodeIgniter\CodeIgniter->runController(Object(App\Controllers\MarketPlace))
#7 /var/www/html/system/CodeIgniter.php(336): CodeIgniter\CodeIgniter->handleRequest(NULL, Object(Config\Cache), false)
#8 /var/www/html/index.php(37): CodeIgniter\CodeIgniter->run()
#9 {main}
ERROR - 2023-09-20 14:53:35 --> Error connecting to the database: Connection refused
CRITICAL - 2023-09-20 14:53:35 --> Unable to connect to the database.
Main connection [MySQLi]: Connection refused
#0 /var/www/html/system/Database/BaseConnection.php(625): CodeIgniter\Database\BaseConnection->initialize()
#1 /var/www/html/system/Database/BaseBuilder.php(1881): CodeIgniter\Database\BaseConnection->query('SELECT `supplie...', Array, false)
#2 /var/www/html/system/Model.php(228): CodeIgniter\Database\BaseBuilder->get()
#3 /var/www/html/system/BaseModel.php(644): CodeIgniter\Model->doFirst()
#4 /var/www/html/app/Controllers/MarketPlace.php(168): CodeIgniter\BaseModel->first()
#5 /var/www/html/system/CodeIgniter.php(928): App\Controllers\MarketPlace->company_data('app-assets', 'images', 'icons', 'doc.png')
#6 /var/www/html/system/CodeIgniter.php(436): CodeIgniter\CodeIgniter->runController(Object(App\Controllers\MarketPlace))
#7 /var/www/html/system/CodeIgniter.php(336): CodeIgniter\CodeIgniter->handleRequest(NULL, Object(Config\Cache), false)
#8 /var/www/html/index.php(37): CodeIgniter\CodeIgniter->run()
#9 {main}
ERROR - 2023-09-20 14:53:35 --> Error connecting to the database: Connection refused
CRITICAL - 2023-09-20 14:53:35 --> Unable to connect to the database.
Main connection [MySQLi]: Connection refused
#0 /var/www/html/system/Database/BaseConnection.php(625): CodeIgniter\Database\BaseConnection->initialize()
#1 /var/www/html/system/Database/BaseBuilder.php(1881): CodeIgniter\Database\BaseConnection->query('SELECT `supplie...', Array, false)
#2 /var/www/html/system/Model.php(228): CodeIgniter\Database\BaseBuilder->get()
#3 /var/www/html/system/BaseModel.php(644): CodeIgniter\Model->doFirst()
#4 /var/www/html/app/Controllers/MarketPlace.php(168): CodeIgniter\BaseModel->first()
#5 /var/www/html/system/CodeIgniter.php(928): App\Controllers\MarketPlace->company_data('app-assets', 'images', 'portrait', 'small', 'avatar-s-14.jpg')
#6 /var/www/html/system/CodeIgniter.php(436): CodeIgniter\CodeIgniter->runController(Object(App\Controllers\MarketPlace))
#7 /var/www/html/system/CodeIgniter.php(336): CodeIgniter\CodeIgniter->handleRequest(NULL, Object(Config\Cache), false)
#8 /var/www/html/index.php(37): CodeIgniter\CodeIgniter->run()
#9 {main}
ERROR - 2023-09-20 14:53:35 --> Error connecting to the database: Connection refused
CRITICAL - 2023-09-20 14:53:35 --> Unable to connect to the database.
Main connection [MySQLi]: Connection refused
#0 /var/www/html/system/Database/BaseConnection.php(625): CodeIgniter\Database\BaseConnection->initialize()
#1 /var/www/html/system/Database/BaseBuilder.php(1881): CodeIgniter\Database\BaseConnection->query('SELECT `supplie...', Array, false)
#2 /var/www/html/system/Model.php(228): CodeIgniter\Database\BaseBuilder->get()
#3 /var/www/html/system/BaseModel.php(644): CodeIgniter\Model->doFirst()
#4 /var/www/html/app/Controllers/MarketPlace.php(168): CodeIgniter\BaseModel->first()
#5 /var/www/html/system/CodeIgniter.php(928): App\Controllers\MarketPlace->company_data('app-assets', 'images', 'portrait', 'small', 'avatar-s-1.jpg')
#6 /var/www/html/system/CodeIgniter.php(436): CodeIgniter\CodeIgniter->runController(Object(App\Controllers\MarketPlace))
#7 /var/www/html/system/CodeIgniter.php(336): CodeIgniter\CodeIgniter->handleRequest(NULL, Object(Config\Cache), false)
#8 /var/www/html/index.php(37): CodeIgniter\CodeIgniter->run()
#9 {main}
ERROR - 2023-09-20 14:53:35 --> Error connecting to the database: Connection refused
CRITICAL - 2023-09-20 14:53:35 --> Unable to connect to the database.
Main connection [MySQLi]: Connection refused
#0 /var/www/html/system/Database/BaseConnection.php(625): CodeIgniter\Database\BaseConnection->initialize()
#1 /var/www/html/system/Database/BaseBuilder.php(1881): CodeIgniter\Database\BaseConnection->query('SELECT `supplie...', Array, false)
#2 /var/www/html/system/Model.php(228): CodeIgniter\Database\BaseBuilder->get()
#3 /var/www/html/system/BaseModel.php(644): CodeIgniter\Model->doFirst()
#4 /var/www/html/app/Controllers/MarketPlace.php(168): CodeIgniter\BaseModel->first()
#5 /var/www/html/system/CodeIgniter.php(928): App\Controllers\MarketPlace->company_data('app-assets', 'images', 'icons', 'pdf.png')
#6 /var/www/html/system/CodeIgniter.php(436): CodeIgniter\CodeIgniter->runController(Object(App\Controllers\MarketPlace))
#7 /var/www/html/system/CodeIgniter.php(336): CodeIgniter\CodeIgniter->handleRequest(NULL, Object(Config\Cache), false)
#8 /var/www/html/index.php(37): CodeIgniter\CodeIgniter->run()
#9 {main}
ERROR - 2023-09-20 15:31:31 --> Unknown column 'app' in 'where clause'
CRITICAL - 2023-09-20 15:31:31 --> Call to a member function getResultArray() on bool
#0 /var/www/html/system/CodeIgniter.php(928): App\Controllers\MarketPlace->company_data('app-assets', 'images', 'portrait', 'small', 'avatar-s-14.jpg')
#1 /var/www/html/system/CodeIgniter.php(436): CodeIgniter\CodeIgniter->runController(Object(App\Controllers\MarketPlace))
#2 /var/www/html/system/CodeIgniter.php(336): CodeIgniter\CodeIgniter->handleRequest(NULL, Object(Config\Cache), false)
#3 /var/www/html/index.php(37): CodeIgniter\CodeIgniter->run()
#4 {main}
ERROR - 2023-09-20 15:31:31 --> Unknown column 'app' in 'where clause'
CRITICAL - 2023-09-20 15:31:31 --> Call to a member function getResultArray() on bool
#0 /var/www/html/system/CodeIgniter.php(928): App\Controllers\MarketPlace->company_data('app-assets', 'images', 'icons', 'pdf.png')
#1 /var/www/html/system/CodeIgniter.php(436): CodeIgniter\CodeIgniter->runController(Object(App\Controllers\MarketPlace))
#2 /var/www/html/system/CodeIgniter.php(336): CodeIgniter\CodeIgniter->handleRequest(NULL, Object(Config\Cache), false)
#3 /var/www/html/index.php(37): CodeIgniter\CodeIgniter->run()
#4 {main}
ERROR - 2023-09-20 15:31:31 --> Unknown column 'app' in 'where clause'
CRITICAL - 2023-09-20 15:31:31 --> Call to a member function getResultArray() on bool
#0 /var/www/html/system/CodeIgniter.php(928): App\Controllers\MarketPlace->company_data('app-assets', 'images', 'portrait', 'small', 'avatar-s-8.jpg')
#1 /var/www/html/system/CodeIgniter.php(436): CodeIgniter\CodeIgniter->runController(Object(App\Controllers\MarketPlace))
#2 /var/www/html/system/CodeIgniter.php(336): CodeIgniter\CodeIgniter->handleRequest(NULL, Object(Config\Cache), false)
#3 /var/www/html/index.php(37): CodeIgniter\CodeIgniter->run()
#4 {main}
ERROR - 2023-09-20 15:31:31 --> Unknown column 'app' in 'where clause'
CRITICAL - 2023-09-20 15:31:31 --> Call to a member function getResultArray() on bool
#0 /var/www/html/system/CodeIgniter.php(928): App\Controllers\MarketPlace->company_data('app-assets', 'images', 'icons', 'doc.png')
#1 /var/www/html/system/CodeIgniter.php(436): CodeIgniter\CodeIgniter->runController(Object(App\Controllers\MarketPlace))
#2 /var/www/html/system/CodeIgniter.php(336): CodeIgniter\CodeIgniter->handleRequest(NULL, Object(Config\Cache), false)
#3 /var/www/html/index.php(37): CodeIgniter\CodeIgniter->run()
#4 {main}
ERROR - 2023-09-20 15:31:31 --> Unknown column 'app' in 'where clause'
CRITICAL - 2023-09-20 15:31:31 --> Call to a member function getResultArray() on bool
#0 /var/www/html/system/CodeIgniter.php(928): App\Controllers\MarketPlace->company_data('app-assets', 'images', 'icons', 'jpg.png')
#1 /var/www/html/system/CodeIgniter.php(436): CodeIgniter\CodeIgniter->runController(Object(App\Controllers\MarketPlace))
#2 /var/www/html/system/CodeIgniter.php(336): CodeIgniter\CodeIgniter->handleRequest(NULL, Object(Config\Cache), false)
#3 /var/www/html/index.php(37): CodeIgniter\CodeIgniter->run()
#4 {main}
ERROR - 2023-09-20 15:31:31 --> Unknown column 'app' in 'where clause'
CRITICAL - 2023-09-20 15:31:31 --> Call to a member function getResultArray() on bool
#0 /var/www/html/system/CodeIgniter.php(928): App\Controllers\MarketPlace->company_data('app-assets', 'images', 'portrait', 'small', 'avatar-s-1.jpg')
#1 /var/www/html/system/CodeIgniter.php(436): CodeIgniter\CodeIgniter->runController(Object(App\Controllers\MarketPlace))
#2 /var/www/html/system/CodeIgniter.php(336): CodeIgniter\CodeIgniter->handleRequest(NULL, Object(Config\Cache), false)
#3 /var/www/html/index.php(37): CodeIgniter\CodeIgniter->run()
#4 {main}
ERROR - 2023-09-20 15:31:31 --> Unknown column 'app' in 'where clause'
CRITICAL - 2023-09-20 15:31:31 --> Call to a member function getResultArray() on bool
#0 /var/www/html/system/CodeIgniter.php(928): App\Controllers\MarketPlace->company_data('app-assets', 'images', 'icons', 'xls.png')
#1 /var/www/html/system/CodeIgniter.php(436): CodeIgniter\CodeIgniter->runController(Object(App\Controllers\MarketPlace))
#2 /var/www/html/system/CodeIgniter.php(336): CodeIgniter\CodeIgniter->handleRequest(NULL, Object(Config\Cache), false)
#3 /var/www/html/index.php(37): CodeIgniter\CodeIgniter->run()
#4 {main}
ERROR - 2023-09-20 15:31:31 --> Unknown column 'js' in 'where clause'
CRITICAL - 2023-09-20 15:31:31 --> Call to a member function getResultArray() on bool
#0 /var/www/html/system/CodeIgniter.php(928): App\Controllers\MarketPlace->company_data('js', 'jquery-3.2.1.mi...')
#1 /var/www/html/system/CodeIgniter.php(436): CodeIgniter\CodeIgniter->runController(Object(App\Controllers\MarketPlace))
#2 /var/www/html/system/CodeIgniter.php(336): CodeIgniter\CodeIgniter->handleRequest(NULL, Object(Config\Cache), false)
#3 /var/www/html/index.php(37): CodeIgniter\CodeIgniter->run()
#4 {main}
ERROR - 2023-09-20 15:31:32 --> Unknown column 'app' in 'where clause'
CRITICAL - 2023-09-20 15:31:32 --> Call to a member function getResultArray() on bool
#0 /var/www/html/system/CodeIgniter.php(928): App\Controllers\MarketPlace->company_data('app-assets', 'images', 'portrait', 'small', 'avatar-s-6.jpg')
#1 /var/www/html/system/CodeIgniter.php(436): CodeIgniter\CodeIgniter->runController(Object(App\Controllers\MarketPlace))
#2 /var/www/html/system/CodeIgniter.php(336): CodeIgniter\CodeIgniter->handleRequest(NULL, Object(Config\Cache), false)
#3 /var/www/html/index.php(37): CodeIgniter\CodeIgniter->run()
#4 {main}
ERROR - 2023-09-20 15:39:22 --> Unknown column 'U52609DL2018PTC329860' in 'where clause'
CRITICAL - 2023-09-20 15:39:22 --> Call to a member function getResultArray() on bool
#0 /var/www/html/system/CodeIgniter.php(928): App\Controllers\MarketPlace->company_data('U52609DL2018PTC...')
#1 /var/www/html/system/CodeIgniter.php(436): CodeIgniter\CodeIgniter->runController(Object(App\Controllers\MarketPlace))
#2 /var/www/html/system/CodeIgniter.php(336): CodeIgniter\CodeIgniter->handleRequest(NULL, Object(Config\Cache), false)
#3 /var/www/html/index.php(37): CodeIgniter\CodeIgniter->run()
#4 {main}
ERROR - 2023-09-20 15:39:43 --> Unknown column 'U52609DL2018PTC329860' in 'where clause'
CRITICAL - 2023-09-20 15:39:43 --> Call to a member function getResultArray() on bool
#0 /var/www/html/system/CodeIgniter.php(928): App\Controllers\MarketPlace->company_data('U52609DL2018PTC...')
#1 /var/www/html/system/CodeIgniter.php(436): CodeIgniter\CodeIgniter->runController(Object(App\Controllers\MarketPlace))
#2 /var/www/html/system/CodeIgniter.php(336): CodeIgniter\CodeIgniter->handleRequest(NULL, Object(Config\Cache), false)
#3 /var/www/html/index.php(37): CodeIgniter\CodeIgniter->run()
#4 {main}
CRITICAL - 2023-09-20 17:37:32 --> Class 'SupplierModel' not found
#0 /var/www/html/app/Controllers/MarketPlace.php(26): SidebarData()
#1 /var/www/html/system/CodeIgniter.php(928): App\Controllers\MarketPlace->index()
#2 /var/www/html/system/CodeIgniter.php(436): CodeIgniter\CodeIgniter->runController(Object(App\Controllers\MarketPlace))
#3 /var/www/html/system/CodeIgniter.php(336): CodeIgniter\CodeIgniter->handleRequest(NULL, Object(Config\Cache), false)
#4 /var/www/html/index.php(37): CodeIgniter\CodeIgniter->run()
#5 {main}
ERROR - 2023-09-20 17:38:37 --> Table 'positiiv_db.madhyapradesha' doesn't exist
CRITICAL - 2023-09-20 17:38:37 --> Call to a member function getResultArray() on bool
#0 /var/www/html/system/CodeIgniter.php(928): App\Controllers\MarketPlace->index()
#1 /var/www/html/system/CodeIgniter.php(436): CodeIgniter\CodeIgniter->runController(Object(App\Controllers\MarketPlace))
#2 /var/www/html/system/CodeIgniter.php(336): CodeIgniter\CodeIgniter->handleRequest(NULL, Object(Config\Cache), false)
#3 /var/www/html/index.php(37): CodeIgniter\CodeIgniter->run()
#4 {main}
CRITICAL - 2023-09-20 18:06:08 --> Too few arguments to function App\Controllers\Sensor::eb_board(), 1 passed in /var/www/html/system/CodeIgniter.php on line 928 and exactly 2 expected
#0 /var/www/html/system/CodeIgniter.php(928): App\Controllers\Sensor->eb_board('0')
#1 /var/www/html/system/CodeIgniter.php(436): CodeIgniter\CodeIgniter->runController(Object(App\Controllers\Sensor))
#2 /var/www/html/system/CodeIgniter.php(336): CodeIgniter\CodeIgniter->handleRequest(NULL, Object(Config\Cache), false)
#3 /var/www/html/index.php(37): CodeIgniter\CodeIgniter->run()
#4 {main}
CRITICAL - 2023-09-20 18:06:08 --> Too few arguments to function App\Controllers\Sensor::eb_board(), 1 passed in /var/www/html/system/CodeIgniter.php on line 928 and exactly 2 expected
#0 /var/www/html/system/CodeIgniter.php(928): App\Controllers\Sensor->eb_board('0')
#1 /var/www/html/system/CodeIgniter.php(436): CodeIgniter\CodeIgniter->runController(Object(App\Controllers\Sensor))
#2 /var/www/html/system/CodeIgniter.php(336): CodeIgniter\CodeIgniter->handleRequest(NULL, Object(Config\Cache), false)
#3 /var/www/html/index.php(37): CodeIgniter\CodeIgniter->run()
#4 {main}
