CRITICAL - 2023-10-27 17:04:44 --> Invalid file: test.php
#0 /var/www/html/system/View/View.php(213): CodeIgniter\Exceptions\FrameworkException::forInvalidFile('test.php')
#1 /var/www/html/system/Common.php(1271): CodeIgniter\View\View->render('test', Array, true)
#2 /var/www/html/app/Controllers/MarketPlace.php(369): view('test', Array)
#3 /var/www/html/system/CodeIgniter.php(928): App\Controllers\MarketPlace->pppidinsert()
#4 /var/www/html/system/CodeIgniter.php(436): CodeIgniter\CodeIgniter->runController(Object(App\Controllers\MarketPlace))
#5 /var/www/html/system/CodeIgniter.php(336): CodeIgniter\CodeIgniter->handleRequest(NULL, Object(Config\Cache), false)
#6 /var/www/html/index.php(37): CodeIgniter\CodeIgniter->run()
#7 {main}
CRITICAL - 2023-10-27 17:07:00 --> Invalid file: test.php
#0 /var/www/html/system/View/View.php(213): CodeIgniter\Exceptions\FrameworkException::forInvalidFile('test.php')
#1 /var/www/html/system/Common.php(1271): CodeIgniter\View\View->render('test', Array, true)
#2 /var/www/html/app/Controllers/MarketPlace.php(369): view('test', Array)
#3 /var/www/html/system/CodeIgniter.php(928): App\Controllers\MarketPlace->pppidinsert()
#4 /var/www/html/system/CodeIgniter.php(436): CodeIgniter\CodeIgniter->runController(Object(App\Controllers\MarketPlace))
#5 /var/www/html/system/CodeIgniter.php(336): CodeIgniter\CodeIgniter->handleRequest(NULL, Object(Config\Cache), false)
#6 /var/www/html/index.php(37): CodeIgniter\CodeIgniter->run()
#7 {main}
CRITICAL - 2023-10-27 17:09:23 --> Invalid file: test.php
#0 /var/www/html/system/View/View.php(213): CodeIgniter\Exceptions\FrameworkException::forInvalidFile('test.php')
#1 /var/www/html/system/Common.php(1271): CodeIgniter\View\View->render('test', Array, true)
#2 /var/www/html/app/Controllers/MarketPlace.php(369): view('test', Array)
#3 /var/www/html/system/CodeIgniter.php(928): App\Controllers\MarketPlace->pppidinsert()
#4 /var/www/html/system/CodeIgniter.php(436): CodeIgniter\CodeIgniter->runController(Object(App\Controllers\MarketPlace))
#5 /var/www/html/system/CodeIgniter.php(336): CodeIgniter\CodeIgniter->handleRequest(NULL, Object(Config\Cache), false)
#6 /var/www/html/index.php(37): CodeIgniter\CodeIgniter->run()
#7 {main}
CRITICAL - 2023-10-27 17:10:31 --> Invalid file: test.php
#0 /var/www/html/system/View/View.php(213): CodeIgniter\Exceptions\FrameworkException::forInvalidFile('test.php')
#1 /var/www/html/system/Common.php(1271): CodeIgniter\View\View->render('test', Array, true)
#2 /var/www/html/app/Controllers/MarketPlace.php(369): view('test', Array)
#3 /var/www/html/system/CodeIgniter.php(928): App\Controllers\MarketPlace->pppidinsert()
#4 /var/www/html/system/CodeIgniter.php(436): CodeIgniter\CodeIgniter->runController(Object(App\Controllers\MarketPlace))
#5 /var/www/html/system/CodeIgniter.php(336): CodeIgniter\CodeIgniter->handleRequest(NULL, Object(Config\Cache), false)
#6 /var/www/html/index.php(37): CodeIgniter\CodeIgniter->run()
#7 {main}
CRITICAL - 2023-10-27 17:11:43 --> Invalid file: test.php
#0 /var/www/html/system/View/View.php(213): CodeIgniter\Exceptions\FrameworkException::forInvalidFile('test.php')
#1 /var/www/html/system/Common.php(1271): CodeIgniter\View\View->render('test', Array, true)
#2 /var/www/html/app/Controllers/MarketPlace.php(369): view('test', Array)
#3 /var/www/html/system/CodeIgniter.php(928): App\Controllers\MarketPlace->pppidinsert()
#4 /var/www/html/system/CodeIgniter.php(436): CodeIgniter\CodeIgniter->runController(Object(App\Controllers\MarketPlace))
#5 /var/www/html/system/CodeIgniter.php(336): CodeIgniter\CodeIgniter->handleRequest(NULL, Object(Config\Cache), false)
#6 /var/www/html/index.php(37): CodeIgniter\CodeIgniter->run()
#7 {main}
CRITICAL - 2023-10-27 17:12:30 --> Invalid file: test.php
#0 /var/www/html/system/View/View.php(213): CodeIgniter\Exceptions\FrameworkException::forInvalidFile('test.php')
#1 /var/www/html/system/Common.php(1271): CodeIgniter\View\View->render('test', Array, true)
#2 /var/www/html/app/Controllers/MarketPlace.php(369): view('test', Array)
#3 /var/www/html/system/CodeIgniter.php(928): App\Controllers\MarketPlace->pppidinsert()
#4 /var/www/html/system/CodeIgniter.php(436): CodeIgniter\CodeIgniter->runController(Object(App\Controllers\MarketPlace))
#5 /var/www/html/system/CodeIgniter.php(336): CodeIgniter\CodeIgniter->handleRequest(NULL, Object(Config\Cache), false)
#6 /var/www/html/index.php(37): CodeIgniter\CodeIgniter->run()
#7 {main}
CRITICAL - 2023-10-27 17:12:51 --> Invalid file: test.php
#0 /var/www/html/system/View/View.php(213): CodeIgniter\Exceptions\FrameworkException::forInvalidFile('test.php')
#1 /var/www/html/system/Common.php(1271): CodeIgniter\View\View->render('test', Array, true)
#2 /var/www/html/app/Controllers/MarketPlace.php(369): view('test', Array)
#3 /var/www/html/system/CodeIgniter.php(928): App\Controllers\MarketPlace->pppidinsert()
#4 /var/www/html/system/CodeIgniter.php(436): CodeIgniter\CodeIgniter->runController(Object(App\Controllers\MarketPlace))
#5 /var/www/html/system/CodeIgniter.php(336): CodeIgniter\CodeIgniter->handleRequest(NULL, Object(Config\Cache), false)
#6 /var/www/html/index.php(37): CodeIgniter\CodeIgniter->run()
#7 {main}
CRITICAL - 2023-10-27 17:13:06 --> Invalid file: test.php
#0 /var/www/html/system/View/View.php(213): CodeIgniter\Exceptions\FrameworkException::forInvalidFile('test.php')
#1 /var/www/html/system/Common.php(1271): CodeIgniter\View\View->render('test', Array, true)
#2 /var/www/html/app/Controllers/MarketPlace.php(369): view('test', Array)
#3 /var/www/html/system/CodeIgniter.php(928): App\Controllers\MarketPlace->pppidinsert()
#4 /var/www/html/system/CodeIgniter.php(436): CodeIgniter\CodeIgniter->runController(Object(App\Controllers\MarketPlace))
#5 /var/www/html/system/CodeIgniter.php(336): CodeIgniter\CodeIgniter->handleRequest(NULL, Object(Config\Cache), false)
#6 /var/www/html/index.php(37): CodeIgniter\CodeIgniter->run()
#7 {main}
CRITICAL - 2023-10-27 17:13:15 --> Invalid file: test.php
#0 /var/www/html/system/View/View.php(213): CodeIgniter\Exceptions\FrameworkException::forInvalidFile('test.php')
#1 /var/www/html/system/Common.php(1271): CodeIgniter\View\View->render('test', Array, true)
#2 /var/www/html/app/Controllers/MarketPlace.php(369): view('test', Array)
#3 /var/www/html/system/CodeIgniter.php(928): App\Controllers\MarketPlace->pppidinsert()
#4 /var/www/html/system/CodeIgniter.php(436): CodeIgniter\CodeIgniter->runController(Object(App\Controllers\MarketPlace))
#5 /var/www/html/system/CodeIgniter.php(336): CodeIgniter\CodeIgniter->handleRequest(NULL, Object(Config\Cache), false)
#6 /var/www/html/index.php(37): CodeIgniter\CodeIgniter->run()
#7 {main}
CRITICAL - 2023-10-27 17:13:31 --> Invalid file: test.php
#0 /var/www/html/system/View/View.php(213): CodeIgniter\Exceptions\FrameworkException::forInvalidFile('test.php')
#1 /var/www/html/system/Common.php(1271): CodeIgniter\View\View->render('test', Array, true)
#2 /var/www/html/app/Controllers/MarketPlace.php(369): view('test', Array)
#3 /var/www/html/system/CodeIgniter.php(928): App\Controllers\MarketPlace->pppidinsert()
#4 /var/www/html/system/CodeIgniter.php(436): CodeIgniter\CodeIgniter->runController(Object(App\Controllers\MarketPlace))
#5 /var/www/html/system/CodeIgniter.php(336): CodeIgniter\CodeIgniter->handleRequest(NULL, Object(Config\Cache), false)
#6 /var/www/html/index.php(37): CodeIgniter\CodeIgniter->run()
#7 {main}
CRITICAL - 2023-10-27 17:13:43 --> Invalid file: test.php
#0 /var/www/html/system/View/View.php(213): CodeIgniter\Exceptions\FrameworkException::forInvalidFile('test.php')
#1 /var/www/html/system/Common.php(1271): CodeIgniter\View\View->render('test', Array, true)
#2 /var/www/html/app/Controllers/MarketPlace.php(369): view('test', Array)
#3 /var/www/html/system/CodeIgniter.php(928): App\Controllers\MarketPlace->pppidinsert()
#4 /var/www/html/system/CodeIgniter.php(436): CodeIgniter\CodeIgniter->runController(Object(App\Controllers\MarketPlace))
#5 /var/www/html/system/CodeIgniter.php(336): CodeIgniter\CodeIgniter->handleRequest(NULL, Object(Config\Cache), false)
#6 /var/www/html/index.php(37): CodeIgniter\CodeIgniter->run()
#7 {main}
