CRITICAL - 2023-10-26 13:00:21 --> Class 'App\Controllers\all_company_data' not found
#0 /var/www/html/system/CodeIgniter.php(928): App\Controllers\MarketPlace->pppidinsert()
#1 /var/www/html/system/CodeIgniter.php(436): CodeIgniter\CodeIgniter->runController(Object(App\Controllers\MarketPlace))
#2 /var/www/html/system/CodeIgniter.php(336): CodeIgniter\CodeIgniter->handleRequest(NULL, Object(Config\Cache), false)
#3 /var/www/html/index.php(37): CodeIgniter\CodeIgniter->run()
#4 {main}
CRITICAL - 2023-10-26 13:00:23 --> Class 'App\Controllers\all_company_data' not found
#0 /var/www/html/system/CodeIgniter.php(928): App\Controllers\MarketPlace->pppidinsert()
#1 /var/www/html/system/CodeIgniter.php(436): CodeIgniter\CodeIgniter->runController(Object(App\Controllers\MarketPlace))
#2 /var/www/html/system/CodeIgniter.php(336): CodeIgniter\CodeIgniter->handleRequest(NULL, Object(Config\Cache), false)
#3 /var/www/html/index.php(37): CodeIgniter\CodeIgniter->run()
#4 {main}
CRITICAL - 2023-10-26 13:00:27 --> Class 'App\Controllers\all_company_data' not found
#0 /var/www/html/system/CodeIgniter.php(928): App\Controllers\MarketPlace->pppidinsert()
#1 /var/www/html/system/CodeIgniter.php(436): CodeIgniter\CodeIgniter->runController(Object(App\Controllers\MarketPlace))
#2 /var/www/html/system/CodeIgniter.php(336): CodeIgniter\CodeIgniter->handleRequest(NULL, Object(Config\Cache), false)
#3 /var/www/html/index.php(37): CodeIgniter\CodeIgniter->run()
#4 {main}
CRITICAL - 2023-10-26 13:00:33 --> Class 'App\Controllers\all_company_data' not found
#0 /var/www/html/system/CodeIgniter.php(928): App\Controllers\MarketPlace->pppidinsert()
#1 /var/www/html/system/CodeIgniter.php(436): CodeIgniter\CodeIgniter->runController(Object(App\Controllers\MarketPlace))
#2 /var/www/html/system/CodeIgniter.php(336): CodeIgniter\CodeIgniter->handleRequest(NULL, Object(Config\Cache), false)
#3 /var/www/html/index.php(37): CodeIgniter\CodeIgniter->run()
#4 {main}
CRITICAL - 2023-10-26 13:00:39 --> Class 'App\Controllers\all_company_data' not found
#0 /var/www/html/system/CodeIgniter.php(928): App\Controllers\MarketPlace->pppidinsert()
#1 /var/www/html/system/CodeIgniter.php(436): CodeIgniter\CodeIgniter->runController(Object(App\Controllers\MarketPlace))
#2 /var/www/html/system/CodeIgniter.php(336): CodeIgniter\CodeIgniter->handleRequest(NULL, Object(Config\Cache), false)
#3 /var/www/html/index.php(37): CodeIgniter\CodeIgniter->run()
#4 {main}
CRITICAL - 2023-10-26 13:00:45 --> Class 'App\Controllers\all_company_data' not found
#0 /var/www/html/system/CodeIgniter.php(928): App\Controllers\MarketPlace->pppidinsert()
#1 /var/www/html/system/CodeIgniter.php(436): CodeIgniter\CodeIgniter->runController(Object(App\Controllers\MarketPlace))
#2 /var/www/html/system/CodeIgniter.php(336): CodeIgniter\CodeIgniter->handleRequest(NULL, Object(Config\Cache), false)
#3 /var/www/html/index.php(37): CodeIgniter\CodeIgniter->run()
#4 {main}
CRITICAL - 2023-10-26 13:00:51 --> Class 'App\Controllers\all_company_data' not found
#0 /var/www/html/system/CodeIgniter.php(928): App\Controllers\MarketPlace->pppidinsert()
#1 /var/www/html/system/CodeIgniter.php(436): CodeIgniter\CodeIgniter->runController(Object(App\Controllers\MarketPlace))
#2 /var/www/html/system/CodeIgniter.php(336): CodeIgniter\CodeIgniter->handleRequest(NULL, Object(Config\Cache), false)
#3 /var/www/html/index.php(37): CodeIgniter\CodeIgniter->run()
#4 {main}
CRITICAL - 2023-10-26 13:00:57 --> Class 'App\Controllers\all_company_data' not found
#0 /var/www/html/system/CodeIgniter.php(928): App\Controllers\MarketPlace->pppidinsert()
#1 /var/www/html/system/CodeIgniter.php(436): CodeIgniter\CodeIgniter->runController(Object(App\Controllers\MarketPlace))
#2 /var/www/html/system/CodeIgniter.php(336): CodeIgniter\CodeIgniter->handleRequest(NULL, Object(Config\Cache), false)
#3 /var/www/html/index.php(37): CodeIgniter\CodeIgniter->run()
#4 {main}
CRITICAL - 2023-10-26 13:01:03 --> Class 'App\Controllers\all_company_data' not found
#0 /var/www/html/system/CodeIgniter.php(928): App\Controllers\MarketPlace->pppidinsert()
#1 /var/www/html/system/CodeIgniter.php(436): CodeIgniter\CodeIgniter->runController(Object(App\Controllers\MarketPlace))
#2 /var/www/html/system/CodeIgniter.php(336): CodeIgniter\CodeIgniter->handleRequest(NULL, Object(Config\Cache), false)
#3 /var/www/html/index.php(37): CodeIgniter\CodeIgniter->run()
#4 {main}
CRITICAL - 2023-10-26 13:01:09 --> There is no data to update.
#0 /var/www/html/system/BaseModel.php(896): CodeIgniter\Database\Exceptions\DataException::forEmptyDataset('update')
#1 /var/www/html/system/Model.php(718): CodeIgniter\BaseModel->update(Array, Array)
#2 /var/www/html/app/Controllers/MarketPlace.php(378): CodeIgniter\Model->update('1', Array)
#3 /var/www/html/system/CodeIgniter.php(928): App\Controllers\MarketPlace->pppidinsert()
#4 /var/www/html/system/CodeIgniter.php(436): CodeIgniter\CodeIgniter->runController(Object(App\Controllers\MarketPlace))
#5 /var/www/html/system/CodeIgniter.php(336): CodeIgniter\CodeIgniter->handleRequest(NULL, Object(Config\Cache), false)
#6 /var/www/html/index.php(37): CodeIgniter\CodeIgniter->run()
#7 {main}
CRITICAL - 2023-10-26 13:01:14 --> There is no data to update.
#0 /var/www/html/system/BaseModel.php(896): CodeIgniter\Database\Exceptions\DataException::forEmptyDataset('update')
#1 /var/www/html/system/Model.php(718): CodeIgniter\BaseModel->update(Array, Array)
#2 /var/www/html/app/Controllers/MarketPlace.php(378): CodeIgniter\Model->update('1', Array)
#3 /var/www/html/system/CodeIgniter.php(928): App\Controllers\MarketPlace->pppidinsert()
#4 /var/www/html/system/CodeIgniter.php(436): CodeIgniter\CodeIgniter->runController(Object(App\Controllers\MarketPlace))
#5 /var/www/html/system/CodeIgniter.php(336): CodeIgniter\CodeIgniter->handleRequest(NULL, Object(Config\Cache), false)
#6 /var/www/html/index.php(37): CodeIgniter\CodeIgniter->run()
#7 {main}
CRITICAL - 2023-10-26 13:01:20 --> There is no data to update.
#0 /var/www/html/system/BaseModel.php(896): CodeIgniter\Database\Exceptions\DataException::forEmptyDataset('update')
#1 /var/www/html/system/Model.php(718): CodeIgniter\BaseModel->update(Array, Array)
#2 /var/www/html/app/Controllers/MarketPlace.php(378): CodeIgniter\Model->update('1', Array)
#3 /var/www/html/system/CodeIgniter.php(928): App\Controllers\MarketPlace->pppidinsert()
#4 /var/www/html/system/CodeIgniter.php(436): CodeIgniter\CodeIgniter->runController(Object(App\Controllers\MarketPlace))
#5 /var/www/html/system/CodeIgniter.php(336): CodeIgniter\CodeIgniter->handleRequest(NULL, Object(Config\Cache), false)
#6 /var/www/html/index.php(37): CodeIgniter\CodeIgniter->run()
#7 {main}
CRITICAL - 2023-10-26 13:01:25 --> There is no data to update.
#0 /var/www/html/system/BaseModel.php(896): CodeIgniter\Database\Exceptions\DataException::forEmptyDataset('update')
#1 /var/www/html/system/Model.php(718): CodeIgniter\BaseModel->update(Array, Array)
#2 /var/www/html/app/Controllers/MarketPlace.php(378): CodeIgniter\Model->update('1', Array)
#3 /var/www/html/system/CodeIgniter.php(928): App\Controllers\MarketPlace->pppidinsert()
#4 /var/www/html/system/CodeIgniter.php(436): CodeIgniter\CodeIgniter->runController(Object(App\Controllers\MarketPlace))
#5 /var/www/html/system/CodeIgniter.php(336): CodeIgniter\CodeIgniter->handleRequest(NULL, Object(Config\Cache), false)
#6 /var/www/html/index.php(37): CodeIgniter\CodeIgniter->run()
#7 {main}
CRITICAL - 2023-10-26 13:01:28 --> There is no data to update.
#0 /var/www/html/system/BaseModel.php(896): CodeIgniter\Database\Exceptions\DataException::forEmptyDataset('update')
#1 /var/www/html/system/Model.php(718): CodeIgniter\BaseModel->update(Array, Array)
#2 /var/www/html/app/Controllers/MarketPlace.php(378): CodeIgniter\Model->update('1', Array)
#3 /var/www/html/system/CodeIgniter.php(928): App\Controllers\MarketPlace->pppidinsert()
#4 /var/www/html/system/CodeIgniter.php(436): CodeIgniter\CodeIgniter->runController(Object(App\Controllers\MarketPlace))
#5 /var/www/html/system/CodeIgniter.php(336): CodeIgniter\CodeIgniter->handleRequest(NULL, Object(Config\Cache), false)
#6 /var/www/html/index.php(37): CodeIgniter\CodeIgniter->run()
#7 {main}
CRITICAL - 2023-10-26 13:01:32 --> There is no data to update.
#0 /var/www/html/system/BaseModel.php(896): CodeIgniter\Database\Exceptions\DataException::forEmptyDataset('update')
#1 /var/www/html/system/Model.php(718): CodeIgniter\BaseModel->update(Array, Array)
#2 /var/www/html/app/Controllers/MarketPlace.php(378): CodeIgniter\Model->update('1', Array)
#3 /var/www/html/system/CodeIgniter.php(928): App\Controllers\MarketPlace->pppidinsert()
#4 /var/www/html/system/CodeIgniter.php(436): CodeIgniter\CodeIgniter->runController(Object(App\Controllers\MarketPlace))
#5 /var/www/html/system/CodeIgniter.php(336): CodeIgniter\CodeIgniter->handleRequest(NULL, Object(Config\Cache), false)
#6 /var/www/html/index.php(37): CodeIgniter\CodeIgniter->run()
#7 {main}
CRITICAL - 2023-10-26 13:01:38 --> There is no data to update.
#0 /var/www/html/system/BaseModel.php(896): CodeIgniter\Database\Exceptions\DataException::forEmptyDataset('update')
#1 /var/www/html/system/Model.php(718): CodeIgniter\BaseModel->update(Array, Array)
#2 /var/www/html/app/Controllers/MarketPlace.php(378): CodeIgniter\Model->update('1', Array)
#3 /var/www/html/system/CodeIgniter.php(928): App\Controllers\MarketPlace->pppidinsert()
#4 /var/www/html/system/CodeIgniter.php(436): CodeIgniter\CodeIgniter->runController(Object(App\Controllers\MarketPlace))
#5 /var/www/html/system/CodeIgniter.php(336): CodeIgniter\CodeIgniter->handleRequest(NULL, Object(Config\Cache), false)
#6 /var/www/html/index.php(37): CodeIgniter\CodeIgniter->run()
#7 {main}
CRITICAL - 2023-10-26 13:01:44 --> There is no data to update.
#0 /var/www/html/system/BaseModel.php(896): CodeIgniter\Database\Exceptions\DataException::forEmptyDataset('update')
#1 /var/www/html/system/Model.php(718): CodeIgniter\BaseModel->update(Array, Array)
#2 /var/www/html/app/Controllers/MarketPlace.php(378): CodeIgniter\Model->update('1', Array)
#3 /var/www/html/system/CodeIgniter.php(928): App\Controllers\MarketPlace->pppidinsert()
#4 /var/www/html/system/CodeIgniter.php(436): CodeIgniter\CodeIgniter->runController(Object(App\Controllers\MarketPlace))
#5 /var/www/html/system/CodeIgniter.php(336): CodeIgniter\CodeIgniter->handleRequest(NULL, Object(Config\Cache), false)
#6 /var/www/html/index.php(37): CodeIgniter\CodeIgniter->run()
#7 {main}
CRITICAL - 2023-10-26 13:01:50 --> There is no data to update.
#0 /var/www/html/system/BaseModel.php(896): CodeIgniter\Database\Exceptions\DataException::forEmptyDataset('update')
#1 /var/www/html/system/Model.php(718): CodeIgniter\BaseModel->update(Array, Array)
#2 /var/www/html/app/Controllers/MarketPlace.php(378): CodeIgniter\Model->update('1', Array)
#3 /var/www/html/system/CodeIgniter.php(928): App\Controllers\MarketPlace->pppidinsert()
#4 /var/www/html/system/CodeIgniter.php(436): CodeIgniter\CodeIgniter->runController(Object(App\Controllers\MarketPlace))
#5 /var/www/html/system/CodeIgniter.php(336): CodeIgniter\CodeIgniter->handleRequest(NULL, Object(Config\Cache), false)
#6 /var/www/html/index.php(37): CodeIgniter\CodeIgniter->run()
#7 {main}
CRITICAL - 2023-10-26 13:01:56 --> There is no data to update.
#0 /var/www/html/system/BaseModel.php(896): CodeIgniter\Database\Exceptions\DataException::forEmptyDataset('update')
#1 /var/www/html/system/Model.php(718): CodeIgniter\BaseModel->update(Array, Array)
#2 /var/www/html/app/Controllers/MarketPlace.php(378): CodeIgniter\Model->update('1', Array)
#3 /var/www/html/system/CodeIgniter.php(928): App\Controllers\MarketPlace->pppidinsert()
#4 /var/www/html/system/CodeIgniter.php(436): CodeIgniter\CodeIgniter->runController(Object(App\Controllers\MarketPlace))
#5 /var/www/html/system/CodeIgniter.php(336): CodeIgniter\CodeIgniter->handleRequest(NULL, Object(Config\Cache), false)
#6 /var/www/html/index.php(37): CodeIgniter\CodeIgniter->run()
#7 {main}
CRITICAL - 2023-10-26 13:02:02 --> There is no data to update.
#0 /var/www/html/system/BaseModel.php(896): CodeIgniter\Database\Exceptions\DataException::forEmptyDataset('update')
#1 /var/www/html/system/Model.php(718): CodeIgniter\BaseModel->update(Array, Array)
#2 /var/www/html/app/Controllers/MarketPlace.php(378): CodeIgniter\Model->update('1', Array)
#3 /var/www/html/system/CodeIgniter.php(928): App\Controllers\MarketPlace->pppidinsert()
#4 /var/www/html/system/CodeIgniter.php(436): CodeIgniter\CodeIgniter->runController(Object(App\Controllers\MarketPlace))
#5 /var/www/html/system/CodeIgniter.php(336): CodeIgniter\CodeIgniter->handleRequest(NULL, Object(Config\Cache), false)
#6 /var/www/html/index.php(37): CodeIgniter\CodeIgniter->run()
#7 {main}
CRITICAL - 2023-10-26 13:02:08 --> There is no data to update.
#0 /var/www/html/system/BaseModel.php(896): CodeIgniter\Database\Exceptions\DataException::forEmptyDataset('update')
#1 /var/www/html/system/Model.php(718): CodeIgniter\BaseModel->update(Array, Array)
#2 /var/www/html/app/Controllers/MarketPlace.php(378): CodeIgniter\Model->update('1', Array)
#3 /var/www/html/system/CodeIgniter.php(928): App\Controllers\MarketPlace->pppidinsert()
#4 /var/www/html/system/CodeIgniter.php(436): CodeIgniter\CodeIgniter->runController(Object(App\Controllers\MarketPlace))
#5 /var/www/html/system/CodeIgniter.php(336): CodeIgniter\CodeIgniter->handleRequest(NULL, Object(Config\Cache), false)
#6 /var/www/html/index.php(37): CodeIgniter\CodeIgniter->run()
#7 {main}
CRITICAL - 2023-10-26 13:02:13 --> There is no data to update.
#0 /var/www/html/system/BaseModel.php(896): CodeIgniter\Database\Exceptions\DataException::forEmptyDataset('update')
#1 /var/www/html/system/Model.php(718): CodeIgniter\BaseModel->update(Array, Array)
#2 /var/www/html/app/Controllers/MarketPlace.php(378): CodeIgniter\Model->update('1', Array)
#3 /var/www/html/system/CodeIgniter.php(928): App\Controllers\MarketPlace->pppidinsert()
#4 /var/www/html/system/CodeIgniter.php(436): CodeIgniter\CodeIgniter->runController(Object(App\Controllers\MarketPlace))
#5 /var/www/html/system/CodeIgniter.php(336): CodeIgniter\CodeIgniter->handleRequest(NULL, Object(Config\Cache), false)
#6 /var/www/html/index.php(37): CodeIgniter\CodeIgniter->run()
#7 {main}
CRITICAL - 2023-10-26 13:02:17 --> There is no data to update.
#0 /var/www/html/system/BaseModel.php(896): CodeIgniter\Database\Exceptions\DataException::forEmptyDataset('update')
#1 /var/www/html/system/Model.php(718): CodeIgniter\BaseModel->update(Array, Array)
#2 /var/www/html/app/Controllers/MarketPlace.php(378): CodeIgniter\Model->update('1', Array)
#3 /var/www/html/system/CodeIgniter.php(928): App\Controllers\MarketPlace->pppidinsert()
#4 /var/www/html/system/CodeIgniter.php(436): CodeIgniter\CodeIgniter->runController(Object(App\Controllers\MarketPlace))
#5 /var/www/html/system/CodeIgniter.php(336): CodeIgniter\CodeIgniter->handleRequest(NULL, Object(Config\Cache), false)
#6 /var/www/html/index.php(37): CodeIgniter\CodeIgniter->run()
#7 {main}
CRITICAL - 2023-10-26 14:58:41 --> Argument 2 passed to CodeIgniter\Database\BaseBuilder::like() must be of the type string, null given, called in /var/www/html/system/Model.php on line 800
#0 /var/www/html/system/Model.php(800): CodeIgniter\Database\BaseBuilder->like('company_name', NULL, 'after')
#1 /var/www/html/app/Controllers/MarketPlace.php(53): CodeIgniter\Model->__call('like', Array)
#2 /var/www/html/system/CodeIgniter.php(928): App\Controllers\MarketPlace->get_data_api_php('undefined')
#3 /var/www/html/system/CodeIgniter.php(436): CodeIgniter\CodeIgniter->runController(Object(App\Controllers\MarketPlace))
#4 /var/www/html/system/CodeIgniter.php(336): CodeIgniter\CodeIgniter->handleRequest(NULL, Object(Config\Cache), false)
#5 /var/www/html/index.php(37): CodeIgniter\CodeIgniter->run()
#6 {main}
CRITICAL - 2023-10-26 14:59:53 --> Argument 2 passed to CodeIgniter\Database\BaseBuilder::like() must be of the type string, null given, called in /var/www/html/system/Model.php on line 800
#0 /var/www/html/system/Model.php(800): CodeIgniter\Database\BaseBuilder->like('company_name', NULL, 'after')
#1 /var/www/html/app/Controllers/MarketPlace.php(53): CodeIgniter\Model->__call('like', Array)
#2 /var/www/html/system/CodeIgniter.php(928): App\Controllers\MarketPlace->get_data_api()
#3 /var/www/html/system/CodeIgniter.php(436): CodeIgniter\CodeIgniter->runController(Object(App\Controllers\MarketPlace))
#4 /var/www/html/system/CodeIgniter.php(336): CodeIgniter\CodeIgniter->handleRequest(NULL, Object(Config\Cache), false)
#5 /var/www/html/index.php(37): CodeIgniter\CodeIgniter->run()
#6 {main}
CRITICAL - 2023-10-26 15:00:03 --> Argument 2 passed to CodeIgniter\Database\BaseBuilder::like() must be of the type string, null given, called in /var/www/html/system/Model.php on line 800
#0 /var/www/html/system/Model.php(800): CodeIgniter\Database\BaseBuilder->like('company_name', NULL, 'after')
#1 /var/www/html/app/Controllers/MarketPlace.php(53): CodeIgniter\Model->__call('like', Array)
#2 /var/www/html/system/CodeIgniter.php(928): App\Controllers\MarketPlace->get_data_api()
#3 /var/www/html/system/CodeIgniter.php(436): CodeIgniter\CodeIgniter->runController(Object(App\Controllers\MarketPlace))
#4 /var/www/html/system/CodeIgniter.php(336): CodeIgniter\CodeIgniter->handleRequest(NULL, Object(Config\Cache), false)
#5 /var/www/html/index.php(37): CodeIgniter\CodeIgniter->run()
#6 {main}
CRITICAL - 2023-10-26 15:02:12 --> Argument 2 passed to CodeIgniter\Database\BaseBuilder::like() must be of the type string, null given, called in /var/www/html/system/Model.php on line 800
#0 /var/www/html/system/Model.php(800): CodeIgniter\Database\BaseBuilder->like('company_name', NULL, 'after')
#1 /var/www/html/app/Controllers/MarketPlace.php(53): CodeIgniter\Model->__call('like', Array)
#2 /var/www/html/system/CodeIgniter.php(928): App\Controllers\MarketPlace->get_data_api()
#3 /var/www/html/system/CodeIgniter.php(436): CodeIgniter\CodeIgniter->runController(Object(App\Controllers\MarketPlace))
#4 /var/www/html/system/CodeIgniter.php(336): CodeIgniter\CodeIgniter->handleRequest(NULL, Object(Config\Cache), false)
#5 /var/www/html/index.php(37): CodeIgniter\CodeIgniter->run()
#6 {main}
CRITICAL - 2023-10-26 15:02:21 --> Argument 2 passed to CodeIgniter\Database\BaseBuilder::like() must be of the type string, null given, called in /var/www/html/system/Model.php on line 800
#0 /var/www/html/system/Model.php(800): CodeIgniter\Database\BaseBuilder->like('company_name', NULL, 'after')
#1 /var/www/html/app/Controllers/MarketPlace.php(53): CodeIgniter\Model->__call('like', Array)
#2 /var/www/html/system/CodeIgniter.php(928): App\Controllers\MarketPlace->get_data_api()
#3 /var/www/html/system/CodeIgniter.php(436): CodeIgniter\CodeIgniter->runController(Object(App\Controllers\MarketPlace))
#4 /var/www/html/system/CodeIgniter.php(336): CodeIgniter\CodeIgniter->handleRequest(NULL, Object(Config\Cache), false)
#5 /var/www/html/index.php(37): CodeIgniter\CodeIgniter->run()
#6 {main}
CRITICAL - 2023-10-26 15:02:22 --> Argument 2 passed to CodeIgniter\Database\BaseBuilder::like() must be of the type string, null given, called in /var/www/html/system/Model.php on line 800
#0 /var/www/html/system/Model.php(800): CodeIgniter\Database\BaseBuilder->like('company_name', NULL, 'after')
#1 /var/www/html/app/Controllers/MarketPlace.php(53): CodeIgniter\Model->__call('like', Array)
#2 /var/www/html/system/CodeIgniter.php(928): App\Controllers\MarketPlace->get_data_api()
#3 /var/www/html/system/CodeIgniter.php(436): CodeIgniter\CodeIgniter->runController(Object(App\Controllers\MarketPlace))
#4 /var/www/html/system/CodeIgniter.php(336): CodeIgniter\CodeIgniter->handleRequest(NULL, Object(Config\Cache), false)
#5 /var/www/html/index.php(37): CodeIgniter\CodeIgniter->run()
#6 {main}
CRITICAL - 2023-10-26 17:54:02 --> Class 'App\Models\AllCompanydata' not found
#0 /var/www/html/system/CodeIgniter.php(900): App\Controllers\MarketPlace->__construct()
#1 /var/www/html/system/CodeIgniter.php(426): CodeIgniter\CodeIgniter->createController()
#2 /var/www/html/system/CodeIgniter.php(336): CodeIgniter\CodeIgniter->handleRequest(NULL, Object(Config\Cache), false)
#3 /var/www/html/index.php(37): CodeIgniter\CodeIgniter->run()
#4 {main}
CRITICAL - 2023-10-26 17:55:03 --> Class 'App\Models\AllCompanydata' not found
#0 /var/www/html/system/CodeIgniter.php(900): App\Controllers\MarketPlace->__construct()
#1 /var/www/html/system/CodeIgniter.php(426): CodeIgniter\CodeIgniter->createController()
#2 /var/www/html/system/CodeIgniter.php(336): CodeIgniter\CodeIgniter->handleRequest(NULL, Object(Config\Cache), false)
#3 /var/www/html/index.php(37): CodeIgniter\CodeIgniter->run()
#4 {main}
ERROR - 2023-10-26 19:04:58 --> You have an error in your SQL syntax; check the manual that corresponds to your MariaDB server version for the right syntax to use near 'and assessment_id=12 order by id desc' at line 1
CRITICAL - 2023-10-26 19:04:58 --> Call to a member function getRowArray() on bool
#0 /var/www/html/system/CodeIgniter.php(928): App\Controllers\Suppliers_Model->supplier_view_profile('app-assets', 'images', 'portrait', 'small', 'avatar-s-1.jpg')
#1 /var/www/html/system/CodeIgniter.php(436): CodeIgniter\CodeIgniter->runController(Object(App\Controllers\Suppliers_Model))
#2 /var/www/html/system/CodeIgniter.php(336): CodeIgniter\CodeIgniter->handleRequest(NULL, Object(Config\Cache), false)
#3 /var/www/html/index.php(37): CodeIgniter\CodeIgniter->run()
#4 {main}
ERROR - 2023-10-26 19:04:58 --> You have an error in your SQL syntax; check the manual that corresponds to your MariaDB server version for the right syntax to use near 'and assessment_id=12 order by id desc' at line 1
CRITICAL - 2023-10-26 19:04:58 --> Call to a member function getRowArray() on bool
#0 /var/www/html/system/CodeIgniter.php(928): App\Controllers\Suppliers_Model->supplier_view_profile('app-assets', 'images', 'icons', 'doc.png')
#1 /var/www/html/system/CodeIgniter.php(436): CodeIgniter\CodeIgniter->runController(Object(App\Controllers\Suppliers_Model))
#2 /var/www/html/system/CodeIgniter.php(336): CodeIgniter\CodeIgniter->handleRequest(NULL, Object(Config\Cache), false)
#3 /var/www/html/index.php(37): CodeIgniter\CodeIgniter->run()
#4 {main}
ERROR - 2023-10-26 19:04:58 --> You have an error in your SQL syntax; check the manual that corresponds to your MariaDB server version for the right syntax to use near 'and assessment_id=12 order by id desc' at line 1
CRITICAL - 2023-10-26 19:04:58 --> Call to a member function getRowArray() on bool
#0 /var/www/html/system/CodeIgniter.php(928): App\Controllers\Suppliers_Model->supplier_view_profile('app-assets', 'images', 'portrait', 'small', 'avatar-s-14.jpg')
#1 /var/www/html/system/CodeIgniter.php(436): CodeIgniter\CodeIgniter->runController(Object(App\Controllers\Suppliers_Model))
#2 /var/www/html/system/CodeIgniter.php(336): CodeIgniter\CodeIgniter->handleRequest(NULL, Object(Config\Cache), false)
#3 /var/www/html/index.php(37): CodeIgniter\CodeIgniter->run()
#4 {main}
ERROR - 2023-10-26 19:04:58 --> You have an error in your SQL syntax; check the manual that corresponds to your MariaDB server version for the right syntax to use near 'and assessment_id=12 order by id desc' at line 1
CRITICAL - 2023-10-26 19:04:58 --> Call to a member function getRowArray() on bool
#0 /var/www/html/system/CodeIgniter.php(928): App\Controllers\Suppliers_Model->supplier_view_profile('app-assets', 'images', 'icons', 'xls.png')
#1 /var/www/html/system/CodeIgniter.php(436): CodeIgniter\CodeIgniter->runController(Object(App\Controllers\Suppliers_Model))
#2 /var/www/html/system/CodeIgniter.php(336): CodeIgniter\CodeIgniter->handleRequest(NULL, Object(Config\Cache), false)
#3 /var/www/html/index.php(37): CodeIgniter\CodeIgniter->run()
#4 {main}
ERROR - 2023-10-26 19:04:58 --> You have an error in your SQL syntax; check the manual that corresponds to your MariaDB server version for the right syntax to use near 'and assessment_id=12 order by id desc' at line 1
CRITICAL - 2023-10-26 19:04:58 --> Call to a member function getRowArray() on bool
#0 /var/www/html/system/CodeIgniter.php(928): App\Controllers\Suppliers_Model->supplier_view_profile('app-assets', 'images', 'portrait', 'small', 'avatar-s-8.jpg')
#1 /var/www/html/system/CodeIgniter.php(436): CodeIgniter\CodeIgniter->runController(Object(App\Controllers\Suppliers_Model))
#2 /var/www/html/system/CodeIgniter.php(336): CodeIgniter\CodeIgniter->handleRequest(NULL, Object(Config\Cache), false)
#3 /var/www/html/index.php(37): CodeIgniter\CodeIgniter->run()
#4 {main}
ERROR - 2023-10-26 19:04:58 --> You have an error in your SQL syntax; check the manual that corresponds to your MariaDB server version for the right syntax to use near 'and assessment_id=12 order by id desc' at line 1
CRITICAL - 2023-10-26 19:04:58 --> Call to a member function getRowArray() on bool
#0 /var/www/html/system/CodeIgniter.php(928): App\Controllers\Suppliers_Model->supplier_view_profile('app-assets', 'images', 'portrait', 'small', 'avatar-s-6.jpg')
#1 /var/www/html/system/CodeIgniter.php(436): CodeIgniter\CodeIgniter->runController(Object(App\Controllers\Suppliers_Model))
#2 /var/www/html/system/CodeIgniter.php(336): CodeIgniter\CodeIgniter->handleRequest(NULL, Object(Config\Cache), false)
#3 /var/www/html/index.php(37): CodeIgniter\CodeIgniter->run()
#4 {main}
ERROR - 2023-10-26 19:04:58 --> You have an error in your SQL syntax; check the manual that corresponds to your MariaDB server version for the right syntax to use near 'and assessment_id=12 order by id desc' at line 1
CRITICAL - 2023-10-26 19:04:58 --> Call to a member function getRowArray() on bool
#0 /var/www/html/system/CodeIgniter.php(928): App\Controllers\Suppliers_Model->supplier_view_profile('app-assets', 'images', 'icons', 'pdf.png')
#1 /var/www/html/system/CodeIgniter.php(436): CodeIgniter\CodeIgniter->runController(Object(App\Controllers\Suppliers_Model))
#2 /var/www/html/system/CodeIgniter.php(336): CodeIgniter\CodeIgniter->handleRequest(NULL, Object(Config\Cache), false)
#3 /var/www/html/index.php(37): CodeIgniter\CodeIgniter->run()
#4 {main}
ERROR - 2023-10-26 19:04:58 --> You have an error in your SQL syntax; check the manual that corresponds to your MariaDB server version for the right syntax to use near 'and assessment_id=12 order by id desc' at line 1
CRITICAL - 2023-10-26 19:04:58 --> Call to a member function getRowArray() on bool
#0 /var/www/html/system/CodeIgniter.php(928): App\Controllers\Suppliers_Model->supplier_view_profile('app-assets', 'images', 'icons', 'jpg.png')
#1 /var/www/html/system/CodeIgniter.php(436): CodeIgniter\CodeIgniter->runController(Object(App\Controllers\Suppliers_Model))
#2 /var/www/html/system/CodeIgniter.php(336): CodeIgniter\CodeIgniter->handleRequest(NULL, Object(Config\Cache), false)
#3 /var/www/html/index.php(37): CodeIgniter\CodeIgniter->run()
#4 {main}
ERROR - 2023-10-26 19:04:58 --> You have an error in your SQL syntax; check the manual that corresponds to your MariaDB server version for the right syntax to use near 'and assessment_id=12 order by id desc' at line 1
CRITICAL - 2023-10-26 19:04:58 --> Call to a member function getRowArray() on bool
#0 /var/www/html/system/CodeIgniter.php(928): App\Controllers\Suppliers_Model->supplier_view_profile('js', 'jquery-3.2.1.mi...')
#1 /var/www/html/system/CodeIgniter.php(436): CodeIgniter\CodeIgniter->runController(Object(App\Controllers\Suppliers_Model))
#2 /var/www/html/system/CodeIgniter.php(336): CodeIgniter\CodeIgniter->handleRequest(NULL, Object(Config\Cache), false)
#3 /var/www/html/index.php(37): CodeIgniter\CodeIgniter->run()
#4 {main}
CRITICAL - 2023-10-26 19:04:59 --> Division by zero
#0 /var/www/html/app/Controllers/Suppliers_Model.php(1178): CodeIgniter\Debug\Exceptions->errorHandler(2, 'Division by zer...', '/var/www/html/a...', 1178, Array)
#1 /var/www/html/system/CodeIgniter.php(928): App\Controllers\Suppliers_Model->test_view()
#2 /var/www/html/system/CodeIgniter.php(436): CodeIgniter\CodeIgniter->runController(Object(App\Controllers\Suppliers_Model))
#3 /var/www/html/system/CodeIgniter.php(336): CodeIgniter\CodeIgniter->handleRequest(NULL, Object(Config\Cache), false)
#4 /var/www/html/index.php(37): CodeIgniter\CodeIgniter->run()
#5 {main}
