ERROR - 2023-09-13 12:29:49 --> Column 'complete' cannot be null
CRITICAL - 2023-09-13 12:29:49 --> Division by zero
#0 /var/www/html/app/Controllers/Qualitative_assessment.php(955): CodeIgniter\Debug\Exceptions->errorHandler(2, 'Division by zer...', '/var/www/html/a...', 955, Array)
#1 /var/www/html/system/CodeIgniter.php(928): App\Controllers\Qualitative_assessment->completeAssessment('12')
#2 /var/www/html/system/CodeIgniter.php(436): CodeIgniter\CodeIgniter->runController(Object(App\Controllers\Qualitative_assessment))
#3 /var/www/html/system/CodeIgniter.php(336): CodeIgniter\CodeIgniter->handleRequest(NULL, Object(Config\Cache), false)
#4 /var/www/html/index.php(37): CodeIgniter\CodeIgniter->run()
#5 {main}
CRITICAL - 2023-09-13 12:29:59 --> array_unique() expects parameter 1 to be array, null given
#0 [internal function]: CodeIgniter\Debug\Exceptions->errorHandler(2, 'array_unique() ...', '/var/www/html/a...', 1183, Array)
#1 /var/www/html/app/Controllers/Qualitative_assessment.php(1183): array_unique(NULL)
#2 /var/www/html/system/CodeIgniter.php(928): App\Controllers\Qualitative_assessment->industry()
#3 /var/www/html/system/CodeIgniter.php(436): CodeIgniter\CodeIgniter->runController(Object(App\Controllers\Qualitative_assessment))
#4 /var/www/html/system/CodeIgniter.php(336): CodeIgniter\CodeIgniter->handleRequest(NULL, Object(Config\Cache), false)
#5 /var/www/html/index.php(37): CodeIgniter\CodeIgniter->run()
#6 {main}
ERROR - 2023-09-13 12:57:58 --> Column 'complete' cannot be null
CRITICAL - 2023-09-13 12:57:58 --> Division by zero
#0 /var/www/html/app/Controllers/Qualitative_assessment.php(955): CodeIgniter\Debug\Exceptions->errorHandler(2, 'Division by zer...', '/var/www/html/a...', 955, Array)
#1 /var/www/html/system/CodeIgniter.php(928): App\Controllers\Qualitative_assessment->completeAssessment('12')
#2 /var/www/html/system/CodeIgniter.php(436): CodeIgniter\CodeIgniter->runController(Object(App\Controllers\Qualitative_assessment))
#3 /var/www/html/system/CodeIgniter.php(336): CodeIgniter\CodeIgniter->handleRequest(NULL, Object(Config\Cache), false)
#4 /var/www/html/index.php(37): CodeIgniter\CodeIgniter->run()
#5 {main}
CRITICAL - 2023-09-13 13:00:58 --> Invalid file: brand/market-place.php
#0 /var/www/html/system/View/View.php(213): CodeIgniter\Exceptions\FrameworkException::forInvalidFile('brand/market-pl...')
#1 /var/www/html/system/Common.php(1271): CodeIgniter\View\View->render('brand/market-pl...', Array, true)
#2 /var/www/html/app/Controllers/Supplier.php(1958): view('brand/market-pl...', Array)
#3 /var/www/html/system/CodeIgniter.php(928): App\Controllers\Supplier->market_place()
#4 /var/www/html/system/CodeIgniter.php(436): CodeIgniter\CodeIgniter->runController(Object(App\Controllers\Supplier))
#5 /var/www/html/system/CodeIgniter.php(336): CodeIgniter\CodeIgniter->handleRequest(NULL, Object(Config\Cache), false)
#6 /var/www/html/index.php(37): CodeIgniter\CodeIgniter->run()
#7 {main}
CRITICAL - 2023-09-13 13:01:01 --> Invalid file: brand/market-place.php
#0 /var/www/html/system/View/View.php(213): CodeIgniter\Exceptions\FrameworkException::forInvalidFile('brand/market-pl...')
#1 /var/www/html/system/Common.php(1271): CodeIgniter\View\View->render('brand/market-pl...', Array, true)
#2 /var/www/html/app/Controllers/Supplier.php(1958): view('brand/market-pl...', Array)
#3 /var/www/html/system/CodeIgniter.php(928): App\Controllers\Supplier->market_place()
#4 /var/www/html/system/CodeIgniter.php(436): CodeIgniter\CodeIgniter->runController(Object(App\Controllers\Supplier))
#5 /var/www/html/system/CodeIgniter.php(336): CodeIgniter\CodeIgniter->handleRequest(NULL, Object(Config\Cache), false)
#6 /var/www/html/index.php(37): CodeIgniter\CodeIgniter->run()
#7 {main}
CRITICAL - 2023-09-13 13:01:06 --> Invalid file: brand/market-place.php
#0 /var/www/html/system/View/View.php(213): CodeIgniter\Exceptions\FrameworkException::forInvalidFile('brand/market-pl...')
#1 /var/www/html/system/Common.php(1271): CodeIgniter\View\View->render('brand/market-pl...', Array, true)
#2 /var/www/html/app/Controllers/Supplier.php(1958): view('brand/market-pl...', Array)
#3 /var/www/html/system/CodeIgniter.php(928): App\Controllers\Supplier->market_place()
#4 /var/www/html/system/CodeIgniter.php(436): CodeIgniter\CodeIgniter->runController(Object(App\Controllers\Supplier))
#5 /var/www/html/system/CodeIgniter.php(336): CodeIgniter\CodeIgniter->handleRequest(NULL, Object(Config\Cache), false)
#6 /var/www/html/index.php(37): CodeIgniter\CodeIgniter->run()
#7 {main}
CRITICAL - 2023-09-13 15:18:57 --> Too few arguments to function App\Controllers\Brand::company_data(), 0 passed in /var/www/html/system/CodeIgniter.php on line 928 and exactly 1 expected
#0 /var/www/html/system/CodeIgniter.php(928): App\Controllers\Brand->company_data()
#1 /var/www/html/system/CodeIgniter.php(436): CodeIgniter\CodeIgniter->runController(Object(App\Controllers\Brand))
#2 /var/www/html/system/CodeIgniter.php(336): CodeIgniter\CodeIgniter->handleRequest(NULL, Object(Config\Cache), false)
#3 /var/www/html/index.php(37): CodeIgniter\CodeIgniter->run()
#4 {main}
CRITICAL - 2023-09-13 15:19:01 --> Too few arguments to function App\Controllers\Brand::company_data(), 0 passed in /var/www/html/system/CodeIgniter.php on line 928 and exactly 1 expected
#0 /var/www/html/system/CodeIgniter.php(928): App\Controllers\Brand->company_data()
#1 /var/www/html/system/CodeIgniter.php(436): CodeIgniter\CodeIgniter->runController(Object(App\Controllers\Brand))
#2 /var/www/html/system/CodeIgniter.php(336): CodeIgniter\CodeIgniter->handleRequest(NULL, Object(Config\Cache), false)
#3 /var/www/html/index.php(37): CodeIgniter\CodeIgniter->run()
#4 {main}
CRITICAL - 2023-09-13 16:43:23 --> Invalid file: brand/market-place.php
#0 /var/www/html/system/View/View.php(213): CodeIgniter\Exceptions\FrameworkException::forInvalidFile('brand/market-pl...')
#1 /var/www/html/system/Common.php(1271): CodeIgniter\View\View->render('brand/market-pl...', Array, true)
#2 /var/www/html/app/Controllers/MarketPlace.php(50): view('brand/market-pl...', Array)
#3 /var/www/html/system/CodeIgniter.php(928): App\Controllers\MarketPlace->index()
#4 /var/www/html/system/CodeIgniter.php(436): CodeIgniter\CodeIgniter->runController(Object(App\Controllers\MarketPlace))
#5 /var/www/html/system/CodeIgniter.php(336): CodeIgniter\CodeIgniter->handleRequest(NULL, Object(Config\Cache), false)
#6 /var/www/html/index.php(37): CodeIgniter\CodeIgniter->run()
#7 {main}
CRITICAL - 2023-09-13 16:44:09 --> Class 'App\Controllers\FootprintTypeModel' not found
#0 /var/www/html/system/CodeIgniter.php(928): App\Controllers\MarketPlace->company_data('MANAL SOFTECH P...')
#1 /var/www/html/system/CodeIgniter.php(436): CodeIgniter\CodeIgniter->runController(Object(App\Controllers\MarketPlace))
#2 /var/www/html/system/CodeIgniter.php(336): CodeIgniter\CodeIgniter->handleRequest(NULL, Object(Config\Cache), false)
#3 /var/www/html/index.php(37): CodeIgniter\CodeIgniter->run()
#4 {main}
