ERROR - 2023-10-17 13:40:20 --> Session: Unable to obtain lock for file '/var/www/html/writable/session/ci_sessionghklariisggnv3vn9ss4sato88l7b3g9'.
ERROR - 2023-10-17 13:40:20 --> Session: Unable to obtain lock for file '/var/www/html/writable/session/ci_sessionghklariisggnv3vn9ss4sato88l7b3g9'.
CRITICAL - 2023-10-17 13:40:20 --> session_start(): Failed to read session data: user (path: /var/www/html/writable/session)
#0 [internal function]: CodeIgniter\Debug\Exceptions->errorHandler(2, 'session_start()...', '/var/www/html/s...', 1001, Array)
#1 /var/www/html/system/Session/Session.php(1001): session_start()
#2 /var/www/html/system/Session/Session.php(249): CodeIgniter\Session\Session->startSession()
#3 /var/www/html/system/Config/Services.php(736): CodeIgniter\Session\Session->start()
#4 /var/www/html/system/Config/BaseService.php(263): CodeIgniter\Config\Services::session(Object(Config\App), false)
#5 /var/www/html/system/Config/BaseService.php(192): CodeIgniter\Config\BaseService::__callStatic('session', Array)
#6 /var/www/html/system/Config/Services.php(721): CodeIgniter\Config\BaseService::getSharedInstance('session', NULL)
#7 /var/www/html/system/Config/BaseService.php(263): CodeIgniter\Config\Services::session()
#8 /var/www/html/app/Controllers/BaseController.php(221): CodeIgniter\Config\BaseService::__callStatic('session', Array)
#9 /var/www/html/system/CodeIgniter.php(901): App\Controllers\BaseController->initController(Object(CodeIgniter\HTTP\IncomingRequest), Object(CodeIgniter\HTTP\Response), Object(CodeIgniter\Log\Logger))
#10 /var/www/html/system/CodeIgniter.php(426): CodeIgniter\CodeIgniter->createController()
#11 /var/www/html/system/CodeIgniter.php(336): CodeIgniter\CodeIgniter->handleRequest(NULL, Object(Config\Cache), false)
#12 /var/www/html/index.php(37): CodeIgniter\CodeIgniter->run()
#13 {main}
ERROR - 2023-10-17 13:40:20 --> Session: Unable to obtain lock for file '/var/www/html/writable/session/ci_sessionghklariisggnv3vn9ss4sato88l7b3g9'.
ERROR - 2023-10-17 13:40:20 --> Session: Unable to obtain lock for file '/var/www/html/writable/session/ci_sessionghklariisggnv3vn9ss4sato88l7b3g9'.
CRITICAL - 2023-10-17 13:40:20 --> session_start(): Failed to read session data: user (path: /var/www/html/writable/session)
#0 [internal function]: CodeIgniter\Debug\Exceptions->errorHandler(2, 'session_start()...', '/var/www/html/s...', 1001, Array)
#1 /var/www/html/system/Session/Session.php(1001): session_start()
#2 /var/www/html/system/Session/Session.php(249): CodeIgniter\Session\Session->startSession()
#3 /var/www/html/system/Config/Services.php(736): CodeIgniter\Session\Session->start()
#4 /var/www/html/system/Config/BaseService.php(263): CodeIgniter\Config\Services::session(Object(Config\App), false)
#5 /var/www/html/system/Config/BaseService.php(192): CodeIgniter\Config\BaseService::__callStatic('session', Array)
#6 /var/www/html/system/Config/Services.php(721): CodeIgniter\Config\BaseService::getSharedInstance('session', NULL)
#7 /var/www/html/system/Config/BaseService.php(263): CodeIgniter\Config\Services::session()
#8 /var/www/html/app/Controllers/BaseController.php(221): CodeIgniter\Config\BaseService::__callStatic('session', Array)
#9 /var/www/html/system/CodeIgniter.php(901): App\Controllers\BaseController->initController(Object(CodeIgniter\HTTP\IncomingRequest), Object(CodeIgniter\HTTP\Response), Object(CodeIgniter\Log\Logger))
#10 /var/www/html/system/CodeIgniter.php(426): CodeIgniter\CodeIgniter->createController()
#11 /var/www/html/system/CodeIgniter.php(336): CodeIgniter\CodeIgniter->handleRequest(NULL, Object(Config\Cache), false)
#12 /var/www/html/index.php(37): CodeIgniter\CodeIgniter->run()
#13 {main}
ERROR - 2023-10-17 13:40:20 --> Session: Unable to obtain lock for file '/var/www/html/writable/session/ci_sessionghklariisggnv3vn9ss4sato88l7b3g9'.
ERROR - 2023-10-17 13:40:20 --> Session: Unable to obtain lock for file '/var/www/html/writable/session/ci_sessionghklariisggnv3vn9ss4sato88l7b3g9'.
CRITICAL - 2023-10-17 13:40:20 --> session_start(): Failed to read session data: user (path: /var/www/html/writable/session)
#0 [internal function]: CodeIgniter\Debug\Exceptions->errorHandler(2, 'session_start()...', '/var/www/html/s...', 1001, Array)
#1 /var/www/html/system/Session/Session.php(1001): session_start()
#2 /var/www/html/system/Session/Session.php(249): CodeIgniter\Session\Session->startSession()
#3 /var/www/html/system/Config/Services.php(736): CodeIgniter\Session\Session->start()
#4 /var/www/html/system/Config/BaseService.php(263): CodeIgniter\Config\Services::session(Object(Config\App), false)
#5 /var/www/html/system/Config/BaseService.php(192): CodeIgniter\Config\BaseService::__callStatic('session', Array)
#6 /var/www/html/system/Config/Services.php(721): CodeIgniter\Config\BaseService::getSharedInstance('session', NULL)
#7 /var/www/html/system/Config/BaseService.php(263): CodeIgniter\Config\Services::session()
#8 /var/www/html/app/Controllers/BaseController.php(221): CodeIgniter\Config\BaseService::__callStatic('session', Array)
#9 /var/www/html/system/CodeIgniter.php(901): App\Controllers\BaseController->initController(Object(CodeIgniter\HTTP\IncomingRequest), Object(CodeIgniter\HTTP\Response), Object(CodeIgniter\Log\Logger))
#10 /var/www/html/system/CodeIgniter.php(426): CodeIgniter\CodeIgniter->createController()
#11 /var/www/html/system/CodeIgniter.php(336): CodeIgniter\CodeIgniter->handleRequest(NULL, Object(Config\Cache), false)
#12 /var/www/html/index.php(37): CodeIgniter\CodeIgniter->run()
#13 {main}
CRITICAL - 2023-10-17 13:40:20 --> session_start(): Failed to read session data: user (path: /var/www/html/writable/session)
#0 [internal function]: CodeIgniter\Debug\Exceptions->errorHandler(2, 'session_start()...', '/var/www/html/s...', 1001, Array)
#1 /var/www/html/system/Session/Session.php(1001): session_start()
#2 /var/www/html/system/Session/Session.php(249): CodeIgniter\Session\Session->startSession()
#3 /var/www/html/system/Config/Services.php(736): CodeIgniter\Session\Session->start()
#4 /var/www/html/system/Config/BaseService.php(263): CodeIgniter\Config\Services::session(Object(Config\App), false)
#5 /var/www/html/system/Config/BaseService.php(192): CodeIgniter\Config\BaseService::__callStatic('session', Array)
#6 /var/www/html/system/Config/Services.php(721): CodeIgniter\Config\BaseService::getSharedInstance('session', NULL)
#7 /var/www/html/system/Config/BaseService.php(263): CodeIgniter\Config\Services::session()
#8 /var/www/html/app/Controllers/BaseController.php(221): CodeIgniter\Config\BaseService::__callStatic('session', Array)
#9 /var/www/html/system/CodeIgniter.php(901): App\Controllers\BaseController->initController(Object(CodeIgniter\HTTP\IncomingRequest), Object(CodeIgniter\HTTP\Response), Object(CodeIgniter\Log\Logger))
#10 /var/www/html/system/CodeIgniter.php(426): CodeIgniter\CodeIgniter->createController()
#11 /var/www/html/system/CodeIgniter.php(336): CodeIgniter\CodeIgniter->handleRequest(NULL, Object(Config\Cache), false)
#12 /var/www/html/index.php(37): CodeIgniter\CodeIgniter->run()
#13 {main}
ERROR - 2023-10-17 13:40:20 --> Session: Unable to obtain lock for file '/var/www/html/writable/session/ci_sessionghklariisggnv3vn9ss4sato88l7b3g9'.
ERROR - 2023-10-17 13:40:20 --> Session: Unable to obtain lock for file '/var/www/html/writable/session/ci_sessionghklariisggnv3vn9ss4sato88l7b3g9'.
CRITICAL - 2023-10-17 13:40:20 --> session_start(): Failed to read session data: user (path: /var/www/html/writable/session)
#0 [internal function]: CodeIgniter\Debug\Exceptions->errorHandler(2, 'session_start()...', '/var/www/html/s...', 1001, Array)
#1 /var/www/html/system/Session/Session.php(1001): session_start()
#2 /var/www/html/system/Session/Session.php(249): CodeIgniter\Session\Session->startSession()
#3 /var/www/html/system/Config/Services.php(736): CodeIgniter\Session\Session->start()
#4 /var/www/html/system/Config/BaseService.php(263): CodeIgniter\Config\Services::session(Object(Config\App), false)
#5 /var/www/html/system/Config/BaseService.php(192): CodeIgniter\Config\BaseService::__callStatic('session', Array)
#6 /var/www/html/system/Config/Services.php(721): CodeIgniter\Config\BaseService::getSharedInstance('session', NULL)
#7 /var/www/html/system/Config/BaseService.php(263): CodeIgniter\Config\Services::session()
#8 /var/www/html/app/Controllers/BaseController.php(221): CodeIgniter\Config\BaseService::__callStatic('session', Array)
#9 /var/www/html/system/CodeIgniter.php(901): App\Controllers\BaseController->initController(Object(CodeIgniter\HTTP\IncomingRequest), Object(CodeIgniter\HTTP\Response), Object(CodeIgniter\Log\Logger))
#10 /var/www/html/system/CodeIgniter.php(426): CodeIgniter\CodeIgniter->createController()
#11 /var/www/html/system/CodeIgniter.php(336): CodeIgniter\CodeIgniter->handleRequest(NULL, Object(Config\Cache), false)
#12 /var/www/html/index.php(37): CodeIgniter\CodeIgniter->run()
#13 {main}
CRITICAL - 2023-10-17 13:40:20 --> session_start(): Failed to read session data: user (path: /var/www/html/writable/session)
#0 [internal function]: CodeIgniter\Debug\Exceptions->errorHandler(2, 'session_start()...', '/var/www/html/s...', 1001, Array)
#1 /var/www/html/system/Session/Session.php(1001): session_start()
#2 /var/www/html/system/Session/Session.php(249): CodeIgniter\Session\Session->startSession()
#3 /var/www/html/system/Config/Services.php(736): CodeIgniter\Session\Session->start()
#4 /var/www/html/system/Config/BaseService.php(263): CodeIgniter\Config\Services::session(Object(Config\App), false)
#5 /var/www/html/system/Config/BaseService.php(192): CodeIgniter\Config\BaseService::__callStatic('session', Array)
#6 /var/www/html/system/Config/Services.php(721): CodeIgniter\Config\BaseService::getSharedInstance('session', NULL)
#7 /var/www/html/system/Config/BaseService.php(263): CodeIgniter\Config\Services::session()
#8 /var/www/html/app/Controllers/BaseController.php(221): CodeIgniter\Config\BaseService::__callStatic('session', Array)
#9 /var/www/html/system/CodeIgniter.php(901): App\Controllers\BaseController->initController(Object(CodeIgniter\HTTP\IncomingRequest), Object(CodeIgniter\HTTP\Response), Object(CodeIgniter\Log\Logger))
#10 /var/www/html/system/CodeIgniter.php(426): CodeIgniter\CodeIgniter->createController()
#11 /var/www/html/system/CodeIgniter.php(336): CodeIgniter\CodeIgniter->handleRequest(NULL, Object(Config\Cache), false)
#12 /var/www/html/index.php(37): CodeIgniter\CodeIgniter->run()
#13 {main}
ERROR - 2023-10-17 13:40:20 --> Session: Unable to obtain lock for file '/var/www/html/writable/session/ci_sessionghklariisggnv3vn9ss4sato88l7b3g9'.
ERROR - 2023-10-17 13:40:20 --> Session: Unable to obtain lock for file '/var/www/html/writable/session/ci_sessionghklariisggnv3vn9ss4sato88l7b3g9'.
CRITICAL - 2023-10-17 13:40:20 --> session_start(): Failed to read session data: user (path: /var/www/html/writable/session)
#0 [internal function]: CodeIgniter\Debug\Exceptions->errorHandler(2, 'session_start()...', '/var/www/html/s...', 1001, Array)
#1 /var/www/html/system/Session/Session.php(1001): session_start()
#2 /var/www/html/system/Session/Session.php(249): CodeIgniter\Session\Session->startSession()
#3 /var/www/html/system/Config/Services.php(736): CodeIgniter\Session\Session->start()
#4 /var/www/html/system/Config/BaseService.php(263): CodeIgniter\Config\Services::session(Object(Config\App), false)
#5 /var/www/html/system/Config/BaseService.php(192): CodeIgniter\Config\BaseService::__callStatic('session', Array)
#6 /var/www/html/system/Config/Services.php(721): CodeIgniter\Config\BaseService::getSharedInstance('session', NULL)
#7 /var/www/html/system/Config/BaseService.php(263): CodeIgniter\Config\Services::session()
#8 /var/www/html/app/Controllers/BaseController.php(221): CodeIgniter\Config\BaseService::__callStatic('session', Array)
#9 /var/www/html/system/CodeIgniter.php(901): App\Controllers\BaseController->initController(Object(CodeIgniter\HTTP\IncomingRequest), Object(CodeIgniter\HTTP\Response), Object(CodeIgniter\Log\Logger))
#10 /var/www/html/system/CodeIgniter.php(426): CodeIgniter\CodeIgniter->createController()
#11 /var/www/html/system/CodeIgniter.php(336): CodeIgniter\CodeIgniter->handleRequest(NULL, Object(Config\Cache), false)
#12 /var/www/html/index.php(37): CodeIgniter\CodeIgniter->run()
#13 {main}
CRITICAL - 2023-10-17 13:40:20 --> session_start(): Failed to read session data: user (path: /var/www/html/writable/session)
#0 [internal function]: CodeIgniter\Debug\Exceptions->errorHandler(2, 'session_start()...', '/var/www/html/s...', 1001, Array)
#1 /var/www/html/system/Session/Session.php(1001): session_start()
#2 /var/www/html/system/Session/Session.php(249): CodeIgniter\Session\Session->startSession()
#3 /var/www/html/system/Config/Services.php(736): CodeIgniter\Session\Session->start()
#4 /var/www/html/system/Config/BaseService.php(263): CodeIgniter\Config\Services::session(Object(Config\App), false)
#5 /var/www/html/system/Config/BaseService.php(192): CodeIgniter\Config\BaseService::__callStatic('session', Array)
#6 /var/www/html/system/Config/Services.php(721): CodeIgniter\Config\BaseService::getSharedInstance('session', NULL)
#7 /var/www/html/system/Config/BaseService.php(263): CodeIgniter\Config\Services::session()
#8 /var/www/html/app/Controllers/BaseController.php(221): CodeIgniter\Config\BaseService::__callStatic('session', Array)
#9 /var/www/html/system/CodeIgniter.php(901): App\Controllers\BaseController->initController(Object(CodeIgniter\HTTP\IncomingRequest), Object(CodeIgniter\HTTP\Response), Object(CodeIgniter\Log\Logger))
#10 /var/www/html/system/CodeIgniter.php(426): CodeIgniter\CodeIgniter->createController()
#11 /var/www/html/system/CodeIgniter.php(336): CodeIgniter\CodeIgniter->handleRequest(NULL, Object(Config\Cache), false)
#12 /var/www/html/index.php(37): CodeIgniter\CodeIgniter->run()
#13 {main}
CRITICAL - 2023-10-17 13:40:20 --> session_start(): Failed to read session data: user (path: /var/www/html/writable/session)
#0 [internal function]: CodeIgniter\Debug\Exceptions->errorHandler(2, 'session_start()...', '/var/www/html/s...', 1001, Array)
#1 /var/www/html/system/Session/Session.php(1001): session_start()
#2 /var/www/html/system/Session/Session.php(249): CodeIgniter\Session\Session->startSession()
#3 /var/www/html/system/Config/Services.php(736): CodeIgniter\Session\Session->start()
#4 /var/www/html/system/Config/BaseService.php(263): CodeIgniter\Config\Services::session(Object(Config\App), false)
#5 /var/www/html/system/Config/BaseService.php(192): CodeIgniter\Config\BaseService::__callStatic('session', Array)
#6 /var/www/html/system/Config/Services.php(721): CodeIgniter\Config\BaseService::getSharedInstance('session', NULL)
#7 /var/www/html/system/Config/BaseService.php(263): CodeIgniter\Config\Services::session()
#8 /var/www/html/app/Controllers/BaseController.php(221): CodeIgniter\Config\BaseService::__callStatic('session', Array)
#9 /var/www/html/system/CodeIgniter.php(901): App\Controllers\BaseController->initController(Object(CodeIgniter\HTTP\IncomingRequest), Object(CodeIgniter\HTTP\Response), Object(CodeIgniter\Log\Logger))
#10 /var/www/html/system/CodeIgniter.php(426): CodeIgniter\CodeIgniter->createController()
#11 /var/www/html/system/CodeIgniter.php(336): CodeIgniter\CodeIgniter->handleRequest(NULL, Object(Config\Cache), false)
#12 /var/www/html/index.php(37): CodeIgniter\CodeIgniter->run()
#13 {main}
ERROR - 2023-10-17 13:40:20 --> Session: Unable to obtain lock for file '/var/www/html/writable/session/ci_sessionghklariisggnv3vn9ss4sato88l7b3g9'.
CRITICAL - 2023-10-17 13:40:20 --> session_start(): Failed to read session data: user (path: /var/www/html/writable/session)
#0 [internal function]: CodeIgniter\Debug\Exceptions->errorHandler(2, 'session_start()...', '/var/www/html/s...', 1001, Array)
#1 /var/www/html/system/Session/Session.php(1001): session_start()
#2 /var/www/html/system/Session/Session.php(249): CodeIgniter\Session\Session->startSession()
#3 /var/www/html/system/Config/Services.php(736): CodeIgniter\Session\Session->start()
#4 /var/www/html/system/Config/BaseService.php(263): CodeIgniter\Config\Services::session(Object(Config\App), false)
#5 /var/www/html/system/Config/BaseService.php(192): CodeIgniter\Config\BaseService::__callStatic('session', Array)
#6 /var/www/html/system/Config/Services.php(721): CodeIgniter\Config\BaseService::getSharedInstance('session', NULL)
#7 /var/www/html/system/Config/BaseService.php(263): CodeIgniter\Config\Services::session()
#8 /var/www/html/app/Controllers/BaseController.php(221): CodeIgniter\Config\BaseService::__callStatic('session', Array)
#9 /var/www/html/system/CodeIgniter.php(901): App\Controllers\BaseController->initController(Object(CodeIgniter\HTTP\IncomingRequest), Object(CodeIgniter\HTTP\Response), Object(CodeIgniter\Log\Logger))
#10 /var/www/html/system/CodeIgniter.php(426): CodeIgniter\CodeIgniter->createController()
#11 /var/www/html/system/CodeIgniter.php(336): CodeIgniter\CodeIgniter->handleRequest(NULL, Object(Config\Cache), false)
#12 /var/www/html/index.php(37): CodeIgniter\CodeIgniter->run()
#13 {main}
ERROR - 2023-10-17 13:40:20 --> MySQL server has gone away
CRITICAL - 2023-10-17 13:40:20 --> session_start(): Failed to read session data: user (path: /var/www/html/writable/session)
#0 [internal function]: CodeIgniter\Debug\Exceptions->errorHandler(2, 'session_start()...', '/var/www/html/s...', 1001, Array)
#1 /var/www/html/system/Session/Session.php(1001): session_start()
#2 /var/www/html/system/Session/Session.php(249): CodeIgniter\Session\Session->startSession()
#3 /var/www/html/system/Config/Services.php(736): CodeIgniter\Session\Session->start()
#4 /var/www/html/system/Config/BaseService.php(263): CodeIgniter\Config\Services::session(Object(Config\App), false)
#5 /var/www/html/system/Config/BaseService.php(192): CodeIgniter\Config\BaseService::__callStatic('session', Array)
#6 /var/www/html/system/Config/Services.php(721): CodeIgniter\Config\BaseService::getSharedInstance('session', NULL)
#7 /var/www/html/system/Config/BaseService.php(263): CodeIgniter\Config\Services::session()
#8 /var/www/html/app/Controllers/BaseController.php(221): CodeIgniter\Config\BaseService::__callStatic('session', Array)
#9 /var/www/html/system/CodeIgniter.php(901): App\Controllers\BaseController->initController(Object(CodeIgniter\HTTP\IncomingRequest), Object(CodeIgniter\HTTP\Response), Object(CodeIgniter\Log\Logger))
#10 /var/www/html/system/CodeIgniter.php(426): CodeIgniter\CodeIgniter->createController()
#11 /var/www/html/system/CodeIgniter.php(336): CodeIgniter\CodeIgniter->handleRequest(NULL, Object(Config\Cache), false)
#12 /var/www/html/index.php(37): CodeIgniter\CodeIgniter->run()
#13 {main}
ERROR - 2023-10-17 13:40:20 --> Session: Unable to obtain lock for file '/var/www/html/writable/session/ci_sessionghklariisggnv3vn9ss4sato88l7b3g9'.
ERROR - 2023-10-17 13:40:20 --> Session: Unable to obtain lock for file '/var/www/html/writable/session/ci_sessionghklariisggnv3vn9ss4sato88l7b3g9'.
CRITICAL - 2023-10-17 13:40:20 --> session_start(): Failed to read session data: user (path: /var/www/html/writable/session)
#0 [internal function]: CodeIgniter\Debug\Exceptions->errorHandler(2, 'session_start()...', '/var/www/html/s...', 1001, Array)
#1 /var/www/html/system/Session/Session.php(1001): session_start()
#2 /var/www/html/system/Session/Session.php(249): CodeIgniter\Session\Session->startSession()
#3 /var/www/html/system/Config/Services.php(736): CodeIgniter\Session\Session->start()
#4 /var/www/html/system/Config/BaseService.php(263): CodeIgniter\Config\Services::session(Object(Config\App), false)
#5 /var/www/html/system/Config/BaseService.php(192): CodeIgniter\Config\BaseService::__callStatic('session', Array)
#6 /var/www/html/system/Config/Services.php(721): CodeIgniter\Config\BaseService::getSharedInstance('session', NULL)
#7 /var/www/html/system/Config/BaseService.php(263): CodeIgniter\Config\Services::session()
#8 /var/www/html/app/Controllers/BaseController.php(221): CodeIgniter\Config\BaseService::__callStatic('session', Array)
#9 /var/www/html/system/CodeIgniter.php(901): App\Controllers\BaseController->initController(Object(CodeIgniter\HTTP\IncomingRequest), Object(CodeIgniter\HTTP\Response), Object(CodeIgniter\Log\Logger))
#10 /var/www/html/system/CodeIgniter.php(426): CodeIgniter\CodeIgniter->createController()
#11 /var/www/html/system/CodeIgniter.php(336): CodeIgniter\CodeIgniter->handleRequest(NULL, Object(Config\Cache), false)
#12 /var/www/html/index.php(37): CodeIgniter\CodeIgniter->run()
#13 {main}
CRITICAL - 2023-10-17 13:40:20 --> session_start(): Failed to read session data: user (path: /var/www/html/writable/session)
#0 [internal function]: CodeIgniter\Debug\Exceptions->errorHandler(2, 'session_start()...', '/var/www/html/s...', 1001, Array)
#1 /var/www/html/system/Session/Session.php(1001): session_start()
#2 /var/www/html/system/Session/Session.php(249): CodeIgniter\Session\Session->startSession()
#3 /var/www/html/system/Config/Services.php(736): CodeIgniter\Session\Session->start()
#4 /var/www/html/system/Config/BaseService.php(263): CodeIgniter\Config\Services::session(Object(Config\App), false)
#5 /var/www/html/system/Config/BaseService.php(192): CodeIgniter\Config\BaseService::__callStatic('session', Array)
#6 /var/www/html/system/Config/Services.php(721): CodeIgniter\Config\BaseService::getSharedInstance('session', NULL)
#7 /var/www/html/system/Config/BaseService.php(263): CodeIgniter\Config\Services::session()
#8 /var/www/html/app/Controllers/BaseController.php(221): CodeIgniter\Config\BaseService::__callStatic('session', Array)
#9 /var/www/html/system/CodeIgniter.php(901): App\Controllers\BaseController->initController(Object(CodeIgniter\HTTP\IncomingRequest), Object(CodeIgniter\HTTP\Response), Object(CodeIgniter\Log\Logger))
#10 /var/www/html/system/CodeIgniter.php(426): CodeIgniter\CodeIgniter->createController()
#11 /var/www/html/system/CodeIgniter.php(336): CodeIgniter\CodeIgniter->handleRequest(NULL, Object(Config\Cache), false)
#12 /var/www/html/index.php(37): CodeIgniter\CodeIgniter->run()
#13 {main}
ERROR - 2023-10-17 13:40:20 --> Session: Unable to obtain lock for file '/var/www/html/writable/session/ci_sessionghklariisggnv3vn9ss4sato88l7b3g9'.
ERROR - 2023-10-17 13:40:20 --> Session: Unable to obtain lock for file '/var/www/html/writable/session/ci_sessionghklariisggnv3vn9ss4sato88l7b3g9'.
CRITICAL - 2023-10-17 13:40:20 --> session_start(): Failed to read session data: user (path: /var/www/html/writable/session)
#0 [internal function]: CodeIgniter\Debug\Exceptions->errorHandler(2, 'session_start()...', '/var/www/html/s...', 1001, Array)
#1 /var/www/html/system/Session/Session.php(1001): session_start()
#2 /var/www/html/system/Session/Session.php(249): CodeIgniter\Session\Session->startSession()
#3 /var/www/html/system/Config/Services.php(736): CodeIgniter\Session\Session->start()
#4 /var/www/html/system/Config/BaseService.php(263): CodeIgniter\Config\Services::session(Object(Config\App), false)
#5 /var/www/html/system/Config/BaseService.php(192): CodeIgniter\Config\BaseService::__callStatic('session', Array)
#6 /var/www/html/system/Config/Services.php(721): CodeIgniter\Config\BaseService::getSharedInstance('session', NULL)
#7 /var/www/html/system/Config/BaseService.php(263): CodeIgniter\Config\Services::session()
#8 /var/www/html/app/Controllers/BaseController.php(221): CodeIgniter\Config\BaseService::__callStatic('session', Array)
#9 /var/www/html/system/CodeIgniter.php(901): App\Controllers\BaseController->initController(Object(CodeIgniter\HTTP\IncomingRequest), Object(CodeIgniter\HTTP\Response), Object(CodeIgniter\Log\Logger))
#10 /var/www/html/system/CodeIgniter.php(426): CodeIgniter\CodeIgniter->createController()
#11 /var/www/html/system/CodeIgniter.php(336): CodeIgniter\CodeIgniter->handleRequest(NULL, Object(Config\Cache), false)
#12 /var/www/html/index.php(37): CodeIgniter\CodeIgniter->run()
#13 {main}
CRITICAL - 2023-10-17 13:40:20 --> session_start(): Failed to read session data: user (path: /var/www/html/writable/session)
#0 [internal function]: CodeIgniter\Debug\Exceptions->errorHandler(2, 'session_start()...', '/var/www/html/s...', 1001, Array)
#1 /var/www/html/system/Session/Session.php(1001): session_start()
#2 /var/www/html/system/Session/Session.php(249): CodeIgniter\Session\Session->startSession()
#3 /var/www/html/system/Config/Services.php(736): CodeIgniter\Session\Session->start()
#4 /var/www/html/system/Config/BaseService.php(263): CodeIgniter\Config\Services::session(Object(Config\App), false)
#5 /var/www/html/system/Config/BaseService.php(192): CodeIgniter\Config\BaseService::__callStatic('session', Array)
#6 /var/www/html/system/Config/Services.php(721): CodeIgniter\Config\BaseService::getSharedInstance('session', NULL)
#7 /var/www/html/system/Config/BaseService.php(263): CodeIgniter\Config\Services::session()
#8 /var/www/html/app/Controllers/BaseController.php(221): CodeIgniter\Config\BaseService::__callStatic('session', Array)
#9 /var/www/html/system/CodeIgniter.php(901): App\Controllers\BaseController->initController(Object(CodeIgniter\HTTP\IncomingRequest), Object(CodeIgniter\HTTP\Response), Object(CodeIgniter\Log\Logger))
#10 /var/www/html/system/CodeIgniter.php(426): CodeIgniter\CodeIgniter->createController()
#11 /var/www/html/system/CodeIgniter.php(336): CodeIgniter\CodeIgniter->handleRequest(NULL, Object(Config\Cache), false)
#12 /var/www/html/index.php(37): CodeIgniter\CodeIgniter->run()
#13 {main}
CRITICAL - 2023-10-17 13:40:20 --> Call to a member function getResult() on bool
#0 /var/www/html/system/BaseModel.php(603): CodeIgniter\Model->doFindAll(500, 0)
#1 /var/www/html/app/Controllers/MarketPlace.php(177): CodeIgniter\BaseModel->findAll(500)
#2 /var/www/html/system/CodeIgniter.php(928): App\Controllers\MarketPlace->get_data_api()
#3 /var/www/html/system/CodeIgniter.php(436): CodeIgniter\CodeIgniter->runController(Object(App\Controllers\MarketPlace))
#4 /var/www/html/system/CodeIgniter.php(336): CodeIgniter\CodeIgniter->handleRequest(NULL, Object(Config\Cache), false)
#5 /var/www/html/index.php(37): CodeIgniter\CodeIgniter->run()
#6 {main}
CRITICAL - 2023-10-17 16:16:23 --> Invalid argument supplied for foreach()
#0 /var/www/html/app/Controllers/OnSite.php(155): CodeIgniter\Debug\Exceptions->errorHandler(2, 'Invalid argumen...', '/var/www/html/a...', 155, Array)
#1 /var/www/html/system/CodeIgniter.php(928): App\Controllers\OnSite->assessmentreport_check('assets', 'header.css')
#2 /var/www/html/system/CodeIgniter.php(436): CodeIgniter\CodeIgniter->runController(Object(App\Controllers\OnSite))
#3 /var/www/html/system/CodeIgniter.php(336): CodeIgniter\CodeIgniter->handleRequest(NULL, Object(Config\Cache), false)
#4 /var/www/html/index.php(37): CodeIgniter\CodeIgniter->run()
#5 {main}
CRITICAL - 2023-10-17 16:16:23 --> Invalid argument supplied for foreach()
#0 /var/www/html/app/Controllers/OnSite.php(155): CodeIgniter\Debug\Exceptions->errorHandler(2, 'Invalid argumen...', '/var/www/html/a...', 155, Array)
#1 /var/www/html/system/CodeIgniter.php(928): App\Controllers\OnSite->assessmentreport_check('assets', 'css', 'bootstrap.min.c...')
#2 /var/www/html/system/CodeIgniter.php(436): CodeIgniter\CodeIgniter->runController(Object(App\Controllers\OnSite))
#3 /var/www/html/system/CodeIgniter.php(336): CodeIgniter\CodeIgniter->handleRequest(NULL, Object(Config\Cache), false)
#4 /var/www/html/index.php(37): CodeIgniter\CodeIgniter->run()
#5 {main}
CRITICAL - 2023-10-17 16:16:23 --> Invalid argument supplied for foreach()
#0 /var/www/html/app/Controllers/OnSite.php(155): CodeIgniter\Debug\Exceptions->errorHandler(2, 'Invalid argumen...', '/var/www/html/a...', 155, Array)
#1 /var/www/html/system/CodeIgniter.php(928): App\Controllers\OnSite->assessmentreport_check('assets', 'js', 'bootstrap.min.j...')
#2 /var/www/html/system/CodeIgniter.php(436): CodeIgniter\CodeIgniter->runController(Object(App\Controllers\OnSite))
#3 /var/www/html/system/CodeIgniter.php(336): CodeIgniter\CodeIgniter->handleRequest(NULL, Object(Config\Cache), false)
#4 /var/www/html/index.php(37): CodeIgniter\CodeIgniter->run()
#5 {main}
CRITICAL - 2023-10-17 16:16:24 --> Invalid argument supplied for foreach()
#0 /var/www/html/app/Controllers/OnSite.php(155): CodeIgniter\Debug\Exceptions->errorHandler(2, 'Invalid argumen...', '/var/www/html/a...', 155, Array)
#1 /var/www/html/system/CodeIgniter.php(928): App\Controllers\OnSite->assessmentreport_check('app-assets', 'images', 'portrait', 'small', 'avatar-s-1.jpg')
#2 /var/www/html/system/CodeIgniter.php(436): CodeIgniter\CodeIgniter->runController(Object(App\Controllers\OnSite))
#3 /var/www/html/system/CodeIgniter.php(336): CodeIgniter\CodeIgniter->handleRequest(NULL, Object(Config\Cache), false)
#4 /var/www/html/index.php(37): CodeIgniter\CodeIgniter->run()
#5 {main}
CRITICAL - 2023-10-17 16:16:24 --> Invalid argument supplied for foreach()
#0 /var/www/html/app/Controllers/OnSite.php(155): CodeIgniter\Debug\Exceptions->errorHandler(2, 'Invalid argumen...', '/var/www/html/a...', 155, Array)
#1 /var/www/html/system/CodeIgniter.php(928): App\Controllers\OnSite->assessmentreport_check('app-assets', 'images', 'icons', 'xls.png')
#2 /var/www/html/system/CodeIgniter.php(436): CodeIgniter\CodeIgniter->runController(Object(App\Controllers\OnSite))
#3 /var/www/html/system/CodeIgniter.php(336): CodeIgniter\CodeIgniter->handleRequest(NULL, Object(Config\Cache), false)
#4 /var/www/html/index.php(37): CodeIgniter\CodeIgniter->run()
#5 {main}
CRITICAL - 2023-10-17 16:16:24 --> Invalid argument supplied for foreach()
#0 /var/www/html/app/Controllers/OnSite.php(155): CodeIgniter\Debug\Exceptions->errorHandler(2, 'Invalid argumen...', '/var/www/html/a...', 155, Array)
#1 /var/www/html/system/CodeIgniter.php(928): App\Controllers\OnSite->assessmentreport_check('app-assets', 'images', 'portrait', 'small', 'avatar-s-8.jpg')
#2 /var/www/html/system/CodeIgniter.php(436): CodeIgniter\CodeIgniter->runController(Object(App\Controllers\OnSite))
#3 /var/www/html/system/CodeIgniter.php(336): CodeIgniter\CodeIgniter->handleRequest(NULL, Object(Config\Cache), false)
#4 /var/www/html/index.php(37): CodeIgniter\CodeIgniter->run()
#5 {main}
CRITICAL - 2023-10-17 16:16:24 --> Invalid argument supplied for foreach()
#0 /var/www/html/app/Controllers/OnSite.php(155): CodeIgniter\Debug\Exceptions->errorHandler(2, 'Invalid argumen...', '/var/www/html/a...', 155, Array)
#1 /var/www/html/system/CodeIgniter.php(928): App\Controllers\OnSite->assessmentreport_check('app-assets', 'images', 'portrait', 'small', 'avatar-s-14.jpg')
#2 /var/www/html/system/CodeIgniter.php(436): CodeIgniter\CodeIgniter->runController(Object(App\Controllers\OnSite))
#3 /var/www/html/system/CodeIgniter.php(336): CodeIgniter\CodeIgniter->handleRequest(NULL, Object(Config\Cache), false)
#4 /var/www/html/index.php(37): CodeIgniter\CodeIgniter->run()
#5 {main}
CRITICAL - 2023-10-17 16:16:24 --> Invalid argument supplied for foreach()
#0 /var/www/html/app/Controllers/OnSite.php(155): CodeIgniter\Debug\Exceptions->errorHandler(2, 'Invalid argumen...', '/var/www/html/a...', 155, Array)
#1 /var/www/html/system/CodeIgniter.php(928): App\Controllers\OnSite->assessmentreport_check('app-assets', 'images', 'icons', 'doc.png')
#2 /var/www/html/system/CodeIgniter.php(436): CodeIgniter\CodeIgniter->runController(Object(App\Controllers\OnSite))
#3 /var/www/html/system/CodeIgniter.php(336): CodeIgniter\CodeIgniter->handleRequest(NULL, Object(Config\Cache), false)
#4 /var/www/html/index.php(37): CodeIgniter\CodeIgniter->run()
#5 {main}
CRITICAL - 2023-10-17 16:16:24 --> Invalid argument supplied for foreach()
#0 /var/www/html/app/Controllers/OnSite.php(155): CodeIgniter\Debug\Exceptions->errorHandler(2, 'Invalid argumen...', '/var/www/html/a...', 155, Array)
#1 /var/www/html/system/CodeIgniter.php(928): App\Controllers\OnSite->assessmentreport_check('app-assets', 'images', 'portrait', 'small', 'avatar-s-6.jpg')
#2 /var/www/html/system/CodeIgniter.php(436): CodeIgniter\CodeIgniter->runController(Object(App\Controllers\OnSite))
#3 /var/www/html/system/CodeIgniter.php(336): CodeIgniter\CodeIgniter->handleRequest(NULL, Object(Config\Cache), false)
#4 /var/www/html/index.php(37): CodeIgniter\CodeIgniter->run()
#5 {main}
CRITICAL - 2023-10-17 16:16:24 --> Invalid argument supplied for foreach()
#0 /var/www/html/app/Controllers/OnSite.php(155): CodeIgniter\Debug\Exceptions->errorHandler(2, 'Invalid argumen...', '/var/www/html/a...', 155, Array)
#1 /var/www/html/system/CodeIgniter.php(928): App\Controllers\OnSite->assessmentreport_check('app-assets', 'images', 'icons', 'pdf.png')
#2 /var/www/html/system/CodeIgniter.php(436): CodeIgniter\CodeIgniter->runController(Object(App\Controllers\OnSite))
#3 /var/www/html/system/CodeIgniter.php(336): CodeIgniter\CodeIgniter->handleRequest(NULL, Object(Config\Cache), false)
#4 /var/www/html/index.php(37): CodeIgniter\CodeIgniter->run()
#5 {main}
CRITICAL - 2023-10-17 16:16:24 --> Invalid argument supplied for foreach()
#0 /var/www/html/app/Controllers/OnSite.php(155): CodeIgniter\Debug\Exceptions->errorHandler(2, 'Invalid argumen...', '/var/www/html/a...', 155, Array)
#1 /var/www/html/system/CodeIgniter.php(928): App\Controllers\OnSite->assessmentreport_check('app-assets', 'images', 'icons', 'jpg.png')
#2 /var/www/html/system/CodeIgniter.php(436): CodeIgniter\CodeIgniter->runController(Object(App\Controllers\OnSite))
#3 /var/www/html/system/CodeIgniter.php(336): CodeIgniter\CodeIgniter->handleRequest(NULL, Object(Config\Cache), false)
#4 /var/www/html/index.php(37): CodeIgniter\CodeIgniter->run()
#5 {main}
CRITICAL - 2023-10-17 16:16:59 --> Invalid argument supplied for foreach()
#0 /var/www/html/app/Controllers/OnSite.php(155): CodeIgniter\Debug\Exceptions->errorHandler(2, 'Invalid argumen...', '/var/www/html/a...', 155, Array)
#1 /var/www/html/system/CodeIgniter.php(928): App\Controllers\OnSite->assessmentreport_check('assets', 'js', 'bootstrap.min.j...')
#2 /var/www/html/system/CodeIgniter.php(436): CodeIgniter\CodeIgniter->runController(Object(App\Controllers\OnSite))
#3 /var/www/html/system/CodeIgniter.php(336): CodeIgniter\CodeIgniter->handleRequest(NULL, Object(Config\Cache), false)
#4 /var/www/html/index.php(37): CodeIgniter\CodeIgniter->run()
#5 {main}
CRITICAL - 2023-10-17 16:16:59 --> Invalid argument supplied for foreach()
#0 /var/www/html/app/Controllers/OnSite.php(155): CodeIgniter\Debug\Exceptions->errorHandler(2, 'Invalid argumen...', '/var/www/html/a...', 155, Array)
#1 /var/www/html/system/CodeIgniter.php(928): App\Controllers\OnSite->assessmentreport_check('assets', 'css', 'bootstrap.min.c...')
#2 /var/www/html/system/CodeIgniter.php(436): CodeIgniter\CodeIgniter->runController(Object(App\Controllers\OnSite))
#3 /var/www/html/system/CodeIgniter.php(336): CodeIgniter\CodeIgniter->handleRequest(NULL, Object(Config\Cache), false)
#4 /var/www/html/index.php(37): CodeIgniter\CodeIgniter->run()
#5 {main}
CRITICAL - 2023-10-17 16:16:59 --> Invalid argument supplied for foreach()
#0 /var/www/html/app/Controllers/OnSite.php(155): CodeIgniter\Debug\Exceptions->errorHandler(2, 'Invalid argumen...', '/var/www/html/a...', 155, Array)
#1 /var/www/html/system/CodeIgniter.php(928): App\Controllers\OnSite->assessmentreport_check('assets', 'header.css')
#2 /var/www/html/system/CodeIgniter.php(436): CodeIgniter\CodeIgniter->runController(Object(App\Controllers\OnSite))
#3 /var/www/html/system/CodeIgniter.php(336): CodeIgniter\CodeIgniter->handleRequest(NULL, Object(Config\Cache), false)
#4 /var/www/html/index.php(37): CodeIgniter\CodeIgniter->run()
#5 {main}
CRITICAL - 2023-10-17 16:16:59 --> Invalid argument supplied for foreach()
#0 /var/www/html/app/Controllers/OnSite.php(155): CodeIgniter\Debug\Exceptions->errorHandler(2, 'Invalid argumen...', '/var/www/html/a...', 155, Array)
#1 /var/www/html/system/CodeIgniter.php(928): App\Controllers\OnSite->assessmentreport_check('app-assets', 'images', 'portrait', 'small', 'avatar-s-14.jpg')
#2 /var/www/html/system/CodeIgniter.php(436): CodeIgniter\CodeIgniter->runController(Object(App\Controllers\OnSite))
#3 /var/www/html/system/CodeIgniter.php(336): CodeIgniter\CodeIgniter->handleRequest(NULL, Object(Config\Cache), false)
#4 /var/www/html/index.php(37): CodeIgniter\CodeIgniter->run()
#5 {main}
CRITICAL - 2023-10-17 16:16:59 --> Invalid argument supplied for foreach()
#0 /var/www/html/app/Controllers/OnSite.php(155): CodeIgniter\Debug\Exceptions->errorHandler(2, 'Invalid argumen...', '/var/www/html/a...', 155, Array)
#1 /var/www/html/system/CodeIgniter.php(928): App\Controllers\OnSite->assessmentreport_check('app-assets', 'images', 'icons', 'xls.png')
#2 /var/www/html/system/CodeIgniter.php(436): CodeIgniter\CodeIgniter->runController(Object(App\Controllers\OnSite))
#3 /var/www/html/system/CodeIgniter.php(336): CodeIgniter\CodeIgniter->handleRequest(NULL, Object(Config\Cache), false)
#4 /var/www/html/index.php(37): CodeIgniter\CodeIgniter->run()
#5 {main}
CRITICAL - 2023-10-17 16:16:59 --> Invalid argument supplied for foreach()
#0 /var/www/html/app/Controllers/OnSite.php(155): CodeIgniter\Debug\Exceptions->errorHandler(2, 'Invalid argumen...', '/var/www/html/a...', 155, Array)
#1 /var/www/html/system/CodeIgniter.php(928): App\Controllers\OnSite->assessmentreport_check('app-assets', 'images', 'portrait', 'small', 'avatar-s-6.jpg')
#2 /var/www/html/system/CodeIgniter.php(436): CodeIgniter\CodeIgniter->runController(Object(App\Controllers\OnSite))
#3 /var/www/html/system/CodeIgniter.php(336): CodeIgniter\CodeIgniter->handleRequest(NULL, Object(Config\Cache), false)
#4 /var/www/html/index.php(37): CodeIgniter\CodeIgniter->run()
#5 {main}
CRITICAL - 2023-10-17 16:16:59 --> Invalid argument supplied for foreach()
#0 /var/www/html/app/Controllers/OnSite.php(155): CodeIgniter\Debug\Exceptions->errorHandler(2, 'Invalid argumen...', '/var/www/html/a...', 155, Array)
#1 /var/www/html/system/CodeIgniter.php(928): App\Controllers\OnSite->assessmentreport_check('app-assets', 'images', 'icons', 'jpg.png')
#2 /var/www/html/system/CodeIgniter.php(436): CodeIgniter\CodeIgniter->runController(Object(App\Controllers\OnSite))
#3 /var/www/html/system/CodeIgniter.php(336): CodeIgniter\CodeIgniter->handleRequest(NULL, Object(Config\Cache), false)
#4 /var/www/html/index.php(37): CodeIgniter\CodeIgniter->run()
#5 {main}
CRITICAL - 2023-10-17 16:16:59 --> Invalid argument supplied for foreach()
#0 /var/www/html/app/Controllers/OnSite.php(155): CodeIgniter\Debug\Exceptions->errorHandler(2, 'Invalid argumen...', '/var/www/html/a...', 155, Array)
#1 /var/www/html/system/CodeIgniter.php(928): App\Controllers\OnSite->assessmentreport_check('app-assets', 'images', 'portrait', 'small', 'avatar-s-1.jpg')
#2 /var/www/html/system/CodeIgniter.php(436): CodeIgniter\CodeIgniter->runController(Object(App\Controllers\OnSite))
#3 /var/www/html/system/CodeIgniter.php(336): CodeIgniter\CodeIgniter->handleRequest(NULL, Object(Config\Cache), false)
#4 /var/www/html/index.php(37): CodeIgniter\CodeIgniter->run()
#5 {main}
CRITICAL - 2023-10-17 16:16:59 --> Invalid argument supplied for foreach()
#0 /var/www/html/app/Controllers/OnSite.php(155): CodeIgniter\Debug\Exceptions->errorHandler(2, 'Invalid argumen...', '/var/www/html/a...', 155, Array)
#1 /var/www/html/system/CodeIgniter.php(928): App\Controllers\OnSite->assessmentreport_check('app-assets', 'images', 'icons', 'doc.png')
#2 /var/www/html/system/CodeIgniter.php(436): CodeIgniter\CodeIgniter->runController(Object(App\Controllers\OnSite))
#3 /var/www/html/system/CodeIgniter.php(336): CodeIgniter\CodeIgniter->handleRequest(NULL, Object(Config\Cache), false)
#4 /var/www/html/index.php(37): CodeIgniter\CodeIgniter->run()
#5 {main}
CRITICAL - 2023-10-17 16:16:59 --> Invalid argument supplied for foreach()
#0 /var/www/html/app/Controllers/OnSite.php(155): CodeIgniter\Debug\Exceptions->errorHandler(2, 'Invalid argumen...', '/var/www/html/a...', 155, Array)
#1 /var/www/html/system/CodeIgniter.php(928): App\Controllers\OnSite->assessmentreport_check('app-assets', 'images', 'icons', 'pdf.png')
#2 /var/www/html/system/CodeIgniter.php(436): CodeIgniter\CodeIgniter->runController(Object(App\Controllers\OnSite))
#3 /var/www/html/system/CodeIgniter.php(336): CodeIgniter\CodeIgniter->handleRequest(NULL, Object(Config\Cache), false)
#4 /var/www/html/index.php(37): CodeIgniter\CodeIgniter->run()
#5 {main}
CRITICAL - 2023-10-17 16:16:59 --> Invalid argument supplied for foreach()
#0 /var/www/html/app/Controllers/OnSite.php(155): CodeIgniter\Debug\Exceptions->errorHandler(2, 'Invalid argumen...', '/var/www/html/a...', 155, Array)
#1 /var/www/html/system/CodeIgniter.php(928): App\Controllers\OnSite->assessmentreport_check('app-assets', 'images', 'portrait', 'small', 'avatar-s-8.jpg')
#2 /var/www/html/system/CodeIgniter.php(436): CodeIgniter\CodeIgniter->runController(Object(App\Controllers\OnSite))
#3 /var/www/html/system/CodeIgniter.php(336): CodeIgniter\CodeIgniter->handleRequest(NULL, Object(Config\Cache), false)
#4 /var/www/html/index.php(37): CodeIgniter\CodeIgniter->run()
#5 {main}
CRITICAL - 2023-10-17 19:02:28 --> Invalid argument supplied for foreach()
#0 /var/www/html/app/Controllers/OnSite.php(157): CodeIgniter\Debug\Exceptions->errorHandler(2, 'Invalid argumen...', '/var/www/html/a...', 157, Array)
#1 /var/www/html/system/CodeIgniter.php(928): App\Controllers\OnSite->assessmentreport_check('assets', 'css', 'bootstrap.min.c...')
#2 /var/www/html/system/CodeIgniter.php(436): CodeIgniter\CodeIgniter->runController(Object(App\Controllers\OnSite))
#3 /var/www/html/system/CodeIgniter.php(336): CodeIgniter\CodeIgniter->handleRequest(NULL, Object(Config\Cache), false)
#4 /var/www/html/index.php(37): CodeIgniter\CodeIgniter->run()
#5 {main}
CRITICAL - 2023-10-17 19:02:28 --> Invalid argument supplied for foreach()
#0 /var/www/html/app/Controllers/OnSite.php(157): CodeIgniter\Debug\Exceptions->errorHandler(2, 'Invalid argumen...', '/var/www/html/a...', 157, Array)
#1 /var/www/html/system/CodeIgniter.php(928): App\Controllers\OnSite->assessmentreport_check('assets', 'header.css')
#2 /var/www/html/system/CodeIgniter.php(436): CodeIgniter\CodeIgniter->runController(Object(App\Controllers\OnSite))
#3 /var/www/html/system/CodeIgniter.php(336): CodeIgniter\CodeIgniter->handleRequest(NULL, Object(Config\Cache), false)
#4 /var/www/html/index.php(37): CodeIgniter\CodeIgniter->run()
#5 {main}
CRITICAL - 2023-10-17 19:02:28 --> Invalid argument supplied for foreach()
#0 /var/www/html/app/Controllers/OnSite.php(157): CodeIgniter\Debug\Exceptions->errorHandler(2, 'Invalid argumen...', '/var/www/html/a...', 157, Array)
#1 /var/www/html/system/CodeIgniter.php(928): App\Controllers\OnSite->assessmentreport_check('assets', 'js', 'bootstrap.min.j...')
#2 /var/www/html/system/CodeIgniter.php(436): CodeIgniter\CodeIgniter->runController(Object(App\Controllers\OnSite))
#3 /var/www/html/system/CodeIgniter.php(336): CodeIgniter\CodeIgniter->handleRequest(NULL, Object(Config\Cache), false)
#4 /var/www/html/index.php(37): CodeIgniter\CodeIgniter->run()
#5 {main}
CRITICAL - 2023-10-17 19:02:28 --> Invalid argument supplied for foreach()
#0 /var/www/html/app/Controllers/OnSite.php(157): CodeIgniter\Debug\Exceptions->errorHandler(2, 'Invalid argumen...', '/var/www/html/a...', 157, Array)
#1 /var/www/html/system/CodeIgniter.php(928): App\Controllers\OnSite->assessmentreport_check('app-assets', 'images', 'portrait', 'small', 'avatar-s-1.jpg')
#2 /var/www/html/system/CodeIgniter.php(436): CodeIgniter\CodeIgniter->runController(Object(App\Controllers\OnSite))
#3 /var/www/html/system/CodeIgniter.php(336): CodeIgniter\CodeIgniter->handleRequest(NULL, Object(Config\Cache), false)
#4 /var/www/html/index.php(37): CodeIgniter\CodeIgniter->run()
#5 {main}
CRITICAL - 2023-10-17 19:02:28 --> Invalid argument supplied for foreach()
#0 /var/www/html/app/Controllers/OnSite.php(157): CodeIgniter\Debug\Exceptions->errorHandler(2, 'Invalid argumen...', '/var/www/html/a...', 157, Array)
#1 /var/www/html/system/CodeIgniter.php(928): App\Controllers\OnSite->assessmentreport_check('app-assets', 'images', 'portrait', 'small', 'avatar-s-14.jpg')
#2 /var/www/html/system/CodeIgniter.php(436): CodeIgniter\CodeIgniter->runController(Object(App\Controllers\OnSite))
#3 /var/www/html/system/CodeIgniter.php(336): CodeIgniter\CodeIgniter->handleRequest(NULL, Object(Config\Cache), false)
#4 /var/www/html/index.php(37): CodeIgniter\CodeIgniter->run()
#5 {main}
CRITICAL - 2023-10-17 19:02:28 --> Invalid argument supplied for foreach()
#0 /var/www/html/app/Controllers/OnSite.php(157): CodeIgniter\Debug\Exceptions->errorHandler(2, 'Invalid argumen...', '/var/www/html/a...', 157, Array)
#1 /var/www/html/system/CodeIgniter.php(928): App\Controllers\OnSite->assessmentreport_check('app-assets', 'images', 'icons', 'jpg.png')
#2 /var/www/html/system/CodeIgniter.php(436): CodeIgniter\CodeIgniter->runController(Object(App\Controllers\OnSite))
#3 /var/www/html/system/CodeIgniter.php(336): CodeIgniter\CodeIgniter->handleRequest(NULL, Object(Config\Cache), false)
#4 /var/www/html/index.php(37): CodeIgniter\CodeIgniter->run()
#5 {main}
CRITICAL - 2023-10-17 19:02:28 --> Invalid argument supplied for foreach()
#0 /var/www/html/app/Controllers/OnSite.php(157): CodeIgniter\Debug\Exceptions->errorHandler(2, 'Invalid argumen...', '/var/www/html/a...', 157, Array)
#1 /var/www/html/system/CodeIgniter.php(928): App\Controllers\OnSite->assessmentreport_check('app-assets', 'images', 'portrait', 'small', 'avatar-s-6.jpg')
#2 /var/www/html/system/CodeIgniter.php(436): CodeIgniter\CodeIgniter->runController(Object(App\Controllers\OnSite))
#3 /var/www/html/system/CodeIgniter.php(336): CodeIgniter\CodeIgniter->handleRequest(NULL, Object(Config\Cache), false)
#4 /var/www/html/index.php(37): CodeIgniter\CodeIgniter->run()
#5 {main}
CRITICAL - 2023-10-17 19:02:28 --> Invalid argument supplied for foreach()
#0 /var/www/html/app/Controllers/OnSite.php(157): CodeIgniter\Debug\Exceptions->errorHandler(2, 'Invalid argumen...', '/var/www/html/a...', 157, Array)
#1 /var/www/html/system/CodeIgniter.php(928): App\Controllers\OnSite->assessmentreport_check('app-assets', 'images', 'icons', 'pdf.png')
#2 /var/www/html/system/CodeIgniter.php(436): CodeIgniter\CodeIgniter->runController(Object(App\Controllers\OnSite))
#3 /var/www/html/system/CodeIgniter.php(336): CodeIgniter\CodeIgniter->handleRequest(NULL, Object(Config\Cache), false)
#4 /var/www/html/index.php(37): CodeIgniter\CodeIgniter->run()
#5 {main}
CRITICAL - 2023-10-17 19:02:28 --> Invalid argument supplied for foreach()
#0 /var/www/html/app/Controllers/OnSite.php(157): CodeIgniter\Debug\Exceptions->errorHandler(2, 'Invalid argumen...', '/var/www/html/a...', 157, Array)
#1 /var/www/html/system/CodeIgniter.php(928): App\Controllers\OnSite->assessmentreport_check('app-assets', 'images', 'icons', 'doc.png')
#2 /var/www/html/system/CodeIgniter.php(436): CodeIgniter\CodeIgniter->runController(Object(App\Controllers\OnSite))
#3 /var/www/html/system/CodeIgniter.php(336): CodeIgniter\CodeIgniter->handleRequest(NULL, Object(Config\Cache), false)
#4 /var/www/html/index.php(37): CodeIgniter\CodeIgniter->run()
#5 {main}
CRITICAL - 2023-10-17 19:02:28 --> Invalid argument supplied for foreach()
#0 /var/www/html/app/Controllers/OnSite.php(157): CodeIgniter\Debug\Exceptions->errorHandler(2, 'Invalid argumen...', '/var/www/html/a...', 157, Array)
#1 /var/www/html/system/CodeIgniter.php(928): App\Controllers\OnSite->assessmentreport_check('app-assets', 'images', 'portrait', 'small', 'avatar-s-8.jpg')
#2 /var/www/html/system/CodeIgniter.php(436): CodeIgniter\CodeIgniter->runController(Object(App\Controllers\OnSite))
#3 /var/www/html/system/CodeIgniter.php(336): CodeIgniter\CodeIgniter->handleRequest(NULL, Object(Config\Cache), false)
#4 /var/www/html/index.php(37): CodeIgniter\CodeIgniter->run()
#5 {main}
CRITICAL - 2023-10-17 19:02:28 --> Invalid argument supplied for foreach()
#0 /var/www/html/app/Controllers/OnSite.php(157): CodeIgniter\Debug\Exceptions->errorHandler(2, 'Invalid argumen...', '/var/www/html/a...', 157, Array)
#1 /var/www/html/system/CodeIgniter.php(928): App\Controllers\OnSite->assessmentreport_check('app-assets', 'images', 'icons', 'xls.png')
#2 /var/www/html/system/CodeIgniter.php(436): CodeIgniter\CodeIgniter->runController(Object(App\Controllers\OnSite))
#3 /var/www/html/system/CodeIgniter.php(336): CodeIgniter\CodeIgniter->handleRequest(NULL, Object(Config\Cache), false)
#4 /var/www/html/index.php(37): CodeIgniter\CodeIgniter->run()
#5 {main}
CRITICAL - 2023-10-17 19:02:29 --> Invalid argument supplied for foreach()
#0 /var/www/html/app/Controllers/OnSite.php(157): CodeIgniter\Debug\Exceptions->errorHandler(2, 'Invalid argumen...', '/var/www/html/a...', 157, Array)
#1 /var/www/html/system/CodeIgniter.php(928): App\Controllers\OnSite->assessmentreport_check('app-assets', 'images', 'icons', 'jpg.png')
#2 /var/www/html/system/CodeIgniter.php(436): CodeIgniter\CodeIgniter->runController(Object(App\Controllers\OnSite))
#3 /var/www/html/system/CodeIgniter.php(336): CodeIgniter\CodeIgniter->handleRequest(NULL, Object(Config\Cache), false)
#4 /var/www/html/index.php(37): CodeIgniter\CodeIgniter->run()
#5 {main}
CRITICAL - 2023-10-17 19:02:29 --> Invalid argument supplied for foreach()
#0 /var/www/html/app/Controllers/OnSite.php(157): CodeIgniter\Debug\Exceptions->errorHandler(2, 'Invalid argumen...', '/var/www/html/a...', 157, Array)
#1 /var/www/html/system/CodeIgniter.php(928): App\Controllers\OnSite->assessmentreport_check('app-assets', 'images', 'icons', 'pdf.png')
#2 /var/www/html/system/CodeIgniter.php(436): CodeIgniter\CodeIgniter->runController(Object(App\Controllers\OnSite))
#3 /var/www/html/system/CodeIgniter.php(336): CodeIgniter\CodeIgniter->handleRequest(NULL, Object(Config\Cache), false)
#4 /var/www/html/index.php(37): CodeIgniter\CodeIgniter->run()
#5 {main}
CRITICAL - 2023-10-17 19:02:29 --> Invalid argument supplied for foreach()
#0 /var/www/html/app/Controllers/OnSite.php(157): CodeIgniter\Debug\Exceptions->errorHandler(2, 'Invalid argumen...', '/var/www/html/a...', 157, Array)
#1 /var/www/html/system/CodeIgniter.php(928): App\Controllers\OnSite->assessmentreport_check('app-assets', 'images', 'portrait', 'small', 'avatar-s-1.jpg')
#2 /var/www/html/system/CodeIgniter.php(436): CodeIgniter\CodeIgniter->runController(Object(App\Controllers\OnSite))
#3 /var/www/html/system/CodeIgniter.php(336): CodeIgniter\CodeIgniter->handleRequest(NULL, Object(Config\Cache), false)
#4 /var/www/html/index.php(37): CodeIgniter\CodeIgniter->run()
#5 {main}
CRITICAL - 2023-10-17 19:02:29 --> Invalid argument supplied for foreach()
#0 /var/www/html/app/Controllers/OnSite.php(157): CodeIgniter\Debug\Exceptions->errorHandler(2, 'Invalid argumen...', '/var/www/html/a...', 157, Array)
#1 /var/www/html/system/CodeIgniter.php(928): App\Controllers\OnSite->assessmentreport_check('app-assets', 'images', 'portrait', 'small', 'avatar-s-14.jpg')
#2 /var/www/html/system/CodeIgniter.php(436): CodeIgniter\CodeIgniter->runController(Object(App\Controllers\OnSite))
#3 /var/www/html/system/CodeIgniter.php(336): CodeIgniter\CodeIgniter->handleRequest(NULL, Object(Config\Cache), false)
#4 /var/www/html/index.php(37): CodeIgniter\CodeIgniter->run()
#5 {main}
CRITICAL - 2023-10-17 19:02:29 --> Invalid argument supplied for foreach()
#0 /var/www/html/app/Controllers/OnSite.php(157): CodeIgniter\Debug\Exceptions->errorHandler(2, 'Invalid argumen...', '/var/www/html/a...', 157, Array)
#1 /var/www/html/system/CodeIgniter.php(928): App\Controllers\OnSite->assessmentreport_check('app-assets', 'images', 'icons', 'xls.png')
#2 /var/www/html/system/CodeIgniter.php(436): CodeIgniter\CodeIgniter->runController(Object(App\Controllers\OnSite))
#3 /var/www/html/system/CodeIgniter.php(336): CodeIgniter\CodeIgniter->handleRequest(NULL, Object(Config\Cache), false)
#4 /var/www/html/index.php(37): CodeIgniter\CodeIgniter->run()
#5 {main}
CRITICAL - 2023-10-17 19:02:29 --> Invalid argument supplied for foreach()
#0 /var/www/html/app/Controllers/OnSite.php(157): CodeIgniter\Debug\Exceptions->errorHandler(2, 'Invalid argumen...', '/var/www/html/a...', 157, Array)
#1 /var/www/html/system/CodeIgniter.php(928): App\Controllers\OnSite->assessmentreport_check('app-assets', 'images', 'portrait', 'small', 'avatar-s-6.jpg')
#2 /var/www/html/system/CodeIgniter.php(436): CodeIgniter\CodeIgniter->runController(Object(App\Controllers\OnSite))
#3 /var/www/html/system/CodeIgniter.php(336): CodeIgniter\CodeIgniter->handleRequest(NULL, Object(Config\Cache), false)
#4 /var/www/html/index.php(37): CodeIgniter\CodeIgniter->run()
#5 {main}
CRITICAL - 2023-10-17 19:05:26 --> Invalid argument supplied for foreach()
#0 /var/www/html/app/Controllers/OnSite.php(157): CodeIgniter\Debug\Exceptions->errorHandler(2, 'Invalid argumen...', '/var/www/html/a...', 157, Array)
#1 /var/www/html/system/CodeIgniter.php(928): App\Controllers\OnSite->assessmentreport_check('assets', 'css', 'bootstrap.min.c...')
#2 /var/www/html/system/CodeIgniter.php(436): CodeIgniter\CodeIgniter->runController(Object(App\Controllers\OnSite))
#3 /var/www/html/system/CodeIgniter.php(336): CodeIgniter\CodeIgniter->handleRequest(NULL, Object(Config\Cache), false)
#4 /var/www/html/index.php(37): CodeIgniter\CodeIgniter->run()
#5 {main}
CRITICAL - 2023-10-17 19:05:26 --> Invalid argument supplied for foreach()
#0 /var/www/html/app/Controllers/OnSite.php(157): CodeIgniter\Debug\Exceptions->errorHandler(2, 'Invalid argumen...', '/var/www/html/a...', 157, Array)
#1 /var/www/html/system/CodeIgniter.php(928): App\Controllers\OnSite->assessmentreport_check('assets', 'js', 'bootstrap.min.j...')
#2 /var/www/html/system/CodeIgniter.php(436): CodeIgniter\CodeIgniter->runController(Object(App\Controllers\OnSite))
#3 /var/www/html/system/CodeIgniter.php(336): CodeIgniter\CodeIgniter->handleRequest(NULL, Object(Config\Cache), false)
#4 /var/www/html/index.php(37): CodeIgniter\CodeIgniter->run()
#5 {main}
CRITICAL - 2023-10-17 19:05:26 --> Invalid argument supplied for foreach()
#0 /var/www/html/app/Controllers/OnSite.php(157): CodeIgniter\Debug\Exceptions->errorHandler(2, 'Invalid argumen...', '/var/www/html/a...', 157, Array)
#1 /var/www/html/system/CodeIgniter.php(928): App\Controllers\OnSite->assessmentreport_check('assets', 'header.css')
#2 /var/www/html/system/CodeIgniter.php(436): CodeIgniter\CodeIgniter->runController(Object(App\Controllers\OnSite))
#3 /var/www/html/system/CodeIgniter.php(336): CodeIgniter\CodeIgniter->handleRequest(NULL, Object(Config\Cache), false)
#4 /var/www/html/index.php(37): CodeIgniter\CodeIgniter->run()
#5 {main}
CRITICAL - 2023-10-17 19:05:26 --> Invalid argument supplied for foreach()
#0 /var/www/html/app/Controllers/OnSite.php(157): CodeIgniter\Debug\Exceptions->errorHandler(2, 'Invalid argumen...', '/var/www/html/a...', 157, Array)
#1 /var/www/html/system/CodeIgniter.php(928): App\Controllers\OnSite->assessmentreport_check('app-assets', 'images', 'portrait', 'small', 'avatar-s-8.jpg')
#2 /var/www/html/system/CodeIgniter.php(436): CodeIgniter\CodeIgniter->runController(Object(App\Controllers\OnSite))
#3 /var/www/html/system/CodeIgniter.php(336): CodeIgniter\CodeIgniter->handleRequest(NULL, Object(Config\Cache), false)
#4 /var/www/html/index.php(37): CodeIgniter\CodeIgniter->run()
#5 {main}
CRITICAL - 2023-10-17 19:05:26 --> Invalid argument supplied for foreach()
#0 /var/www/html/app/Controllers/OnSite.php(157): CodeIgniter\Debug\Exceptions->errorHandler(2, 'Invalid argumen...', '/var/www/html/a...', 157, Array)
#1 /var/www/html/system/CodeIgniter.php(928): App\Controllers\OnSite->assessmentreport_check('app-assets', 'images', 'icons', 'pdf.png')
#2 /var/www/html/system/CodeIgniter.php(436): CodeIgniter\CodeIgniter->runController(Object(App\Controllers\OnSite))
#3 /var/www/html/system/CodeIgniter.php(336): CodeIgniter\CodeIgniter->handleRequest(NULL, Object(Config\Cache), false)
#4 /var/www/html/index.php(37): CodeIgniter\CodeIgniter->run()
#5 {main}
CRITICAL - 2023-10-17 19:05:26 --> Invalid argument supplied for foreach()
#0 /var/www/html/app/Controllers/OnSite.php(157): CodeIgniter\Debug\Exceptions->errorHandler(2, 'Invalid argumen...', '/var/www/html/a...', 157, Array)
#1 /var/www/html/system/CodeIgniter.php(928): App\Controllers\OnSite->assessmentreport_check('app-assets', 'images', 'icons', 'xls.png')
#2 /var/www/html/system/CodeIgniter.php(436): CodeIgniter\CodeIgniter->runController(Object(App\Controllers\OnSite))
#3 /var/www/html/system/CodeIgniter.php(336): CodeIgniter\CodeIgniter->handleRequest(NULL, Object(Config\Cache), false)
#4 /var/www/html/index.php(37): CodeIgniter\CodeIgniter->run()
#5 {main}
CRITICAL - 2023-10-17 19:05:26 --> Invalid argument supplied for foreach()
#0 /var/www/html/app/Controllers/OnSite.php(157): CodeIgniter\Debug\Exceptions->errorHandler(2, 'Invalid argumen...', '/var/www/html/a...', 157, Array)
#1 /var/www/html/system/CodeIgniter.php(928): App\Controllers\OnSite->assessmentreport_check('app-assets', 'images', 'portrait', 'small', 'avatar-s-1.jpg')
#2 /var/www/html/system/CodeIgniter.php(436): CodeIgniter\CodeIgniter->runController(Object(App\Controllers\OnSite))
#3 /var/www/html/system/CodeIgniter.php(336): CodeIgniter\CodeIgniter->handleRequest(NULL, Object(Config\Cache), false)
#4 /var/www/html/index.php(37): CodeIgniter\CodeIgniter->run()
#5 {main}
CRITICAL - 2023-10-17 19:05:26 --> Invalid argument supplied for foreach()
#0 /var/www/html/app/Controllers/OnSite.php(157): CodeIgniter\Debug\Exceptions->errorHandler(2, 'Invalid argumen...', '/var/www/html/a...', 157, Array)
#1 /var/www/html/system/CodeIgniter.php(928): App\Controllers\OnSite->assessmentreport_check('app-assets', 'images', 'icons', 'jpg.png')
#2 /var/www/html/system/CodeIgniter.php(436): CodeIgniter\CodeIgniter->runController(Object(App\Controllers\OnSite))
#3 /var/www/html/system/CodeIgniter.php(336): CodeIgniter\CodeIgniter->handleRequest(NULL, Object(Config\Cache), false)
#4 /var/www/html/index.php(37): CodeIgniter\CodeIgniter->run()
#5 {main}
CRITICAL - 2023-10-17 19:05:26 --> Invalid argument supplied for foreach()
#0 /var/www/html/app/Controllers/OnSite.php(157): CodeIgniter\Debug\Exceptions->errorHandler(2, 'Invalid argumen...', '/var/www/html/a...', 157, Array)
#1 /var/www/html/system/CodeIgniter.php(928): App\Controllers\OnSite->assessmentreport_check('app-assets', 'images', 'icons', 'doc.png')
#2 /var/www/html/system/CodeIgniter.php(436): CodeIgniter\CodeIgniter->runController(Object(App\Controllers\OnSite))
#3 /var/www/html/system/CodeIgniter.php(336): CodeIgniter\CodeIgniter->handleRequest(NULL, Object(Config\Cache), false)
#4 /var/www/html/index.php(37): CodeIgniter\CodeIgniter->run()
#5 {main}
CRITICAL - 2023-10-17 19:05:26 --> Invalid argument supplied for foreach()
#0 /var/www/html/app/Controllers/OnSite.php(157): CodeIgniter\Debug\Exceptions->errorHandler(2, 'Invalid argumen...', '/var/www/html/a...', 157, Array)
#1 /var/www/html/system/CodeIgniter.php(928): App\Controllers\OnSite->assessmentreport_check('app-assets', 'images', 'portrait', 'small', 'avatar-s-14.jpg')
#2 /var/www/html/system/CodeIgniter.php(436): CodeIgniter\CodeIgniter->runController(Object(App\Controllers\OnSite))
#3 /var/www/html/system/CodeIgniter.php(336): CodeIgniter\CodeIgniter->handleRequest(NULL, Object(Config\Cache), false)
#4 /var/www/html/index.php(37): CodeIgniter\CodeIgniter->run()
#5 {main}
CRITICAL - 2023-10-17 19:05:26 --> Invalid argument supplied for foreach()
#0 /var/www/html/app/Controllers/OnSite.php(157): CodeIgniter\Debug\Exceptions->errorHandler(2, 'Invalid argumen...', '/var/www/html/a...', 157, Array)
#1 /var/www/html/system/CodeIgniter.php(928): App\Controllers\OnSite->assessmentreport_check('app-assets', 'images', 'portrait', 'small', 'avatar-s-6.jpg')
#2 /var/www/html/system/CodeIgniter.php(436): CodeIgniter\CodeIgniter->runController(Object(App\Controllers\OnSite))
#3 /var/www/html/system/CodeIgniter.php(336): CodeIgniter\CodeIgniter->handleRequest(NULL, Object(Config\Cache), false)
#4 /var/www/html/index.php(37): CodeIgniter\CodeIgniter->run()
#5 {main}
CRITICAL - 2023-10-17 19:05:27 --> Invalid argument supplied for foreach()
#0 /var/www/html/app/Controllers/OnSite.php(157): CodeIgniter\Debug\Exceptions->errorHandler(2, 'Invalid argumen...', '/var/www/html/a...', 157, Array)
#1 /var/www/html/system/CodeIgniter.php(928): App\Controllers\OnSite->assessmentreport_check('app-assets', 'images', 'icons', 'xls.png')
#2 /var/www/html/system/CodeIgniter.php(436): CodeIgniter\CodeIgniter->runController(Object(App\Controllers\OnSite))
#3 /var/www/html/system/CodeIgniter.php(336): CodeIgniter\CodeIgniter->handleRequest(NULL, Object(Config\Cache), false)
#4 /var/www/html/index.php(37): CodeIgniter\CodeIgniter->run()
#5 {main}
CRITICAL - 2023-10-17 19:05:27 --> Invalid argument supplied for foreach()
#0 /var/www/html/app/Controllers/OnSite.php(157): CodeIgniter\Debug\Exceptions->errorHandler(2, 'Invalid argumen...', '/var/www/html/a...', 157, Array)
#1 /var/www/html/system/CodeIgniter.php(928): App\Controllers\OnSite->assessmentreport_check('app-assets', 'images', 'portrait', 'small', 'avatar-s-14.jpg')
#2 /var/www/html/system/CodeIgniter.php(436): CodeIgniter\CodeIgniter->runController(Object(App\Controllers\OnSite))
#3 /var/www/html/system/CodeIgniter.php(336): CodeIgniter\CodeIgniter->handleRequest(NULL, Object(Config\Cache), false)
#4 /var/www/html/index.php(37): CodeIgniter\CodeIgniter->run()
#5 {main}
CRITICAL - 2023-10-17 19:05:27 --> Invalid argument supplied for foreach()
#0 /var/www/html/app/Controllers/OnSite.php(157): CodeIgniter\Debug\Exceptions->errorHandler(2, 'Invalid argumen...', '/var/www/html/a...', 157, Array)
#1 /var/www/html/system/CodeIgniter.php(928): App\Controllers\OnSite->assessmentreport_check('app-assets', 'images', 'icons', 'pdf.png')
#2 /var/www/html/system/CodeIgniter.php(436): CodeIgniter\CodeIgniter->runController(Object(App\Controllers\OnSite))
#3 /var/www/html/system/CodeIgniter.php(336): CodeIgniter\CodeIgniter->handleRequest(NULL, Object(Config\Cache), false)
#4 /var/www/html/index.php(37): CodeIgniter\CodeIgniter->run()
#5 {main}
CRITICAL - 2023-10-17 19:05:27 --> Invalid argument supplied for foreach()
#0 /var/www/html/app/Controllers/OnSite.php(157): CodeIgniter\Debug\Exceptions->errorHandler(2, 'Invalid argumen...', '/var/www/html/a...', 157, Array)
#1 /var/www/html/system/CodeIgniter.php(928): App\Controllers\OnSite->assessmentreport_check('app-assets', 'images', 'portrait', 'small', 'avatar-s-8.jpg')
#2 /var/www/html/system/CodeIgniter.php(436): CodeIgniter\CodeIgniter->runController(Object(App\Controllers\OnSite))
#3 /var/www/html/system/CodeIgniter.php(336): CodeIgniter\CodeIgniter->handleRequest(NULL, Object(Config\Cache), false)
#4 /var/www/html/index.php(37): CodeIgniter\CodeIgniter->run()
#5 {main}
CRITICAL - 2023-10-17 19:05:27 --> Invalid argument supplied for foreach()
#0 /var/www/html/app/Controllers/OnSite.php(157): CodeIgniter\Debug\Exceptions->errorHandler(2, 'Invalid argumen...', '/var/www/html/a...', 157, Array)
#1 /var/www/html/system/CodeIgniter.php(928): App\Controllers\OnSite->assessmentreport_check('app-assets', 'images', 'portrait', 'small', 'avatar-s-6.jpg')
#2 /var/www/html/system/CodeIgniter.php(436): CodeIgniter\CodeIgniter->runController(Object(App\Controllers\OnSite))
#3 /var/www/html/system/CodeIgniter.php(336): CodeIgniter\CodeIgniter->handleRequest(NULL, Object(Config\Cache), false)
#4 /var/www/html/index.php(37): CodeIgniter\CodeIgniter->run()
#5 {main}
CRITICAL - 2023-10-17 19:05:27 --> Invalid argument supplied for foreach()
#0 /var/www/html/app/Controllers/OnSite.php(157): CodeIgniter\Debug\Exceptions->errorHandler(2, 'Invalid argumen...', '/var/www/html/a...', 157, Array)
#1 /var/www/html/system/CodeIgniter.php(928): App\Controllers\OnSite->assessmentreport_check('app-assets', 'images', 'icons', 'jpg.png')
#2 /var/www/html/system/CodeIgniter.php(436): CodeIgniter\CodeIgniter->runController(Object(App\Controllers\OnSite))
#3 /var/www/html/system/CodeIgniter.php(336): CodeIgniter\CodeIgniter->handleRequest(NULL, Object(Config\Cache), false)
#4 /var/www/html/index.php(37): CodeIgniter\CodeIgniter->run()
#5 {main}
CRITICAL - 2023-10-17 19:05:27 --> Invalid argument supplied for foreach()
#0 /var/www/html/app/Controllers/OnSite.php(157): CodeIgniter\Debug\Exceptions->errorHandler(2, 'Invalid argumen...', '/var/www/html/a...', 157, Array)
#1 /var/www/html/system/CodeIgniter.php(928): App\Controllers\OnSite->assessmentreport_check('app-assets', 'images', 'portrait', 'small', 'avatar-s-1.jpg')
#2 /var/www/html/system/CodeIgniter.php(436): CodeIgniter\CodeIgniter->runController(Object(App\Controllers\OnSite))
#3 /var/www/html/system/CodeIgniter.php(336): CodeIgniter\CodeIgniter->handleRequest(NULL, Object(Config\Cache), false)
#4 /var/www/html/index.php(37): CodeIgniter\CodeIgniter->run()
#5 {main}
CRITICAL - 2023-10-17 19:05:27 --> Invalid argument supplied for foreach()
#0 /var/www/html/app/Controllers/OnSite.php(157): CodeIgniter\Debug\Exceptions->errorHandler(2, 'Invalid argumen...', '/var/www/html/a...', 157, Array)
#1 /var/www/html/system/CodeIgniter.php(928): App\Controllers\OnSite->assessmentreport_check('app-assets', 'images', 'icons', 'doc.png')
#2 /var/www/html/system/CodeIgniter.php(436): CodeIgniter\CodeIgniter->runController(Object(App\Controllers\OnSite))
#3 /var/www/html/system/CodeIgniter.php(336): CodeIgniter\CodeIgniter->handleRequest(NULL, Object(Config\Cache), false)
#4 /var/www/html/index.php(37): CodeIgniter\CodeIgniter->run()
#5 {main}
CRITICAL - 2023-10-17 19:10:36 --> Invalid argument supplied for foreach()
#0 /var/www/html/app/Controllers/OnSite.php(157): CodeIgniter\Debug\Exceptions->errorHandler(2, 'Invalid argumen...', '/var/www/html/a...', 157, Array)
#1 /var/www/html/system/CodeIgniter.php(928): App\Controllers\OnSite->assessmentreport_check('assets', 'css', 'bootstrap.min.c...')
#2 /var/www/html/system/CodeIgniter.php(436): CodeIgniter\CodeIgniter->runController(Object(App\Controllers\OnSite))
#3 /var/www/html/system/CodeIgniter.php(336): CodeIgniter\CodeIgniter->handleRequest(NULL, Object(Config\Cache), false)
#4 /var/www/html/index.php(37): CodeIgniter\CodeIgniter->run()
#5 {main}
CRITICAL - 2023-10-17 19:10:36 --> Invalid argument supplied for foreach()
#0 /var/www/html/app/Controllers/OnSite.php(157): CodeIgniter\Debug\Exceptions->errorHandler(2, 'Invalid argumen...', '/var/www/html/a...', 157, Array)
#1 /var/www/html/system/CodeIgniter.php(928): App\Controllers\OnSite->assessmentreport_check('assets', 'header.css')
#2 /var/www/html/system/CodeIgniter.php(436): CodeIgniter\CodeIgniter->runController(Object(App\Controllers\OnSite))
#3 /var/www/html/system/CodeIgniter.php(336): CodeIgniter\CodeIgniter->handleRequest(NULL, Object(Config\Cache), false)
#4 /var/www/html/index.php(37): CodeIgniter\CodeIgniter->run()
#5 {main}
CRITICAL - 2023-10-17 19:10:36 --> Invalid argument supplied for foreach()
#0 /var/www/html/app/Controllers/OnSite.php(157): CodeIgniter\Debug\Exceptions->errorHandler(2, 'Invalid argumen...', '/var/www/html/a...', 157, Array)
#1 /var/www/html/system/CodeIgniter.php(928): App\Controllers\OnSite->assessmentreport_check('assets', 'js', 'bootstrap.min.j...')
#2 /var/www/html/system/CodeIgniter.php(436): CodeIgniter\CodeIgniter->runController(Object(App\Controllers\OnSite))
#3 /var/www/html/system/CodeIgniter.php(336): CodeIgniter\CodeIgniter->handleRequest(NULL, Object(Config\Cache), false)
#4 /var/www/html/index.php(37): CodeIgniter\CodeIgniter->run()
#5 {main}
CRITICAL - 2023-10-17 19:10:36 --> Invalid argument supplied for foreach()
#0 /var/www/html/app/Controllers/OnSite.php(157): CodeIgniter\Debug\Exceptions->errorHandler(2, 'Invalid argumen...', '/var/www/html/a...', 157, Array)
#1 /var/www/html/system/CodeIgniter.php(928): App\Controllers\OnSite->assessmentreport_check('app-assets', 'images', 'icons', 'doc.png')
#2 /var/www/html/system/CodeIgniter.php(436): CodeIgniter\CodeIgniter->runController(Object(App\Controllers\OnSite))
#3 /var/www/html/system/CodeIgniter.php(336): CodeIgniter\CodeIgniter->handleRequest(NULL, Object(Config\Cache), false)
#4 /var/www/html/index.php(37): CodeIgniter\CodeIgniter->run()
#5 {main}
CRITICAL - 2023-10-17 19:10:36 --> Invalid argument supplied for foreach()
#0 /var/www/html/app/Controllers/OnSite.php(157): CodeIgniter\Debug\Exceptions->errorHandler(2, 'Invalid argumen...', '/var/www/html/a...', 157, Array)
#1 /var/www/html/system/CodeIgniter.php(928): App\Controllers\OnSite->assessmentreport_check('app-assets', 'images', 'icons', 'xls.png')
#2 /var/www/html/system/CodeIgniter.php(436): CodeIgniter\CodeIgniter->runController(Object(App\Controllers\OnSite))
#3 /var/www/html/system/CodeIgniter.php(336): CodeIgniter\CodeIgniter->handleRequest(NULL, Object(Config\Cache), false)
#4 /var/www/html/index.php(37): CodeIgniter\CodeIgniter->run()
#5 {main}
CRITICAL - 2023-10-17 19:10:36 --> Invalid argument supplied for foreach()
#0 /var/www/html/app/Controllers/OnSite.php(157): CodeIgniter\Debug\Exceptions->errorHandler(2, 'Invalid argumen...', '/var/www/html/a...', 157, Array)
#1 /var/www/html/system/CodeIgniter.php(928): App\Controllers\OnSite->assessmentreport_check('app-assets', 'images', 'icons', 'jpg.png')
#2 /var/www/html/system/CodeIgniter.php(436): CodeIgniter\CodeIgniter->runController(Object(App\Controllers\OnSite))
#3 /var/www/html/system/CodeIgniter.php(336): CodeIgniter\CodeIgniter->handleRequest(NULL, Object(Config\Cache), false)
#4 /var/www/html/index.php(37): CodeIgniter\CodeIgniter->run()
#5 {main}
CRITICAL - 2023-10-17 19:10:36 --> Invalid argument supplied for foreach()
#0 /var/www/html/app/Controllers/OnSite.php(157): CodeIgniter\Debug\Exceptions->errorHandler(2, 'Invalid argumen...', '/var/www/html/a...', 157, Array)
#1 /var/www/html/system/CodeIgniter.php(928): App\Controllers\OnSite->assessmentreport_check('app-assets', 'images', 'portrait', 'small', 'avatar-s-8.jpg')
#2 /var/www/html/system/CodeIgniter.php(436): CodeIgniter\CodeIgniter->runController(Object(App\Controllers\OnSite))
#3 /var/www/html/system/CodeIgniter.php(336): CodeIgniter\CodeIgniter->handleRequest(NULL, Object(Config\Cache), false)
#4 /var/www/html/index.php(37): CodeIgniter\CodeIgniter->run()
#5 {main}
CRITICAL - 2023-10-17 19:10:36 --> Invalid argument supplied for foreach()
#0 /var/www/html/app/Controllers/OnSite.php(157): CodeIgniter\Debug\Exceptions->errorHandler(2, 'Invalid argumen...', '/var/www/html/a...', 157, Array)
#1 /var/www/html/system/CodeIgniter.php(928): App\Controllers\OnSite->assessmentreport_check('app-assets', 'images', 'icons', 'pdf.png')
#2 /var/www/html/system/CodeIgniter.php(436): CodeIgniter\CodeIgniter->runController(Object(App\Controllers\OnSite))
#3 /var/www/html/system/CodeIgniter.php(336): CodeIgniter\CodeIgniter->handleRequest(NULL, Object(Config\Cache), false)
#4 /var/www/html/index.php(37): CodeIgniter\CodeIgniter->run()
#5 {main}
CRITICAL - 2023-10-17 19:10:36 --> Invalid argument supplied for foreach()
#0 /var/www/html/app/Controllers/OnSite.php(157): CodeIgniter\Debug\Exceptions->errorHandler(2, 'Invalid argumen...', '/var/www/html/a...', 157, Array)
#1 /var/www/html/system/CodeIgniter.php(928): App\Controllers\OnSite->assessmentreport_check('app-assets', 'images', 'portrait', 'small', 'avatar-s-1.jpg')
#2 /var/www/html/system/CodeIgniter.php(436): CodeIgniter\CodeIgniter->runController(Object(App\Controllers\OnSite))
#3 /var/www/html/system/CodeIgniter.php(336): CodeIgniter\CodeIgniter->handleRequest(NULL, Object(Config\Cache), false)
#4 /var/www/html/index.php(37): CodeIgniter\CodeIgniter->run()
#5 {main}
CRITICAL - 2023-10-17 19:10:36 --> Invalid argument supplied for foreach()
#0 /var/www/html/app/Controllers/OnSite.php(157): CodeIgniter\Debug\Exceptions->errorHandler(2, 'Invalid argumen...', '/var/www/html/a...', 157, Array)
#1 /var/www/html/system/CodeIgniter.php(928): App\Controllers\OnSite->assessmentreport_check('app-assets', 'images', 'portrait', 'small', 'avatar-s-14.jpg')
#2 /var/www/html/system/CodeIgniter.php(436): CodeIgniter\CodeIgniter->runController(Object(App\Controllers\OnSite))
#3 /var/www/html/system/CodeIgniter.php(336): CodeIgniter\CodeIgniter->handleRequest(NULL, Object(Config\Cache), false)
#4 /var/www/html/index.php(37): CodeIgniter\CodeIgniter->run()
#5 {main}
CRITICAL - 2023-10-17 19:10:36 --> Invalid argument supplied for foreach()
#0 /var/www/html/app/Controllers/OnSite.php(157): CodeIgniter\Debug\Exceptions->errorHandler(2, 'Invalid argumen...', '/var/www/html/a...', 157, Array)
#1 /var/www/html/system/CodeIgniter.php(928): App\Controllers\OnSite->assessmentreport_check('app-assets', 'images', 'portrait', 'small', 'avatar-s-6.jpg')
#2 /var/www/html/system/CodeIgniter.php(436): CodeIgniter\CodeIgniter->runController(Object(App\Controllers\OnSite))
#3 /var/www/html/system/CodeIgniter.php(336): CodeIgniter\CodeIgniter->handleRequest(NULL, Object(Config\Cache), false)
#4 /var/www/html/index.php(37): CodeIgniter\CodeIgniter->run()
#5 {main}
CRITICAL - 2023-10-17 19:10:37 --> Invalid argument supplied for foreach()
#0 /var/www/html/app/Controllers/OnSite.php(157): CodeIgniter\Debug\Exceptions->errorHandler(2, 'Invalid argumen...', '/var/www/html/a...', 157, Array)
#1 /var/www/html/system/CodeIgniter.php(928): App\Controllers\OnSite->assessmentreport_check('app-assets', 'images', 'icons', 'jpg.png')
#2 /var/www/html/system/CodeIgniter.php(436): CodeIgniter\CodeIgniter->runController(Object(App\Controllers\OnSite))
#3 /var/www/html/system/CodeIgniter.php(336): CodeIgniter\CodeIgniter->handleRequest(NULL, Object(Config\Cache), false)
#4 /var/www/html/index.php(37): CodeIgniter\CodeIgniter->run()
#5 {main}
CRITICAL - 2023-10-17 19:10:37 --> Invalid argument supplied for foreach()
#0 /var/www/html/app/Controllers/OnSite.php(157): CodeIgniter\Debug\Exceptions->errorHandler(2, 'Invalid argumen...', '/var/www/html/a...', 157, Array)
#1 /var/www/html/system/CodeIgniter.php(928): App\Controllers\OnSite->assessmentreport_check('app-assets', 'images', 'icons', 'xls.png')
#2 /var/www/html/system/CodeIgniter.php(436): CodeIgniter\CodeIgniter->runController(Object(App\Controllers\OnSite))
#3 /var/www/html/system/CodeIgniter.php(336): CodeIgniter\CodeIgniter->handleRequest(NULL, Object(Config\Cache), false)
#4 /var/www/html/index.php(37): CodeIgniter\CodeIgniter->run()
#5 {main}
CRITICAL - 2023-10-17 19:10:37 --> Invalid argument supplied for foreach()
#0 /var/www/html/app/Controllers/OnSite.php(157): CodeIgniter\Debug\Exceptions->errorHandler(2, 'Invalid argumen...', '/var/www/html/a...', 157, Array)
#1 /var/www/html/system/CodeIgniter.php(928): App\Controllers\OnSite->assessmentreport_check('app-assets', 'images', 'icons', 'doc.png')
#2 /var/www/html/system/CodeIgniter.php(436): CodeIgniter\CodeIgniter->runController(Object(App\Controllers\OnSite))
#3 /var/www/html/system/CodeIgniter.php(336): CodeIgniter\CodeIgniter->handleRequest(NULL, Object(Config\Cache), false)
#4 /var/www/html/index.php(37): CodeIgniter\CodeIgniter->run()
#5 {main}
