CRITICAL - 2023-09-23 14:20:07 --> syntax error, unexpected '.'
#0 /var/www/html/system/Router/Router.php(169): CodeIgniter\Router\Router->autoRoute('MarketPlace/get...')
#1 /var/www/html/system/CodeIgniter.php(809): CodeIgniter\Router\Router->handle('MarketPlace/get...')
#2 /var/www/html/system/CodeIgniter.php(389): CodeIgniter\CodeIgniter->tryToRouteIt(Object(CodeIgniter\Router\RouteCollection))
#3 /var/www/html/system/CodeIgniter.php(336): CodeIgniter\CodeIgniter->handleRequest(NULL, Object(Config\Cache), false)
#4 /var/www/html/index.php(37): CodeIgniter\CodeIgniter->run()
#5 {main}
CRITICAL - 2023-09-23 14:20:18 --> syntax error, unexpected '.'
#0 /var/www/html/system/Router/Router.php(169): CodeIgniter\Router\Router->autoRoute('MarketPlace/get...')
#1 /var/www/html/system/CodeIgniter.php(809): CodeIgniter\Router\Router->handle('MarketPlace/get...')
#2 /var/www/html/system/CodeIgniter.php(389): CodeIgniter\CodeIgniter->tryToRouteIt(Object(CodeIgniter\Router\RouteCollection))
#3 /var/www/html/system/CodeIgniter.php(336): CodeIgniter\CodeIgniter->handleRequest(NULL, Object(Config\Cache), false)
#4 /var/www/html/index.php(37): CodeIgniter\CodeIgniter->run()
#5 {main}
CRITICAL - 2023-09-23 15:29:49 --> syntax error, unexpected 'die' (T_EXIT)
#0 /var/www/html/system/Autoloader/Autoloader.php(273): CodeIgniter\Autoloader\Autoloader->includeFile('/var/www/html/a...')
#1 /var/www/html/system/Autoloader/Autoloader.php(247): CodeIgniter\Autoloader\Autoloader->loadInNamespace('App\\Controllers...')
#2 [internal function]: CodeIgniter\Autoloader\Autoloader->loadClass('App\\Controllers...')
#3 [internal function]: spl_autoload_call('App\\Controllers...')
#4 /var/www/html/system/CodeIgniter.php(885): class_exists('\\App\\Controller...', true)
#5 /var/www/html/system/CodeIgniter.php(421): CodeIgniter\CodeIgniter->startController()
#6 /var/www/html/system/CodeIgniter.php(336): CodeIgniter\CodeIgniter->handleRequest(NULL, Object(Config\Cache), false)
#7 /var/www/html/index.php(37): CodeIgniter\CodeIgniter->run()
#8 {main}
CRITICAL - 2023-09-23 15:38:19 --> Class 'App\Controllers\states' not found
#0 /var/www/html/system/CodeIgniter.php(928): App\Controllers\MarketPlace->location()
#1 /var/www/html/system/CodeIgniter.php(436): CodeIgniter\CodeIgniter->runController(Object(App\Controllers\MarketPlace))
#2 /var/www/html/system/CodeIgniter.php(336): CodeIgniter\CodeIgniter->handleRequest(NULL, Object(Config\Cache), false)
#3 /var/www/html/index.php(37): CodeIgniter\CodeIgniter->run()
#4 {main}
CRITICAL - 2023-09-23 15:38:20 --> Class 'App\Controllers\states' not found
#0 /var/www/html/system/CodeIgniter.php(928): App\Controllers\MarketPlace->location()
#1 /var/www/html/system/CodeIgniter.php(436): CodeIgniter\CodeIgniter->runController(Object(App\Controllers\MarketPlace))
#2 /var/www/html/system/CodeIgniter.php(336): CodeIgniter\CodeIgniter->handleRequest(NULL, Object(Config\Cache), false)
#3 /var/www/html/index.php(37): CodeIgniter\CodeIgniter->run()
#4 {main}
CRITICAL - 2023-09-23 15:38:20 --> Class 'App\Controllers\states' not found
#0 /var/www/html/system/CodeIgniter.php(928): App\Controllers\MarketPlace->location()
#1 /var/www/html/system/CodeIgniter.php(436): CodeIgniter\CodeIgniter->runController(Object(App\Controllers\MarketPlace))
#2 /var/www/html/system/CodeIgniter.php(336): CodeIgniter\CodeIgniter->handleRequest(NULL, Object(Config\Cache), false)
#3 /var/www/html/index.php(37): CodeIgniter\CodeIgniter->run()
#4 {main}
CRITICAL - 2023-09-23 15:38:21 --> Class 'App\Controllers\states' not found
#0 /var/www/html/system/CodeIgniter.php(928): App\Controllers\MarketPlace->location()
#1 /var/www/html/system/CodeIgniter.php(436): CodeIgniter\CodeIgniter->runController(Object(App\Controllers\MarketPlace))
#2 /var/www/html/system/CodeIgniter.php(336): CodeIgniter\CodeIgniter->handleRequest(NULL, Object(Config\Cache), false)
#3 /var/www/html/index.php(37): CodeIgniter\CodeIgniter->run()
#4 {main}
CRITICAL - 2023-09-23 15:38:38 --> Class 'App\Controllers\states' not found
#0 /var/www/html/system/CodeIgniter.php(928): App\Controllers\MarketPlace->location()
#1 /var/www/html/system/CodeIgniter.php(436): CodeIgniter\CodeIgniter->runController(Object(App\Controllers\MarketPlace))
#2 /var/www/html/system/CodeIgniter.php(336): CodeIgniter\CodeIgniter->handleRequest(NULL, Object(Config\Cache), false)
#3 /var/www/html/index.php(37): CodeIgniter\CodeIgniter->run()
#4 {main}
CRITICAL - 2023-09-23 15:38:41 --> Class 'App\Controllers\states' not found
#0 /var/www/html/system/CodeIgniter.php(928): App\Controllers\MarketPlace->location()
#1 /var/www/html/system/CodeIgniter.php(436): CodeIgniter\CodeIgniter->runController(Object(App\Controllers\MarketPlace))
#2 /var/www/html/system/CodeIgniter.php(336): CodeIgniter\CodeIgniter->handleRequest(NULL, Object(Config\Cache), false)
#3 /var/www/html/index.php(37): CodeIgniter\CodeIgniter->run()
#4 {main}
CRITICAL - 2023-09-23 15:39:57 --> Class 'App\Controllers\states' not found
#0 /var/www/html/system/CodeIgniter.php(928): App\Controllers\MarketPlace->location()
#1 /var/www/html/system/CodeIgniter.php(436): CodeIgniter\CodeIgniter->runController(Object(App\Controllers\MarketPlace))
#2 /var/www/html/system/CodeIgniter.php(336): CodeIgniter\CodeIgniter->handleRequest(NULL, Object(Config\Cache), false)
#3 /var/www/html/index.php(37): CodeIgniter\CodeIgniter->run()
#4 {main}
CRITICAL - 2023-09-23 15:39:58 --> Class 'App\Controllers\states' not found
#0 /var/www/html/system/CodeIgniter.php(928): App\Controllers\MarketPlace->location()
#1 /var/www/html/system/CodeIgniter.php(436): CodeIgniter\CodeIgniter->runController(Object(App\Controllers\MarketPlace))
#2 /var/www/html/system/CodeIgniter.php(336): CodeIgniter\CodeIgniter->handleRequest(NULL, Object(Config\Cache), false)
#3 /var/www/html/index.php(37): CodeIgniter\CodeIgniter->run()
#4 {main}
ERROR - 2023-09-23 15:40:13 --> You have an error in your SQL syntax; check the manual that corresponds to your MariaDB server version for the right syntax to use near 'WHERE name LIKE  '%%'' at line 1
CRITICAL - 2023-09-23 15:40:13 --> Call to a member function getResultArray() on bool
#0 /var/www/html/system/CodeIgniter.php(928): App\Controllers\MarketPlace->location()
#1 /var/www/html/system/CodeIgniter.php(436): CodeIgniter\CodeIgniter->runController(Object(App\Controllers\MarketPlace))
#2 /var/www/html/system/CodeIgniter.php(336): CodeIgniter\CodeIgniter->handleRequest(NULL, Object(Config\Cache), false)
#3 /var/www/html/index.php(37): CodeIgniter\CodeIgniter->run()
#4 {main}
ERROR - 2023-09-23 15:40:20 --> You have an error in your SQL syntax; check the manual that corresponds to your MariaDB server version for the right syntax to use near 'WHERE name LIKE  '%far%'' at line 1
CRITICAL - 2023-09-23 15:40:20 --> Call to a member function getResultArray() on bool
#0 /var/www/html/system/CodeIgniter.php(928): App\Controllers\MarketPlace->location()
#1 /var/www/html/system/CodeIgniter.php(436): CodeIgniter\CodeIgniter->runController(Object(App\Controllers\MarketPlace))
#2 /var/www/html/system/CodeIgniter.php(336): CodeIgniter\CodeIgniter->handleRequest(NULL, Object(Config\Cache), false)
#3 /var/www/html/index.php(37): CodeIgniter\CodeIgniter->run()
#4 {main}
ERROR - 2023-09-23 15:40:21 --> You have an error in your SQL syntax; check the manual that corresponds to your MariaDB server version for the right syntax to use near 'WHERE name LIKE  '%%'' at line 1
CRITICAL - 2023-09-23 15:40:21 --> Call to a member function getResultArray() on bool
#0 /var/www/html/system/CodeIgniter.php(928): App\Controllers\MarketPlace->location()
#1 /var/www/html/system/CodeIgniter.php(436): CodeIgniter\CodeIgniter->runController(Object(App\Controllers\MarketPlace))
#2 /var/www/html/system/CodeIgniter.php(336): CodeIgniter\CodeIgniter->handleRequest(NULL, Object(Config\Cache), false)
#3 /var/www/html/index.php(37): CodeIgniter\CodeIgniter->run()
#4 {main}
ERROR - 2023-09-23 15:41:18 --> You have an error in your SQL syntax; check the manual that corresponds to your MariaDB server version for the right syntax to use near 'WHERE name LIKE  '%far%'' at line 1
CRITICAL - 2023-09-23 15:41:18 --> Call to a member function getResultArray() on bool
#0 /var/www/html/system/CodeIgniter.php(928): App\Controllers\MarketPlace->location()
#1 /var/www/html/system/CodeIgniter.php(436): CodeIgniter\CodeIgniter->runController(Object(App\Controllers\MarketPlace))
#2 /var/www/html/system/CodeIgniter.php(336): CodeIgniter\CodeIgniter->handleRequest(NULL, Object(Config\Cache), false)
#3 /var/www/html/index.php(37): CodeIgniter\CodeIgniter->run()
#4 {main}
CRITICAL - 2023-09-23 17:19:46 --> Cannot redeclare App\Controllers\MarketPlace::industry_search()
#0 [internal function]: CodeIgniter\Debug\Exceptions->shutdownHandler()
#1 {main}
ERROR - 2023-09-23 17:25:35 --> Operand should contain 1 column(s)
CRITICAL - 2023-09-23 17:25:35 --> Call to a member function getResult() on bool
#0 /var/www/html/system/BaseModel.php(603): CodeIgniter\Model->doFindAll(50, 0)
#1 /var/www/html/app/Controllers/MarketPlace.php(147): CodeIgniter\BaseModel->findAll(50)
#2 /var/www/html/system/CodeIgniter.php(928): App\Controllers\MarketPlace->get_data_api()
#3 /var/www/html/system/CodeIgniter.php(436): CodeIgniter\CodeIgniter->runController(Object(App\Controllers\MarketPlace))
#4 /var/www/html/system/CodeIgniter.php(336): CodeIgniter\CodeIgniter->handleRequest(NULL, Object(Config\Cache), false)
#5 /var/www/html/index.php(37): CodeIgniter\CodeIgniter->run()
#6 {main}
ERROR - 2023-09-23 17:28:07 --> Operand should contain 1 column(s)
CRITICAL - 2023-09-23 17:28:07 --> Call to a member function getResult() on bool
#0 /var/www/html/system/BaseModel.php(603): CodeIgniter\Model->doFindAll(50, 0)
#1 /var/www/html/app/Controllers/MarketPlace.php(147): CodeIgniter\BaseModel->findAll(50)
#2 /var/www/html/system/CodeIgniter.php(928): App\Controllers\MarketPlace->get_data_api()
#3 /var/www/html/system/CodeIgniter.php(436): CodeIgniter\CodeIgniter->runController(Object(App\Controllers\MarketPlace))
#4 /var/www/html/system/CodeIgniter.php(336): CodeIgniter\CodeIgniter->handleRequest(NULL, Object(Config\Cache), false)
#5 /var/www/html/index.php(37): CodeIgniter\CodeIgniter->run()
#6 {main}
CRITICAL - 2023-09-23 17:39:52 --> Argument 2 passed to CodeIgniter\Database\BaseBuilder::like() must be of the type string, array given, called in /var/www/html/system/Model.php on line 800
#0 /var/www/html/system/Model.php(800): CodeIgniter\Database\BaseBuilder->like('registered_offi...', Array, 'after')
#1 /var/www/html/app/Controllers/MarketPlace.php(139): CodeIgniter\Model->__call('like', Array)
#2 /var/www/html/system/CodeIgniter.php(928): App\Controllers\MarketPlace->get_data_api()
#3 /var/www/html/system/CodeIgniter.php(436): CodeIgniter\CodeIgniter->runController(Object(App\Controllers\MarketPlace))
#4 /var/www/html/system/CodeIgniter.php(336): CodeIgniter\CodeIgniter->handleRequest(NULL, Object(Config\Cache), false)
#5 /var/www/html/index.php(37): CodeIgniter\CodeIgniter->run()
#6 {main}
